{
    "config": {
        "allow_infeasible": true,
        "bvns_max_k": 7,
        "bvns_min_k": 1,
        "construction": "random",
        "local_search": "CVND",
        "metaheuristic": "BVNS",
        "num_threads": 8,
        "operators": [
            "insert_1",
            "remove_1",
            "twoOpt",
            "centExchange_1",
            "centExchange_3",
            "centExchange_4",
            "relocate_1",
            "relocate_4",
            "revRelocate_2",
            "revRelocate_3",
            "revRelocate_5",
            "moveAll_1",
            "moveAll_2",
            "moveAll_3",
            "moveAll_10"
        ],
        "perturbation": [
            "reinsert"
        ],
        "stop_on_feasible": false,
        "timeout": 520
    },
    "histogram": {
        "all": {
            "centExchange_1": 31813,
            "centExchange_3": 31789,
            "centExchange_4": 31785,
            "insert_1": 32600,
            "moveAll_1": 26553,
            "moveAll_10": 25629,
            "moveAll_2": 26435,
            "moveAll_3": 26283,
            "relocate_1": 29391,
            "relocate_4": 29085,
            "remove_1": 32600,
            "revRelocate_2": 27848,
            "revRelocate_3": 27164,
            "revRelocate_5": 26794,
            "twoOpt": 31869
        },
        "improving": {
            "centExchange_1": 9688,
            "centExchange_3": 6462,
            "centExchange_4": 3831,
            "insert_1": 0,
            "moveAll_1": 9031,
            "moveAll_10": 13169,
            "moveAll_2": 6739,
            "moveAll_3": 6648,
            "relocate_1": 22881,
            "relocate_4": 13503,
            "remove_1": 0,
            "revRelocate_2": 18491,
            "revRelocate_3": 14673,
            "revRelocate_5": 9981,
            "twoOpt": 18643
        },
        "rate": {
            "centExchange_1": 0.30452960729599,
            "centExchange_3": 0.2032778561115265,
            "centExchange_4": 0.12052854895591736,
            "insert_1": 0.0,
            "moveAll_1": 0.34011223912239075,
            "moveAll_10": 0.5138319730758667,
            "moveAll_2": 0.2549271881580353,
            "moveAll_3": 0.2529391646385193,
            "relocate_1": 0.7785035967826843,
            "relocate_4": 0.46425992250442505,
            "remove_1": 0.0,
            "revRelocate_2": 0.6639974117279053,
            "revRelocate_3": 0.5401634573936462,
            "revRelocate_5": 0.3725087642669678,
            "twoOpt": 0.584988534450531
        }
    },
    "last_improvement": 40,
    "name": "berlin52-52-8.30-0",
    "solution": {
        "fitness": 19697,
        "is_feasible": true,
        "permutation": [
            36,
            23,
            4,
            3,
            45,
            43,
            35,
            21,
            30,
            22,
            28,
            49,
            19,
            6,
            1,
            16,
            17,
            31,
            44,
            7,
            39,
            38,
            34,
            37,
            9,
            40,
            18,
            5,
            32,
            47,
            26,
            13,
            15,
            46,
            51,
            12,
            11,
            29,
            41,
            10,
            0,
            8,
            20,
            33,
            42,
            27,
            25,
            24,
            48,
            2,
            14,
            50
        ],
        "permutation_orig_ids": [
            "37",
            "24",
            "5",
            "4",
            "46",
            "44",
            "36",
            "22",
            "31",
            "23",
            "29",
            "50",
            "20",
            "7",
            "2",
            "17",
            "18",
            "32",
            "45",
            "8",
            "40",
            "39",
            "35",
            "38",
            "10",
            "41",
            "19",
            "6",
            "33",
            "48",
            "27",
            "14",
            "16",
            "47",
            "52",
            "13",
            "12",
            "30",
            "42",
            "11",
            "1",
            "9",
            "21",
            "34",
            "43",
            "28",
            "26",
            "25",
            "49",
            "3",
            "15",
            "51"
        ]
    },
    "steps": {
        "0": 21516,
        "25": 20418,
        "26": 20406,
        "30": 20340,
        "40": 19697,
        "7": 20471
    },
    "timeout": 520
}