{
    "config": {
        "allow_infeasible": true,
        "bvns_max_k": 7,
        "bvns_min_k": 1,
        "construction": "random",
        "local_search": "CVND",
        "metaheuristic": "BVNS",
        "num_threads": 8,
        "operators": [
            "insert_1",
            "remove_1",
            "twoOpt",
            "centExchange_1",
            "centExchange_3",
            "centExchange_4",
            "relocate_1",
            "relocate_4",
            "revRelocate_2",
            "revRelocate_3",
            "revRelocate_5",
            "moveAll_1",
            "moveAll_2",
            "moveAll_3",
            "moveAll_10"
        ],
        "perturbation": [
            "reinsert"
        ],
        "stop_on_feasible": false,
        "timeout": 140
    },
    "histogram": {
        "all": {
            "centExchange_1": 709358,
            "centExchange_3": 709354,
            "centExchange_4": 709354,
            "insert_1": 734893,
            "moveAll_1": 585152,
            "moveAll_10": 442031,
            "moveAll_2": 566509,
            "moveAll_3": 533515,
            "relocate_1": 666685,
            "relocate_4": 658110,
            "remove_1": 734893,
            "revRelocate_2": 622736,
            "revRelocate_3": 612972,
            "revRelocate_5": 612698,
            "twoOpt": 710890
        },
        "improving": {
            "centExchange_1": 225067,
            "centExchange_3": 36323,
            "centExchange_4": 6947,
            "insert_1": 0,
            "moveAll_1": 128251,
            "moveAll_10": 224802,
            "moveAll_2": 117819,
            "moveAll_3": 126959,
            "relocate_1": 386798,
            "relocate_4": 220647,
            "remove_1": 0,
            "revRelocate_2": 295159,
            "revRelocate_3": 102157,
            "revRelocate_5": 9661,
            "twoOpt": 359478
        },
        "rate": {
            "centExchange_1": 0.31728267669677734,
            "centExchange_3": 0.05120574310421944,
            "centExchange_4": 0.009793417528271675,
            "insert_1": 0.0,
            "moveAll_1": 0.2191755324602127,
            "moveAll_10": 0.50856614112854,
            "moveAll_2": 0.20797374844551086,
            "moveAll_3": 0.23796707391738892,
            "relocate_1": 0.5801810622215271,
            "relocate_4": 0.33527374267578125,
            "remove_1": 0.0,
            "revRelocate_2": 0.47397130727767944,
            "revRelocate_3": 0.16665850579738617,
            "revRelocate_5": 0.015767963603138924,
            "twoOpt": 0.5056731700897217
        }
    },
    "last_improvement": 0,
    "name": "burma14-14-2.20-0",
    "solution": {
        "fitness": 53,
        "is_feasible": true,
        "permutation": [
            1,
            7,
            10,
            2,
            13,
            6,
            5,
            3,
            11,
            12,
            0,
            9,
            4,
            8
        ],
        "permutation_orig_ids": [
            "2",
            "8",
            "11",
            "3",
            "14",
            "7",
            "6",
            "4",
            "12",
            "13",
            "1",
            "10",
            "5",
            "9"
        ]
    },
    "steps": {
        "0": 53
    },
    "timeout": 140
}