{
    "config": {
        "allow_infeasible": true,
        "bvns_max_k": 7,
        "bvns_min_k": 1,
        "construction": "random",
        "local_search": "CVND",
        "metaheuristic": "BVNS",
        "num_threads": 8,
        "operators": [
            "insert_1",
            "remove_1",
            "twoOpt",
            "centExchange_1",
            "centExchange_3",
            "centExchange_4",
            "relocate_1",
            "relocate_4",
            "revRelocate_2",
            "revRelocate_3",
            "revRelocate_5",
            "moveAll_1",
            "moveAll_2",
            "moveAll_3",
            "moveAll_10"
        ],
        "perturbation": [
            "reinsert"
        ],
        "stop_on_feasible": false,
        "timeout": 1010
    },
    "histogram": {
        "all": {
            "centExchange_1": 5072,
            "centExchange_3": 5070,
            "centExchange_4": 5070,
            "insert_1": 5143,
            "moveAll_1": 4253,
            "moveAll_10": 4183,
            "moveAll_2": 4236,
            "moveAll_3": 4222,
            "relocate_1": 4573,
            "relocate_4": 4545,
            "remove_1": 5143,
            "revRelocate_2": 4394,
            "revRelocate_3": 4325,
            "revRelocate_5": 4283,
            "twoOpt": 5078
        },
        "improving": {
            "centExchange_1": 1422,
            "centExchange_3": 1054,
            "centExchange_4": 725,
            "insert_1": 0,
            "moveAll_1": 1530,
            "moveAll_10": 1749,
            "moveAll_2": 1156,
            "moveAll_3": 1016,
            "relocate_1": 3904,
            "relocate_4": 2059,
            "remove_1": 0,
            "revRelocate_2": 3046,
            "revRelocate_3": 2471,
            "revRelocate_5": 1791,
            "twoOpt": 2974
        },
        "rate": {
            "centExchange_1": 0.2803627848625183,
            "centExchange_3": 0.20788954198360443,
            "centExchange_4": 0.14299802482128143,
            "insert_1": 0.0,
            "moveAll_1": 0.3597460687160492,
            "moveAll_10": 0.41812098026275635,
            "moveAll_2": 0.27289897203445435,
            "moveAll_3": 0.24064424633979797,
            "relocate_1": 0.8537065386772156,
            "relocate_4": 0.45302531123161316,
            "remove_1": 0.0,
            "revRelocate_2": 0.6932180523872375,
            "revRelocate_3": 0.5713294744491577,
            "revRelocate_5": 0.41816484928131104,
            "twoOpt": 0.5856636762619019
        }
    },
    "last_improvement": 966,
    "name": "eil101-101-18.00-0",
    "solution": {
        "fitness": 1613,
        "is_feasible": true,
        "permutation": [
            71,
            20,
            52,
            25,
            27,
            68,
            30,
            87,
            9,
            63,
            31,
            65,
            19,
            33,
            80,
            76,
            67,
            79,
            53,
            23,
            54,
            3,
            24,
            66,
            55,
            73,
            56,
            14,
            42,
            41,
            13,
            37,
            43,
            15,
            97,
            99,
            60,
            88,
            95,
            91,
            90,
            12,
            58,
            86,
            57,
            0,
            29,
            34,
            64,
            70,
            51,
            61,
            62,
            10,
            47,
            35,
            7,
            6,
            46,
            45,
            83,
            16,
            44,
            59,
            69,
            28,
            78,
            8,
            77,
            32,
            75,
            11,
            39,
            100,
            17,
            98,
            94,
            72,
            36,
            1,
            40,
            96,
            21,
            22,
            5,
            4,
            82,
            93,
            74,
            26,
            84,
            48,
            81,
            92,
            38,
            50,
            49,
            18,
            85,
            2,
            89
        ],
        "permutation_orig_ids": [
            "72",
            "21",
            "53",
            "26",
            "28",
            "69",
            "31",
            "88",
            "10",
            "64",
            "32",
            "66",
            "20",
            "34",
            "81",
            "77",
            "68",
            "80",
            "54",
            "24",
            "55",
            "4",
            "25",
            "67",
            "56",
            "74",
            "57",
            "15",
            "43",
            "42",
            "14",
            "38",
            "44",
            "16",
            "98",
            "100",
            "61",
            "89",
            "96",
            "92",
            "91",
            "13",
            "59",
            "87",
            "58",
            "1",
            "30",
            "35",
            "65",
            "71",
            "52",
            "62",
            "63",
            "11",
            "48",
            "36",
            "8",
            "7",
            "47",
            "46",
            "84",
            "17",
            "45",
            "60",
            "70",
            "29",
            "79",
            "9",
            "78",
            "33",
            "76",
            "12",
            "40",
            "101",
            "18",
            "99",
            "95",
            "73",
            "37",
            "2",
            "41",
            "97",
            "22",
            "23",
            "6",
            "5",
            "83",
            "94",
            "75",
            "27",
            "85",
            "49",
            "82",
            "93",
            "39",
            "51",
            "50",
            "19",
            "86",
            "3",
            "90"
        ]
    },
    "steps": {
        "0": 2537,
        "1": 2446,
        "136": 2020,
        "150": 2010,
        "156": 1997,
        "178": 1989,
        "181": 1987,
        "182": 1978,
        "214": 1925,
        "217": 1900,
        "229": 1850,
        "230": 1849,
        "255": 1820,
        "3": 2396,
        "31": 2086,
        "37": 2080,
        "421": 1794,
        "43": 2027,
        "45": 2026,
        "464": 1769,
        "5": 2307,
        "570": 1766,
        "595": 1758,
        "597": 1739,
        "6": 2240,
        "600": 1736,
        "640": 1713,
        "641": 1712,
        "682": 1706,
        "683": 1701,
        "686": 1695,
        "692": 1686,
        "7": 2168,
        "700": 1642,
        "744": 1633,
        "750": 1629,
        "824": 1627,
        "826": 1620,
        "965": 1618,
        "966": 1613
    },
    "timeout": 1010
}