{
    "config": {
        "allow_infeasible": true,
        "bvns_max_k": 7,
        "bvns_min_k": 1,
        "construction": "random",
        "local_search": "CVND",
        "metaheuristic": "BVNS",
        "num_threads": 8,
        "operators": [
            "insert_1",
            "remove_1",
            "twoOpt",
            "centExchange_1",
            "centExchange_3",
            "centExchange_4",
            "relocate_1",
            "relocate_4",
            "revRelocate_2",
            "revRelocate_3",
            "revRelocate_5",
            "moveAll_1",
            "moveAll_2",
            "moveAll_3",
            "moveAll_10"
        ],
        "perturbation": [
            "reinsert"
        ],
        "stop_on_feasible": false,
        "timeout": 520
    },
    "histogram": {
        "all": {
            "centExchange_1": 31677,
            "centExchange_3": 31657,
            "centExchange_4": 31655,
            "insert_1": 32444,
            "moveAll_1": 26477,
            "moveAll_10": 25546,
            "moveAll_2": 26355,
            "moveAll_3": 26223,
            "relocate_1": 29213,
            "relocate_4": 28935,
            "remove_1": 32444,
            "revRelocate_2": 27729,
            "revRelocate_3": 27076,
            "revRelocate_5": 26732,
            "twoOpt": 31725
        },
        "improving": {
            "centExchange_1": 9654,
            "centExchange_3": 6375,
            "centExchange_4": 3685,
            "insert_1": 0,
            "moveAll_1": 8980,
            "moveAll_10": 13165,
            "moveAll_2": 6624,
            "moveAll_3": 6479,
            "relocate_1": 22772,
            "relocate_4": 13357,
            "remove_1": 0,
            "revRelocate_2": 18559,
            "revRelocate_3": 14657,
            "revRelocate_5": 9941,
            "twoOpt": 18570
        },
        "rate": {
            "centExchange_1": 0.30476370453834534,
            "centExchange_3": 0.2013772577047348,
            "centExchange_4": 0.11641130596399307,
            "insert_1": 0.0,
            "moveAll_1": 0.33916229009628296,
            "moveAll_10": 0.5153448581695557,
            "moveAll_2": 0.2513374984264374,
            "moveAll_3": 0.24707317352294922,
            "relocate_1": 0.7795159816741943,
            "relocate_4": 0.46162086725234985,
            "remove_1": 0.0,
            "revRelocate_2": 0.669299304485321,
            "revRelocate_3": 0.5413281321525574,
            "revRelocate_5": 0.37187638878822327,
            "twoOpt": 0.5853427648544312
        }
    },
    "last_improvement": 107,
    "name": "berlin52-52-8.30-0",
    "solution": {
        "fitness": 19697,
        "is_feasible": true,
        "permutation": [
            36,
            23,
            4,
            3,
            45,
            43,
            35,
            21,
            30,
            22,
            28,
            49,
            19,
            6,
            1,
            16,
            17,
            31,
            44,
            7,
            39,
            38,
            34,
            37,
            9,
            40,
            18,
            5,
            32,
            47,
            26,
            13,
            15,
            46,
            51,
            12,
            11,
            29,
            41,
            10,
            0,
            8,
            20,
            33,
            42,
            27,
            25,
            24,
            48,
            2,
            14,
            50
        ],
        "permutation_orig_ids": [
            "37",
            "24",
            "5",
            "4",
            "46",
            "44",
            "36",
            "22",
            "31",
            "23",
            "29",
            "50",
            "20",
            "7",
            "2",
            "17",
            "18",
            "32",
            "45",
            "8",
            "40",
            "39",
            "35",
            "38",
            "10",
            "41",
            "19",
            "6",
            "33",
            "48",
            "27",
            "14",
            "16",
            "47",
            "52",
            "13",
            "12",
            "30",
            "42",
            "11",
            "1",
            "9",
            "21",
            "34",
            "43",
            "28",
            "26",
            "25",
            "49",
            "3",
            "15",
            "51"
        ]
    },
    "steps": {
        "0": 22347,
        "1": 22206,
        "107": 19697,
        "46": 20188,
        "47": 19839,
        "6": 21664,
        "62": 19789,
        "7": 20878,
        "73": 19788,
        "77": 19714
    },
    "timeout": 520
}