{
    "config": {
        "allow_infeasible": true,
        "bvns_max_k": 7,
        "bvns_min_k": 1,
        "construction": "random",
        "local_search": "CVND",
        "metaheuristic": "BVNS",
        "num_threads": 8,
        "operators": [
            "insert_1",
            "remove_1",
            "twoOpt",
            "centExchange_1",
            "centExchange_3",
            "centExchange_4",
            "relocate_1",
            "relocate_4",
            "revRelocate_2",
            "revRelocate_3",
            "revRelocate_5",
            "moveAll_1",
            "moveAll_2",
            "moveAll_3",
            "moveAll_10"
        ],
        "perturbation": [
            "reinsert"
        ],
        "stop_on_feasible": false,
        "timeout": 140
    },
    "histogram": {
        "all": {
            "centExchange_1": 722041,
            "centExchange_3": 722036,
            "centExchange_4": 722035,
            "insert_1": 747990,
            "moveAll_1": 595107,
            "moveAll_10": 449683,
            "moveAll_2": 575962,
            "moveAll_3": 542533,
            "relocate_1": 678359,
            "relocate_4": 669937,
            "remove_1": 747990,
            "revRelocate_2": 633642,
            "revRelocate_3": 623731,
            "revRelocate_5": 623410,
            "twoOpt": 723554
        },
        "improving": {
            "centExchange_1": 228883,
            "centExchange_3": 37096,
            "centExchange_4": 6802,
            "insert_1": 0,
            "moveAll_1": 131582,
            "moveAll_10": 228163,
            "moveAll_2": 118884,
            "moveAll_3": 128707,
            "relocate_1": 393569,
            "relocate_4": 224449,
            "remove_1": 0,
            "revRelocate_2": 300515,
            "revRelocate_3": 103834,
            "revRelocate_5": 9585,
            "twoOpt": 365841
        },
        "rate": {
            "centExchange_1": 0.31699445843696594,
            "centExchange_3": 0.051376938819885254,
            "centExchange_4": 0.009420596063137054,
            "insert_1": 0.0,
            "moveAll_1": 0.22110645473003387,
            "moveAll_10": 0.507386326789856,
            "moveAll_2": 0.20640945434570313,
            "moveAll_3": 0.2372334897518158,
            "relocate_1": 0.5801780223846436,
            "relocate_4": 0.3350300192832947,
            "remove_1": 0.0,
            "revRelocate_2": 0.4742662310600281,
            "revRelocate_3": 0.1664724051952362,
            "revRelocate_5": 0.015375114046037197,
            "twoOpt": 0.5056167244911194
        }
    },
    "last_improvement": 0,
    "name": "burma14-14-2.20-0",
    "solution": {
        "fitness": 53,
        "is_feasible": true,
        "permutation": [
            1,
            7,
            10,
            2,
            13,
            6,
            5,
            3,
            11,
            12,
            0,
            9,
            4,
            8
        ],
        "permutation_orig_ids": [
            "2",
            "8",
            "11",
            "3",
            "14",
            "7",
            "6",
            "4",
            "12",
            "13",
            "1",
            "10",
            "5",
            "9"
        ]
    },
    "steps": {
        "0": 53
    },
    "timeout": 140
}