{
    "config": {
        "allow_infeasible": true,
        "bvns_max_k": 7,
        "bvns_min_k": 1,
        "construction": "random",
        "local_search": "CVND",
        "metaheuristic": "BVNS",
        "num_threads": 8,
        "operators": [
            "insert_1",
            "remove_1",
            "twoOpt",
            "centExchange_1",
            "centExchange_3",
            "centExchange_4",
            "relocate_1",
            "relocate_4",
            "revRelocate_2",
            "revRelocate_3",
            "revRelocate_5",
            "moveAll_1",
            "moveAll_2",
            "moveAll_3",
            "moveAll_10"
        ],
        "perturbation": [
            "reinsert"
        ],
        "stop_on_feasible": false,
        "timeout": 1010
    },
    "histogram": {
        "all": {
            "centExchange_1": 5069,
            "centExchange_3": 5069,
            "centExchange_4": 5069,
            "insert_1": 5158,
            "moveAll_1": 4268,
            "moveAll_10": 4186,
            "moveAll_2": 4258,
            "moveAll_3": 4239,
            "relocate_1": 4565,
            "relocate_4": 4540,
            "remove_1": 5158,
            "revRelocate_2": 4397,
            "revRelocate_3": 4335,
            "revRelocate_5": 4294,
            "twoOpt": 5074
        },
        "improving": {
            "centExchange_1": 1481,
            "centExchange_3": 1059,
            "centExchange_4": 734,
            "insert_1": 0,
            "moveAll_1": 1608,
            "moveAll_10": 1967,
            "moveAll_2": 1213,
            "moveAll_3": 1105,
            "relocate_1": 3919,
            "relocate_4": 2080,
            "remove_1": 0,
            "revRelocate_2": 3022,
            "revRelocate_3": 2464,
            "revRelocate_5": 1875,
            "twoOpt": 3070
        },
        "rate": {
            "centExchange_1": 0.2921680808067322,
            "centExchange_3": 0.20891694724559784,
            "centExchange_4": 0.14480173587799072,
            "insert_1": 0.0,
            "moveAll_1": 0.37675726413726807,
            "moveAll_10": 0.46989965438842773,
            "moveAll_2": 0.2848755419254303,
            "moveAll_3": 0.26067468523979187,
            "relocate_1": 0.8584885001182556,
            "relocate_4": 0.458149790763855,
            "remove_1": 0.0,
            "revRelocate_2": 0.6872867941856384,
            "revRelocate_3": 0.5683967471122742,
            "revRelocate_5": 0.43665578961372375,
            "twoOpt": 0.6050453186035156
        }
    },
    "last_improvement": 699,
    "name": "eil101-101-18.00-0",
    "solution": {
        "fitness": 1666,
        "is_feasible": true,
        "permutation": [
            39,
            57,
            52,
            88,
            86,
            41,
            36,
            92,
            98,
            60,
            15,
            90,
            13,
            37,
            42,
            14,
            40,
            38,
            66,
            24,
            54,
            53,
            78,
            77,
            34,
            64,
            70,
            19,
            65,
            30,
            68,
            67,
            28,
            33,
            32,
            76,
            26,
            17,
            93,
            96,
            56,
            72,
            73,
            74,
            71,
            3,
            58,
            91,
            4,
            82,
            47,
            10,
            48,
            63,
            27,
            25,
            11,
            75,
            79,
            80,
            29,
            0,
            46,
            69,
            59,
            44,
            16,
            83,
            97,
            1,
            99,
            23,
            6,
            7,
            35,
            61,
            62,
            9,
            87,
            8,
            31,
            81,
            51,
            21,
            22,
            5,
            84,
            95,
            94,
            12,
            20,
            55,
            45,
            43,
            50,
            49,
            18,
            85,
            2,
            89,
            100
        ],
        "permutation_orig_ids": [
            "40",
            "58",
            "53",
            "89",
            "87",
            "42",
            "37",
            "93",
            "99",
            "61",
            "16",
            "91",
            "14",
            "38",
            "43",
            "15",
            "41",
            "39",
            "67",
            "25",
            "55",
            "54",
            "79",
            "78",
            "35",
            "65",
            "71",
            "20",
            "66",
            "31",
            "69",
            "68",
            "29",
            "34",
            "33",
            "77",
            "27",
            "18",
            "94",
            "97",
            "57",
            "73",
            "74",
            "75",
            "72",
            "4",
            "59",
            "92",
            "5",
            "83",
            "48",
            "11",
            "49",
            "64",
            "28",
            "26",
            "12",
            "76",
            "80",
            "81",
            "30",
            "1",
            "47",
            "70",
            "60",
            "45",
            "17",
            "84",
            "98",
            "2",
            "100",
            "24",
            "7",
            "8",
            "36",
            "62",
            "63",
            "10",
            "88",
            "9",
            "32",
            "82",
            "52",
            "22",
            "23",
            "6",
            "85",
            "96",
            "95",
            "13",
            "21",
            "56",
            "46",
            "44",
            "51",
            "50",
            "19",
            "86",
            "3",
            "90",
            "101"
        ]
    },
    "steps": {
        "0": 2537,
        "1": 2446,
        "111": 1762,
        "2": 2421,
        "227": 1716,
        "228": 1710,
        "27": 1976,
        "279": 1704,
        "28": 1971,
        "3": 2263,
        "35": 1962,
        "36": 1953,
        "4": 2189,
        "41": 1920,
        "42": 1916,
        "45": 1905,
        "5": 2138,
        "588": 1684,
        "6": 2097,
        "62": 1904,
        "63": 1897,
        "64": 1861,
        "640": 1681,
        "654": 1680,
        "656": 1678,
        "69": 1779,
        "699": 1666,
        "7": 2079,
        "70": 1771,
        "76": 1769,
        "8": 2074
    },
    "timeout": 1010
}