{
    "config": {
        "allow_infeasible": true,
        "bvns_max_k": 7,
        "bvns_min_k": 1,
        "construction": "random",
        "local_search": "CVND",
        "metaheuristic": "BVNS",
        "num_threads": 8,
        "operators": [
            "insert_1",
            "remove_1",
            "twoOpt",
            "centExchange_1",
            "centExchange_3",
            "centExchange_4",
            "relocate_1",
            "relocate_4",
            "revRelocate_2",
            "revRelocate_3",
            "revRelocate_5",
            "moveAll_1",
            "moveAll_2",
            "moveAll_3",
            "moveAll_10"
        ],
        "perturbation": [
            "reinsert"
        ],
        "stop_on_feasible": false,
        "timeout": 220
    },
    "histogram": {
        "all": {
            "centExchange_1": 300952,
            "centExchange_3": 300917,
            "centExchange_4": 300917,
            "insert_1": 311084,
            "moveAll_1": 246870,
            "moveAll_10": 214465,
            "moveAll_2": 242995,
            "moveAll_3": 237892,
            "relocate_1": 280944,
            "relocate_4": 273300,
            "remove_1": 311084,
            "revRelocate_2": 258836,
            "revRelocate_3": 252620,
            "revRelocate_5": 250217,
            "twoOpt": 302079
        },
        "improving": {
            "centExchange_1": 92912,
            "centExchange_3": 34967,
            "centExchange_4": 12622,
            "insert_1": 0,
            "moveAll_1": 62974,
            "moveAll_10": 126544,
            "moveAll_2": 58587,
            "moveAll_3": 55092,
            "relocate_1": 179733,
            "relocate_4": 121916,
            "remove_1": 0,
            "revRelocate_2": 143717,
            "revRelocate_3": 92031,
            "revRelocate_5": 24337,
            "twoOpt": 147310
        },
        "rate": {
            "centExchange_1": 0.308726966381073,
            "centExchange_3": 0.1162014752626419,
            "centExchange_4": 0.04194512218236923,
            "insert_1": 0.0,
            "moveAll_1": 0.25508973002433777,
            "moveAll_10": 0.5900449752807617,
            "moveAll_2": 0.24110372364521027,
            "moveAll_3": 0.2315840870141983,
            "relocate_1": 0.6397467255592346,
            "relocate_4": 0.4460885524749756,
            "remove_1": 0.0,
            "revRelocate_2": 0.5552434921264648,
            "revRelocate_3": 0.3643060624599457,
            "revRelocate_5": 0.09726357460021973,
            "twoOpt": 0.4876538813114166
        }
    },
    "last_improvement": 0,
    "name": "ulysses22.tsp-22-3.80-0",
    "solution": {
        "fitness": 141,
        "is_feasible": true,
        "permutation": [
            12,
            11,
            21,
            16,
            17,
            2,
            8,
            4,
            14,
            13,
            18,
            19,
            5,
            9,
            7,
            0,
            1,
            20,
            10,
            6,
            3,
            15
        ],
        "permutation_orig_ids": [
            "13",
            "12",
            "22",
            "17",
            "18",
            "3",
            "9",
            "5",
            "15",
            "14",
            "19",
            "20",
            "6",
            "10",
            "8",
            "1",
            "2",
            "21",
            "11",
            "7",
            "4",
            "16"
        ]
    },
    "steps": {
        "0": 141
    },
    "timeout": 220
}