{
    "config": {
        "allow_infeasible": true,
        "bvns_max_k": 7,
        "bvns_min_k": 1,
        "construction": "random",
        "local_search": "CVND",
        "metaheuristic": "BVNS",
        "num_threads": 8,
        "operators": [
            "insert_1",
            "remove_1",
            "twoOpt",
            "centExchange_1",
            "centExchange_3",
            "centExchange_4",
            "relocate_1",
            "relocate_4",
            "revRelocate_2",
            "revRelocate_3",
            "revRelocate_5",
            "moveAll_1",
            "moveAll_2",
            "moveAll_3",
            "moveAll_10"
        ],
        "perturbation": [
            "reinsert"
        ],
        "stop_on_feasible": false,
        "timeout": 140
    },
    "histogram": {
        "all": {
            "centExchange_1": 709442,
            "centExchange_3": 709438,
            "centExchange_4": 709437,
            "insert_1": 735113,
            "moveAll_1": 584783,
            "moveAll_10": 442063,
            "moveAll_2": 566018,
            "moveAll_3": 533009,
            "relocate_1": 666579,
            "relocate_4": 658204,
            "remove_1": 735113,
            "revRelocate_2": 622641,
            "revRelocate_3": 612919,
            "revRelocate_5": 612615,
            "twoOpt": 711007
        },
        "improving": {
            "centExchange_1": 225134,
            "centExchange_3": 36414,
            "centExchange_4": 6966,
            "insert_1": 0,
            "moveAll_1": 129039,
            "moveAll_10": 224071,
            "moveAll_2": 117359,
            "moveAll_3": 126597,
            "relocate_1": 386383,
            "relocate_4": 220287,
            "remove_1": 0,
            "revRelocate_2": 295261,
            "revRelocate_3": 102695,
            "revRelocate_5": 9690,
            "twoOpt": 359930
        },
        "rate": {
            "centExchange_1": 0.31733953952789307,
            "centExchange_3": 0.05132795125246048,
            "centExchange_4": 0.009819054044783115,
            "insert_1": 0.0,
            "moveAll_1": 0.22066134214401245,
            "moveAll_10": 0.5068756937980652,
            "moveAll_2": 0.20734146237373352,
            "moveAll_3": 0.23751381039619446,
            "relocate_1": 0.5796507000923157,
            "relocate_4": 0.33467891812324524,
            "remove_1": 0.0,
            "revRelocate_2": 0.47420746088027954,
            "revRelocate_3": 0.1675506830215454,
            "revRelocate_5": 0.015817439183592796,
            "twoOpt": 0.5062257051467896
        }
    },
    "last_improvement": 0,
    "name": "burma14-14-2.20-0",
    "solution": {
        "fitness": 53,
        "is_feasible": true,
        "permutation": [
            1,
            7,
            10,
            2,
            13,
            6,
            5,
            3,
            11,
            12,
            0,
            9,
            4,
            8
        ],
        "permutation_orig_ids": [
            "2",
            "8",
            "11",
            "3",
            "14",
            "7",
            "6",
            "4",
            "12",
            "13",
            "1",
            "10",
            "5",
            "9"
        ]
    },
    "steps": {
        "0": 53
    },
    "timeout": 140
}