{
    "config": {
        "allow_infeasible": true,
        "bvns_max_k": 7,
        "bvns_min_k": 1,
        "construction": "random",
        "local_search": "CVND",
        "metaheuristic": "BVNS",
        "num_threads": 8,
        "operators": [
            "insert_1",
            "remove_1",
            "twoOpt",
            "centExchange_1",
            "centExchange_3",
            "centExchange_4",
            "relocate_1",
            "relocate_4",
            "revRelocate_2",
            "revRelocate_3",
            "revRelocate_5",
            "moveAll_1",
            "moveAll_2",
            "moveAll_3",
            "moveAll_10"
        ],
        "perturbation": [
            "reinsert"
        ],
        "stop_on_feasible": false,
        "timeout": 520
    },
    "histogram": {
        "all": {
            "centExchange_1": 32054,
            "centExchange_3": 32031,
            "centExchange_4": 32024,
            "insert_1": 32795,
            "moveAll_1": 26811,
            "moveAll_10": 25821,
            "moveAll_2": 26649,
            "moveAll_3": 26509,
            "relocate_1": 29494,
            "relocate_4": 29256,
            "remove_1": 32795,
            "revRelocate_2": 28055,
            "revRelocate_3": 27381,
            "revRelocate_5": 27045,
            "twoOpt": 32116
        },
        "improving": {
            "centExchange_1": 9568,
            "centExchange_3": 6068,
            "centExchange_4": 3461,
            "insert_1": 0,
            "moveAll_1": 9373,
            "moveAll_10": 13483,
            "moveAll_2": 7371,
            "moveAll_3": 6553,
            "relocate_1": 23141,
            "relocate_4": 13190,
            "remove_1": 0,
            "revRelocate_2": 18664,
            "revRelocate_3": 14800,
            "revRelocate_5": 9980,
            "twoOpt": 18501
        },
        "rate": {
            "centExchange_1": 0.298496276140213,
            "centExchange_3": 0.1894414722919464,
            "centExchange_4": 0.10807519406080246,
            "insert_1": 0.0,
            "moveAll_1": 0.349595308303833,
            "moveAll_10": 0.5221718549728394,
            "moveAll_2": 0.27659574151039124,
            "moveAll_3": 0.24719905853271484,
            "relocate_1": 0.7846002578735352,
            "relocate_4": 0.45084768533706665,
            "remove_1": 0.0,
            "revRelocate_2": 0.6652646660804749,
            "revRelocate_3": 0.5405207872390747,
            "revRelocate_5": 0.36901459097862244,
            "twoOpt": 0.5760679841041565
        }
    },
    "last_improvement": 270,
    "name": "berlin52-52-8.30-0",
    "solution": {
        "fitness": 18375,
        "is_feasible": true,
        "permutation": [
            19,
            28,
            15,
            21,
            17,
            16,
            40,
            7,
            32,
            10,
            3,
            4,
            36,
            37,
            35,
            44,
            31,
            49,
            41,
            6,
            1,
            30,
            34,
            38,
            39,
            43,
            45,
            47,
            26,
            13,
            46,
            51,
            12,
            11,
            29,
            42,
            33,
            20,
            22,
            8,
            0,
            27,
            25,
            24,
            48,
            2,
            18,
            5,
            9,
            23,
            50,
            14
        ],
        "permutation_orig_ids": [
            "20",
            "29",
            "16",
            "22",
            "18",
            "17",
            "41",
            "8",
            "33",
            "11",
            "4",
            "5",
            "37",
            "38",
            "36",
            "45",
            "32",
            "50",
            "42",
            "7",
            "2",
            "31",
            "35",
            "39",
            "40",
            "44",
            "46",
            "48",
            "27",
            "14",
            "47",
            "52",
            "13",
            "12",
            "30",
            "43",
            "34",
            "21",
            "23",
            "9",
            "1",
            "28",
            "26",
            "25",
            "49",
            "3",
            "19",
            "6",
            "10",
            "24",
            "51",
            "15"
        ]
    },
    "steps": {
        "0": 22287,
        "152": 19488,
        "153": 19357,
        "193": 19177,
        "194": 19155,
        "195": 18755,
        "2": 22004,
        "263": 18754,
        "267": 18584,
        "270": 18375,
        "3": 21436,
        "66": 20534,
        "67": 20251,
        "68": 20129,
        "8": 21353
    },
    "timeout": 520
}