{
    "config": {
        "allow_infeasible": true,
        "bvns_max_k": 7,
        "bvns_min_k": 1,
        "construction": "random",
        "local_search": "CVND",
        "metaheuristic": "BVNS",
        "num_threads": 8,
        "operators": [
            "insert_1",
            "remove_1",
            "twoOpt",
            "centExchange_1",
            "centExchange_3",
            "centExchange_4",
            "relocate_1",
            "relocate_4",
            "revRelocate_2",
            "revRelocate_3",
            "revRelocate_5",
            "moveAll_1",
            "moveAll_2",
            "moveAll_3",
            "moveAll_10"
        ],
        "perturbation": [
            "reinsert"
        ],
        "stop_on_feasible": false,
        "timeout": 220
    },
    "histogram": {
        "all": {
            "centExchange_1": 304929,
            "centExchange_3": 304885,
            "centExchange_4": 304885,
            "insert_1": 315101,
            "moveAll_1": 250122,
            "moveAll_10": 217330,
            "moveAll_2": 246074,
            "moveAll_3": 241034,
            "relocate_1": 284674,
            "relocate_4": 276925,
            "remove_1": 315101,
            "revRelocate_2": 262153,
            "revRelocate_3": 256021,
            "revRelocate_5": 253488,
            "twoOpt": 306081
        },
        "improving": {
            "centExchange_1": 93933,
            "centExchange_3": 35186,
            "centExchange_4": 12848,
            "insert_1": 0,
            "moveAll_1": 63878,
            "moveAll_10": 128034,
            "moveAll_2": 59543,
            "moveAll_3": 55558,
            "relocate_1": 181816,
            "relocate_4": 123530,
            "remove_1": 0,
            "revRelocate_2": 145813,
            "revRelocate_3": 92771,
            "revRelocate_5": 25122,
            "twoOpt": 149017
        },
        "rate": {
            "centExchange_1": 0.3080487549304962,
            "centExchange_3": 0.11540745198726654,
            "centExchange_4": 0.04214048013091087,
            "insert_1": 0.0,
            "moveAll_1": 0.2553873658180237,
            "moveAll_10": 0.5891225337982178,
            "moveAll_2": 0.2419719249010086,
            "moveAll_3": 0.23049859702587128,
            "relocate_1": 0.6386814117431641,
            "relocate_4": 0.44607746601104736,
            "remove_1": 0.0,
            "revRelocate_2": 0.55621337890625,
            "revRelocate_3": 0.3623569905757904,
            "revRelocate_5": 0.09910528361797333,
            "twoOpt": 0.48685479164123535
        }
    },
    "last_improvement": 0,
    "name": "ulysses22.tsp-22-3.80-0",
    "solution": {
        "fitness": 141,
        "is_feasible": true,
        "permutation": [
            12,
            11,
            21,
            16,
            17,
            2,
            8,
            4,
            14,
            13,
            18,
            19,
            5,
            9,
            7,
            0,
            1,
            20,
            10,
            6,
            3,
            15
        ],
        "permutation_orig_ids": [
            "13",
            "12",
            "22",
            "17",
            "18",
            "3",
            "9",
            "5",
            "15",
            "14",
            "19",
            "20",
            "6",
            "10",
            "8",
            "1",
            "2",
            "21",
            "11",
            "7",
            "4",
            "16"
        ]
    },
    "steps": {
        "0": 141
    },
    "timeout": 220
}