{
    "config": {
        "allow_infeasible": true,
        "bvns_max_k": 7,
        "bvns_min_k": 1,
        "construction": "random",
        "local_search": "CVND",
        "metaheuristic": "BVNS",
        "num_threads": 8,
        "operators": [
            "insert_1",
            "remove_1",
            "twoOpt",
            "centExchange_1",
            "centExchange_3",
            "centExchange_4",
            "relocate_1",
            "relocate_4",
            "revRelocate_2",
            "revRelocate_3",
            "revRelocate_5",
            "moveAll_1",
            "moveAll_2",
            "moveAll_3",
            "moveAll_10"
        ],
        "perturbation": [
            "reinsert"
        ],
        "stop_on_feasible": false,
        "timeout": 140
    },
    "histogram": {
        "all": {
            "centExchange_1": 714813,
            "centExchange_3": 714804,
            "centExchange_4": 714804,
            "insert_1": 740489,
            "moveAll_1": 588553,
            "moveAll_10": 445216,
            "moveAll_2": 569743,
            "moveAll_3": 536653,
            "relocate_1": 671568,
            "relocate_4": 663174,
            "remove_1": 740489,
            "revRelocate_2": 626840,
            "revRelocate_3": 617050,
            "revRelocate_5": 616734,
            "twoOpt": 716384
        },
        "improving": {
            "centExchange_1": 226868,
            "centExchange_3": 37097,
            "centExchange_4": 6971,
            "insert_1": 0,
            "moveAll_1": 129636,
            "moveAll_10": 225424,
            "moveAll_2": 117663,
            "moveAll_3": 127496,
            "relocate_1": 389419,
            "relocate_4": 222317,
            "remove_1": 0,
            "revRelocate_2": 297744,
            "revRelocate_3": 103064,
            "revRelocate_5": 9850,
            "twoOpt": 362121
        },
        "rate": {
            "centExchange_1": 0.3173809051513672,
            "centExchange_3": 0.05189814418554306,
            "centExchange_4": 0.009752323850989342,
            "insert_1": 0.0,
            "moveAll_1": 0.22026222944259644,
            "moveAll_10": 0.5063250064849854,
            "moveAll_2": 0.20651942491531372,
            "moveAll_3": 0.23757623136043549,
            "relocate_1": 0.5798653364181519,
            "relocate_4": 0.3352317810058594,
            "remove_1": 0.0,
            "revRelocate_2": 0.474992036819458,
            "revRelocate_3": 0.16702698171138763,
            "revRelocate_5": 0.01597122848033905,
            "twoOpt": 0.5054844617843628
        }
    },
    "last_improvement": 0,
    "name": "burma14-14-2.20-0",
    "solution": {
        "fitness": 53,
        "is_feasible": true,
        "permutation": [
            1,
            7,
            10,
            2,
            13,
            6,
            5,
            3,
            11,
            12,
            0,
            9,
            4,
            8
        ],
        "permutation_orig_ids": [
            "2",
            "8",
            "11",
            "3",
            "14",
            "7",
            "6",
            "4",
            "12",
            "13",
            "1",
            "10",
            "5",
            "9"
        ]
    },
    "steps": {
        "0": 53
    },
    "timeout": 140
}