{
    "config": {
        "allow_infeasible": true,
        "bvns_max_k": 7,
        "bvns_min_k": 1,
        "construction": "random",
        "local_search": "CVND",
        "metaheuristic": "BVNS",
        "num_threads": 8,
        "operators": [
            "insert_1",
            "remove_1",
            "twoOpt",
            "centExchange_1",
            "centExchange_3",
            "centExchange_4",
            "relocate_1",
            "relocate_4",
            "revRelocate_2",
            "revRelocate_3",
            "revRelocate_5",
            "moveAll_1",
            "moveAll_2",
            "moveAll_3",
            "moveAll_10"
        ],
        "perturbation": [
            "reinsert"
        ],
        "stop_on_feasible": false,
        "timeout": 220
    },
    "histogram": {
        "all": {
            "centExchange_1": 299827,
            "centExchange_3": 299779,
            "centExchange_4": 299777,
            "insert_1": 310120,
            "moveAll_1": 246188,
            "moveAll_10": 213826,
            "moveAll_2": 242315,
            "moveAll_3": 237245,
            "relocate_1": 280066,
            "relocate_4": 272414,
            "remove_1": 310120,
            "revRelocate_2": 258022,
            "revRelocate_3": 252069,
            "revRelocate_5": 249476,
            "twoOpt": 300916
        },
        "improving": {
            "centExchange_1": 92576,
            "centExchange_3": 35074,
            "centExchange_4": 12622,
            "insert_1": 0,
            "moveAll_1": 62324,
            "moveAll_10": 125998,
            "moveAll_2": 58564,
            "moveAll_3": 54784,
            "relocate_1": 178897,
            "relocate_4": 121744,
            "remove_1": 0,
            "revRelocate_2": 143100,
            "revRelocate_3": 91522,
            "revRelocate_5": 24452,
            "twoOpt": 146727
        },
        "rate": {
            "centExchange_1": 0.3087647259235382,
            "centExchange_3": 0.11699952185153961,
            "centExchange_4": 0.042104631662368774,
            "insert_1": 0.0,
            "moveAll_1": 0.2531561255455017,
            "moveAll_10": 0.5892547965049744,
            "moveAll_2": 0.2416854053735733,
            "moveAll_3": 0.23091740906238556,
            "relocate_1": 0.6387673020362854,
            "relocate_4": 0.44690802693367004,
            "remove_1": 0.0,
            "revRelocate_2": 0.5546038746833801,
            "revRelocate_3": 0.3630831241607666,
            "revRelocate_5": 0.09801343828439713,
            "twoOpt": 0.4876011908054352
        }
    },
    "last_improvement": 0,
    "name": "ulysses22.tsp-22-3.80-0",
    "solution": {
        "fitness": 141,
        "is_feasible": true,
        "permutation": [
            12,
            11,
            21,
            16,
            17,
            2,
            8,
            4,
            14,
            13,
            18,
            19,
            5,
            9,
            7,
            0,
            1,
            20,
            10,
            6,
            3,
            15
        ],
        "permutation_orig_ids": [
            "13",
            "12",
            "22",
            "17",
            "18",
            "3",
            "9",
            "5",
            "15",
            "14",
            "19",
            "20",
            "6",
            "10",
            "8",
            "1",
            "2",
            "21",
            "11",
            "7",
            "4",
            "16"
        ]
    },
    "steps": {
        "0": 141
    },
    "timeout": 220
}