{
    "config": {
        "allow_infeasible": true,
        "bvns_max_k": 7,
        "bvns_min_k": 1,
        "construction": "random",
        "local_search": "CVND",
        "metaheuristic": "BVNS",
        "num_threads": 8,
        "operators": [
            "insert_1",
            "remove_1",
            "twoOpt",
            "centExchange_1",
            "centExchange_3",
            "centExchange_4",
            "relocate_1",
            "relocate_4",
            "revRelocate_2",
            "revRelocate_3",
            "revRelocate_5",
            "moveAll_1",
            "moveAll_2",
            "moveAll_3",
            "moveAll_10"
        ],
        "perturbation": [
            "reinsert"
        ],
        "stop_on_feasible": false,
        "timeout": 520
    },
    "histogram": {
        "all": {
            "centExchange_1": 31568,
            "centExchange_3": 31551,
            "centExchange_4": 31546,
            "insert_1": 32298,
            "moveAll_1": 26542,
            "moveAll_10": 25402,
            "moveAll_2": 26333,
            "moveAll_3": 26179,
            "relocate_1": 29344,
            "relocate_4": 29094,
            "remove_1": 32298,
            "revRelocate_2": 27812,
            "revRelocate_3": 27193,
            "revRelocate_5": 26837,
            "twoOpt": 31638
        },
        "improving": {
            "centExchange_1": 9865,
            "centExchange_3": 6510,
            "centExchange_4": 3975,
            "insert_1": 0,
            "moveAll_1": 9462,
            "moveAll_10": 13501,
            "moveAll_2": 7208,
            "moveAll_3": 6802,
            "relocate_1": 22571,
            "relocate_4": 13201,
            "remove_1": 0,
            "revRelocate_2": 18684,
            "revRelocate_3": 14566,
            "revRelocate_5": 10289,
            "twoOpt": 18591
        },
        "rate": {
            "centExchange_1": 0.3125,
            "centExchange_3": 0.20633260905742645,
            "centExchange_4": 0.12600646913051605,
            "insert_1": 0.0,
            "moveAll_1": 0.3564915955066681,
            "moveAll_10": 0.531493604183197,
            "moveAll_2": 0.2737249732017517,
            "moveAll_3": 0.25982657074928284,
            "relocate_1": 0.7691861987113953,
            "relocate_4": 0.45373615622520447,
            "remove_1": 0.0,
            "revRelocate_2": 0.6717963218688965,
            "revRelocate_3": 0.5356525778770447,
            "revRelocate_5": 0.38338860869407654,
            "twoOpt": 0.5876161456108093
        }
    },
    "last_improvement": 364,
    "name": "berlin52-52-8.30-0",
    "solution": {
        "fitness": 19001,
        "is_feasible": true,
        "permutation": [
            19,
            28,
            43,
            45,
            39,
            5,
            3,
            11,
            25,
            12,
            13,
            51,
            10,
            24,
            15,
            49,
            30,
            18,
            40,
            7,
            44,
            32,
            36,
            0,
            21,
            31,
            17,
            1,
            6,
            41,
            29,
            35,
            37,
            9,
            23,
            50,
            16,
            34,
            38,
            48,
            2,
            26,
            47,
            22,
            8,
            46,
            27,
            42,
            4,
            20,
            33,
            14
        ],
        "permutation_orig_ids": [
            "20",
            "29",
            "44",
            "46",
            "40",
            "6",
            "4",
            "12",
            "26",
            "13",
            "14",
            "52",
            "11",
            "25",
            "16",
            "50",
            "31",
            "19",
            "41",
            "8",
            "45",
            "33",
            "37",
            "1",
            "22",
            "32",
            "18",
            "2",
            "7",
            "42",
            "30",
            "36",
            "38",
            "10",
            "24",
            "51",
            "17",
            "35",
            "39",
            "49",
            "3",
            "27",
            "48",
            "23",
            "9",
            "47",
            "28",
            "43",
            "5",
            "21",
            "34",
            "15"
        ]
    },
    "steps": {
        "0": 22842,
        "1": 22335,
        "106": 20570,
        "11": 22175,
        "13": 21978,
        "14": 21892,
        "178": 20195,
        "179": 19947,
        "18": 21798,
        "188": 19735,
        "20": 21527,
        "215": 19635,
        "230": 19549,
        "243": 19521,
        "3": 22235,
        "311": 19507,
        "330": 19499,
        "334": 19485,
        "344": 19281,
        "345": 19270,
        "346": 19197,
        "352": 19177,
        "354": 19162,
        "364": 19001,
        "57": 21505,
        "58": 21491,
        "6": 22232,
        "62": 21470,
        "80": 21157,
        "95": 20883
    },
    "timeout": 520
}