{
    "config": {
        "allow_infeasible": true,
        "bvns_max_k": 7,
        "bvns_min_k": 1,
        "construction": "random",
        "local_search": "CVND",
        "metaheuristic": "BVNS",
        "num_threads": 8,
        "operators": [
            "insert_1",
            "remove_1",
            "twoOpt",
            "centExchange_1",
            "centExchange_3",
            "centExchange_4",
            "relocate_1",
            "relocate_4",
            "revRelocate_2",
            "revRelocate_3",
            "revRelocate_5",
            "moveAll_1",
            "moveAll_2",
            "moveAll_3",
            "moveAll_10"
        ],
        "perturbation": [
            "reinsert"
        ],
        "stop_on_feasible": false,
        "timeout": 140
    },
    "histogram": {
        "all": {
            "centExchange_1": 699962,
            "centExchange_3": 699959,
            "centExchange_4": 699959,
            "insert_1": 725010,
            "moveAll_1": 577017,
            "moveAll_10": 435761,
            "moveAll_2": 558516,
            "moveAll_3": 525896,
            "relocate_1": 657694,
            "relocate_4": 649400,
            "remove_1": 725010,
            "revRelocate_2": 614163,
            "revRelocate_3": 604720,
            "revRelocate_5": 604416,
            "twoOpt": 701491
        },
        "improving": {
            "centExchange_1": 221751,
            "centExchange_3": 36103,
            "centExchange_4": 6815,
            "insert_1": 0,
            "moveAll_1": 126645,
            "moveAll_10": 220981,
            "moveAll_2": 115745,
            "moveAll_3": 125387,
            "relocate_1": 381689,
            "relocate_4": 217635,
            "remove_1": 0,
            "revRelocate_2": 291142,
            "revRelocate_3": 100470,
            "revRelocate_5": 9342,
            "twoOpt": 354472
        },
        "rate": {
            "centExchange_1": 0.31680434942245483,
            "centExchange_3": 0.05157873407006264,
            "centExchange_4": 0.009736284613609314,
            "insert_1": 0.0,
            "moveAll_1": 0.21948227286338806,
            "moveAll_10": 0.5071151256561279,
            "moveAll_2": 0.20723667740821838,
            "moveAll_3": 0.23842546343803406,
            "relocate_1": 0.5803443789482117,
            "relocate_4": 0.3351324200630188,
            "remove_1": 0.0,
            "revRelocate_2": 0.4740467965602875,
            "revRelocate_3": 0.1661430150270462,
            "revRelocate_5": 0.015456242486834526,
            "twoOpt": 0.5053122639656067
        }
    },
    "last_improvement": 0,
    "name": "burma14-14-2.20-0",
    "solution": {
        "fitness": 53,
        "is_feasible": true,
        "permutation": [
            1,
            7,
            10,
            2,
            13,
            6,
            5,
            3,
            11,
            12,
            0,
            9,
            4,
            8
        ],
        "permutation_orig_ids": [
            "2",
            "8",
            "11",
            "3",
            "14",
            "7",
            "6",
            "4",
            "12",
            "13",
            "1",
            "10",
            "5",
            "9"
        ]
    },
    "steps": {
        "0": 53
    },
    "timeout": 140
}