{
    "config": {
        "allow_infeasible": true,
        "bvns_max_k": 7,
        "bvns_min_k": 1,
        "construction": "random",
        "local_search": "CVND",
        "metaheuristic": "BVNS",
        "num_threads": 8,
        "operators": [
            "insert_1",
            "remove_1",
            "twoOpt",
            "centExchange_1",
            "centExchange_3",
            "centExchange_4",
            "relocate_1",
            "relocate_4",
            "revRelocate_2",
            "revRelocate_3",
            "revRelocate_5",
            "moveAll_1",
            "moveAll_2",
            "moveAll_3",
            "moveAll_10"
        ],
        "perturbation": [
            "reinsert"
        ],
        "stop_on_feasible": false,
        "timeout": 220
    },
    "histogram": {
        "all": {
            "centExchange_1": 305794,
            "centExchange_3": 305747,
            "centExchange_4": 305747,
            "insert_1": 316083,
            "moveAll_1": 250775,
            "moveAll_10": 218018,
            "moveAll_2": 246733,
            "moveAll_3": 241664,
            "relocate_1": 285512,
            "relocate_4": 277588,
            "remove_1": 316083,
            "revRelocate_2": 262746,
            "revRelocate_3": 256568,
            "revRelocate_5": 254084,
            "twoOpt": 306983
        },
        "improving": {
            "centExchange_1": 94151,
            "centExchange_3": 35535,
            "centExchange_4": 12925,
            "insert_1": 0,
            "moveAll_1": 63768,
            "moveAll_10": 128651,
            "moveAll_2": 59916,
            "moveAll_3": 55797,
            "relocate_1": 182678,
            "relocate_4": 123981,
            "remove_1": 0,
            "revRelocate_2": 145920,
            "revRelocate_3": 92896,
            "revRelocate_5": 25056,
            "twoOpt": 149503
        },
        "rate": {
            "centExchange_1": 0.30789026618003845,
            "centExchange_3": 0.11622354388237,
            "centExchange_4": 0.04227351397275925,
            "insert_1": 0.0,
            "moveAll_1": 0.25428372621536255,
            "moveAll_10": 0.5900934934616089,
            "moveAll_2": 0.24283739924430847,
            "moveAll_3": 0.23088668286800385,
            "relocate_1": 0.6398259997367859,
            "relocate_4": 0.44663673639297485,
            "remove_1": 0.0,
            "revRelocate_2": 0.555365264415741,
            "revRelocate_3": 0.3620716631412506,
            "revRelocate_5": 0.09861305356025696,
            "twoOpt": 0.48700740933418274
        }
    },
    "last_improvement": 0,
    "name": "ulysses22.tsp-22-3.80-0",
    "solution": {
        "fitness": 141,
        "is_feasible": true,
        "permutation": [
            12,
            11,
            21,
            16,
            17,
            2,
            8,
            4,
            14,
            13,
            18,
            19,
            5,
            9,
            7,
            0,
            1,
            20,
            10,
            6,
            3,
            15
        ],
        "permutation_orig_ids": [
            "13",
            "12",
            "22",
            "17",
            "18",
            "3",
            "9",
            "5",
            "15",
            "14",
            "19",
            "20",
            "6",
            "10",
            "8",
            "1",
            "2",
            "21",
            "11",
            "7",
            "4",
            "16"
        ]
    },
    "steps": {
        "0": 141
    },
    "timeout": 220
}