{
    "config": {
        "allow_infeasible": true,
        "bvns_max_k": 7,
        "bvns_min_k": 1,
        "construction": "random",
        "local_search": "CVND",
        "metaheuristic": "BVNS",
        "num_threads": 8,
        "operators": [
            "insert_1",
            "remove_1",
            "twoOpt",
            "centExchange_1",
            "centExchange_3",
            "centExchange_4",
            "relocate_1",
            "relocate_4",
            "revRelocate_2",
            "revRelocate_3",
            "revRelocate_5",
            "moveAll_1",
            "moveAll_2",
            "moveAll_3",
            "moveAll_10"
        ],
        "perturbation": [
            "reinsert"
        ],
        "stop_on_feasible": false,
        "timeout": 140
    },
    "histogram": {
        "all": {
            "centExchange_1": 707777,
            "centExchange_3": 707771,
            "centExchange_4": 707771,
            "insert_1": 733083,
            "moveAll_1": 583377,
            "moveAll_10": 440755,
            "moveAll_2": 564580,
            "moveAll_3": 531726,
            "relocate_1": 664909,
            "relocate_4": 656641,
            "remove_1": 733083,
            "revRelocate_2": 621102,
            "revRelocate_3": 611399,
            "revRelocate_5": 611061,
            "twoOpt": 709276
        },
        "improving": {
            "centExchange_1": 224015,
            "centExchange_3": 36439,
            "centExchange_4": 6868,
            "insert_1": 0,
            "moveAll_1": 128492,
            "moveAll_10": 223633,
            "moveAll_2": 116824,
            "moveAll_3": 126196,
            "relocate_1": 385979,
            "relocate_4": 219338,
            "remove_1": 0,
            "revRelocate_2": 294565,
            "revRelocate_3": 102379,
            "revRelocate_5": 9520,
            "twoOpt": 358539
        },
        "rate": {
            "centExchange_1": 0.3165050446987152,
            "centExchange_3": 0.05148416757583618,
            "centExchange_4": 0.009703703224658966,
            "insert_1": 0.0,
            "moveAll_1": 0.220255509018898,
            "moveAll_10": 0.5073862075805664,
            "moveAll_2": 0.20692196488380432,
            "moveAll_3": 0.2373327612876892,
            "relocate_1": 0.580498993396759,
            "relocate_4": 0.33403030037879944,
            "remove_1": 0.0,
            "revRelocate_2": 0.4742618799209595,
            "revRelocate_3": 0.16745038330554962,
            "revRelocate_5": 0.015579459257423878,
            "twoOpt": 0.5054999589920044
        }
    },
    "last_improvement": 0,
    "name": "burma14-14-2.20-0",
    "solution": {
        "fitness": 53,
        "is_feasible": true,
        "permutation": [
            1,
            7,
            10,
            2,
            13,
            6,
            5,
            3,
            11,
            12,
            0,
            9,
            4,
            8
        ],
        "permutation_orig_ids": [
            "2",
            "8",
            "11",
            "3",
            "14",
            "7",
            "6",
            "4",
            "12",
            "13",
            "1",
            "10",
            "5",
            "9"
        ]
    },
    "steps": {
        "0": 53
    },
    "timeout": 140
}