{
    "config": {
        "allow_infeasible": true,
        "bvns_max_k": 7,
        "bvns_min_k": 1,
        "construction": "random",
        "local_search": "CVND",
        "metaheuristic": "BVNS",
        "num_threads": 8,
        "operators": [
            "insert_1",
            "remove_1",
            "twoOpt",
            "centExchange_1",
            "centExchange_3",
            "centExchange_4",
            "relocate_1",
            "relocate_4",
            "revRelocate_2",
            "revRelocate_3",
            "revRelocate_5",
            "moveAll_1",
            "moveAll_2",
            "moveAll_3",
            "moveAll_10"
        ],
        "perturbation": [
            "reinsert"
        ],
        "stop_on_feasible": false,
        "timeout": 520
    },
    "histogram": {
        "all": {
            "centExchange_1": 31912,
            "centExchange_3": 31898,
            "centExchange_4": 31894,
            "insert_1": 32602,
            "moveAll_1": 26627,
            "moveAll_10": 25732,
            "moveAll_2": 26487,
            "moveAll_3": 26354,
            "relocate_1": 29436,
            "relocate_4": 29151,
            "remove_1": 32602,
            "revRelocate_2": 27832,
            "revRelocate_3": 27190,
            "revRelocate_5": 26932,
            "twoOpt": 31965
        },
        "improving": {
            "centExchange_1": 9541,
            "centExchange_3": 6139,
            "centExchange_4": 3475,
            "insert_1": 0,
            "moveAll_1": 9534,
            "moveAll_10": 13195,
            "moveAll_2": 6906,
            "moveAll_3": 6746,
            "relocate_1": 23078,
            "relocate_4": 13606,
            "remove_1": 0,
            "revRelocate_2": 18964,
            "revRelocate_3": 14688,
            "revRelocate_5": 9443,
            "twoOpt": 18285
        },
        "rate": {
            "centExchange_1": 0.29897844791412354,
            "centExchange_3": 0.19245721399784088,
            "centExchange_4": 0.10895466059446335,
            "insert_1": 0.0,
            "moveAll_1": 0.3580576181411743,
            "moveAll_10": 0.5127856135368347,
            "moveAll_2": 0.26073166728019714,
            "moveAll_3": 0.2559763193130493,
            "relocate_1": 0.7840059995651245,
            "relocate_4": 0.4667421281337738,
            "remove_1": 0.0,
            "revRelocate_2": 0.6813739538192749,
            "revRelocate_3": 0.5401986241340637,
            "revRelocate_5": 0.3506237864494324,
            "twoOpt": 0.5720319151878357
        }
    },
    "last_improvement": 203,
    "name": "berlin52-52-8.30-0",
    "solution": {
        "fitness": 19955,
        "is_feasible": true,
        "permutation": [
            36,
            23,
            4,
            3,
            37,
            21,
            30,
            31,
            43,
            45,
            11,
            12,
            51,
            13,
            46,
            28,
            49,
            15,
            19,
            6,
            1,
            16,
            17,
            35,
            7,
            40,
            18,
            5,
            9,
            34,
            38,
            39,
            32,
            47,
            26,
            44,
            29,
            41,
            10,
            0,
            8,
            22,
            20,
            33,
            42,
            27,
            25,
            24,
            48,
            2,
            14,
            50
        ],
        "permutation_orig_ids": [
            "37",
            "24",
            "5",
            "4",
            "38",
            "22",
            "31",
            "32",
            "44",
            "46",
            "12",
            "13",
            "52",
            "14",
            "47",
            "29",
            "50",
            "16",
            "20",
            "7",
            "2",
            "17",
            "18",
            "36",
            "8",
            "41",
            "19",
            "6",
            "10",
            "35",
            "39",
            "40",
            "33",
            "48",
            "27",
            "45",
            "30",
            "42",
            "11",
            "1",
            "9",
            "23",
            "21",
            "34",
            "43",
            "28",
            "26",
            "25",
            "49",
            "3",
            "15",
            "51"
        ]
    },
    "steps": {
        "0": 23357,
        "139": 21178,
        "14": 21613,
        "171": 21150,
        "179": 21109,
        "180": 20478,
        "185": 20052,
        "2": 22000,
        "201": 20016,
        "203": 19955,
        "28": 21612,
        "5": 21617,
        "51": 21450,
        "52": 21441,
        "86": 21363,
        "89": 21351
    },
    "timeout": 520
}