{
    "config": {
        "allow_infeasible": true,
        "bvns_max_k": 7,
        "bvns_min_k": 1,
        "construction": "random",
        "local_search": "CVND",
        "metaheuristic": "BVNS",
        "num_threads": 8,
        "operators": [
            "insert_1",
            "remove_1",
            "twoOpt",
            "centExchange_1",
            "centExchange_3",
            "centExchange_4",
            "relocate_1",
            "relocate_4",
            "revRelocate_2",
            "revRelocate_3",
            "revRelocate_5",
            "moveAll_1",
            "moveAll_2",
            "moveAll_3",
            "moveAll_10"
        ],
        "perturbation": [
            "reinsert"
        ],
        "stop_on_feasible": false,
        "timeout": 220
    },
    "histogram": {
        "all": {
            "centExchange_1": 298352,
            "centExchange_3": 298315,
            "centExchange_4": 298315,
            "insert_1": 308396,
            "moveAll_1": 244771,
            "moveAll_10": 212640,
            "moveAll_2": 240802,
            "moveAll_3": 235762,
            "relocate_1": 278540,
            "relocate_4": 270861,
            "remove_1": 308396,
            "revRelocate_2": 256446,
            "revRelocate_3": 250457,
            "revRelocate_5": 248018,
            "twoOpt": 299502
        },
        "improving": {
            "centExchange_1": 92033,
            "centExchange_3": 34645,
            "centExchange_4": 12716,
            "insert_1": 0,
            "moveAll_1": 62195,
            "moveAll_10": 125256,
            "moveAll_2": 58394,
            "moveAll_3": 54774,
            "relocate_1": 177946,
            "relocate_4": 120854,
            "remove_1": 0,
            "revRelocate_2": 142318,
            "revRelocate_3": 90914,
            "revRelocate_5": 24266,
            "twoOpt": 145908
        },
        "rate": {
            "centExchange_1": 0.3084712028503418,
            "centExchange_3": 0.1161356270313263,
            "centExchange_4": 0.04262608289718628,
            "insert_1": 0.0,
            "moveAll_1": 0.2540946304798126,
            "moveAll_10": 0.5890519022941589,
            "moveAll_2": 0.242497980594635,
            "moveAll_3": 0.23232752084732056,
            "relocate_1": 0.638852596282959,
            "relocate_4": 0.44618457555770874,
            "remove_1": 0.0,
            "revRelocate_2": 0.5549628138542175,
            "revRelocate_3": 0.36299243569374084,
            "revRelocate_5": 0.09783967584371567,
            "twoOpt": 0.48716869950294495
        }
    },
    "last_improvement": 0,
    "name": "ulysses22.tsp-22-3.80-0",
    "solution": {
        "fitness": 141,
        "is_feasible": true,
        "permutation": [
            12,
            11,
            21,
            16,
            17,
            2,
            8,
            4,
            14,
            13,
            18,
            19,
            5,
            9,
            7,
            0,
            1,
            20,
            10,
            6,
            3,
            15
        ],
        "permutation_orig_ids": [
            "13",
            "12",
            "22",
            "17",
            "18",
            "3",
            "9",
            "5",
            "15",
            "14",
            "19",
            "20",
            "6",
            "10",
            "8",
            "1",
            "2",
            "21",
            "11",
            "7",
            "4",
            "16"
        ]
    },
    "steps": {
        "0": 141
    },
    "timeout": 220
}