{
    "config": {
        "allow_infeasible": true,
        "bvns_max_k": 7,
        "bvns_min_k": 1,
        "construction": "random",
        "local_search": "CVND",
        "metaheuristic": "BVNS",
        "num_threads": 8,
        "operators": [
            "insert_1",
            "remove_1",
            "twoOpt",
            "centExchange_1",
            "centExchange_3",
            "centExchange_4",
            "relocate_1",
            "relocate_4",
            "revRelocate_2",
            "revRelocate_3",
            "revRelocate_5",
            "moveAll_1",
            "moveAll_2",
            "moveAll_3",
            "moveAll_10"
        ],
        "perturbation": [
            "reinsert"
        ],
        "stop_on_feasible": false,
        "timeout": 140
    },
    "histogram": {
        "all": {
            "centExchange_1": 710403,
            "centExchange_3": 710402,
            "centExchange_4": 710402,
            "insert_1": 735963,
            "moveAll_1": 585713,
            "moveAll_10": 442682,
            "moveAll_2": 567000,
            "moveAll_3": 534217,
            "relocate_1": 667454,
            "relocate_4": 659139,
            "remove_1": 735963,
            "revRelocate_2": 623162,
            "revRelocate_3": 613512,
            "revRelocate_5": 613225,
            "twoOpt": 711904
        },
        "improving": {
            "centExchange_1": 225350,
            "centExchange_3": 37144,
            "centExchange_4": 7096,
            "insert_1": 0,
            "moveAll_1": 128885,
            "moveAll_10": 224857,
            "moveAll_2": 117269,
            "moveAll_3": 126928,
            "relocate_1": 387278,
            "relocate_4": 221236,
            "remove_1": 0,
            "revRelocate_2": 296062,
            "revRelocate_3": 102593,
            "revRelocate_5": 9479,
            "twoOpt": 359976
        },
        "rate": {
            "centExchange_1": 0.31721431016921997,
            "centExchange_3": 0.05228588730096817,
            "centExchange_4": 0.009988710284233093,
            "insert_1": 0.0,
            "moveAll_1": 0.22004804015159607,
            "moveAll_10": 0.5079424977302551,
            "moveAll_2": 0.20682363212108612,
            "moveAll_3": 0.237596333026886,
            "relocate_1": 0.5802317261695862,
            "relocate_4": 0.3356439173221588,
            "remove_1": 0.0,
            "revRelocate_2": 0.47509637475013733,
            "revRelocate_3": 0.16722248494625092,
            "revRelocate_5": 0.015457621775567532,
            "twoOpt": 0.5056524276733398
        }
    },
    "last_improvement": 0,
    "name": "burma14-14-2.20-0",
    "solution": {
        "fitness": 53,
        "is_feasible": true,
        "permutation": [
            1,
            7,
            10,
            2,
            13,
            6,
            5,
            3,
            11,
            12,
            0,
            9,
            4,
            8
        ],
        "permutation_orig_ids": [
            "2",
            "8",
            "11",
            "3",
            "14",
            "7",
            "6",
            "4",
            "12",
            "13",
            "1",
            "10",
            "5",
            "9"
        ]
    },
    "steps": {
        "0": 53
    },
    "timeout": 140
}