{
    "config": {
        "allow_infeasible": true,
        "bvns_max_k": 7,
        "bvns_min_k": 1,
        "construction": "random",
        "local_search": "CVND",
        "metaheuristic": "BVNS",
        "num_threads": 8,
        "operators": [
            "insert_1",
            "remove_1",
            "twoOpt",
            "centExchange_1",
            "centExchange_3",
            "centExchange_4",
            "relocate_1",
            "relocate_4",
            "revRelocate_2",
            "revRelocate_3",
            "revRelocate_5",
            "moveAll_1",
            "moveAll_2",
            "moveAll_3",
            "moveAll_10"
        ],
        "perturbation": [
            "reinsert"
        ],
        "stop_on_feasible": false,
        "timeout": 1010
    },
    "histogram": {
        "all": {
            "centExchange_1": 5067,
            "centExchange_3": 5065,
            "centExchange_4": 5064,
            "insert_1": 5127,
            "moveAll_1": 4265,
            "moveAll_10": 4196,
            "moveAll_2": 4252,
            "moveAll_3": 4238,
            "relocate_1": 4586,
            "relocate_4": 4568,
            "remove_1": 5127,
            "revRelocate_2": 4414,
            "revRelocate_3": 4331,
            "revRelocate_5": 4290,
            "twoOpt": 5073
        },
        "improving": {
            "centExchange_1": 1413,
            "centExchange_3": 907,
            "centExchange_4": 619,
            "insert_1": 0,
            "moveAll_1": 1548,
            "moveAll_10": 1889,
            "moveAll_2": 1162,
            "moveAll_3": 1023,
            "relocate_1": 3957,
            "relocate_4": 2083,
            "remove_1": 0,
            "revRelocate_2": 3120,
            "revRelocate_3": 2517,
            "revRelocate_5": 1762,
            "twoOpt": 2922
        },
        "rate": {
            "centExchange_1": 0.27886322140693665,
            "centExchange_3": 0.1790720671415329,
            "centExchange_4": 0.12223538756370544,
            "insert_1": 0.0,
            "moveAll_1": 0.3629542887210846,
            "moveAll_10": 0.4501906633377075,
            "moveAll_2": 0.2732831537723541,
            "moveAll_3": 0.24138744175434113,
            "relocate_1": 0.8628434538841248,
            "relocate_4": 0.4559982419013977,
            "remove_1": 0.0,
            "revRelocate_2": 0.7068418860435486,
            "revRelocate_3": 0.5811591148376465,
            "revRelocate_5": 0.41072261333465576,
            "twoOpt": 0.5759905576705933
        }
    },
    "last_improvement": 598,
    "name": "eil101-101-18.00-0",
    "solution": {
        "fitness": 1700,
        "is_feasible": true,
        "permutation": [
            39,
            57,
            5,
            88,
            17,
            82,
            95,
            98,
            92,
            84,
            60,
            58,
            91,
            36,
            41,
            86,
            3,
            38,
            66,
            24,
            54,
            53,
            33,
            0,
            69,
            29,
            34,
            64,
            70,
            19,
            65,
            30,
            48,
            46,
            47,
            4,
            90,
            37,
            13,
            42,
            56,
            14,
            40,
            74,
            25,
            27,
            26,
            76,
            80,
            79,
            75,
            52,
            20,
            72,
            71,
            73,
            1,
            97,
            15,
            7,
            6,
            63,
            44,
            16,
            83,
            59,
            96,
            99,
            23,
            68,
            78,
            9,
            87,
            62,
            61,
            35,
            94,
            12,
            11,
            28,
            67,
            77,
            8,
            31,
            81,
            51,
            21,
            22,
            93,
            55,
            32,
            10,
            45,
            43,
            50,
            49,
            18,
            85,
            2,
            89,
            100
        ],
        "permutation_orig_ids": [
            "40",
            "58",
            "6",
            "89",
            "18",
            "83",
            "96",
            "99",
            "93",
            "85",
            "61",
            "59",
            "92",
            "37",
            "42",
            "87",
            "4",
            "39",
            "67",
            "25",
            "55",
            "54",
            "34",
            "1",
            "70",
            "30",
            "35",
            "65",
            "71",
            "20",
            "66",
            "31",
            "49",
            "47",
            "48",
            "5",
            "91",
            "38",
            "14",
            "43",
            "57",
            "15",
            "41",
            "75",
            "26",
            "28",
            "27",
            "77",
            "81",
            "80",
            "76",
            "53",
            "21",
            "73",
            "72",
            "74",
            "2",
            "98",
            "16",
            "8",
            "7",
            "64",
            "45",
            "17",
            "84",
            "60",
            "97",
            "100",
            "24",
            "69",
            "79",
            "10",
            "88",
            "63",
            "62",
            "36",
            "95",
            "13",
            "12",
            "29",
            "68",
            "78",
            "9",
            "32",
            "82",
            "52",
            "22",
            "23",
            "94",
            "56",
            "33",
            "11",
            "46",
            "44",
            "51",
            "50",
            "19",
            "86",
            "3",
            "90",
            "101"
        ]
    },
    "steps": {
        "0": 2537,
        "1": 2446,
        "16": 2188,
        "17": 2162,
        "176": 1836,
        "177": 1824,
        "178": 1820,
        "18": 2150,
        "2": 2404,
        "215": 1771,
        "24": 2105,
        "243": 1751,
        "28": 2087,
        "3": 2403,
        "35": 2079,
        "36": 2071,
        "410": 1732,
        "43": 2031,
        "44": 1990,
        "45": 1953,
        "46": 1868,
        "47": 1864,
        "475": 1727,
        "5": 2344,
        "523": 1726,
        "598": 1700,
        "6": 2316,
        "7": 2245,
        "8": 2242
    },
    "timeout": 1010
}