{
    "config": {
        "allow_infeasible": true,
        "bvns_max_k": 7,
        "bvns_min_k": 1,
        "construction": "random",
        "local_search": "CVND",
        "metaheuristic": "BVNS",
        "num_threads": 8,
        "operators": [
            "insert_1",
            "remove_1",
            "twoOpt",
            "centExchange_1",
            "centExchange_3",
            "centExchange_4",
            "relocate_1",
            "relocate_4",
            "revRelocate_2",
            "revRelocate_3",
            "revRelocate_5",
            "moveAll_1",
            "moveAll_2",
            "moveAll_3",
            "moveAll_10"
        ],
        "perturbation": [
            "reinsert"
        ],
        "stop_on_feasible": false,
        "timeout": 220
    },
    "histogram": {
        "all": {
            "centExchange_1": 291465,
            "centExchange_3": 291433,
            "centExchange_4": 291432,
            "insert_1": 301412,
            "moveAll_1": 239180,
            "moveAll_10": 207929,
            "moveAll_2": 235373,
            "moveAll_3": 230416,
            "relocate_1": 272181,
            "relocate_4": 264799,
            "remove_1": 301412,
            "revRelocate_2": 250786,
            "revRelocate_3": 244856,
            "revRelocate_5": 242474,
            "twoOpt": 292583
        },
        "improving": {
            "centExchange_1": 89940,
            "centExchange_3": 34063,
            "centExchange_4": 12689,
            "insert_1": 0,
            "moveAll_1": 60956,
            "moveAll_10": 122402,
            "moveAll_2": 56833,
            "moveAll_3": 53420,
            "relocate_1": 173884,
            "relocate_4": 118237,
            "remove_1": 0,
            "revRelocate_2": 139405,
            "revRelocate_3": 89099,
            "revRelocate_5": 23942,
            "twoOpt": 142956
        },
        "rate": {
            "centExchange_1": 0.30857908725738525,
            "centExchange_3": 0.11688106507062912,
            "centExchange_4": 0.04354017227888107,
            "insert_1": 0.0,
            "moveAll_1": 0.25485408306121826,
            "moveAll_10": 0.5886721014976501,
            "moveAll_2": 0.24145929515361786,
            "moveAll_3": 0.2318415343761444,
            "relocate_1": 0.6388542652130127,
            "relocate_4": 0.4465160369873047,
            "remove_1": 0.0,
            "revRelocate_2": 0.5558723211288452,
            "revRelocate_3": 0.36388325691223145,
            "revRelocate_5": 0.09874048084020615,
            "twoOpt": 0.4885998070240021
        }
    },
    "last_improvement": 0,
    "name": "ulysses22.tsp-22-3.80-0",
    "solution": {
        "fitness": 141,
        "is_feasible": true,
        "permutation": [
            12,
            11,
            21,
            16,
            17,
            2,
            8,
            4,
            14,
            13,
            18,
            19,
            5,
            9,
            7,
            0,
            1,
            20,
            10,
            6,
            3,
            15
        ],
        "permutation_orig_ids": [
            "13",
            "12",
            "22",
            "17",
            "18",
            "3",
            "9",
            "5",
            "15",
            "14",
            "19",
            "20",
            "6",
            "10",
            "8",
            "1",
            "2",
            "21",
            "11",
            "7",
            "4",
            "16"
        ]
    },
    "steps": {
        "0": 141
    },
    "timeout": 220
}