{
    "config": {
        "allow_infeasible": true,
        "bvns_max_k": 7,
        "bvns_min_k": 1,
        "construction": "random",
        "local_search": "CVND",
        "metaheuristic": "BVNS",
        "num_threads": 8,
        "operators": [
            "insert_1",
            "remove_1",
            "twoOpt",
            "centExchange_1",
            "centExchange_3",
            "centExchange_4",
            "relocate_1",
            "relocate_4",
            "revRelocate_2",
            "revRelocate_3",
            "revRelocate_5",
            "moveAll_1",
            "moveAll_2",
            "moveAll_3",
            "moveAll_10"
        ],
        "perturbation": [
            "reinsert"
        ],
        "stop_on_feasible": false,
        "timeout": 140
    },
    "histogram": {
        "all": {
            "centExchange_1": 721768,
            "centExchange_3": 721765,
            "centExchange_4": 721765,
            "insert_1": 747533,
            "moveAll_1": 594832,
            "moveAll_10": 449584,
            "moveAll_2": 575655,
            "moveAll_3": 542473,
            "relocate_1": 678244,
            "relocate_4": 669671,
            "remove_1": 747533,
            "revRelocate_2": 633139,
            "revRelocate_3": 623165,
            "revRelocate_5": 622859,
            "twoOpt": 723290
        },
        "improving": {
            "centExchange_1": 228479,
            "centExchange_3": 37265,
            "centExchange_4": 7114,
            "insert_1": 0,
            "moveAll_1": 130807,
            "moveAll_10": 228349,
            "moveAll_2": 119574,
            "moveAll_3": 128801,
            "relocate_1": 393444,
            "relocate_4": 225075,
            "remove_1": 0,
            "revRelocate_2": 300548,
            "revRelocate_3": 104165,
            "revRelocate_5": 9679,
            "twoOpt": 365416
        },
        "rate": {
            "centExchange_1": 0.31655463576316833,
            "centExchange_3": 0.051630377769470215,
            "centExchange_4": 0.009856393560767174,
            "insert_1": 0.0,
            "moveAll_1": 0.2199057936668396,
            "moveAll_10": 0.507911741733551,
            "moveAll_2": 0.207718163728714,
            "moveAll_3": 0.23743301630020142,
            "relocate_1": 0.5800921320915222,
            "relocate_4": 0.3360978662967682,
            "remove_1": 0.0,
            "revRelocate_2": 0.4746951162815094,
            "revRelocate_3": 0.16715475916862488,
            "revRelocate_5": 0.015539632178843021,
            "twoOpt": 0.5052136778831482
        }
    },
    "last_improvement": 0,
    "name": "burma14-14-2.20-0",
    "solution": {
        "fitness": 53,
        "is_feasible": true,
        "permutation": [
            1,
            7,
            10,
            2,
            13,
            6,
            5,
            3,
            11,
            12,
            0,
            9,
            4,
            8
        ],
        "permutation_orig_ids": [
            "2",
            "8",
            "11",
            "3",
            "14",
            "7",
            "6",
            "4",
            "12",
            "13",
            "1",
            "10",
            "5",
            "9"
        ]
    },
    "steps": {
        "0": 53
    },
    "timeout": 140
}