{
    "config": {
        "allow_infeasible": true,
        "bvns_max_k": 7,
        "bvns_min_k": 1,
        "construction": "random",
        "local_search": "CVND",
        "metaheuristic": "BVNS",
        "num_threads": 8,
        "operators": [
            "insert_1",
            "remove_1",
            "twoOpt",
            "centExchange_1",
            "centExchange_3",
            "centExchange_4",
            "relocate_1",
            "relocate_4",
            "revRelocate_2",
            "revRelocate_3",
            "revRelocate_5",
            "moveAll_1",
            "moveAll_2",
            "moveAll_3",
            "moveAll_10"
        ],
        "perturbation": [
            "reinsert"
        ],
        "stop_on_feasible": false,
        "timeout": 220
    },
    "histogram": {
        "all": {
            "centExchange_1": 306661,
            "centExchange_3": 306616,
            "centExchange_4": 306616,
            "insert_1": 317121,
            "moveAll_1": 251803,
            "moveAll_10": 218747,
            "moveAll_2": 247751,
            "moveAll_3": 242726,
            "relocate_1": 286442,
            "relocate_4": 278780,
            "remove_1": 317121,
            "revRelocate_2": 263949,
            "revRelocate_3": 257762,
            "revRelocate_5": 255252,
            "twoOpt": 307809
        },
        "improving": {
            "centExchange_1": 94549,
            "centExchange_3": 35913,
            "centExchange_4": 13063,
            "insert_1": 0,
            "moveAll_1": 63964,
            "moveAll_10": 129187,
            "moveAll_2": 59910,
            "moveAll_3": 56278,
            "relocate_1": 182970,
            "relocate_4": 124431,
            "remove_1": 0,
            "revRelocate_2": 146849,
            "revRelocate_3": 93389,
            "revRelocate_5": 25156,
            "twoOpt": 150218
        },
        "rate": {
            "centExchange_1": 0.3083176612854004,
            "centExchange_3": 0.1171269565820694,
            "centExchange_4": 0.04260377958416939,
            "insert_1": 0.0,
            "moveAll_1": 0.2540239691734314,
            "moveAll_10": 0.590577244758606,
            "moveAll_2": 0.24181537330150604,
            "moveAll_3": 0.23185814917087555,
            "relocate_1": 0.6387680768966675,
            "relocate_4": 0.4463411867618561,
            "remove_1": 0.0,
            "revRelocate_2": 0.5563536882400513,
            "revRelocate_3": 0.3623071014881134,
            "revRelocate_5": 0.09855358302593231,
            "twoOpt": 0.48802343010902405
        }
    },
    "last_improvement": 0,
    "name": "ulysses22.tsp-22-3.80-0",
    "solution": {
        "fitness": 141,
        "is_feasible": true,
        "permutation": [
            12,
            11,
            21,
            16,
            17,
            2,
            8,
            4,
            14,
            13,
            18,
            19,
            5,
            9,
            7,
            0,
            1,
            20,
            10,
            6,
            3,
            15
        ],
        "permutation_orig_ids": [
            "13",
            "12",
            "22",
            "17",
            "18",
            "3",
            "9",
            "5",
            "15",
            "14",
            "19",
            "20",
            "6",
            "10",
            "8",
            "1",
            "2",
            "21",
            "11",
            "7",
            "4",
            "16"
        ]
    },
    "steps": {
        "0": 141
    },
    "timeout": 220
}