{
    "config": {
        "allow_infeasible": true,
        "bvns_max_k": 7,
        "bvns_min_k": 1,
        "construction": "random",
        "local_search": "CVND",
        "metaheuristic": "BVNS",
        "num_threads": 8,
        "operators": [
            "insert_1",
            "remove_1",
            "twoOpt",
            "centExchange_1",
            "centExchange_3",
            "centExchange_4",
            "relocate_1",
            "relocate_4",
            "revRelocate_2",
            "revRelocate_3",
            "revRelocate_5",
            "moveAll_1",
            "moveAll_2",
            "moveAll_3",
            "moveAll_10"
        ],
        "perturbation": [
            "reinsert"
        ],
        "stop_on_feasible": false,
        "timeout": 140
    },
    "histogram": {
        "all": {
            "centExchange_1": 709562,
            "centExchange_3": 709557,
            "centExchange_4": 709557,
            "insert_1": 734821,
            "moveAll_1": 584864,
            "moveAll_10": 441655,
            "moveAll_2": 566018,
            "moveAll_3": 533189,
            "relocate_1": 666557,
            "relocate_4": 658230,
            "remove_1": 734821,
            "revRelocate_2": 622750,
            "revRelocate_3": 613058,
            "revRelocate_5": 612765,
            "twoOpt": 711151
        },
        "improving": {
            "centExchange_1": 224899,
            "centExchange_3": 36502,
            "centExchange_4": 6822,
            "insert_1": 0,
            "moveAll_1": 129410,
            "moveAll_10": 224260,
            "moveAll_2": 117127,
            "moveAll_3": 126533,
            "relocate_1": 386805,
            "relocate_4": 220587,
            "remove_1": 0,
            "revRelocate_2": 295152,
            "revRelocate_3": 102638,
            "revRelocate_5": 9610,
            "twoOpt": 359468
        },
        "rate": {
            "centExchange_1": 0.31695467233657837,
            "centExchange_3": 0.05144336447119713,
            "centExchange_4": 0.009614449925720692,
            "insert_1": 0.0,
            "moveAll_1": 0.22126510739326477,
            "moveAll_10": 0.507771909236908,
            "moveAll_2": 0.20693157613277435,
            "moveAll_3": 0.23731359839439392,
            "relocate_1": 0.5803029537200928,
            "relocate_4": 0.3351214528083801,
            "remove_1": 0.0,
            "revRelocate_2": 0.4739494323730469,
            "revRelocate_3": 0.16741971671581268,
            "revRelocate_5": 0.01568301022052765,
            "twoOpt": 0.5054734945297241
        }
    },
    "last_improvement": 0,
    "name": "burma14-14-2.20-0",
    "solution": {
        "fitness": 53,
        "is_feasible": true,
        "permutation": [
            1,
            7,
            10,
            2,
            13,
            6,
            5,
            3,
            11,
            12,
            0,
            9,
            4,
            8
        ],
        "permutation_orig_ids": [
            "2",
            "8",
            "11",
            "3",
            "14",
            "7",
            "6",
            "4",
            "12",
            "13",
            "1",
            "10",
            "5",
            "9"
        ]
    },
    "steps": {
        "0": 53
    },
    "timeout": 140
}