{
    "config": {
        "allow_infeasible": true,
        "bvns_max_k": 7,
        "bvns_min_k": 1,
        "construction": "random",
        "local_search": "CVND",
        "metaheuristic": "BVNS",
        "num_threads": 8,
        "operators": [
            "insert_1",
            "remove_1",
            "twoOpt",
            "centExchange_1",
            "centExchange_3",
            "centExchange_4",
            "relocate_1",
            "relocate_4",
            "revRelocate_2",
            "revRelocate_3",
            "revRelocate_5",
            "moveAll_1",
            "moveAll_2",
            "moveAll_3",
            "moveAll_10"
        ],
        "perturbation": [
            "reinsert"
        ],
        "stop_on_feasible": false,
        "timeout": 520
    },
    "histogram": {
        "all": {
            "centExchange_1": 31867,
            "centExchange_3": 31851,
            "centExchange_4": 31845,
            "insert_1": 32657,
            "moveAll_1": 26565,
            "moveAll_10": 25656,
            "moveAll_2": 26447,
            "moveAll_3": 26337,
            "relocate_1": 29453,
            "relocate_4": 29136,
            "remove_1": 32657,
            "revRelocate_2": 27904,
            "revRelocate_3": 27229,
            "revRelocate_5": 26811,
            "twoOpt": 31934
        },
        "improving": {
            "centExchange_1": 9847,
            "centExchange_3": 6409,
            "centExchange_4": 3607,
            "insert_1": 0,
            "moveAll_1": 9070,
            "moveAll_10": 13238,
            "moveAll_2": 6857,
            "moveAll_3": 6603,
            "relocate_1": 22848,
            "relocate_4": 13602,
            "remove_1": 0,
            "revRelocate_2": 18603,
            "revRelocate_3": 14755,
            "revRelocate_5": 10096,
            "twoOpt": 18718
        },
        "rate": {
            "centExchange_1": 0.3090030550956726,
            "centExchange_3": 0.20121817290782928,
            "centExchange_4": 0.11326739192008972,
            "insert_1": 0.0,
            "moveAll_1": 0.34142670035362244,
            "moveAll_10": 0.5159806609153748,
            "moveAll_2": 0.2592732608318329,
            "moveAll_3": 0.25071191787719727,
            "relocate_1": 0.7757443785667419,
            "relocate_4": 0.46684515476226807,
            "remove_1": 0.0,
            "revRelocate_2": 0.6666786074638367,
            "revRelocate_3": 0.541885495185852,
            "revRelocate_5": 0.37656185030937195,
            "twoOpt": 0.5861464142799377
        }
    },
    "last_improvement": 75,
    "name": "berlin52-52-8.30-0",
    "solution": {
        "fitness": 19697,
        "is_feasible": true,
        "permutation": [
            36,
            23,
            4,
            3,
            45,
            43,
            35,
            21,
            30,
            22,
            28,
            49,
            19,
            6,
            1,
            16,
            17,
            31,
            44,
            7,
            39,
            38,
            34,
            37,
            9,
            40,
            18,
            5,
            32,
            47,
            26,
            13,
            15,
            46,
            51,
            12,
            11,
            29,
            41,
            10,
            0,
            8,
            20,
            33,
            42,
            27,
            25,
            24,
            48,
            2,
            14,
            50
        ],
        "permutation_orig_ids": [
            "37",
            "24",
            "5",
            "4",
            "46",
            "44",
            "36",
            "22",
            "31",
            "23",
            "29",
            "50",
            "20",
            "7",
            "2",
            "17",
            "18",
            "32",
            "45",
            "8",
            "40",
            "39",
            "35",
            "38",
            "10",
            "41",
            "19",
            "6",
            "33",
            "48",
            "27",
            "14",
            "16",
            "47",
            "52",
            "13",
            "12",
            "30",
            "42",
            "11",
            "1",
            "9",
            "21",
            "34",
            "43",
            "28",
            "26",
            "25",
            "49",
            "3",
            "15",
            "51"
        ]
    },
    "steps": {
        "0": 22911,
        "1": 22547,
        "11": 21001,
        "13": 20682,
        "17": 20606,
        "2": 22043,
        "21": 20527,
        "24": 19788,
        "39": 19714,
        "4": 21855,
        "75": 19697,
        "9": 21647
    },
    "timeout": 520
}