{
    "config": {
        "allow_infeasible": true,
        "bvns_max_k": 7,
        "bvns_min_k": 1,
        "construction": "random",
        "local_search": "CVND",
        "metaheuristic": "BVNS",
        "num_threads": 8,
        "operators": [
            "insert_1",
            "remove_1",
            "twoOpt",
            "centExchange_1",
            "centExchange_3",
            "centExchange_4",
            "relocate_1",
            "relocate_4",
            "revRelocate_2",
            "revRelocate_3",
            "revRelocate_5",
            "moveAll_1",
            "moveAll_2",
            "moveAll_3",
            "moveAll_10"
        ],
        "perturbation": [
            "reinsert"
        ],
        "stop_on_feasible": false,
        "timeout": 220
    },
    "histogram": {
        "all": {
            "centExchange_1": 304405,
            "centExchange_3": 304360,
            "centExchange_4": 304360,
            "insert_1": 314568,
            "moveAll_1": 249872,
            "moveAll_10": 216961,
            "moveAll_2": 245867,
            "moveAll_3": 240766,
            "relocate_1": 284244,
            "relocate_4": 276528,
            "remove_1": 314568,
            "revRelocate_2": 261994,
            "revRelocate_3": 255792,
            "revRelocate_5": 253204,
            "twoOpt": 305540
        },
        "improving": {
            "centExchange_1": 94019,
            "centExchange_3": 35456,
            "centExchange_4": 12853,
            "insert_1": 0,
            "moveAll_1": 63478,
            "moveAll_10": 128024,
            "moveAll_2": 59294,
            "moveAll_3": 55623,
            "relocate_1": 181903,
            "relocate_4": 123458,
            "remove_1": 0,
            "revRelocate_2": 145360,
            "revRelocate_3": 92691,
            "revRelocate_5": 24871,
            "twoOpt": 149217
        },
        "rate": {
            "centExchange_1": 0.30886155366897583,
            "centExchange_3": 0.11649362742900848,
            "centExchange_4": 0.04222959652543068,
            "insert_1": 0.0,
            "moveAll_1": 0.2540420591831207,
            "moveAll_10": 0.5900784134864807,
            "moveAll_2": 0.24116291105747223,
            "moveAll_3": 0.23102514445781708,
            "relocate_1": 0.6399536728858948,
            "relocate_4": 0.44645750522613525,
            "remove_1": 0.0,
            "revRelocate_2": 0.5548218488693237,
            "revRelocate_3": 0.362368643283844,
            "revRelocate_5": 0.09822514653205872,
            "twoOpt": 0.4883714020252228
        }
    },
    "last_improvement": 0,
    "name": "ulysses22.tsp-22-3.80-0",
    "solution": {
        "fitness": 141,
        "is_feasible": true,
        "permutation": [
            12,
            11,
            21,
            16,
            17,
            2,
            8,
            4,
            14,
            13,
            18,
            19,
            5,
            9,
            7,
            0,
            1,
            20,
            10,
            6,
            3,
            15
        ],
        "permutation_orig_ids": [
            "13",
            "12",
            "22",
            "17",
            "18",
            "3",
            "9",
            "5",
            "15",
            "14",
            "19",
            "20",
            "6",
            "10",
            "8",
            "1",
            "2",
            "21",
            "11",
            "7",
            "4",
            "16"
        ]
    },
    "steps": {
        "0": 141
    },
    "timeout": 220
}