{
    "config": {
        "allow_infeasible": true,
        "bvns_max_k": 7,
        "bvns_min_k": 1,
        "construction": "random",
        "local_search": "CVND",
        "metaheuristic": "BVNS",
        "num_threads": 8,
        "operators": [
            "insert_1",
            "remove_1",
            "twoOpt",
            "centExchange_1",
            "centExchange_3",
            "centExchange_4",
            "relocate_1",
            "relocate_4",
            "revRelocate_2",
            "revRelocate_3",
            "revRelocate_5",
            "moveAll_1",
            "moveAll_2",
            "moveAll_3",
            "moveAll_10"
        ],
        "perturbation": [
            "reinsert"
        ],
        "stop_on_feasible": false,
        "timeout": 520
    },
    "histogram": {
        "all": {
            "centExchange_1": 31857,
            "centExchange_3": 31839,
            "centExchange_4": 31834,
            "insert_1": 32598,
            "moveAll_1": 26552,
            "moveAll_10": 25531,
            "moveAll_2": 26384,
            "moveAll_3": 26197,
            "relocate_1": 29381,
            "relocate_4": 29154,
            "remove_1": 32598,
            "revRelocate_2": 27735,
            "revRelocate_3": 27059,
            "revRelocate_5": 26820,
            "twoOpt": 31925
        },
        "improving": {
            "centExchange_1": 10247,
            "centExchange_3": 6288,
            "centExchange_4": 3444,
            "insert_1": 0,
            "moveAll_1": 9739,
            "moveAll_10": 13191,
            "moveAll_2": 7645,
            "moveAll_3": 7236,
            "relocate_1": 22905,
            "relocate_4": 12946,
            "remove_1": 0,
            "revRelocate_2": 18927,
            "revRelocate_3": 14780,
            "revRelocate_5": 9315,
            "twoOpt": 18727
        },
        "rate": {
            "centExchange_1": 0.32165613770484924,
            "centExchange_3": 0.19749364256858826,
            "centExchange_4": 0.10818621516227722,
            "insert_1": 0.0,
            "moveAll_1": 0.36678969860076904,
            "moveAll_10": 0.5166659951210022,
            "moveAll_2": 0.28975895047187805,
            "moveAll_3": 0.2762148380279541,
            "relocate_1": 0.7795854210853577,
            "relocate_4": 0.4440557062625885,
            "remove_1": 0.0,
            "revRelocate_2": 0.682422935962677,
            "revRelocate_3": 0.5462138056755066,
            "revRelocate_5": 0.3473154306411743,
            "twoOpt": 0.5865935683250427
        }
    },
    "last_improvement": 14,
    "name": "berlin52-52-8.30-0",
    "solution": {
        "fitness": 19884,
        "is_feasible": true,
        "permutation": [
            16,
            18,
            44,
            40,
            7,
            9,
            5,
            3,
            4,
            23,
            45,
            35,
            21,
            30,
            6,
            1,
            22,
            28,
            49,
            19,
            17,
            31,
            43,
            36,
            37,
            34,
            38,
            39,
            32,
            47,
            26,
            13,
            15,
            46,
            51,
            12,
            11,
            29,
            41,
            10,
            0,
            8,
            20,
            33,
            42,
            27,
            25,
            24,
            48,
            2,
            14,
            50
        ],
        "permutation_orig_ids": [
            "17",
            "19",
            "45",
            "41",
            "8",
            "10",
            "6",
            "4",
            "5",
            "24",
            "46",
            "36",
            "22",
            "31",
            "7",
            "2",
            "23",
            "29",
            "50",
            "20",
            "18",
            "32",
            "44",
            "37",
            "38",
            "35",
            "39",
            "40",
            "33",
            "48",
            "27",
            "14",
            "16",
            "47",
            "52",
            "13",
            "12",
            "30",
            "42",
            "11",
            "1",
            "9",
            "21",
            "34",
            "43",
            "28",
            "26",
            "25",
            "49",
            "3",
            "15",
            "51"
        ]
    },
    "steps": {
        "0": 21058,
        "1": 21056,
        "10": 19977,
        "14": 19884,
        "3": 20339,
        "4": 20053
    },
    "timeout": 520
}