{
    "config": {
        "allow_infeasible": true,
        "bvns_max_k": 7,
        "bvns_min_k": 1,
        "construction": "random",
        "local_search": "CVND",
        "metaheuristic": "BVNS",
        "num_threads": 8,
        "operators": [
            "insert_1",
            "remove_1",
            "twoOpt",
            "centExchange_1",
            "centExchange_3",
            "centExchange_4",
            "relocate_1",
            "relocate_4",
            "revRelocate_2",
            "revRelocate_3",
            "revRelocate_5",
            "moveAll_1",
            "moveAll_2",
            "moveAll_3",
            "moveAll_10"
        ],
        "perturbation": [
            "reinsert"
        ],
        "stop_on_feasible": false,
        "timeout": 140
    },
    "histogram": {
        "all": {
            "centExchange_1": 702329,
            "centExchange_3": 702322,
            "centExchange_4": 702321,
            "insert_1": 727306,
            "moveAll_1": 578408,
            "moveAll_10": 437377,
            "moveAll_2": 560008,
            "moveAll_3": 527906,
            "relocate_1": 659586,
            "relocate_4": 651326,
            "remove_1": 727306,
            "revRelocate_2": 616035,
            "revRelocate_3": 606433,
            "revRelocate_5": 606135,
            "twoOpt": 703887
        },
        "improving": {
            "centExchange_1": 222430,
            "centExchange_3": 36287,
            "centExchange_4": 6783,
            "insert_1": 0,
            "moveAll_1": 127346,
            "moveAll_10": 222315,
            "moveAll_2": 115356,
            "moveAll_3": 124607,
            "relocate_1": 383151,
            "relocate_4": 218348,
            "remove_1": 0,
            "revRelocate_2": 292041,
            "revRelocate_3": 101117,
            "revRelocate_5": 9603,
            "twoOpt": 355262
        },
        "rate": {
            "centExchange_1": 0.3167034387588501,
            "centExchange_3": 0.05166718363761902,
            "centExchange_4": 0.009657977148890495,
            "insert_1": 0.0,
            "moveAll_1": 0.2201663851737976,
            "moveAll_10": 0.508291482925415,
            "moveAll_2": 0.20598991215229034,
            "moveAll_3": 0.2360401302576065,
            "relocate_1": 0.5808961987495422,
            "relocate_4": 0.335236132144928,
            "remove_1": 0.0,
            "revRelocate_2": 0.4740656018257141,
            "revRelocate_3": 0.16674059629440308,
            "revRelocate_5": 0.01584300585091114,
            "twoOpt": 0.5047145485877991
        }
    },
    "last_improvement": 0,
    "name": "burma14-14-2.20-0",
    "solution": {
        "fitness": 53,
        "is_feasible": true,
        "permutation": [
            1,
            7,
            10,
            2,
            13,
            6,
            5,
            3,
            11,
            12,
            0,
            9,
            4,
            8
        ],
        "permutation_orig_ids": [
            "2",
            "8",
            "11",
            "3",
            "14",
            "7",
            "6",
            "4",
            "12",
            "13",
            "1",
            "10",
            "5",
            "9"
        ]
    },
    "steps": {
        "0": 53
    },
    "timeout": 140
}