{
    "config": {
        "allow_infeasible": true,
        "bvns_max_k": 7,
        "bvns_min_k": 1,
        "construction": "random",
        "local_search": "CVND",
        "metaheuristic": "BVNS",
        "num_threads": 8,
        "operators": [
            "insert_1",
            "remove_1",
            "twoOpt",
            "centExchange_1",
            "centExchange_3",
            "centExchange_4",
            "relocate_1",
            "relocate_4",
            "revRelocate_2",
            "revRelocate_3",
            "revRelocate_5",
            "moveAll_1",
            "moveAll_2",
            "moveAll_3",
            "moveAll_10"
        ],
        "perturbation": [
            "reinsert"
        ],
        "stop_on_feasible": false,
        "timeout": 1010
    },
    "histogram": {
        "all": {
            "centExchange_1": 5025,
            "centExchange_3": 5024,
            "centExchange_4": 5023,
            "insert_1": 5113,
            "moveAll_1": 4239,
            "moveAll_10": 4179,
            "moveAll_2": 4222,
            "moveAll_3": 4210,
            "relocate_1": 4591,
            "relocate_4": 4557,
            "remove_1": 5113,
            "revRelocate_2": 4391,
            "revRelocate_3": 4312,
            "revRelocate_5": 4268,
            "twoOpt": 5031
        },
        "improving": {
            "centExchange_1": 1432,
            "centExchange_3": 1003,
            "centExchange_4": 751,
            "insert_1": 0,
            "moveAll_1": 1547,
            "moveAll_10": 1796,
            "moveAll_2": 1162,
            "moveAll_3": 976,
            "relocate_1": 3867,
            "relocate_4": 2031,
            "remove_1": 0,
            "revRelocate_2": 3099,
            "revRelocate_3": 2423,
            "revRelocate_5": 1852,
            "twoOpt": 3041
        },
        "rate": {
            "centExchange_1": 0.2849751114845276,
            "centExchange_3": 0.19964171946048737,
            "centExchange_4": 0.14951224625110626,
            "insert_1": 0.0,
            "moveAll_1": 0.36494457721710205,
            "moveAll_10": 0.4297678768634796,
            "moveAll_2": 0.2752250134944916,
            "moveAll_3": 0.231828972697258,
            "relocate_1": 0.8423001766204834,
            "relocate_4": 0.4456879496574402,
            "remove_1": 0.0,
            "revRelocate_2": 0.7057617902755737,
            "revRelocate_3": 0.5619202256202698,
            "revRelocate_5": 0.43392691016197205,
            "twoOpt": 0.60445237159729
        }
    },
    "last_improvement": 737,
    "name": "eil101-101-18.00-0",
    "solution": {
        "fitness": 1753,
        "is_feasible": true,
        "permutation": [
            100,
            17,
            83,
            16,
            60,
            15,
            90,
            36,
            97,
            92,
            98,
            1,
            40,
            72,
            71,
            20,
            39,
            27,
            25,
            53,
            28,
            79,
            54,
            24,
            66,
            38,
            3,
            73,
            56,
            42,
            37,
            13,
            58,
            88,
            31,
            65,
            33,
            70,
            64,
            34,
            78,
            68,
            30,
            69,
            29,
            0,
            11,
            75,
            67,
            23,
            80,
            76,
            62,
            9,
            63,
            6,
            35,
            7,
            59,
            44,
            47,
            4,
            82,
            12,
            5,
            95,
            94,
            91,
            86,
            57,
            52,
            41,
            14,
            22,
            21,
            96,
            99,
            61,
            51,
            81,
            48,
            84,
            26,
            74,
            93,
            55,
            87,
            8,
            77,
            19,
            46,
            32,
            10,
            45,
            43,
            50,
            49,
            18,
            85,
            2,
            89
        ],
        "permutation_orig_ids": [
            "101",
            "18",
            "84",
            "17",
            "61",
            "16",
            "91",
            "37",
            "98",
            "93",
            "99",
            "2",
            "41",
            "73",
            "72",
            "21",
            "40",
            "28",
            "26",
            "54",
            "29",
            "80",
            "55",
            "25",
            "67",
            "39",
            "4",
            "74",
            "57",
            "43",
            "38",
            "14",
            "59",
            "89",
            "32",
            "66",
            "34",
            "71",
            "65",
            "35",
            "79",
            "69",
            "31",
            "70",
            "30",
            "1",
            "12",
            "76",
            "68",
            "24",
            "81",
            "77",
            "63",
            "10",
            "64",
            "7",
            "36",
            "8",
            "60",
            "45",
            "48",
            "5",
            "83",
            "13",
            "6",
            "96",
            "95",
            "92",
            "87",
            "58",
            "53",
            "42",
            "15",
            "23",
            "22",
            "97",
            "100",
            "62",
            "52",
            "82",
            "49",
            "85",
            "27",
            "75",
            "94",
            "56",
            "88",
            "9",
            "78",
            "20",
            "47",
            "33",
            "11",
            "46",
            "44",
            "51",
            "50",
            "19",
            "86",
            "3",
            "90"
        ]
    },
    "steps": {
        "0": 2537,
        "1": 2446,
        "13": 2134,
        "14": 2111,
        "15": 2080,
        "16": 2064,
        "162": 1863,
        "174": 1859,
        "193": 1854,
        "194": 1845,
        "195": 1807,
        "2": 2297,
        "246": 1802,
        "250": 1796,
        "268": 1794,
        "321": 1786,
        "4": 2245,
        "400": 1770,
        "401": 1763,
        "5": 2166,
        "511": 1760,
        "55": 2057,
        "56": 2051,
        "58": 2023,
        "65": 1940,
        "66": 1930,
        "69": 1924,
        "732": 1757,
        "736": 1755,
        "737": 1753,
        "78": 1910,
        "79": 1898,
        "82": 1879,
        "85": 1878,
        "88": 1867
    },
    "timeout": 1010
}