{
    "config": {
        "allow_infeasible": true,
        "bvns_max_k": 7,
        "bvns_min_k": 1,
        "construction": "random",
        "local_search": "CVND",
        "metaheuristic": "BVNS",
        "num_threads": 8,
        "operators": [
            "insert_1",
            "remove_1",
            "twoOpt",
            "centExchange_1",
            "centExchange_3",
            "centExchange_4",
            "relocate_1",
            "relocate_4",
            "revRelocate_2",
            "revRelocate_3",
            "revRelocate_5",
            "moveAll_1",
            "moveAll_2",
            "moveAll_3",
            "moveAll_10"
        ],
        "perturbation": [
            "reinsert"
        ],
        "stop_on_feasible": false,
        "timeout": 220
    },
    "histogram": {
        "all": {
            "centExchange_1": 300373,
            "centExchange_3": 300347,
            "centExchange_4": 300347,
            "insert_1": 310539,
            "moveAll_1": 246338,
            "moveAll_10": 214135,
            "moveAll_2": 242311,
            "moveAll_3": 237394,
            "relocate_1": 280401,
            "relocate_4": 272776,
            "remove_1": 310539,
            "revRelocate_2": 258161,
            "revRelocate_3": 252152,
            "revRelocate_5": 249740,
            "twoOpt": 301580
        },
        "improving": {
            "centExchange_1": 92776,
            "centExchange_3": 34873,
            "centExchange_4": 12642,
            "insert_1": 0,
            "moveAll_1": 62923,
            "moveAll_10": 125993,
            "moveAll_2": 58344,
            "moveAll_3": 54769,
            "relocate_1": 178970,
            "relocate_4": 121710,
            "remove_1": 0,
            "revRelocate_2": 143575,
            "revRelocate_3": 91685,
            "revRelocate_5": 24499,
            "twoOpt": 147019
        },
        "rate": {
            "centExchange_1": 0.30886930227279663,
            "centExchange_3": 0.11610903590917587,
            "centExchange_4": 0.04209131374955177,
            "insert_1": 0.0,
            "moveAll_1": 0.255433589220047,
            "moveAll_10": 0.5883811712265015,
            "moveAll_2": 0.24078147113323212,
            "moveAll_3": 0.2307092845439911,
            "relocate_1": 0.6382644772529602,
            "relocate_4": 0.4461902678012848,
            "remove_1": 0.0,
            "revRelocate_2": 0.556145191192627,
            "revRelocate_3": 0.36361005902290344,
            "revRelocate_5": 0.098098024725914,
            "twoOpt": 0.48749586939811707
        }
    },
    "last_improvement": 0,
    "name": "ulysses22.tsp-22-3.80-0",
    "solution": {
        "fitness": 141,
        "is_feasible": true,
        "permutation": [
            12,
            11,
            21,
            16,
            17,
            2,
            8,
            4,
            14,
            13,
            18,
            19,
            5,
            9,
            7,
            0,
            1,
            20,
            10,
            6,
            3,
            15
        ],
        "permutation_orig_ids": [
            "13",
            "12",
            "22",
            "17",
            "18",
            "3",
            "9",
            "5",
            "15",
            "14",
            "19",
            "20",
            "6",
            "10",
            "8",
            "1",
            "2",
            "21",
            "11",
            "7",
            "4",
            "16"
        ]
    },
    "steps": {
        "0": 141
    },
    "timeout": 220
}