{
    "config": {
        "allow_infeasible": true,
        "bvns_max_k": 7,
        "bvns_min_k": 1,
        "construction": "random",
        "local_search": "CVND",
        "metaheuristic": "BVNS",
        "num_threads": 8,
        "operators": [
            "insert_1",
            "remove_1",
            "twoOpt",
            "centExchange_1",
            "centExchange_3",
            "centExchange_4",
            "relocate_1",
            "relocate_4",
            "revRelocate_2",
            "revRelocate_3",
            "revRelocate_5",
            "moveAll_1",
            "moveAll_2",
            "moveAll_3",
            "moveAll_10"
        ],
        "perturbation": [
            "reinsert"
        ],
        "stop_on_feasible": false,
        "timeout": 140
    },
    "histogram": {
        "all": {
            "centExchange_1": 717574,
            "centExchange_3": 717568,
            "centExchange_4": 717568,
            "insert_1": 742947,
            "moveAll_1": 590794,
            "moveAll_10": 446572,
            "moveAll_2": 571866,
            "moveAll_3": 538625,
            "relocate_1": 673955,
            "relocate_4": 665483,
            "remove_1": 742947,
            "revRelocate_2": 629248,
            "revRelocate_3": 619250,
            "revRelocate_5": 618950,
            "twoOpt": 719115
        },
        "improving": {
            "centExchange_1": 227534,
            "centExchange_3": 37077,
            "centExchange_4": 6820,
            "insert_1": 0,
            "moveAll_1": 130039,
            "moveAll_10": 226186,
            "moveAll_2": 118916,
            "moveAll_3": 128416,
            "relocate_1": 391083,
            "relocate_4": 223503,
            "remove_1": 0,
            "revRelocate_2": 298309,
            "revRelocate_3": 103612,
            "revRelocate_5": 9665,
            "twoOpt": 363262
        },
        "rate": {
            "centExchange_1": 0.317087858915329,
            "centExchange_3": 0.051670365035533905,
            "centExchange_4": 0.009504325687885284,
            "insert_1": 0.0,
            "moveAll_1": 0.22010886669158936,
            "moveAll_10": 0.5064939260482788,
            "moveAll_2": 0.20794381201267242,
            "moveAll_3": 0.2384144812822342,
            "relocate_1": 0.580280601978302,
            "relocate_4": 0.3358508050441742,
            "remove_1": 0.0,
            "revRelocate_2": 0.4740722179412842,
            "revRelocate_3": 0.16731853783130646,
            "revRelocate_5": 0.01561515498906374,
            "twoOpt": 0.5051514506340027
        }
    },
    "last_improvement": 0,
    "name": "burma14-14-2.20-0",
    "solution": {
        "fitness": 53,
        "is_feasible": true,
        "permutation": [
            1,
            7,
            10,
            2,
            13,
            6,
            5,
            3,
            11,
            12,
            0,
            9,
            4,
            8
        ],
        "permutation_orig_ids": [
            "2",
            "8",
            "11",
            "3",
            "14",
            "7",
            "6",
            "4",
            "12",
            "13",
            "1",
            "10",
            "5",
            "9"
        ]
    },
    "steps": {
        "0": 53
    },
    "timeout": 140
}