{
    "config": {
        "allow_infeasible": true,
        "bvns_max_k": 7,
        "bvns_min_k": 1,
        "construction": "random",
        "local_search": "CVND",
        "metaheuristic": "BVNS",
        "num_threads": 8,
        "operators": [
            "insert_1",
            "remove_1",
            "twoOpt",
            "centExchange_1",
            "centExchange_3",
            "centExchange_4",
            "relocate_1",
            "relocate_4",
            "revRelocate_2",
            "revRelocate_3",
            "revRelocate_5",
            "moveAll_1",
            "moveAll_2",
            "moveAll_3",
            "moveAll_10"
        ],
        "perturbation": [
            "reinsert"
        ],
        "stop_on_feasible": false,
        "timeout": 520
    },
    "histogram": {
        "all": {
            "centExchange_1": 32059,
            "centExchange_3": 32039,
            "centExchange_4": 32035,
            "insert_1": 32873,
            "moveAll_1": 26815,
            "moveAll_10": 25797,
            "moveAll_2": 26683,
            "moveAll_3": 26533,
            "relocate_1": 29507,
            "relocate_4": 29308,
            "remove_1": 32873,
            "revRelocate_2": 28182,
            "revRelocate_3": 27520,
            "revRelocate_5": 27109,
            "twoOpt": 32137
        },
        "improving": {
            "centExchange_1": 10206,
            "centExchange_3": 5771,
            "centExchange_4": 2723,
            "insert_1": 0,
            "moveAll_1": 9671,
            "moveAll_10": 14028,
            "moveAll_2": 7235,
            "moveAll_3": 7068,
            "relocate_1": 23170,
            "relocate_4": 12819,
            "remove_1": 0,
            "revRelocate_2": 18382,
            "revRelocate_3": 14936,
            "revRelocate_5": 10278,
            "twoOpt": 19125
        },
        "rate": {
            "centExchange_1": 0.31835055351257324,
            "centExchange_3": 0.1801242232322693,
            "centExchange_4": 0.08500078320503235,
            "insert_1": 0.0,
            "moveAll_1": 0.36065635085105896,
            "moveAll_10": 0.5437841415405273,
            "moveAll_2": 0.27114641666412354,
            "moveAll_3": 0.2663852572441101,
            "relocate_1": 0.7852373719215393,
            "relocate_4": 0.4373891055583954,
            "remove_1": 0.0,
            "revRelocate_2": 0.6522603034973145,
            "revRelocate_3": 0.5427325367927551,
            "revRelocate_5": 0.3791360855102539,
            "twoOpt": 0.5951084494590759
        }
    },
    "last_improvement": 141,
    "name": "berlin52-52-8.30-0",
    "solution": {
        "fitness": 19898,
        "is_feasible": true,
        "permutation": [
            36,
            9,
            32,
            24,
            13,
            51,
            12,
            25,
            45,
            35,
            44,
            39,
            23,
            47,
            43,
            30,
            6,
            1,
            16,
            17,
            7,
            31,
            0,
            38,
            34,
            15,
            49,
            28,
            26,
            10,
            3,
            37,
            19,
            5,
            48,
            2,
            18,
            40,
            41,
            29,
            11,
            21,
            4,
            20,
            22,
            8,
            46,
            27,
            42,
            33,
            14,
            50
        ],
        "permutation_orig_ids": [
            "37",
            "10",
            "33",
            "25",
            "14",
            "52",
            "13",
            "26",
            "46",
            "36",
            "45",
            "40",
            "24",
            "48",
            "44",
            "31",
            "7",
            "2",
            "17",
            "18",
            "8",
            "32",
            "1",
            "39",
            "35",
            "16",
            "50",
            "29",
            "27",
            "11",
            "4",
            "38",
            "20",
            "6",
            "49",
            "3",
            "19",
            "41",
            "42",
            "30",
            "12",
            "22",
            "5",
            "21",
            "23",
            "9",
            "47",
            "28",
            "43",
            "34",
            "15",
            "51"
        ]
    },
    "steps": {
        "0": 21781,
        "11": 20249,
        "141": 19898,
        "2": 20394,
        "24": 20012,
        "5": 20265
    },
    "timeout": 520
}