{
    "config": {
        "allow_infeasible": true,
        "bvns_max_k": 7,
        "bvns_min_k": 1,
        "construction": "random",
        "local_search": "CVND",
        "metaheuristic": "BVNS",
        "num_threads": 8,
        "operators": [
            "insert_1",
            "remove_1",
            "twoOpt",
            "centExchange_1",
            "centExchange_3",
            "centExchange_4",
            "relocate_1",
            "relocate_4",
            "revRelocate_2",
            "revRelocate_3",
            "revRelocate_5",
            "moveAll_1",
            "moveAll_2",
            "moveAll_3",
            "moveAll_10"
        ],
        "perturbation": [
            "reinsert"
        ],
        "stop_on_feasible": false,
        "timeout": 1010
    },
    "histogram": {
        "all": {
            "centExchange_1": 5044,
            "centExchange_3": 5043,
            "centExchange_4": 5040,
            "insert_1": 5116,
            "moveAll_1": 4222,
            "moveAll_10": 4135,
            "moveAll_2": 4206,
            "moveAll_3": 4186,
            "relocate_1": 4597,
            "relocate_4": 4563,
            "remove_1": 5116,
            "revRelocate_2": 4383,
            "revRelocate_3": 4299,
            "revRelocate_5": 4260,
            "twoOpt": 5047
        },
        "improving": {
            "centExchange_1": 1430,
            "centExchange_3": 886,
            "centExchange_4": 580,
            "insert_1": 0,
            "moveAll_1": 1524,
            "moveAll_10": 1765,
            "moveAll_2": 1117,
            "moveAll_3": 1082,
            "relocate_1": 3833,
            "relocate_4": 2051,
            "remove_1": 0,
            "revRelocate_2": 3049,
            "revRelocate_3": 2481,
            "revRelocate_5": 1693,
            "twoOpt": 2850
        },
        "rate": {
            "centExchange_1": 0.2835051417350769,
            "centExchange_3": 0.17568907141685486,
            "centExchange_4": 0.115079365670681,
            "insert_1": 0.0,
            "moveAll_1": 0.36096635460853577,
            "moveAll_10": 0.4268440008163452,
            "moveAll_2": 0.26557299494743347,
            "moveAll_3": 0.25848063826560974,
            "relocate_1": 0.8338046669960022,
            "relocate_4": 0.4494849741458893,
            "remove_1": 0.0,
            "revRelocate_2": 0.6956422328948975,
            "revRelocate_3": 0.5771109461784363,
            "revRelocate_5": 0.3974178433418274,
            "twoOpt": 0.5646919012069702
        }
    },
    "last_improvement": 862,
    "name": "eil101-101-18.00-0",
    "solution": {
        "fitness": 1546,
        "is_feasible": true,
        "permutation": [
            39,
            20,
            71,
            73,
            74,
            38,
            54,
            53,
            79,
            23,
            28,
            33,
            32,
            76,
            67,
            0,
            69,
            87,
            6,
            47,
            46,
            10,
            62,
            48,
            35,
            7,
            81,
            44,
            41,
            86,
            27,
            25,
            3,
            24,
            66,
            22,
            21,
            72,
            1,
            58,
            99,
            90,
            92,
            15,
            97,
            98,
            12,
            5,
            82,
            4,
            52,
            57,
            88,
            51,
            30,
            68,
            78,
            2,
            9,
            19,
            65,
            64,
            70,
            61,
            17,
            91,
            95,
            94,
            60,
            56,
            14,
            40,
            42,
            13,
            37,
            83,
            16,
            63,
            34,
            77,
            8,
            31,
            29,
            80,
            11,
            75,
            84,
            26,
            96,
            93,
            55,
            45,
            43,
            50,
            49,
            18,
            85,
            36,
            59,
            89,
            100
        ],
        "permutation_orig_ids": [
            "40",
            "21",
            "72",
            "74",
            "75",
            "39",
            "55",
            "54",
            "80",
            "24",
            "29",
            "34",
            "33",
            "77",
            "68",
            "1",
            "70",
            "88",
            "7",
            "48",
            "47",
            "11",
            "63",
            "49",
            "36",
            "8",
            "82",
            "45",
            "42",
            "87",
            "28",
            "26",
            "4",
            "25",
            "67",
            "23",
            "22",
            "73",
            "2",
            "59",
            "100",
            "91",
            "93",
            "16",
            "98",
            "99",
            "13",
            "6",
            "83",
            "5",
            "53",
            "58",
            "89",
            "52",
            "31",
            "69",
            "79",
            "3",
            "10",
            "20",
            "66",
            "65",
            "71",
            "62",
            "18",
            "92",
            "96",
            "95",
            "61",
            "57",
            "15",
            "41",
            "43",
            "14",
            "38",
            "84",
            "17",
            "64",
            "35",
            "78",
            "9",
            "32",
            "30",
            "81",
            "12",
            "76",
            "85",
            "27",
            "97",
            "94",
            "56",
            "46",
            "44",
            "51",
            "50",
            "19",
            "86",
            "37",
            "60",
            "90",
            "101"
        ]
    },
    "steps": {
        "0": 2537,
        "1": 2446,
        "10": 2237,
        "15": 2151,
        "364": 1700,
        "4": 2440,
        "400": 1697,
        "429": 1679,
        "430": 1668,
        "45": 2133,
        "46": 2130,
        "463": 1665,
        "464": 1654,
        "471": 1640,
        "473": 1639,
        "5": 2356,
        "511": 1634,
        "515": 1615,
        "6": 2335,
        "7": 2298,
        "70": 2084,
        "71": 2075,
        "72": 2035,
        "721": 1592,
        "76": 2026,
        "793": 1556,
        "794": 1549,
        "8": 2254,
        "80": 1968,
        "81": 1923,
        "82": 1920,
        "86": 1914,
        "861": 1548,
        "862": 1546,
        "87": 1843,
        "88": 1841,
        "9": 2253,
        "91": 1803,
        "92": 1769,
        "95": 1741,
        "96": 1718
    },
    "timeout": 1010
}