{
    "config": {
        "allow_infeasible": true,
        "bvns_max_k": 7,
        "bvns_min_k": 1,
        "construction": "random",
        "local_search": "CVND",
        "metaheuristic": "BVNS",
        "num_threads": 8,
        "operators": [
            "insert_1",
            "remove_1",
            "twoOpt",
            "centExchange_1",
            "centExchange_3",
            "centExchange_4",
            "relocate_1",
            "relocate_4",
            "revRelocate_2",
            "revRelocate_3",
            "revRelocate_5",
            "moveAll_1",
            "moveAll_2",
            "moveAll_3",
            "moveAll_10"
        ],
        "perturbation": [
            "reinsert"
        ],
        "stop_on_feasible": false,
        "timeout": 220
    },
    "histogram": {
        "all": {
            "centExchange_1": 299614,
            "centExchange_3": 299571,
            "centExchange_4": 299571,
            "insert_1": 309715,
            "moveAll_1": 245688,
            "moveAll_10": 213570,
            "moveAll_2": 241616,
            "moveAll_3": 236719,
            "relocate_1": 279797,
            "relocate_4": 272052,
            "remove_1": 309715,
            "revRelocate_2": 257518,
            "revRelocate_3": 251432,
            "revRelocate_5": 249015,
            "twoOpt": 300748
        },
        "improving": {
            "centExchange_1": 92521,
            "centExchange_3": 34796,
            "centExchange_4": 12673,
            "insert_1": 0,
            "moveAll_1": 62855,
            "moveAll_10": 125747,
            "moveAll_2": 58203,
            "moveAll_3": 54504,
            "relocate_1": 178849,
            "relocate_4": 121808,
            "remove_1": 0,
            "revRelocate_2": 143261,
            "revRelocate_3": 91269,
            "revRelocate_5": 24093,
            "twoOpt": 146569
        },
        "rate": {
            "centExchange_1": 0.30880066752433777,
            "centExchange_3": 0.11615276336669922,
            "centExchange_4": 0.04230382665991783,
            "insert_1": 0.0,
            "moveAll_1": 0.25583261251449585,
            "moveAll_10": 0.5887858867645264,
            "moveAll_2": 0.2408905029296875,
            "moveAll_3": 0.23024767637252808,
            "relocate_1": 0.6392098665237427,
            "relocate_4": 0.4477379322052002,
            "remove_1": 0.0,
            "revRelocate_2": 0.5563145279884338,
            "revRelocate_3": 0.36299675703048706,
            "revRelocate_5": 0.09675320982933044,
            "twoOpt": 0.48734819889068604
        }
    },
    "last_improvement": 0,
    "name": "ulysses22.tsp-22-3.80-0",
    "solution": {
        "fitness": 141,
        "is_feasible": true,
        "permutation": [
            12,
            11,
            21,
            16,
            17,
            2,
            8,
            4,
            14,
            13,
            18,
            19,
            5,
            9,
            7,
            0,
            1,
            20,
            10,
            6,
            3,
            15
        ],
        "permutation_orig_ids": [
            "13",
            "12",
            "22",
            "17",
            "18",
            "3",
            "9",
            "5",
            "15",
            "14",
            "19",
            "20",
            "6",
            "10",
            "8",
            "1",
            "2",
            "21",
            "11",
            "7",
            "4",
            "16"
        ]
    },
    "steps": {
        "0": 141
    },
    "timeout": 220
}