{
    "config": {
        "allow_infeasible": true,
        "bvns_max_k": 7,
        "bvns_min_k": 1,
        "construction": "random",
        "local_search": "CVND",
        "metaheuristic": "BVNS",
        "num_threads": 8,
        "operators": [
            "insert_1",
            "remove_1",
            "twoOpt",
            "centExchange_1",
            "centExchange_3",
            "centExchange_4",
            "relocate_1",
            "relocate_4",
            "revRelocate_2",
            "revRelocate_3",
            "revRelocate_5",
            "moveAll_1",
            "moveAll_2",
            "moveAll_3",
            "moveAll_10"
        ],
        "perturbation": [
            "reinsert"
        ],
        "stop_on_feasible": false,
        "timeout": 140
    },
    "histogram": {
        "all": {
            "centExchange_1": 703145,
            "centExchange_3": 703139,
            "centExchange_4": 703139,
            "insert_1": 728340,
            "moveAll_1": 579475,
            "moveAll_10": 437947,
            "moveAll_2": 560914,
            "moveAll_3": 528492,
            "relocate_1": 660581,
            "relocate_4": 652417,
            "remove_1": 728340,
            "revRelocate_2": 617074,
            "revRelocate_3": 607296,
            "revRelocate_5": 606972,
            "twoOpt": 704638
        },
        "improving": {
            "centExchange_1": 222653,
            "centExchange_3": 36476,
            "centExchange_4": 6754,
            "insert_1": 0,
            "moveAll_1": 127929,
            "moveAll_10": 222217,
            "moveAll_2": 116434,
            "moveAll_3": 125750,
            "relocate_1": 383435,
            "relocate_4": 218744,
            "remove_1": 0,
            "revRelocate_2": 292635,
            "revRelocate_3": 101854,
            "revRelocate_5": 9548,
            "twoOpt": 356318
        },
        "rate": {
            "centExchange_1": 0.3166530430316925,
            "centExchange_3": 0.051875945180654526,
            "centExchange_4": 0.009605498053133488,
            "insert_1": 0.0,
            "moveAll_1": 0.220767080783844,
            "moveAll_10": 0.5074061751365662,
            "moveAll_2": 0.20757906138896942,
            "moveAll_3": 0.23794116079807281,
            "relocate_1": 0.5804511308670044,
            "relocate_4": 0.33528250455856323,
            "remove_1": 0.0,
            "revRelocate_2": 0.47422999143600464,
            "revRelocate_3": 0.16771721839904785,
            "revRelocate_5": 0.015730544924736023,
            "twoOpt": 0.5056752562522888
        }
    },
    "last_improvement": 0,
    "name": "burma14-14-2.20-0",
    "solution": {
        "fitness": 53,
        "is_feasible": true,
        "permutation": [
            1,
            7,
            10,
            2,
            13,
            6,
            5,
            3,
            11,
            12,
            0,
            9,
            4,
            8
        ],
        "permutation_orig_ids": [
            "2",
            "8",
            "11",
            "3",
            "14",
            "7",
            "6",
            "4",
            "12",
            "13",
            "1",
            "10",
            "5",
            "9"
        ]
    },
    "steps": {
        "0": 53
    },
    "timeout": 140
}