{
    "config": {
        "allow_infeasible": true,
        "bvns_max_k": 7,
        "bvns_min_k": 1,
        "construction": "random",
        "local_search": "CVND",
        "metaheuristic": "BVNS",
        "num_threads": 8,
        "operators": [
            "insert_1",
            "remove_1",
            "twoOpt",
            "centExchange_1",
            "centExchange_3",
            "centExchange_4",
            "relocate_1",
            "relocate_4",
            "revRelocate_2",
            "revRelocate_3",
            "revRelocate_5",
            "moveAll_1",
            "moveAll_2",
            "moveAll_3",
            "moveAll_10"
        ],
        "perturbation": [
            "reinsert"
        ],
        "stop_on_feasible": false,
        "timeout": 520
    },
    "histogram": {
        "all": {
            "centExchange_1": 31706,
            "centExchange_3": 31692,
            "centExchange_4": 31688,
            "insert_1": 32465,
            "moveAll_1": 26609,
            "moveAll_10": 25571,
            "moveAll_2": 26482,
            "moveAll_3": 26255,
            "relocate_1": 29328,
            "relocate_4": 29052,
            "remove_1": 32465,
            "revRelocate_2": 27799,
            "revRelocate_3": 27150,
            "revRelocate_5": 26853,
            "twoOpt": 31812
        },
        "improving": {
            "centExchange_1": 10318,
            "centExchange_3": 5788,
            "centExchange_4": 3403,
            "insert_1": 0,
            "moveAll_1": 9298,
            "moveAll_10": 13516,
            "moveAll_2": 6840,
            "moveAll_3": 7288,
            "relocate_1": 22964,
            "relocate_4": 13177,
            "remove_1": 0,
            "revRelocate_2": 18795,
            "revRelocate_3": 15021,
            "revRelocate_5": 9654,
            "twoOpt": 18739
        },
        "rate": {
            "centExchange_1": 0.3254273533821106,
            "centExchange_3": 0.18263283371925354,
            "centExchange_4": 0.10739081352949142,
            "insert_1": 0.0,
            "moveAll_1": 0.349430650472641,
            "moveAll_10": 0.5285674929618835,
            "moveAll_2": 0.2582886517047882,
            "moveAll_3": 0.2775852084159851,
            "relocate_1": 0.7830060124397278,
            "relocate_4": 0.4535660147666931,
            "remove_1": 0.0,
            "revRelocate_2": 0.6761034727096558,
            "revRelocate_3": 0.5532596707344055,
            "revRelocate_5": 0.35951289534568787,
            "twoOpt": 0.5890544652938843
        }
    },
    "last_improvement": 64,
    "name": "berlin52-52-8.30-0",
    "solution": {
        "fitness": 19650,
        "is_feasible": true,
        "permutation": [
            36,
            37,
            5,
            4,
            3,
            47,
            21,
            22,
            28,
            6,
            1,
            20,
            16,
            40,
            35,
            38,
            34,
            31,
            19,
            49,
            15,
            13,
            26,
            51,
            12,
            11,
            45,
            43,
            23,
            9,
            18,
            17,
            48,
            2,
            42,
            29,
            41,
            10,
            0,
            8,
            7,
            39,
            32,
            30,
            46,
            27,
            25,
            24,
            44,
            33,
            14,
            50
        ],
        "permutation_orig_ids": [
            "37",
            "38",
            "6",
            "5",
            "4",
            "48",
            "22",
            "23",
            "29",
            "7",
            "2",
            "21",
            "17",
            "41",
            "36",
            "39",
            "35",
            "32",
            "20",
            "50",
            "16",
            "14",
            "27",
            "52",
            "13",
            "12",
            "46",
            "44",
            "24",
            "10",
            "19",
            "18",
            "49",
            "3",
            "43",
            "30",
            "42",
            "11",
            "1",
            "9",
            "8",
            "40",
            "33",
            "31",
            "47",
            "28",
            "26",
            "25",
            "45",
            "34",
            "15",
            "51"
        ]
    },
    "steps": {
        "0": 22269,
        "1": 21532,
        "11": 20321,
        "30": 19919,
        "37": 19869,
        "4": 21469,
        "5": 20795,
        "56": 19798,
        "6": 20449,
        "64": 19650,
        "7": 20329
    },
    "timeout": 520
}