{
    "config": {
        "allow_infeasible": true,
        "bvns_max_k": 7,
        "bvns_min_k": 1,
        "construction": "random",
        "local_search": "CVND",
        "metaheuristic": "BVNS",
        "num_threads": 8,
        "operators": [
            "insert_1",
            "remove_1",
            "twoOpt",
            "centExchange_1",
            "centExchange_3",
            "centExchange_4",
            "relocate_1",
            "relocate_4",
            "revRelocate_2",
            "revRelocate_3",
            "revRelocate_5",
            "moveAll_1",
            "moveAll_2",
            "moveAll_3",
            "moveAll_10"
        ],
        "perturbation": [
            "reinsert"
        ],
        "stop_on_feasible": false,
        "timeout": 220
    },
    "histogram": {
        "all": {
            "centExchange_1": 301760,
            "centExchange_3": 301718,
            "centExchange_4": 301718,
            "insert_1": 311970,
            "moveAll_1": 247701,
            "moveAll_10": 215216,
            "moveAll_2": 243676,
            "moveAll_3": 238608,
            "relocate_1": 282024,
            "relocate_4": 274281,
            "remove_1": 311970,
            "revRelocate_2": 259764,
            "revRelocate_3": 253604,
            "revRelocate_5": 251160,
            "twoOpt": 302903
        },
        "improving": {
            "centExchange_1": 93203,
            "centExchange_3": 35116,
            "centExchange_4": 12904,
            "insert_1": 0,
            "moveAll_1": 63037,
            "moveAll_10": 126961,
            "moveAll_2": 58935,
            "moveAll_3": 55276,
            "relocate_1": 179913,
            "relocate_4": 122561,
            "remove_1": 0,
            "revRelocate_2": 144525,
            "revRelocate_3": 92146,
            "revRelocate_5": 24672,
            "twoOpt": 147695
        },
        "rate": {
            "centExchange_1": 0.30886465311050415,
            "centExchange_3": 0.11638682335615158,
            "centExchange_4": 0.042768411338329315,
            "insert_1": 0.0,
            "moveAll_1": 0.2544882595539093,
            "moveAll_10": 0.589923620223999,
            "moveAll_2": 0.24185803532600403,
            "moveAll_3": 0.23166029155254364,
            "relocate_1": 0.6379350423812866,
            "relocate_4": 0.4468446671962738,
            "remove_1": 0.0,
            "revRelocate_2": 0.5563703775405884,
            "revRelocate_3": 0.36334601044654846,
            "revRelocate_5": 0.098232202231884,
            "twoOpt": 0.48759832978248596
        }
    },
    "last_improvement": 0,
    "name": "ulysses22.tsp-22-3.80-0",
    "solution": {
        "fitness": 141,
        "is_feasible": true,
        "permutation": [
            12,
            11,
            21,
            16,
            17,
            2,
            8,
            4,
            14,
            13,
            18,
            19,
            5,
            9,
            7,
            0,
            1,
            20,
            10,
            6,
            3,
            15
        ],
        "permutation_orig_ids": [
            "13",
            "12",
            "22",
            "17",
            "18",
            "3",
            "9",
            "5",
            "15",
            "14",
            "19",
            "20",
            "6",
            "10",
            "8",
            "1",
            "2",
            "21",
            "11",
            "7",
            "4",
            "16"
        ]
    },
    "steps": {
        "0": 141
    },
    "timeout": 220
}