{
    "config": {
        "allow_infeasible": true,
        "bvns_max_k": 7,
        "bvns_min_k": 1,
        "construction": "random",
        "local_search": "CVND",
        "metaheuristic": "BVNS",
        "num_threads": 8,
        "operators": [
            "insert_1",
            "remove_1",
            "twoOpt",
            "centExchange_1",
            "centExchange_3",
            "centExchange_4",
            "relocate_1",
            "relocate_4",
            "revRelocate_2",
            "revRelocate_3",
            "revRelocate_5",
            "moveAll_1",
            "moveAll_2",
            "moveAll_3",
            "moveAll_10"
        ],
        "perturbation": [
            "reinsert"
        ],
        "stop_on_feasible": false,
        "timeout": 520
    },
    "histogram": {
        "all": {
            "centExchange_1": 31913,
            "centExchange_3": 31894,
            "centExchange_4": 31889,
            "insert_1": 32620,
            "moveAll_1": 26821,
            "moveAll_10": 25756,
            "moveAll_2": 26664,
            "moveAll_3": 26488,
            "relocate_1": 29475,
            "relocate_4": 29245,
            "remove_1": 32620,
            "revRelocate_2": 27988,
            "revRelocate_3": 27393,
            "revRelocate_5": 27098,
            "twoOpt": 31983
        },
        "improving": {
            "centExchange_1": 9652,
            "centExchange_3": 6509,
            "centExchange_4": 3630,
            "insert_1": 0,
            "moveAll_1": 9871,
            "moveAll_10": 13746,
            "moveAll_2": 7302,
            "moveAll_3": 7015,
            "relocate_1": 23179,
            "relocate_4": 13227,
            "remove_1": 0,
            "revRelocate_2": 18997,
            "revRelocate_3": 14824,
            "revRelocate_5": 10143,
            "twoOpt": 18552
        },
        "rate": {
            "centExchange_1": 0.30244728922843933,
            "centExchange_3": 0.20408226549625397,
            "centExchange_4": 0.11383235454559326,
            "insert_1": 0.0,
            "moveAll_1": 0.3680325150489807,
            "moveAll_10": 0.5337008833885193,
            "moveAll_2": 0.2738523781299591,
            "moveAll_3": 0.2648369073867798,
            "relocate_1": 0.786395251750946,
            "relocate_4": 0.4522824287414551,
            "remove_1": 0.0,
            "revRelocate_2": 0.6787551641464233,
            "revRelocate_3": 0.5411601662635803,
            "revRelocate_5": 0.3743080794811249,
            "twoOpt": 0.5800581574440002
        }
    },
    "last_improvement": 396,
    "name": "berlin52-52-8.30-0",
    "solution": {
        "fitness": 19504,
        "is_feasible": true,
        "permutation": [
            36,
            35,
            43,
            45,
            4,
            47,
            5,
            24,
            25,
            12,
            51,
            11,
            32,
            44,
            39,
            7,
            31,
            30,
            29,
            41,
            6,
            1,
            16,
            40,
            21,
            38,
            34,
            15,
            49,
            28,
            13,
            26,
            23,
            9,
            37,
            19,
            3,
            10,
            0,
            8,
            22,
            20,
            33,
            42,
            27,
            46,
            48,
            2,
            18,
            17,
            14,
            50
        ],
        "permutation_orig_ids": [
            "37",
            "36",
            "44",
            "46",
            "5",
            "48",
            "6",
            "25",
            "26",
            "13",
            "52",
            "12",
            "33",
            "45",
            "40",
            "8",
            "32",
            "31",
            "30",
            "42",
            "7",
            "2",
            "17",
            "41",
            "22",
            "39",
            "35",
            "16",
            "50",
            "29",
            "14",
            "27",
            "24",
            "10",
            "38",
            "20",
            "4",
            "11",
            "1",
            "9",
            "23",
            "21",
            "34",
            "43",
            "28",
            "47",
            "49",
            "3",
            "19",
            "18",
            "15",
            "51"
        ]
    },
    "steps": {
        "0": 23093,
        "1": 21979,
        "14": 21549,
        "19": 21454,
        "22": 21348,
        "27": 21330,
        "388": 19919,
        "390": 19675,
        "393": 19653,
        "395": 19517,
        "396": 19504,
        "6": 21632,
        "7": 21607,
        "83": 21139,
        "87": 20985
    },
    "timeout": 520
}