{
    "config": {
        "allow_infeasible": true,
        "bvns_max_k": 7,
        "bvns_min_k": 1,
        "construction": "random",
        "local_search": "CVND",
        "metaheuristic": "BVNS",
        "num_threads": 8,
        "operators": [
            "insert_1",
            "remove_1",
            "twoOpt",
            "centExchange_1",
            "centExchange_3",
            "centExchange_4",
            "relocate_1",
            "relocate_4",
            "revRelocate_2",
            "revRelocate_3",
            "revRelocate_5",
            "moveAll_1",
            "moveAll_2",
            "moveAll_3",
            "moveAll_10"
        ],
        "perturbation": [
            "reinsert"
        ],
        "stop_on_feasible": false,
        "timeout": 220
    },
    "histogram": {
        "all": {
            "centExchange_1": 302852,
            "centExchange_3": 302812,
            "centExchange_4": 302811,
            "insert_1": 313305,
            "moveAll_1": 248721,
            "moveAll_10": 216080,
            "moveAll_2": 244738,
            "moveAll_3": 239673,
            "relocate_1": 282846,
            "relocate_4": 275165,
            "remove_1": 313305,
            "revRelocate_2": 260817,
            "revRelocate_3": 254575,
            "revRelocate_5": 252103,
            "twoOpt": 304057
        },
        "improving": {
            "centExchange_1": 93485,
            "centExchange_3": 35063,
            "centExchange_4": 12528,
            "insert_1": 0,
            "moveAll_1": 63366,
            "moveAll_10": 127400,
            "moveAll_2": 59194,
            "moveAll_3": 55205,
            "relocate_1": 180760,
            "relocate_4": 122776,
            "remove_1": 0,
            "revRelocate_2": 144528,
            "revRelocate_3": 92165,
            "revRelocate_5": 24939,
            "twoOpt": 148485
        },
        "rate": {
            "centExchange_1": 0.3086821138858795,
            "centExchange_3": 0.11579131335020065,
            "centExchange_4": 0.04137234017252922,
            "insert_1": 0.0,
            "moveAll_1": 0.25476738810539246,
            "moveAll_10": 0.5895964503288269,
            "moveAll_2": 0.2418668121099472,
            "moveAll_3": 0.23033466935157776,
            "relocate_1": 0.6390756964683533,
            "relocate_4": 0.4461904764175415,
            "remove_1": 0.0,
            "revRelocate_2": 0.5541356801986694,
            "revRelocate_3": 0.36203476786613464,
            "revRelocate_5": 0.09892385452985764,
            "twoOpt": 0.4883459210395813
        }
    },
    "last_improvement": 0,
    "name": "ulysses22.tsp-22-3.80-0",
    "solution": {
        "fitness": 141,
        "is_feasible": true,
        "permutation": [
            12,
            11,
            21,
            16,
            17,
            2,
            8,
            4,
            14,
            13,
            18,
            19,
            5,
            9,
            7,
            0,
            1,
            20,
            10,
            6,
            3,
            15
        ],
        "permutation_orig_ids": [
            "13",
            "12",
            "22",
            "17",
            "18",
            "3",
            "9",
            "5",
            "15",
            "14",
            "19",
            "20",
            "6",
            "10",
            "8",
            "1",
            "2",
            "21",
            "11",
            "7",
            "4",
            "16"
        ]
    },
    "steps": {
        "0": 141
    },
    "timeout": 220
}