{
    "config": {
        "allow_infeasible": true,
        "bvns_max_k": 7,
        "bvns_min_k": 1,
        "construction": "random",
        "local_search": "CVND",
        "metaheuristic": "BVNS",
        "num_threads": 8,
        "operators": [
            "insert_1",
            "remove_1",
            "twoOpt",
            "centExchange_1",
            "centExchange_3",
            "centExchange_4",
            "relocate_1",
            "relocate_4",
            "revRelocate_2",
            "revRelocate_3",
            "revRelocate_5",
            "moveAll_1",
            "moveAll_2",
            "moveAll_3",
            "moveAll_10"
        ],
        "perturbation": [
            "reinsert"
        ],
        "stop_on_feasible": false,
        "timeout": 520
    },
    "histogram": {
        "all": {
            "centExchange_1": 31444,
            "centExchange_3": 31430,
            "centExchange_4": 31423,
            "insert_1": 32139,
            "moveAll_1": 26487,
            "moveAll_10": 25495,
            "moveAll_2": 26359,
            "moveAll_3": 26212,
            "relocate_1": 29154,
            "relocate_4": 28910,
            "remove_1": 32139,
            "revRelocate_2": 27750,
            "revRelocate_3": 27112,
            "revRelocate_5": 26719,
            "twoOpt": 31505
        },
        "improving": {
            "centExchange_1": 9761,
            "centExchange_3": 5890,
            "centExchange_4": 3600,
            "insert_1": 0,
            "moveAll_1": 9355,
            "moveAll_10": 13593,
            "moveAll_2": 7210,
            "moveAll_3": 6769,
            "relocate_1": 22911,
            "relocate_4": 13289,
            "remove_1": 0,
            "revRelocate_2": 18798,
            "revRelocate_3": 14926,
            "revRelocate_5": 10041,
            "twoOpt": 18333
        },
        "rate": {
            "centExchange_1": 0.31042489409446716,
            "centExchange_3": 0.18740057945251465,
            "centExchange_4": 0.11456576734781265,
            "insert_1": 0.0,
            "moveAll_1": 0.35319212079048157,
            "moveAll_10": 0.5331633687019348,
            "moveAll_2": 0.27353087067604065,
            "moveAll_3": 0.2582404911518097,
            "relocate_1": 0.7858613133430481,
            "relocate_4": 0.4596679210662842,
            "remove_1": 0.0,
            "revRelocate_2": 0.6774054169654846,
            "revRelocate_3": 0.5505311489105225,
            "revRelocate_5": 0.3757999837398529,
            "twoOpt": 0.5819076299667358
        }
    },
    "last_improvement": 207,
    "name": "berlin52-52-8.30-0",
    "solution": {
        "fitness": 20789,
        "is_feasible": true,
        "permutation": [
            36,
            37,
            5,
            4,
            45,
            43,
            1,
            6,
            19,
            49,
            15,
            28,
            25,
            26,
            13,
            51,
            12,
            24,
            3,
            35,
            7,
            44,
            32,
            47,
            31,
            17,
            16,
            38,
            39,
            23,
            9,
            34,
            30,
            18,
            40,
            21,
            11,
            29,
            41,
            10,
            0,
            8,
            22,
            20,
            33,
            42,
            27,
            46,
            48,
            2,
            14,
            50
        ],
        "permutation_orig_ids": [
            "37",
            "38",
            "6",
            "5",
            "46",
            "44",
            "2",
            "7",
            "20",
            "50",
            "16",
            "29",
            "26",
            "27",
            "14",
            "52",
            "13",
            "25",
            "4",
            "36",
            "8",
            "45",
            "33",
            "48",
            "32",
            "18",
            "17",
            "39",
            "40",
            "24",
            "10",
            "35",
            "31",
            "19",
            "41",
            "22",
            "12",
            "30",
            "42",
            "11",
            "1",
            "9",
            "23",
            "21",
            "34",
            "43",
            "28",
            "47",
            "49",
            "3",
            "15",
            "51"
        ]
    },
    "steps": {
        "0": 22296,
        "207": 20789,
        "28": 21266,
        "54": 21241,
        "60": 20969,
        "62": 20869,
        "7": 21962,
        "8": 21921,
        "87": 20808
    },
    "timeout": 520
}