{
    "config": {
        "allow_infeasible": true,
        "bvns_max_k": 7,
        "bvns_min_k": 1,
        "construction": "random",
        "local_search": "CVND",
        "metaheuristic": "BVNS",
        "num_threads": 8,
        "operators": [
            "insert_1",
            "remove_1",
            "twoOpt",
            "centExchange_1",
            "centExchange_3",
            "centExchange_4",
            "relocate_1",
            "relocate_4",
            "revRelocate_2",
            "revRelocate_3",
            "revRelocate_5",
            "moveAll_1",
            "moveAll_2",
            "moveAll_3",
            "moveAll_10"
        ],
        "perturbation": [
            "reinsert"
        ],
        "stop_on_feasible": false,
        "timeout": 220
    },
    "histogram": {
        "all": {
            "centExchange_1": 305542,
            "centExchange_3": 305498,
            "centExchange_4": 305497,
            "insert_1": 315883,
            "moveAll_1": 250736,
            "moveAll_10": 217854,
            "moveAll_2": 246738,
            "moveAll_3": 241684,
            "relocate_1": 285307,
            "relocate_4": 277492,
            "remove_1": 315883,
            "revRelocate_2": 262731,
            "revRelocate_3": 256596,
            "revRelocate_5": 254061,
            "twoOpt": 306724
        },
        "improving": {
            "centExchange_1": 94343,
            "centExchange_3": 35764,
            "centExchange_4": 12895,
            "insert_1": 0,
            "moveAll_1": 63731,
            "moveAll_10": 128721,
            "moveAll_2": 59942,
            "moveAll_3": 55963,
            "relocate_1": 182564,
            "relocate_4": 123912,
            "remove_1": 0,
            "revRelocate_2": 145696,
            "revRelocate_3": 93349,
            "revRelocate_5": 24834,
            "twoOpt": 149440
        },
        "rate": {
            "centExchange_1": 0.30877259373664856,
            "centExchange_3": 0.1170678660273552,
            "centExchange_4": 0.04220990836620331,
            "insert_1": 0.0,
            "moveAll_1": 0.25417569279670715,
            "moveAll_10": 0.5908589959144592,
            "moveAll_2": 0.2429378479719162,
            "moveAll_3": 0.23155443370342255,
            "relocate_1": 0.6398861408233643,
            "relocate_4": 0.4465425908565521,
            "remove_1": 0.0,
            "revRelocate_2": 0.5545443892478943,
            "revRelocate_3": 0.3637975752353668,
            "revRelocate_5": 0.09774817526340485,
            "twoOpt": 0.48721325397491455
        }
    },
    "last_improvement": 0,
    "name": "ulysses22.tsp-22-3.80-0",
    "solution": {
        "fitness": 141,
        "is_feasible": true,
        "permutation": [
            12,
            11,
            21,
            16,
            17,
            2,
            8,
            4,
            14,
            13,
            18,
            19,
            5,
            9,
            7,
            0,
            1,
            20,
            10,
            6,
            3,
            15
        ],
        "permutation_orig_ids": [
            "13",
            "12",
            "22",
            "17",
            "18",
            "3",
            "9",
            "5",
            "15",
            "14",
            "19",
            "20",
            "6",
            "10",
            "8",
            "1",
            "2",
            "21",
            "11",
            "7",
            "4",
            "16"
        ]
    },
    "steps": {
        "0": 141
    },
    "timeout": 220
}