{
    "config": {
        "allow_infeasible": true,
        "bvns_max_k": 7,
        "bvns_min_k": 1,
        "construction": "random",
        "local_search": "CVND",
        "metaheuristic": "BVNS",
        "num_threads": 8,
        "operators": [
            "insert_1",
            "remove_1",
            "twoOpt",
            "centExchange_1",
            "centExchange_3",
            "centExchange_4",
            "relocate_1",
            "relocate_4",
            "revRelocate_2",
            "revRelocate_3",
            "revRelocate_5",
            "moveAll_1",
            "moveAll_2",
            "moveAll_3",
            "moveAll_10"
        ],
        "perturbation": [
            "reinsert"
        ],
        "stop_on_feasible": false,
        "timeout": 220
    },
    "histogram": {
        "all": {
            "centExchange_1": 308194,
            "centExchange_3": 308150,
            "centExchange_4": 308149,
            "insert_1": 318723,
            "moveAll_1": 252881,
            "moveAll_10": 219788,
            "moveAll_2": 248878,
            "moveAll_3": 243741,
            "relocate_1": 287812,
            "relocate_4": 279934,
            "remove_1": 318723,
            "revRelocate_2": 264963,
            "revRelocate_3": 258780,
            "revRelocate_5": 256248,
            "twoOpt": 309349
        },
        "improving": {
            "centExchange_1": 95280,
            "centExchange_3": 35617,
            "centExchange_4": 12884,
            "insert_1": 0,
            "moveAll_1": 64119,
            "moveAll_10": 129325,
            "moveAll_2": 60352,
            "moveAll_3": 56472,
            "relocate_1": 183880,
            "relocate_4": 125089,
            "remove_1": 0,
            "revRelocate_2": 147327,
            "revRelocate_3": 94148,
            "revRelocate_5": 25247,
            "twoOpt": 150853
        },
        "rate": {
            "centExchange_1": 0.3091559112071991,
            "centExchange_3": 0.11558332294225693,
            "centExchange_4": 0.04181094095110893,
            "insert_1": 0.0,
            "moveAll_1": 0.2535540461540222,
            "moveAll_10": 0.5884079337120056,
            "moveAll_2": 0.2424963265657425,
            "moveAll_3": 0.23168855905532837,
            "relocate_1": 0.6388892531394958,
            "relocate_4": 0.4468517601490021,
            "remove_1": 0.0,
            "revRelocate_2": 0.5560286045074463,
            "revRelocate_3": 0.3638148307800293,
            "revRelocate_5": 0.09852564334869385,
            "twoOpt": 0.4876466393470764
        }
    },
    "last_improvement": 0,
    "name": "ulysses22.tsp-22-3.80-0",
    "solution": {
        "fitness": 141,
        "is_feasible": true,
        "permutation": [
            12,
            11,
            21,
            16,
            17,
            2,
            8,
            4,
            14,
            13,
            18,
            19,
            5,
            9,
            7,
            0,
            1,
            20,
            10,
            6,
            3,
            15
        ],
        "permutation_orig_ids": [
            "13",
            "12",
            "22",
            "17",
            "18",
            "3",
            "9",
            "5",
            "15",
            "14",
            "19",
            "20",
            "6",
            "10",
            "8",
            "1",
            "2",
            "21",
            "11",
            "7",
            "4",
            "16"
        ]
    },
    "steps": {
        "0": 141
    },
    "timeout": 220
}