{
    "config": {
        "allow_infeasible": true,
        "bvns_max_k": 7,
        "bvns_min_k": 1,
        "construction": "random",
        "local_search": "CVND",
        "metaheuristic": "BVNS",
        "num_threads": 8,
        "operators": [
            "insert_1",
            "remove_1",
            "twoOpt",
            "centExchange_1",
            "centExchange_3",
            "centExchange_4",
            "relocate_1",
            "relocate_4",
            "revRelocate_2",
            "revRelocate_3",
            "revRelocate_5",
            "moveAll_1",
            "moveAll_2",
            "moveAll_3",
            "moveAll_10"
        ],
        "perturbation": [
            "reinsert"
        ],
        "stop_on_feasible": false,
        "timeout": 520
    },
    "histogram": {
        "all": {
            "centExchange_1": 31655,
            "centExchange_3": 31638,
            "centExchange_4": 31626,
            "insert_1": 32411,
            "moveAll_1": 26584,
            "moveAll_10": 25456,
            "moveAll_2": 26373,
            "moveAll_3": 26178,
            "relocate_1": 29090,
            "relocate_4": 28866,
            "remove_1": 32411,
            "revRelocate_2": 27765,
            "revRelocate_3": 27101,
            "revRelocate_5": 26822,
            "twoOpt": 31734
        },
        "improving": {
            "centExchange_1": 9645,
            "centExchange_3": 5693,
            "centExchange_4": 3257,
            "insert_1": 0,
            "moveAll_1": 9427,
            "moveAll_10": 13408,
            "moveAll_2": 7599,
            "moveAll_3": 6869,
            "relocate_1": 22881,
            "relocate_4": 13129,
            "remove_1": 0,
            "revRelocate_2": 18408,
            "revRelocate_3": 14504,
            "revRelocate_5": 9440,
            "twoOpt": 18246
        },
        "rate": {
            "centExchange_1": 0.3046911954879761,
            "centExchange_3": 0.17994184792041779,
            "centExchange_4": 0.10298488289117813,
            "insert_1": 0.0,
            "moveAll_1": 0.3546117842197418,
            "moveAll_10": 0.5267127752304077,
            "moveAll_2": 0.2881355881690979,
            "moveAll_3": 0.2623959183692932,
            "relocate_1": 0.7865589261054993,
            "relocate_4": 0.454825758934021,
            "remove_1": 0.0,
            "revRelocate_2": 0.6629929542541504,
            "revRelocate_3": 0.5351831912994385,
            "revRelocate_5": 0.35194990038871765,
            "twoOpt": 0.5749669075012207
        }
    },
    "last_improvement": 445,
    "name": "berlin52-52-8.30-0",
    "solution": {
        "fitness": 18375,
        "is_feasible": true,
        "permutation": [
            19,
            28,
            15,
            21,
            17,
            16,
            40,
            7,
            32,
            10,
            3,
            4,
            36,
            37,
            35,
            44,
            31,
            49,
            41,
            6,
            1,
            30,
            34,
            38,
            39,
            43,
            45,
            47,
            26,
            13,
            46,
            51,
            12,
            11,
            29,
            42,
            33,
            20,
            22,
            8,
            0,
            27,
            25,
            24,
            48,
            2,
            18,
            5,
            9,
            23,
            50,
            14
        ],
        "permutation_orig_ids": [
            "20",
            "29",
            "16",
            "22",
            "18",
            "17",
            "41",
            "8",
            "33",
            "11",
            "4",
            "5",
            "37",
            "38",
            "36",
            "45",
            "32",
            "50",
            "42",
            "7",
            "2",
            "31",
            "35",
            "39",
            "40",
            "44",
            "46",
            "48",
            "27",
            "14",
            "47",
            "52",
            "13",
            "12",
            "30",
            "43",
            "34",
            "21",
            "23",
            "9",
            "1",
            "28",
            "26",
            "25",
            "49",
            "3",
            "19",
            "6",
            "10",
            "24",
            "51",
            "15"
        ]
    },
    "steps": {
        "0": 24600,
        "1": 22692,
        "160": 19866,
        "26": 20330,
        "27": 20245,
        "284": 19455,
        "286": 19306,
        "3": 21094,
        "329": 19230,
        "368": 18755,
        "4": 20967,
        "40": 20173,
        "414": 18515,
        "445": 18375,
        "46": 20170,
        "49": 20074,
        "5": 20820,
        "91": 20026,
        "92": 20015
    },
    "timeout": 520
}