{
    "config": {
        "allow_infeasible": true,
        "bvns_max_k": 7,
        "bvns_min_k": 1,
        "construction": "random",
        "local_search": "CVND",
        "metaheuristic": "BVNS",
        "num_threads": 8,
        "operators": [
            "insert_1",
            "remove_1",
            "twoOpt",
            "centExchange_1",
            "centExchange_3",
            "centExchange_4",
            "relocate_1",
            "relocate_4",
            "revRelocate_2",
            "revRelocate_3",
            "revRelocate_5",
            "moveAll_1",
            "moveAll_2",
            "moveAll_3",
            "moveAll_10"
        ],
        "perturbation": [
            "reinsert"
        ],
        "stop_on_feasible": false,
        "timeout": 140
    },
    "histogram": {
        "all": {
            "centExchange_1": 703124,
            "centExchange_3": 703117,
            "centExchange_4": 703117,
            "insert_1": 728104,
            "moveAll_1": 579361,
            "moveAll_10": 437932,
            "moveAll_2": 560718,
            "moveAll_3": 528298,
            "relocate_1": 660499,
            "relocate_4": 652253,
            "remove_1": 728104,
            "revRelocate_2": 616694,
            "revRelocate_3": 607162,
            "revRelocate_5": 606859,
            "twoOpt": 704684
        },
        "improving": {
            "centExchange_1": 222209,
            "centExchange_3": 36138,
            "centExchange_4": 7023,
            "insert_1": 0,
            "moveAll_1": 127744,
            "moveAll_10": 222441,
            "moveAll_2": 116475,
            "moveAll_3": 125410,
            "relocate_1": 383611,
            "relocate_4": 218873,
            "remove_1": 0,
            "revRelocate_2": 292642,
            "revRelocate_3": 101674,
            "revRelocate_5": 9477,
            "twoOpt": 355921
        },
        "rate": {
            "centExchange_1": 0.3160310387611389,
            "centExchange_3": 0.05139685049653053,
            "centExchange_4": 0.00998838059604168,
            "insert_1": 0.0,
            "moveAll_1": 0.2204912006855011,
            "moveAll_10": 0.5079350471496582,
            "moveAll_2": 0.20772473514080048,
            "moveAll_3": 0.23738496005535126,
            "relocate_1": 0.5807896852493286,
            "relocate_4": 0.33556458353996277,
            "remove_1": 0.0,
            "revRelocate_2": 0.4745335578918457,
            "revRelocate_3": 0.16745777428150177,
            "revRelocate_5": 0.015616477467119694,
            "twoOpt": 0.5050788521766663
        }
    },
    "last_improvement": 0,
    "name": "burma14-14-2.20-0",
    "solution": {
        "fitness": 53,
        "is_feasible": true,
        "permutation": [
            1,
            7,
            10,
            2,
            13,
            6,
            5,
            3,
            11,
            12,
            0,
            9,
            4,
            8
        ],
        "permutation_orig_ids": [
            "2",
            "8",
            "11",
            "3",
            "14",
            "7",
            "6",
            "4",
            "12",
            "13",
            "1",
            "10",
            "5",
            "9"
        ]
    },
    "steps": {
        "0": 53
    },
    "timeout": 140
}