{
    "config": {
        "allow_infeasible": true,
        "bvns_max_k": 7,
        "bvns_min_k": 1,
        "construction": "random",
        "local_search": "CVND",
        "metaheuristic": "BVNS",
        "num_threads": 8,
        "operators": [
            "insert_1",
            "remove_1",
            "twoOpt",
            "centExchange_1",
            "centExchange_3",
            "centExchange_4",
            "relocate_1",
            "relocate_4",
            "revRelocate_2",
            "revRelocate_3",
            "revRelocate_5",
            "moveAll_1",
            "moveAll_2",
            "moveAll_3",
            "moveAll_10"
        ],
        "perturbation": [
            "reinsert"
        ],
        "stop_on_feasible": false,
        "timeout": 1010
    },
    "histogram": {
        "all": {
            "centExchange_1": 5110,
            "centExchange_3": 5110,
            "centExchange_4": 5110,
            "insert_1": 5163,
            "moveAll_1": 4269,
            "moveAll_10": 4218,
            "moveAll_2": 4260,
            "moveAll_3": 4247,
            "relocate_1": 4556,
            "relocate_4": 4530,
            "remove_1": 5163,
            "revRelocate_2": 4412,
            "revRelocate_3": 4337,
            "revRelocate_5": 4290,
            "twoOpt": 5115
        },
        "improving": {
            "centExchange_1": 1365,
            "centExchange_3": 980,
            "centExchange_4": 655,
            "insert_1": 0,
            "moveAll_1": 1515,
            "moveAll_10": 1785,
            "moveAll_2": 1055,
            "moveAll_3": 962,
            "relocate_1": 4011,
            "relocate_4": 2065,
            "remove_1": 0,
            "revRelocate_2": 3057,
            "revRelocate_3": 2415,
            "revRelocate_5": 1768,
            "twoOpt": 2922
        },
        "rate": {
            "centExchange_1": 0.267123281955719,
            "centExchange_3": 0.19178082048892975,
            "centExchange_4": 0.12818004190921783,
            "insert_1": 0.0,
            "moveAll_1": 0.3548840582370758,
            "moveAll_10": 0.423186331987381,
            "moveAll_2": 0.2476525753736496,
            "moveAll_3": 0.2265128344297409,
            "relocate_1": 0.8803775310516357,
            "relocate_4": 0.45584988594055176,
            "remove_1": 0.0,
            "revRelocate_2": 0.6928830742835999,
            "revRelocate_3": 0.5568365454673767,
            "revRelocate_5": 0.4121212065219879,
            "twoOpt": 0.5712609887123108
        }
    },
    "last_improvement": 905,
    "name": "eil101-101-18.00-0",
    "solution": {
        "fitness": 1712,
        "is_feasible": true,
        "permutation": [
            39,
            20,
            12,
            52,
            27,
            75,
            2,
            28,
            79,
            53,
            54,
            24,
            66,
            38,
            3,
            40,
            14,
            41,
            90,
            98,
            60,
            58,
            91,
            93,
            88,
            17,
            19,
            70,
            64,
            65,
            62,
            10,
            48,
            63,
            9,
            30,
            69,
            0,
            25,
            11,
            67,
            80,
            76,
            32,
            33,
            56,
            1,
            73,
            71,
            72,
            57,
            86,
            4,
            82,
            47,
            6,
            51,
            61,
            35,
            7,
            15,
            97,
            83,
            16,
            44,
            46,
            95,
            94,
            37,
            13,
            42,
            22,
            21,
            96,
            99,
            23,
            68,
            78,
            8,
            77,
            34,
            31,
            29,
            5,
            84,
            26,
            74,
            81,
            92,
            87,
            55,
            45,
            43,
            50,
            49,
            18,
            85,
            36,
            59,
            89,
            100
        ],
        "permutation_orig_ids": [
            "40",
            "21",
            "13",
            "53",
            "28",
            "76",
            "3",
            "29",
            "80",
            "54",
            "55",
            "25",
            "67",
            "39",
            "4",
            "41",
            "15",
            "42",
            "91",
            "99",
            "61",
            "59",
            "92",
            "94",
            "89",
            "18",
            "20",
            "71",
            "65",
            "66",
            "63",
            "11",
            "49",
            "64",
            "10",
            "31",
            "70",
            "1",
            "26",
            "12",
            "68",
            "81",
            "77",
            "33",
            "34",
            "57",
            "2",
            "74",
            "72",
            "73",
            "58",
            "87",
            "5",
            "83",
            "48",
            "7",
            "52",
            "62",
            "36",
            "8",
            "16",
            "98",
            "84",
            "17",
            "45",
            "47",
            "96",
            "95",
            "38",
            "14",
            "43",
            "23",
            "22",
            "97",
            "100",
            "24",
            "69",
            "79",
            "9",
            "78",
            "35",
            "32",
            "30",
            "6",
            "85",
            "27",
            "75",
            "82",
            "93",
            "88",
            "56",
            "46",
            "44",
            "51",
            "50",
            "19",
            "86",
            "37",
            "60",
            "90",
            "101"
        ]
    },
    "steps": {
        "0": 2537,
        "1": 2446,
        "11": 2056,
        "12": 1986,
        "14": 1945,
        "15": 1939,
        "22": 1912,
        "23": 1826,
        "24": 1813,
        "28": 1792,
        "297": 1787,
        "3": 2336,
        "4": 2272,
        "5": 2226,
        "553": 1771,
        "589": 1753,
        "592": 1738,
        "593": 1735,
        "6": 2174,
        "617": 1719,
        "7": 2131,
        "8": 2120,
        "903": 1717,
        "905": 1712
    },
    "timeout": 1010
}