{
    "config": {
        "allow_infeasible": true,
        "bvns_max_k": 7,
        "bvns_min_k": 1,
        "construction": "random",
        "local_search": "CVND",
        "metaheuristic": "BVNS",
        "num_threads": 8,
        "operators": [
            "insert_1",
            "remove_1",
            "twoOpt",
            "centExchange_1",
            "centExchange_3",
            "centExchange_4",
            "relocate_1",
            "relocate_4",
            "revRelocate_2",
            "revRelocate_3",
            "revRelocate_5",
            "moveAll_1",
            "moveAll_2",
            "moveAll_3",
            "moveAll_10"
        ],
        "perturbation": [
            "reinsert"
        ],
        "stop_on_feasible": false,
        "timeout": 220
    },
    "histogram": {
        "all": {
            "centExchange_1": 304236,
            "centExchange_3": 304199,
            "centExchange_4": 304199,
            "insert_1": 314448,
            "moveAll_1": 249516,
            "moveAll_10": 216838,
            "moveAll_2": 245403,
            "moveAll_3": 240392,
            "relocate_1": 284146,
            "relocate_4": 276350,
            "remove_1": 314447,
            "revRelocate_2": 261706,
            "revRelocate_3": 255497,
            "revRelocate_5": 252938,
            "twoOpt": 305427
        },
        "improving": {
            "centExchange_1": 93855,
            "centExchange_3": 35190,
            "centExchange_4": 12936,
            "insert_1": 0,
            "moveAll_1": 63335,
            "moveAll_10": 127780,
            "moveAll_2": 59592,
            "moveAll_3": 55756,
            "relocate_1": 181405,
            "relocate_4": 123309,
            "remove_1": 0,
            "revRelocate_2": 145281,
            "revRelocate_3": 92809,
            "revRelocate_5": 25027,
            "twoOpt": 149110
        },
        "rate": {
            "centExchange_1": 0.30849406123161316,
            "centExchange_3": 0.11568085104227066,
            "centExchange_4": 0.0425247959792614,
            "insert_1": 0.0,
            "moveAll_1": 0.2538314163684845,
            "moveAll_10": 0.5892878770828247,
            "moveAll_2": 0.242833212018013,
            "moveAll_3": 0.23193784058094025,
            "relocate_1": 0.6384217739105225,
            "relocate_4": 0.44620588421821594,
            "remove_1": 0.0,
            "revRelocate_2": 0.5551305413246155,
            "revRelocate_3": 0.36324888467788696,
            "revRelocate_5": 0.09894519299268723,
            "twoOpt": 0.488201767206192
        }
    },
    "last_improvement": 0,
    "name": "ulysses22.tsp-22-3.80-0",
    "solution": {
        "fitness": 141,
        "is_feasible": true,
        "permutation": [
            12,
            11,
            21,
            16,
            17,
            2,
            8,
            4,
            14,
            13,
            18,
            19,
            5,
            9,
            7,
            0,
            1,
            20,
            10,
            6,
            3,
            15
        ],
        "permutation_orig_ids": [
            "13",
            "12",
            "22",
            "17",
            "18",
            "3",
            "9",
            "5",
            "15",
            "14",
            "19",
            "20",
            "6",
            "10",
            "8",
            "1",
            "2",
            "21",
            "11",
            "7",
            "4",
            "16"
        ]
    },
    "steps": {
        "0": 141
    },
    "timeout": 220
}