{
    "config": {
        "allow_infeasible": true,
        "bvns_max_k": 7,
        "bvns_min_k": 1,
        "construction": "random",
        "local_search": "CVND",
        "metaheuristic": "BVNS",
        "num_threads": 8,
        "operators": [
            "insert_1",
            "remove_1",
            "twoOpt",
            "centExchange_1",
            "centExchange_3",
            "centExchange_4",
            "relocate_1",
            "relocate_4",
            "revRelocate_2",
            "revRelocate_3",
            "revRelocate_5",
            "moveAll_1",
            "moveAll_2",
            "moveAll_3",
            "moveAll_10"
        ],
        "perturbation": [
            "reinsert"
        ],
        "stop_on_feasible": false,
        "timeout": 520
    },
    "histogram": {
        "all": {
            "centExchange_1": 31540,
            "centExchange_3": 31528,
            "centExchange_4": 31524,
            "insert_1": 32153,
            "moveAll_1": 26466,
            "moveAll_10": 25512,
            "moveAll_2": 26336,
            "moveAll_3": 26204,
            "relocate_1": 28941,
            "relocate_4": 28729,
            "remove_1": 32153,
            "revRelocate_2": 27626,
            "revRelocate_3": 27059,
            "revRelocate_5": 26774,
            "twoOpt": 31602
        },
        "improving": {
            "centExchange_1": 9396,
            "centExchange_3": 6231,
            "centExchange_4": 3654,
            "insert_1": 0,
            "moveAll_1": 9612,
            "moveAll_10": 13611,
            "moveAll_2": 7230,
            "moveAll_3": 6717,
            "relocate_1": 23073,
            "relocate_4": 13069,
            "remove_1": 0,
            "revRelocate_2": 18673,
            "revRelocate_3": 14858,
            "revRelocate_5": 9764,
            "twoOpt": 18175
        },
        "rate": {
            "centExchange_1": 0.29790741205215454,
            "centExchange_3": 0.19763384759426117,
            "centExchange_4": 0.11591168493032455,
            "insert_1": 0.0,
            "moveAll_1": 0.3631829619407654,
            "moveAll_10": 0.5335136651992798,
            "moveAll_2": 0.2745291590690613,
            "moveAll_3": 0.25633490085601807,
            "relocate_1": 0.7972426414489746,
            "relocate_4": 0.4549061954021454,
            "remove_1": 0.0,
            "revRelocate_2": 0.6759212613105774,
            "revRelocate_3": 0.549096405506134,
            "revRelocate_5": 0.3646821677684784,
            "twoOpt": 0.5751218199729919
        }
    },
    "last_improvement": 394,
    "name": "berlin52-52-8.30-0",
    "solution": {
        "fitness": 20220,
        "is_feasible": true,
        "permutation": [
            36,
            39,
            47,
            3,
            45,
            28,
            6,
            1,
            16,
            20,
            30,
            22,
            19,
            33,
            35,
            38,
            34,
            17,
            31,
            7,
            18,
            40,
            44,
            32,
            5,
            43,
            49,
            15,
            13,
            26,
            51,
            12,
            37,
            9,
            23,
            42,
            4,
            21,
            11,
            29,
            41,
            10,
            0,
            8,
            46,
            27,
            25,
            24,
            48,
            2,
            14,
            50
        ],
        "permutation_orig_ids": [
            "37",
            "40",
            "48",
            "4",
            "46",
            "29",
            "7",
            "2",
            "17",
            "21",
            "31",
            "23",
            "20",
            "34",
            "36",
            "39",
            "35",
            "18",
            "32",
            "8",
            "19",
            "41",
            "45",
            "33",
            "6",
            "44",
            "50",
            "16",
            "14",
            "27",
            "52",
            "13",
            "38",
            "10",
            "24",
            "43",
            "5",
            "22",
            "12",
            "30",
            "42",
            "11",
            "1",
            "9",
            "47",
            "28",
            "26",
            "25",
            "49",
            "3",
            "15",
            "51"
        ]
    },
    "steps": {
        "0": 21598,
        "10": 21458,
        "14": 21389,
        "18": 21324,
        "23": 21232,
        "360": 21211,
        "368": 20538,
        "369": 20286,
        "394": 20220,
        "83": 21227,
        "84": 21213
    },
    "timeout": 520
}