{
    "config": {
        "allow_infeasible": true,
        "bvns_max_k": 7,
        "bvns_min_k": 1,
        "construction": "random",
        "local_search": "CVND",
        "metaheuristic": "BVNS",
        "num_threads": 8,
        "operators": [
            "insert_1",
            "remove_1",
            "twoOpt",
            "centExchange_1",
            "centExchange_3",
            "centExchange_4",
            "relocate_1",
            "relocate_4",
            "revRelocate_2",
            "revRelocate_3",
            "revRelocate_5",
            "moveAll_1",
            "moveAll_2",
            "moveAll_3",
            "moveAll_10"
        ],
        "perturbation": [
            "reinsert"
        ],
        "stop_on_feasible": false,
        "timeout": 220
    },
    "histogram": {
        "all": {
            "centExchange_1": 297378,
            "centExchange_3": 297338,
            "centExchange_4": 297337,
            "insert_1": 307430,
            "moveAll_1": 243924,
            "moveAll_10": 212085,
            "moveAll_2": 240122,
            "moveAll_3": 235090,
            "relocate_1": 277657,
            "relocate_4": 270044,
            "remove_1": 307430,
            "revRelocate_2": 255657,
            "revRelocate_3": 249588,
            "revRelocate_5": 247193,
            "twoOpt": 298465
        },
        "improving": {
            "centExchange_1": 91606,
            "centExchange_3": 34551,
            "centExchange_4": 12626,
            "insert_1": 0,
            "moveAll_1": 62043,
            "moveAll_10": 124856,
            "moveAll_2": 57741,
            "moveAll_3": 54394,
            "relocate_1": 177546,
            "relocate_4": 120284,
            "remove_1": 0,
            "revRelocate_2": 142009,
            "revRelocate_3": 90245,
            "revRelocate_5": 24293,
            "twoOpt": 145430
        },
        "rate": {
            "centExchange_1": 0.3080456554889679,
            "centExchange_3": 0.11620108783245087,
            "centExchange_4": 0.042463600635528564,
            "insert_1": 0.0,
            "moveAll_1": 0.2543538212776184,
            "moveAll_10": 0.5887073874473572,
            "moveAll_2": 0.24046526849269867,
            "moveAll_3": 0.23137521743774414,
            "relocate_1": 0.6394436359405518,
            "relocate_4": 0.4454237222671509,
            "remove_1": 0.0,
            "revRelocate_2": 0.555466890335083,
            "revRelocate_3": 0.3615758717060089,
            "revRelocate_5": 0.09827543795108795,
            "twoOpt": 0.48725980520248413
        }
    },
    "last_improvement": 0,
    "name": "ulysses22.tsp-22-3.80-0",
    "solution": {
        "fitness": 141,
        "is_feasible": true,
        "permutation": [
            12,
            11,
            21,
            16,
            17,
            2,
            8,
            4,
            14,
            13,
            18,
            19,
            5,
            9,
            7,
            0,
            1,
            20,
            10,
            6,
            3,
            15
        ],
        "permutation_orig_ids": [
            "13",
            "12",
            "22",
            "17",
            "18",
            "3",
            "9",
            "5",
            "15",
            "14",
            "19",
            "20",
            "6",
            "10",
            "8",
            "1",
            "2",
            "21",
            "11",
            "7",
            "4",
            "16"
        ]
    },
    "steps": {
        "0": 141
    },
    "timeout": 220
}