{
    "config": {
        "allow_infeasible": true,
        "bvns_max_k": 7,
        "bvns_min_k": 1,
        "construction": "random",
        "local_search": "CVND",
        "metaheuristic": "BVNS",
        "num_threads": 8,
        "operators": [
            "insert_1",
            "remove_1",
            "twoOpt",
            "centExchange_1",
            "centExchange_3",
            "centExchange_4",
            "relocate_1",
            "relocate_4",
            "revRelocate_2",
            "revRelocate_3",
            "revRelocate_5",
            "moveAll_1",
            "moveAll_2",
            "moveAll_3",
            "moveAll_10"
        ],
        "perturbation": [
            "reinsert"
        ],
        "stop_on_feasible": false,
        "timeout": 140
    },
    "histogram": {
        "all": {
            "centExchange_1": 699938,
            "centExchange_3": 699936,
            "centExchange_4": 699936,
            "insert_1": 725018,
            "moveAll_1": 576880,
            "moveAll_10": 435791,
            "moveAll_2": 558174,
            "moveAll_3": 525819,
            "relocate_1": 657590,
            "relocate_4": 649366,
            "remove_1": 725018,
            "revRelocate_2": 614067,
            "revRelocate_3": 604638,
            "revRelocate_5": 604332,
            "twoOpt": 701461
        },
        "improving": {
            "centExchange_1": 222285,
            "centExchange_3": 36443,
            "centExchange_4": 6815,
            "insert_1": 0,
            "moveAll_1": 127566,
            "moveAll_10": 221030,
            "moveAll_2": 115441,
            "moveAll_3": 124908,
            "relocate_1": 381577,
            "relocate_4": 217598,
            "remove_1": 0,
            "revRelocate_2": 291203,
            "revRelocate_3": 100842,
            "revRelocate_5": 9441,
            "twoOpt": 354644
        },
        "rate": {
            "centExchange_1": 0.31757813692092896,
            "centExchange_3": 0.05206618830561638,
            "centExchange_4": 0.009736604057252407,
            "insert_1": 0.0,
            "moveAll_1": 0.22113090753555298,
            "moveAll_10": 0.5071926712989807,
            "moveAll_2": 0.20681902766227722,
            "moveAll_3": 0.23754942417144775,
            "relocate_1": 0.5802658200263977,
            "relocate_4": 0.3350929915904999,
            "remove_1": 0.0,
            "revRelocate_2": 0.47422024607658386,
            "revRelocate_3": 0.16678078472614288,
            "revRelocate_5": 0.015622207894921303,
            "twoOpt": 0.5055790543556213
        }
    },
    "last_improvement": 0,
    "name": "burma14-14-2.20-0",
    "solution": {
        "fitness": 53,
        "is_feasible": true,
        "permutation": [
            1,
            7,
            10,
            2,
            13,
            6,
            5,
            3,
            11,
            12,
            0,
            9,
            4,
            8
        ],
        "permutation_orig_ids": [
            "2",
            "8",
            "11",
            "3",
            "14",
            "7",
            "6",
            "4",
            "12",
            "13",
            "1",
            "10",
            "5",
            "9"
        ]
    },
    "steps": {
        "0": 53
    },
    "timeout": 140
}