{
    "config": {
        "allow_infeasible": true,
        "bvns_max_k": 7,
        "bvns_min_k": 1,
        "construction": "random",
        "local_search": "CVND",
        "metaheuristic": "BVNS",
        "num_threads": 8,
        "operators": [
            "insert_1",
            "remove_1",
            "twoOpt",
            "centExchange_1",
            "centExchange_3",
            "centExchange_4",
            "relocate_1",
            "relocate_4",
            "revRelocate_2",
            "revRelocate_3",
            "revRelocate_5",
            "moveAll_1",
            "moveAll_2",
            "moveAll_3",
            "moveAll_10"
        ],
        "perturbation": [
            "reinsert"
        ],
        "stop_on_feasible": false,
        "timeout": 220
    },
    "histogram": {
        "all": {
            "centExchange_1": 306953,
            "centExchange_3": 306912,
            "centExchange_4": 306912,
            "insert_1": 317336,
            "moveAll_1": 251950,
            "moveAll_10": 218951,
            "moveAll_2": 247785,
            "moveAll_3": 242658,
            "relocate_1": 286612,
            "relocate_4": 278686,
            "remove_1": 317336,
            "revRelocate_2": 264053,
            "revRelocate_3": 257786,
            "revRelocate_5": 255329,
            "twoOpt": 308141
        },
        "improving": {
            "centExchange_1": 94539,
            "centExchange_3": 35669,
            "centExchange_4": 12888,
            "insert_1": 0,
            "moveAll_1": 64191,
            "moveAll_10": 128981,
            "moveAll_2": 60073,
            "moveAll_3": 55959,
            "relocate_1": 183263,
            "relocate_4": 124460,
            "remove_1": 0,
            "revRelocate_2": 146659,
            "revRelocate_3": 93798,
            "revRelocate_5": 24840,
            "twoOpt": 150179
        },
        "rate": {
            "centExchange_1": 0.30799177289009094,
            "centExchange_3": 0.11621898412704468,
            "centExchange_4": 0.041992492973804474,
            "insert_1": 0.0,
            "moveAll_1": 0.2547767460346222,
            "moveAll_10": 0.58908611536026,
            "moveAll_2": 0.24244001507759094,
            "moveAll_3": 0.2306085079908371,
            "relocate_1": 0.639411449432373,
            "relocate_4": 0.44659581780433655,
            "remove_1": 0.0,
            "revRelocate_2": 0.5554150342941284,
            "revRelocate_3": 0.36385995149612427,
            "revRelocate_5": 0.09728624671697617,
            "twoOpt": 0.487371027469635
        }
    },
    "last_improvement": 0,
    "name": "ulysses22.tsp-22-3.80-0",
    "solution": {
        "fitness": 141,
        "is_feasible": true,
        "permutation": [
            12,
            11,
            21,
            16,
            17,
            2,
            8,
            4,
            14,
            13,
            18,
            19,
            5,
            9,
            7,
            0,
            1,
            20,
            10,
            6,
            3,
            15
        ],
        "permutation_orig_ids": [
            "13",
            "12",
            "22",
            "17",
            "18",
            "3",
            "9",
            "5",
            "15",
            "14",
            "19",
            "20",
            "6",
            "10",
            "8",
            "1",
            "2",
            "21",
            "11",
            "7",
            "4",
            "16"
        ]
    },
    "steps": {
        "0": 141
    },
    "timeout": 220
}