{
    "config": {
        "allow_infeasible": true,
        "bvns_max_k": 7,
        "bvns_min_k": 1,
        "construction": "random",
        "local_search": "CVND",
        "metaheuristic": "BVNS",
        "num_threads": 8,
        "operators": [
            "insert_1",
            "remove_1",
            "twoOpt",
            "centExchange_1",
            "centExchange_3",
            "centExchange_4",
            "relocate_1",
            "relocate_4",
            "revRelocate_2",
            "revRelocate_3",
            "revRelocate_5",
            "moveAll_1",
            "moveAll_2",
            "moveAll_3",
            "moveAll_10"
        ],
        "perturbation": [
            "reinsert"
        ],
        "stop_on_feasible": false,
        "timeout": 140
    },
    "histogram": {
        "all": {
            "centExchange_1": 712222,
            "centExchange_3": 712220,
            "centExchange_4": 712220,
            "insert_1": 737906,
            "moveAll_1": 586966,
            "moveAll_10": 443831,
            "moveAll_2": 568322,
            "moveAll_3": 535747,
            "relocate_1": 669074,
            "relocate_4": 660751,
            "remove_1": 737906,
            "revRelocate_2": 624981,
            "revRelocate_3": 615255,
            "revRelocate_5": 614991,
            "twoOpt": 713831
        },
        "improving": {
            "centExchange_1": 225810,
            "centExchange_3": 36989,
            "centExchange_4": 6914,
            "insert_1": 0,
            "moveAll_1": 129628,
            "moveAll_10": 225723,
            "moveAll_2": 117416,
            "moveAll_3": 127022,
            "relocate_1": 388282,
            "relocate_4": 221522,
            "remove_1": 0,
            "revRelocate_2": 296505,
            "revRelocate_3": 103101,
            "revRelocate_5": 9660,
            "twoOpt": 361034
        },
        "rate": {
            "centExchange_1": 0.3170500099658966,
            "centExchange_3": 0.05193479359149933,
            "centExchange_4": 0.009707674384117126,
            "insert_1": 0.0,
            "moveAll_1": 0.22084413468837738,
            "moveAll_10": 0.5085787177085876,
            "moveAll_2": 0.20660118758678436,
            "moveAll_3": 0.2370932549238205,
            "relocate_1": 0.5803274512290955,
            "relocate_4": 0.3352579176425934,
            "remove_1": 0.0,
            "revRelocate_2": 0.474422425031662,
            "revRelocate_3": 0.1675744205713272,
            "revRelocate_5": 0.01570754684507847,
            "twoOpt": 0.5057695508003235
        }
    },
    "last_improvement": 0,
    "name": "burma14-14-2.20-0",
    "solution": {
        "fitness": 53,
        "is_feasible": true,
        "permutation": [
            1,
            7,
            10,
            2,
            13,
            6,
            5,
            3,
            11,
            12,
            0,
            9,
            4,
            8
        ],
        "permutation_orig_ids": [
            "2",
            "8",
            "11",
            "3",
            "14",
            "7",
            "6",
            "4",
            "12",
            "13",
            "1",
            "10",
            "5",
            "9"
        ]
    },
    "steps": {
        "0": 53
    },
    "timeout": 140
}