{
    "config": {
        "allow_infeasible": true,
        "bvns_max_k": 7,
        "bvns_min_k": 1,
        "construction": "random",
        "local_search": "CVND",
        "metaheuristic": "BVNS",
        "num_threads": 8,
        "operators": [
            "insert_1",
            "remove_1",
            "twoOpt",
            "centExchange_1",
            "centExchange_3",
            "centExchange_4",
            "relocate_1",
            "relocate_4",
            "revRelocate_2",
            "revRelocate_3",
            "revRelocate_5",
            "moveAll_1",
            "moveAll_2",
            "moveAll_3",
            "moveAll_10"
        ],
        "perturbation": [
            "reinsert"
        ],
        "stop_on_feasible": false,
        "timeout": 520
    },
    "histogram": {
        "all": {
            "centExchange_1": 31685,
            "centExchange_3": 31675,
            "centExchange_4": 31647,
            "insert_1": 32690,
            "moveAll_1": 26582,
            "moveAll_10": 25660,
            "moveAll_2": 26425,
            "moveAll_3": 26307,
            "relocate_1": 29322,
            "relocate_4": 29080,
            "remove_1": 32690,
            "revRelocate_2": 27738,
            "revRelocate_3": 27180,
            "revRelocate_5": 26861,
            "twoOpt": 31770
        },
        "improving": {
            "centExchange_1": 9869,
            "centExchange_3": 6192,
            "centExchange_4": 4009,
            "insert_1": 0,
            "moveAll_1": 9098,
            "moveAll_10": 13120,
            "moveAll_2": 6954,
            "moveAll_3": 6482,
            "relocate_1": 22552,
            "relocate_4": 13227,
            "remove_1": 0,
            "revRelocate_2": 18630,
            "revRelocate_3": 14510,
            "revRelocate_5": 9953,
            "twoOpt": 19117
        },
        "rate": {
            "centExchange_1": 0.3114722967147827,
            "centExchange_3": 0.19548539817333221,
            "centExchange_4": 0.12667867541313171,
            "insert_1": 0.0,
            "moveAll_1": 0.3422616720199585,
            "moveAll_10": 0.5113016366958618,
            "moveAll_2": 0.2631599009037018,
            "moveAll_3": 0.24639829993247986,
            "relocate_1": 0.7691153287887573,
            "relocate_4": 0.4548487067222595,
            "remove_1": 0.0,
            "revRelocate_2": 0.6716417670249939,
            "revRelocate_3": 0.5338484048843384,
            "revRelocate_5": 0.3705372214317322,
            "twoOpt": 0.6017311811447144
        }
    },
    "last_improvement": 518,
    "name": "berlin52-52-8.30-0",
    "solution": {
        "fitness": 19331,
        "is_feasible": true,
        "permutation": [
            24,
            4,
            35,
            21,
            28,
            49,
            19,
            30,
            1,
            6,
            16,
            17,
            18,
            40,
            7,
            44,
            31,
            36,
            37,
            5,
            32,
            47,
            45,
            43,
            39,
            48,
            38,
            13,
            26,
            51,
            12,
            11,
            46,
            34,
            41,
            29,
            2,
            3,
            10,
            0,
            8,
            22,
            20,
            15,
            9,
            23,
            50,
            14,
            33,
            42,
            27,
            25
        ],
        "permutation_orig_ids": [
            "25",
            "5",
            "36",
            "22",
            "29",
            "50",
            "20",
            "31",
            "2",
            "7",
            "17",
            "18",
            "19",
            "41",
            "8",
            "45",
            "32",
            "37",
            "38",
            "6",
            "33",
            "48",
            "46",
            "44",
            "40",
            "49",
            "39",
            "14",
            "27",
            "52",
            "13",
            "12",
            "47",
            "35",
            "42",
            "30",
            "3",
            "4",
            "11",
            "1",
            "9",
            "23",
            "21",
            "16",
            "10",
            "24",
            "51",
            "15",
            "34",
            "43",
            "28",
            "26"
        ]
    },
    "steps": {
        "0": 22842,
        "1": 22085,
        "105": 20733,
        "109": 20186,
        "110": 20116,
        "111": 20060,
        "117": 20033,
        "119": 19790,
        "122": 19695,
        "13": 21420,
        "131": 19642,
        "142": 19334,
        "4": 21756,
        "518": 19331,
        "6": 21672,
        "87": 20852,
        "89": 20754
    },
    "timeout": 520
}