{
    "config": {
        "allow_infeasible": true,
        "bvns_max_k": 7,
        "bvns_min_k": 1,
        "construction": "random",
        "local_search": "CVND",
        "metaheuristic": "BVNS",
        "num_threads": 8,
        "operators": [
            "insert_1",
            "remove_1",
            "twoOpt",
            "centExchange_1",
            "centExchange_3",
            "centExchange_4",
            "relocate_1",
            "relocate_4",
            "revRelocate_2",
            "revRelocate_3",
            "revRelocate_5",
            "moveAll_1",
            "moveAll_2",
            "moveAll_3",
            "moveAll_10"
        ],
        "perturbation": [
            "reinsert"
        ],
        "stop_on_feasible": false,
        "timeout": 220
    },
    "histogram": {
        "all": {
            "centExchange_1": 299925,
            "centExchange_3": 299886,
            "centExchange_4": 299886,
            "insert_1": 309993,
            "moveAll_1": 246081,
            "moveAll_10": 213736,
            "moveAll_2": 242134,
            "moveAll_3": 237153,
            "relocate_1": 280017,
            "relocate_4": 272500,
            "remove_1": 309993,
            "revRelocate_2": 258086,
            "revRelocate_3": 251981,
            "revRelocate_5": 249465,
            "twoOpt": 301047
        },
        "improving": {
            "centExchange_1": 92396,
            "centExchange_3": 34850,
            "centExchange_4": 12483,
            "insert_1": 0,
            "moveAll_1": 62402,
            "moveAll_10": 126071,
            "moveAll_2": 58568,
            "moveAll_3": 54904,
            "relocate_1": 178988,
            "relocate_4": 121386,
            "remove_1": 0,
            "revRelocate_2": 143440,
            "revRelocate_3": 91460,
            "revRelocate_5": 24334,
            "twoOpt": 146729
        },
        "rate": {
            "centExchange_1": 0.30806368589401245,
            "centExchange_3": 0.11621082574129105,
            "centExchange_4": 0.041625816375017166,
            "insert_1": 0.0,
            "moveAll_1": 0.253583163022995,
            "moveAll_10": 0.5898444652557373,
            "moveAll_2": 0.2418825924396515,
            "moveAll_3": 0.23151299357414246,
            "relocate_1": 0.6392040252685547,
            "relocate_4": 0.4454531967639923,
            "remove_1": 0.0,
            "revRelocate_2": 0.555783748626709,
            "revRelocate_3": 0.36296388506889343,
            "revRelocate_5": 0.09754474461078644,
            "twoOpt": 0.48739564418792725
        }
    },
    "last_improvement": 0,
    "name": "ulysses22.tsp-22-3.80-0",
    "solution": {
        "fitness": 141,
        "is_feasible": true,
        "permutation": [
            12,
            11,
            21,
            16,
            17,
            2,
            8,
            4,
            14,
            13,
            18,
            19,
            5,
            9,
            7,
            0,
            1,
            20,
            10,
            6,
            3,
            15
        ],
        "permutation_orig_ids": [
            "13",
            "12",
            "22",
            "17",
            "18",
            "3",
            "9",
            "5",
            "15",
            "14",
            "19",
            "20",
            "6",
            "10",
            "8",
            "1",
            "2",
            "21",
            "11",
            "7",
            "4",
            "16"
        ]
    },
    "steps": {
        "0": 141
    },
    "timeout": 220
}