{
    "config": {
        "allow_infeasible": true,
        "bvns_max_k": 7,
        "bvns_min_k": 1,
        "construction": "random",
        "local_search": "CVND",
        "metaheuristic": "BVNS",
        "num_threads": 8,
        "operators": [
            "insert_1",
            "remove_1",
            "twoOpt",
            "centExchange_1",
            "centExchange_3",
            "centExchange_4",
            "relocate_1",
            "relocate_4",
            "revRelocate_2",
            "revRelocate_3",
            "revRelocate_5",
            "moveAll_1",
            "moveAll_2",
            "moveAll_3",
            "moveAll_10"
        ],
        "perturbation": [
            "reinsert"
        ],
        "stop_on_feasible": false,
        "timeout": 520
    },
    "histogram": {
        "all": {
            "centExchange_1": 31698,
            "centExchange_3": 31684,
            "centExchange_4": 31680,
            "insert_1": 32451,
            "moveAll_1": 26645,
            "moveAll_10": 25587,
            "moveAll_2": 26490,
            "moveAll_3": 26290,
            "relocate_1": 29375,
            "relocate_4": 29140,
            "remove_1": 32451,
            "revRelocate_2": 27948,
            "revRelocate_3": 27239,
            "revRelocate_5": 26898,
            "twoOpt": 31786
        },
        "improving": {
            "centExchange_1": 10180,
            "centExchange_3": 6470,
            "centExchange_4": 3703,
            "insert_1": 0,
            "moveAll_1": 9567,
            "moveAll_10": 13645,
            "moveAll_2": 7140,
            "moveAll_3": 7300,
            "relocate_1": 22848,
            "relocate_4": 13057,
            "remove_1": 0,
            "revRelocate_2": 18831,
            "revRelocate_3": 15316,
            "revRelocate_5": 10402,
            "twoOpt": 18898
        },
        "rate": {
            "centExchange_1": 0.3211559057235718,
            "centExchange_3": 0.2042040079832077,
            "centExchange_4": 0.11688762903213501,
            "insert_1": 0.0,
            "moveAll_1": 0.35905423760414124,
            "moveAll_10": 0.5332786440849304,
            "moveAll_2": 0.2695356607437134,
            "moveAll_3": 0.2776721119880676,
            "relocate_1": 0.7778042554855347,
            "relocate_4": 0.4480782449245453,
            "remove_1": 0.0,
            "revRelocate_2": 0.6737870573997498,
            "revRelocate_3": 0.5622820258140564,
            "revRelocate_5": 0.386720210313797,
            "twoOpt": 0.5945384502410889
        }
    },
    "last_improvement": 24,
    "name": "berlin52-52-8.30-0",
    "solution": {
        "fitness": 21054,
        "is_feasible": true,
        "permutation": [
            36,
            5,
            4,
            3,
            24,
            12,
            51,
            13,
            25,
            45,
            35,
            43,
            28,
            49,
            19,
            6,
            1,
            16,
            17,
            31,
            7,
            44,
            32,
            39,
            38,
            47,
            26,
            23,
            34,
            15,
            37,
            9,
            30,
            18,
            40,
            21,
            11,
            29,
            41,
            10,
            0,
            8,
            22,
            20,
            33,
            42,
            27,
            46,
            48,
            2,
            14,
            50
        ],
        "permutation_orig_ids": [
            "37",
            "6",
            "5",
            "4",
            "25",
            "13",
            "52",
            "14",
            "26",
            "46",
            "36",
            "44",
            "29",
            "50",
            "20",
            "7",
            "2",
            "17",
            "18",
            "32",
            "8",
            "45",
            "33",
            "40",
            "39",
            "48",
            "27",
            "24",
            "35",
            "16",
            "38",
            "10",
            "31",
            "19",
            "41",
            "22",
            "12",
            "30",
            "42",
            "11",
            "1",
            "9",
            "23",
            "21",
            "34",
            "43",
            "28",
            "47",
            "49",
            "3",
            "15",
            "51"
        ]
    },
    "steps": {
        "0": 23320,
        "1": 21961,
        "14": 21631,
        "2": 21908,
        "20": 21527,
        "24": 21054
    },
    "timeout": 520
}