{
    "config": {
        "allow_infeasible": true,
        "bvns_max_k": 7,
        "bvns_min_k": 1,
        "construction": "random",
        "local_search": "CVND",
        "metaheuristic": "BVNS",
        "num_threads": 8,
        "operators": [
            "insert_1",
            "remove_1",
            "twoOpt",
            "centExchange_1",
            "centExchange_3",
            "centExchange_4",
            "relocate_1",
            "relocate_4",
            "revRelocate_2",
            "revRelocate_3",
            "revRelocate_5",
            "moveAll_1",
            "moveAll_2",
            "moveAll_3",
            "moveAll_10"
        ],
        "perturbation": [
            "reinsert"
        ],
        "stop_on_feasible": false,
        "timeout": 140
    },
    "histogram": {
        "all": {
            "centExchange_1": 726931,
            "centExchange_3": 726928,
            "centExchange_4": 726928,
            "insert_1": 752940,
            "moveAll_1": 599019,
            "moveAll_10": 452761,
            "moveAll_2": 580021,
            "moveAll_3": 546326,
            "relocate_1": 683133,
            "relocate_4": 674457,
            "remove_1": 752940,
            "revRelocate_2": 637831,
            "revRelocate_3": 627817,
            "revRelocate_5": 627532,
            "twoOpt": 728411
        },
        "improving": {
            "centExchange_1": 229964,
            "centExchange_3": 37487,
            "centExchange_4": 7052,
            "insert_1": 0,
            "moveAll_1": 131759,
            "moveAll_10": 229642,
            "moveAll_2": 120308,
            "moveAll_3": 129717,
            "relocate_1": 396086,
            "relocate_4": 226059,
            "remove_1": 0,
            "revRelocate_2": 302577,
            "revRelocate_3": 104998,
            "revRelocate_5": 9595,
            "twoOpt": 368201
        },
        "rate": {
            "centExchange_1": 0.3163491487503052,
            "centExchange_3": 0.05156906694173813,
            "centExchange_4": 0.009701098315417767,
            "insert_1": 0.0,
            "moveAll_1": 0.21995796263217926,
            "moveAll_10": 0.5072035789489746,
            "moveAll_2": 0.20742008090019226,
            "moveAll_3": 0.23743516206741333,
            "relocate_1": 0.5798080563545227,
            "relocate_4": 0.3351718485355377,
            "remove_1": 0.0,
            "revRelocate_2": 0.47438427805900574,
            "revRelocate_3": 0.16724300384521484,
            "revRelocate_5": 0.01529005728662014,
            "twoOpt": 0.5054852366447449
        }
    },
    "last_improvement": 0,
    "name": "burma14-14-2.20-0",
    "solution": {
        "fitness": 53,
        "is_feasible": true,
        "permutation": [
            1,
            7,
            10,
            2,
            13,
            6,
            5,
            3,
            11,
            12,
            0,
            9,
            4,
            8
        ],
        "permutation_orig_ids": [
            "2",
            "8",
            "11",
            "3",
            "14",
            "7",
            "6",
            "4",
            "12",
            "13",
            "1",
            "10",
            "5",
            "9"
        ]
    },
    "steps": {
        "0": 53
    },
    "timeout": 140
}