{
    "config": {
        "allow_infeasible": true,
        "bvns_max_k": 7,
        "bvns_min_k": 1,
        "construction": "random",
        "local_search": "CVND",
        "metaheuristic": "BVNS",
        "num_threads": 8,
        "operators": [
            "insert_1",
            "remove_1",
            "twoOpt",
            "centExchange_1",
            "centExchange_3",
            "centExchange_4",
            "relocate_1",
            "relocate_4",
            "revRelocate_2",
            "revRelocate_3",
            "revRelocate_5",
            "moveAll_1",
            "moveAll_2",
            "moveAll_3",
            "moveAll_10"
        ],
        "perturbation": [
            "reinsert"
        ],
        "stop_on_feasible": false,
        "timeout": 220
    },
    "histogram": {
        "all": {
            "centExchange_1": 301273,
            "centExchange_3": 301232,
            "centExchange_4": 301232,
            "insert_1": 311522,
            "moveAll_1": 247109,
            "moveAll_10": 214897,
            "moveAll_2": 243147,
            "moveAll_3": 238243,
            "relocate_1": 281125,
            "relocate_4": 273593,
            "remove_1": 311522,
            "revRelocate_2": 259097,
            "revRelocate_3": 253037,
            "revRelocate_5": 250466,
            "twoOpt": 302432
        },
        "improving": {
            "centExchange_1": 92938,
            "centExchange_3": 35239,
            "centExchange_4": 12806,
            "insert_1": 0,
            "moveAll_1": 62646,
            "moveAll_10": 126819,
            "moveAll_2": 58618,
            "moveAll_3": 54983,
            "relocate_1": 179779,
            "relocate_4": 122075,
            "remove_1": 0,
            "revRelocate_2": 143900,
            "revRelocate_3": 91953,
            "revRelocate_5": 24895,
            "twoOpt": 147235
        },
        "rate": {
            "centExchange_1": 0.30848434567451477,
            "centExchange_3": 0.11698292195796967,
            "centExchange_4": 0.042512085288763046,
            "insert_1": 0.0,
            "moveAll_1": 0.25351566076278687,
            "moveAll_10": 0.5901385545730591,
            "moveAll_2": 0.24108049273490906,
            "moveAll_3": 0.23078536987304688,
            "relocate_1": 0.6394984722137451,
            "relocate_4": 0.4461919665336609,
            "remove_1": 0.0,
            "revRelocate_2": 0.555390477180481,
            "revRelocate_3": 0.3633974492549896,
            "revRelocate_5": 0.09939473122358322,
            "twoOpt": 0.486836701631546
        }
    },
    "last_improvement": 0,
    "name": "ulysses22.tsp-22-3.80-0",
    "solution": {
        "fitness": 141,
        "is_feasible": true,
        "permutation": [
            12,
            11,
            21,
            16,
            17,
            2,
            8,
            4,
            14,
            13,
            18,
            19,
            5,
            9,
            7,
            0,
            1,
            20,
            10,
            6,
            3,
            15
        ],
        "permutation_orig_ids": [
            "13",
            "12",
            "22",
            "17",
            "18",
            "3",
            "9",
            "5",
            "15",
            "14",
            "19",
            "20",
            "6",
            "10",
            "8",
            "1",
            "2",
            "21",
            "11",
            "7",
            "4",
            "16"
        ]
    },
    "steps": {
        "0": 141
    },
    "timeout": 220
}