{
    "config": {
        "allow_infeasible": true,
        "bvns_max_k": 7,
        "bvns_min_k": 1,
        "construction": "random",
        "local_search": "CVND",
        "metaheuristic": "BVNS",
        "num_threads": 8,
        "operators": [
            "insert_1",
            "remove_1",
            "twoOpt",
            "centExchange_1",
            "centExchange_3",
            "centExchange_4",
            "relocate_1",
            "relocate_4",
            "revRelocate_2",
            "revRelocate_3",
            "revRelocate_5",
            "moveAll_1",
            "moveAll_2",
            "moveAll_3",
            "moveAll_10"
        ],
        "perturbation": [
            "reinsert"
        ],
        "stop_on_feasible": false,
        "timeout": 520
    },
    "histogram": {
        "all": {
            "centExchange_1": 31161,
            "centExchange_3": 31146,
            "centExchange_4": 31142,
            "insert_1": 31927,
            "moveAll_1": 26055,
            "moveAll_10": 25111,
            "moveAll_2": 25943,
            "moveAll_3": 25810,
            "relocate_1": 28863,
            "relocate_4": 28566,
            "remove_1": 31927,
            "revRelocate_2": 27325,
            "revRelocate_3": 26626,
            "revRelocate_5": 26274,
            "twoOpt": 31220
        },
        "improving": {
            "centExchange_1": 9644,
            "centExchange_3": 6252,
            "centExchange_4": 3663,
            "insert_1": 0,
            "moveAll_1": 8682,
            "moveAll_10": 13057,
            "moveAll_2": 6646,
            "moveAll_3": 6482,
            "relocate_1": 22327,
            "relocate_4": 13252,
            "remove_1": 0,
            "revRelocate_2": 18294,
            "revRelocate_3": 14499,
            "revRelocate_5": 9657,
            "twoOpt": 18196
        },
        "rate": {
            "centExchange_1": 0.3094894289970398,
            "centExchange_3": 0.2007320374250412,
            "centExchange_4": 0.1176225021481514,
            "insert_1": 0.0,
            "moveAll_1": 0.33321818709373474,
            "moveAll_10": 0.5199713110923767,
            "moveAll_2": 0.25617700815200806,
            "moveAll_3": 0.2511429786682129,
            "relocate_1": 0.7735509276390076,
            "relocate_4": 0.4639081358909607,
            "remove_1": 0.0,
            "revRelocate_2": 0.6694967746734619,
            "revRelocate_3": 0.5445429086685181,
            "revRelocate_5": 0.3675496578216553,
            "twoOpt": 0.5828315019607544
        }
    },
    "last_improvement": 143,
    "name": "berlin52-52-8.30-0",
    "solution": {
        "fitness": 19697,
        "is_feasible": true,
        "permutation": [
            36,
            23,
            4,
            3,
            45,
            43,
            35,
            21,
            30,
            22,
            28,
            49,
            19,
            6,
            1,
            16,
            17,
            31,
            44,
            7,
            39,
            38,
            34,
            37,
            9,
            40,
            18,
            5,
            32,
            47,
            26,
            13,
            15,
            46,
            51,
            12,
            11,
            29,
            41,
            10,
            0,
            8,
            20,
            33,
            42,
            27,
            25,
            24,
            48,
            2,
            14,
            50
        ],
        "permutation_orig_ids": [
            "37",
            "24",
            "5",
            "4",
            "46",
            "44",
            "36",
            "22",
            "31",
            "23",
            "29",
            "50",
            "20",
            "7",
            "2",
            "17",
            "18",
            "32",
            "45",
            "8",
            "40",
            "39",
            "35",
            "38",
            "10",
            "41",
            "19",
            "6",
            "33",
            "48",
            "27",
            "14",
            "16",
            "47",
            "52",
            "13",
            "12",
            "30",
            "42",
            "11",
            "1",
            "9",
            "21",
            "34",
            "43",
            "28",
            "26",
            "25",
            "49",
            "3",
            "15",
            "51"
        ]
    },
    "steps": {
        "0": 23663,
        "1": 23645,
        "136": 19988,
        "141": 19788,
        "143": 19697,
        "2": 23356,
        "28": 21028,
        "31": 20111,
        "4": 23081,
        "6": 21503,
        "70": 20052,
        "74": 20019
    },
    "timeout": 520
}