{
    "config": {
        "allow_infeasible": true,
        "bvns_max_k": 7,
        "bvns_min_k": 1,
        "construction": "random",
        "local_search": "CVND",
        "metaheuristic": "BVNS",
        "num_threads": 8,
        "operators": [
            "insert_1",
            "remove_1",
            "twoOpt",
            "centExchange_1",
            "centExchange_3",
            "centExchange_4",
            "relocate_1",
            "relocate_4",
            "revRelocate_2",
            "revRelocate_3",
            "revRelocate_5",
            "moveAll_1",
            "moveAll_2",
            "moveAll_3",
            "moveAll_10"
        ],
        "perturbation": [
            "reinsert"
        ],
        "stop_on_feasible": false,
        "timeout": 140
    },
    "histogram": {
        "all": {
            "centExchange_1": 731835,
            "centExchange_3": 731830,
            "centExchange_4": 731830,
            "insert_1": 758004,
            "moveAll_1": 603098,
            "moveAll_10": 455860,
            "moveAll_2": 583702,
            "moveAll_3": 549922,
            "relocate_1": 687315,
            "relocate_4": 678617,
            "remove_1": 758004,
            "revRelocate_2": 641852,
            "revRelocate_3": 631888,
            "revRelocate_5": 631605,
            "twoOpt": 733442
        },
        "improving": {
            "centExchange_1": 231997,
            "centExchange_3": 37989,
            "centExchange_4": 7202,
            "insert_1": 0,
            "moveAll_1": 132695,
            "moveAll_10": 231365,
            "moveAll_2": 120475,
            "moveAll_3": 130423,
            "relocate_1": 399148,
            "relocate_4": 227070,
            "remove_1": 0,
            "revRelocate_2": 304292,
            "revRelocate_3": 105398,
            "revRelocate_5": 9923,
            "twoOpt": 370671
        },
        "rate": {
            "centExchange_1": 0.31700724363327026,
            "centExchange_3": 0.05190959572792053,
            "centExchange_4": 0.00984108354896307,
            "insert_1": 0.0,
            "moveAll_1": 0.2200222909450531,
            "moveAll_10": 0.5075352191925049,
            "moveAll_2": 0.2063981294631958,
            "moveAll_3": 0.2371663600206375,
            "relocate_1": 0.5807352066040039,
            "relocate_4": 0.33460700511932373,
            "remove_1": 0.0,
            "revRelocate_2": 0.47408437728881836,
            "revRelocate_3": 0.16679854691028595,
            "revRelocate_5": 0.015710769221186638,
            "twoOpt": 0.5053855776786804
        }
    },
    "last_improvement": 0,
    "name": "burma14-14-2.20-0",
    "solution": {
        "fitness": 53,
        "is_feasible": true,
        "permutation": [
            1,
            7,
            10,
            2,
            13,
            6,
            5,
            3,
            11,
            12,
            0,
            9,
            4,
            8
        ],
        "permutation_orig_ids": [
            "2",
            "8",
            "11",
            "3",
            "14",
            "7",
            "6",
            "4",
            "12",
            "13",
            "1",
            "10",
            "5",
            "9"
        ]
    },
    "steps": {
        "0": 53
    },
    "timeout": 140
}