{
    "config": {
        "allow_infeasible": true,
        "bvns_max_k": 7,
        "bvns_min_k": 1,
        "construction": "random",
        "local_search": "CVND",
        "metaheuristic": "BVNS",
        "num_threads": 8,
        "operators": [
            "insert_1",
            "remove_1",
            "twoOpt",
            "centExchange_1",
            "centExchange_3",
            "centExchange_4",
            "relocate_1",
            "relocate_4",
            "revRelocate_2",
            "revRelocate_3",
            "revRelocate_5",
            "moveAll_1",
            "moveAll_2",
            "moveAll_3",
            "moveAll_10"
        ],
        "perturbation": [
            "reinsert"
        ],
        "stop_on_feasible": false,
        "timeout": 1010
    },
    "histogram": {
        "all": {
            "centExchange_1": 5040,
            "centExchange_3": 5035,
            "centExchange_4": 5035,
            "insert_1": 5125,
            "moveAll_1": 4239,
            "moveAll_10": 4182,
            "moveAll_2": 4229,
            "moveAll_3": 4221,
            "relocate_1": 4535,
            "relocate_4": 4513,
            "remove_1": 5125,
            "revRelocate_2": 4377,
            "revRelocate_3": 4308,
            "revRelocate_5": 4272,
            "twoOpt": 5048
        },
        "improving": {
            "centExchange_1": 1489,
            "centExchange_3": 1077,
            "centExchange_4": 788,
            "insert_1": 0,
            "moveAll_1": 1540,
            "moveAll_10": 1793,
            "moveAll_2": 1161,
            "moveAll_3": 1061,
            "relocate_1": 3901,
            "relocate_4": 2081,
            "remove_1": 0,
            "revRelocate_2": 3069,
            "revRelocate_3": 2455,
            "revRelocate_5": 1880,
            "twoOpt": 3051
        },
        "rate": {
            "centExchange_1": 0.2954365015029907,
            "centExchange_3": 0.21390268206596375,
            "centExchange_4": 0.15650446712970734,
            "insert_1": 0.0,
            "moveAll_1": 0.36329323053359985,
            "moveAll_10": 0.4287422299385071,
            "moveAll_2": 0.2745329737663269,
            "moveAll_3": 0.25136223435401917,
            "relocate_1": 0.860198438167572,
            "relocate_4": 0.4611123502254486,
            "remove_1": 0.0,
            "revRelocate_2": 0.7011651992797852,
            "revRelocate_3": 0.5698699951171875,
            "revRelocate_5": 0.4400749206542969,
            "twoOpt": 0.6043977737426758
        }
    },
    "last_improvement": 838,
    "name": "eil101-101-18.00-0",
    "solution": {
        "fitness": 1671,
        "is_feasible": true,
        "permutation": [
            39,
            52,
            27,
            26,
            88,
            5,
            95,
            58,
            84,
            36,
            92,
            98,
            86,
            41,
            13,
            37,
            42,
            14,
            40,
            74,
            71,
            20,
            75,
            79,
            23,
            53,
            38,
            66,
            24,
            54,
            76,
            32,
            33,
            0,
            30,
            68,
            69,
            29,
            78,
            34,
            77,
            64,
            70,
            19,
            65,
            63,
            16,
            60,
            90,
            91,
            4,
            82,
            47,
            10,
            62,
            9,
            46,
            48,
            35,
            7,
            6,
            1,
            97,
            15,
            59,
            17,
            94,
            12,
            56,
            72,
            73,
            28,
            67,
            80,
            11,
            25,
            3,
            57,
            22,
            21,
            8,
            87,
            55,
            93,
            31,
            81,
            51,
            61,
            99,
            96,
            44,
            83,
            45,
            43,
            50,
            49,
            18,
            85,
            2,
            89,
            100
        ],
        "permutation_orig_ids": [
            "40",
            "53",
            "28",
            "27",
            "89",
            "6",
            "96",
            "59",
            "85",
            "37",
            "93",
            "99",
            "87",
            "42",
            "14",
            "38",
            "43",
            "15",
            "41",
            "75",
            "72",
            "21",
            "76",
            "80",
            "24",
            "54",
            "39",
            "67",
            "25",
            "55",
            "77",
            "33",
            "34",
            "1",
            "31",
            "69",
            "70",
            "30",
            "79",
            "35",
            "78",
            "65",
            "71",
            "20",
            "66",
            "64",
            "17",
            "61",
            "91",
            "92",
            "5",
            "83",
            "48",
            "11",
            "63",
            "10",
            "47",
            "49",
            "36",
            "8",
            "7",
            "2",
            "98",
            "16",
            "60",
            "18",
            "95",
            "13",
            "57",
            "73",
            "74",
            "29",
            "68",
            "81",
            "12",
            "26",
            "4",
            "58",
            "23",
            "22",
            "9",
            "88",
            "56",
            "94",
            "32",
            "82",
            "52",
            "62",
            "100",
            "97",
            "45",
            "84",
            "46",
            "44",
            "51",
            "50",
            "19",
            "86",
            "3",
            "90",
            "101"
        ]
    },
    "steps": {
        "0": 2537,
        "1": 2446,
        "10": 2212,
        "101": 1998,
        "108": 1959,
        "109": 1926,
        "112": 1925,
        "12": 2186,
        "128": 1894,
        "13": 2156,
        "14": 2069,
        "154": 1865,
        "2": 2350,
        "295": 1855,
        "356": 1810,
        "357": 1807,
        "406": 1750,
        "433": 1740,
        "545": 1725,
        "593": 1709,
        "596": 1701,
        "618": 1675,
        "65": 2068,
        "7": 2228,
        "832": 1673,
        "838": 1671,
        "9": 2217,
        "90": 2065,
        "91": 2047,
        "92": 2002
    },
    "timeout": 1010
}