{
    "config": {
        "allow_infeasible": true,
        "bvns_max_k": 7,
        "bvns_min_k": 1,
        "construction": "random",
        "local_search": "CVND",
        "metaheuristic": "BVNS",
        "num_threads": 8,
        "operators": [
            "insert_1",
            "remove_1",
            "twoOpt",
            "centExchange_1",
            "centExchange_3",
            "centExchange_4",
            "relocate_1",
            "relocate_4",
            "revRelocate_2",
            "revRelocate_3",
            "revRelocate_5",
            "moveAll_1",
            "moveAll_2",
            "moveAll_3",
            "moveAll_10"
        ],
        "perturbation": [
            "reinsert"
        ],
        "stop_on_feasible": false,
        "timeout": 520
    },
    "histogram": {
        "all": {
            "centExchange_1": 31632,
            "centExchange_3": 31615,
            "centExchange_4": 31606,
            "insert_1": 32285,
            "moveAll_1": 26524,
            "moveAll_10": 25482,
            "moveAll_2": 26380,
            "moveAll_3": 26222,
            "relocate_1": 29209,
            "relocate_4": 28948,
            "remove_1": 32285,
            "revRelocate_2": 27701,
            "revRelocate_3": 27109,
            "revRelocate_5": 26787,
            "twoOpt": 31686
        },
        "improving": {
            "centExchange_1": 9431,
            "centExchange_3": 6379,
            "centExchange_4": 3666,
            "insert_1": 0,
            "moveAll_1": 9323,
            "moveAll_10": 13443,
            "moveAll_2": 6927,
            "moveAll_3": 6659,
            "relocate_1": 22869,
            "relocate_4": 13126,
            "remove_1": 0,
            "revRelocate_2": 18763,
            "revRelocate_3": 14600,
            "revRelocate_5": 9886,
            "twoOpt": 18205
        },
        "rate": {
            "centExchange_1": 0.29814743995666504,
            "centExchange_3": 0.2017713040113449,
            "centExchange_4": 0.11599063128232956,
            "insert_1": 0.0,
            "moveAll_1": 0.3514930009841919,
            "moveAll_10": 0.5275488495826721,
            "moveAll_2": 0.26258528232574463,
            "moveAll_3": 0.25394707918167114,
            "relocate_1": 0.782943606376648,
            "relocate_4": 0.4534337520599365,
            "remove_1": 0.0,
            "revRelocate_2": 0.6773401498794556,
            "revRelocate_3": 0.538566529750824,
            "revRelocate_5": 0.36905962228775024,
            "twoOpt": 0.5745439529418945
        }
    },
    "last_improvement": 435,
    "name": "berlin52-52-8.30-0",
    "solution": {
        "fitness": 19821,
        "is_feasible": true,
        "permutation": [
            36,
            3,
            39,
            35,
            44,
            18,
            7,
            40,
            16,
            6,
            1,
            22,
            28,
            49,
            19,
            30,
            21,
            31,
            17,
            34,
            38,
            23,
            4,
            45,
            43,
            37,
            9,
            5,
            32,
            47,
            26,
            13,
            15,
            46,
            51,
            12,
            11,
            29,
            41,
            10,
            0,
            8,
            20,
            33,
            42,
            27,
            25,
            24,
            48,
            2,
            14,
            50
        ],
        "permutation_orig_ids": [
            "37",
            "4",
            "40",
            "36",
            "45",
            "19",
            "8",
            "41",
            "17",
            "7",
            "2",
            "23",
            "29",
            "50",
            "20",
            "31",
            "22",
            "32",
            "18",
            "35",
            "39",
            "24",
            "5",
            "46",
            "44",
            "38",
            "10",
            "6",
            "33",
            "48",
            "27",
            "14",
            "16",
            "47",
            "52",
            "13",
            "12",
            "30",
            "42",
            "11",
            "1",
            "9",
            "21",
            "34",
            "43",
            "28",
            "26",
            "25",
            "49",
            "3",
            "15",
            "51"
        ]
    },
    "steps": {
        "0": 24600,
        "1": 22034,
        "364": 20363,
        "378": 20315,
        "379": 20275,
        "380": 20049,
        "383": 19843,
        "435": 19821,
        "48": 20985
    },
    "timeout": 520
}