{
    "config": {
        "allow_infeasible": true,
        "bvns_max_k": 7,
        "bvns_min_k": 1,
        "construction": "random",
        "local_search": "CVND",
        "metaheuristic": "BVNS",
        "num_threads": 8,
        "operators": [
            "insert_1",
            "remove_1",
            "twoOpt",
            "centExchange_1",
            "centExchange_3",
            "centExchange_4",
            "relocate_1",
            "relocate_4",
            "revRelocate_2",
            "revRelocate_3",
            "revRelocate_5",
            "moveAll_1",
            "moveAll_2",
            "moveAll_3",
            "moveAll_10"
        ],
        "perturbation": [
            "reinsert"
        ],
        "stop_on_feasible": false,
        "timeout": 140
    },
    "histogram": {
        "all": {
            "centExchange_1": 705421,
            "centExchange_3": 705415,
            "centExchange_4": 705415,
            "insert_1": 730755,
            "moveAll_1": 581633,
            "moveAll_10": 439449,
            "moveAll_2": 562943,
            "moveAll_3": 530274,
            "relocate_1": 662910,
            "relocate_4": 654701,
            "remove_1": 730755,
            "revRelocate_2": 619070,
            "revRelocate_3": 609371,
            "revRelocate_5": 609077,
            "twoOpt": 706944
        },
        "improving": {
            "centExchange_1": 223575,
            "centExchange_3": 36374,
            "centExchange_4": 7025,
            "insert_1": 0,
            "moveAll_1": 127478,
            "moveAll_10": 223131,
            "moveAll_2": 116495,
            "moveAll_3": 126406,
            "relocate_1": 384310,
            "relocate_4": 219177,
            "remove_1": 0,
            "revRelocate_2": 293746,
            "revRelocate_3": 101963,
            "revRelocate_5": 9523,
            "twoOpt": 357465
        },
        "rate": {
            "centExchange_1": 0.3169384002685547,
            "centExchange_3": 0.05156397446990013,
            "centExchange_4": 0.009958676993846893,
            "insert_1": 0.0,
            "moveAll_1": 0.21917256712913513,
            "moveAll_10": 0.5077517628669739,
            "moveAll_2": 0.20693925023078918,
            "moveAll_3": 0.238378643989563,
            "relocate_1": 0.5797317624092102,
            "relocate_4": 0.3347741961479187,
            "remove_1": 0.0,
            "revRelocate_2": 0.47449561953544617,
            "revRelocate_3": 0.1673249900341034,
            "revRelocate_5": 0.015635132789611816,
            "twoOpt": 0.5056482553482056
        }
    },
    "last_improvement": 0,
    "name": "burma14-14-2.20-0",
    "solution": {
        "fitness": 53,
        "is_feasible": true,
        "permutation": [
            1,
            7,
            10,
            2,
            13,
            6,
            5,
            3,
            11,
            12,
            0,
            9,
            4,
            8
        ],
        "permutation_orig_ids": [
            "2",
            "8",
            "11",
            "3",
            "14",
            "7",
            "6",
            "4",
            "12",
            "13",
            "1",
            "10",
            "5",
            "9"
        ]
    },
    "steps": {
        "0": 53
    },
    "timeout": 140
}