{
    "config": {
        "allow_infeasible": true,
        "bvns_max_k": 7,
        "bvns_min_k": 1,
        "construction": "random",
        "local_search": "CVND",
        "metaheuristic": "BVNS",
        "num_threads": 8,
        "operators": [
            "insert_1",
            "remove_1",
            "twoOpt",
            "centExchange_1",
            "centExchange_3",
            "centExchange_4",
            "relocate_1",
            "relocate_4",
            "revRelocate_2",
            "revRelocate_3",
            "revRelocate_5",
            "moveAll_1",
            "moveAll_2",
            "moveAll_3",
            "moveAll_10"
        ],
        "perturbation": [
            "reinsert"
        ],
        "stop_on_feasible": false,
        "timeout": 220
    },
    "histogram": {
        "all": {
            "centExchange_1": 304875,
            "centExchange_3": 304834,
            "centExchange_4": 304832,
            "insert_1": 315245,
            "moveAll_1": 250144,
            "moveAll_10": 217326,
            "moveAll_2": 246108,
            "moveAll_3": 240962,
            "relocate_1": 284551,
            "relocate_4": 276918,
            "remove_1": 315245,
            "revRelocate_2": 262138,
            "revRelocate_3": 255909,
            "revRelocate_5": 253468,
            "twoOpt": 306012
        },
        "improving": {
            "centExchange_1": 94244,
            "centExchange_3": 35442,
            "centExchange_4": 12962,
            "insert_1": 0,
            "moveAll_1": 64020,
            "moveAll_10": 127947,
            "moveAll_2": 59424,
            "moveAll_3": 55359,
            "relocate_1": 181688,
            "relocate_4": 123730,
            "remove_1": 0,
            "revRelocate_2": 145875,
            "revRelocate_3": 92948,
            "revRelocate_5": 24954,
            "twoOpt": 149250
        },
        "rate": {
            "centExchange_1": 0.3091233968734741,
            "centExchange_3": 0.11626655608415604,
            "centExchange_4": 0.04252178221940994,
            "insert_1": 0.0,
            "moveAll_1": 0.2559325695037842,
            "moveAll_10": 0.5887330770492554,
            "moveAll_2": 0.24145497381687164,
            "moveAll_3": 0.22974161803722382,
            "relocate_1": 0.6385076642036438,
            "relocate_4": 0.4468109607696533,
            "remove_1": 0.0,
            "revRelocate_2": 0.5564817190170288,
            "revRelocate_3": 0.36320722103118896,
            "revRelocate_5": 0.09845029562711716,
            "twoOpt": 0.48772597312927246
        }
    },
    "last_improvement": 0,
    "name": "ulysses22.tsp-22-3.80-0",
    "solution": {
        "fitness": 141,
        "is_feasible": true,
        "permutation": [
            12,
            11,
            21,
            16,
            17,
            2,
            8,
            4,
            14,
            13,
            18,
            19,
            5,
            9,
            7,
            0,
            1,
            20,
            10,
            6,
            3,
            15
        ],
        "permutation_orig_ids": [
            "13",
            "12",
            "22",
            "17",
            "18",
            "3",
            "9",
            "5",
            "15",
            "14",
            "19",
            "20",
            "6",
            "10",
            "8",
            "1",
            "2",
            "21",
            "11",
            "7",
            "4",
            "16"
        ]
    },
    "steps": {
        "0": 141
    },
    "timeout": 220
}