{
    "config": {
        "allow_infeasible": true,
        "bvns_max_k": 7,
        "bvns_min_k": 1,
        "construction": "random",
        "local_search": "CVND",
        "metaheuristic": "BVNS",
        "num_threads": 8,
        "operators": [
            "insert_1",
            "remove_1",
            "twoOpt",
            "centExchange_1",
            "centExchange_3",
            "centExchange_4",
            "relocate_1",
            "relocate_4",
            "revRelocate_2",
            "revRelocate_3",
            "revRelocate_5",
            "moveAll_1",
            "moveAll_2",
            "moveAll_3",
            "moveAll_10"
        ],
        "perturbation": [
            "reinsert"
        ],
        "stop_on_feasible": false,
        "timeout": 140
    },
    "histogram": {
        "all": {
            "centExchange_1": 698543,
            "centExchange_3": 698542,
            "centExchange_4": 698542,
            "insert_1": 723556,
            "moveAll_1": 575922,
            "moveAll_10": 434943,
            "moveAll_2": 557597,
            "moveAll_3": 525229,
            "relocate_1": 656496,
            "relocate_4": 648237,
            "remove_1": 723556,
            "revRelocate_2": 613296,
            "revRelocate_3": 603753,
            "revRelocate_5": 603476,
            "twoOpt": 699997
        },
        "improving": {
            "centExchange_1": 221459,
            "centExchange_3": 36158,
            "centExchange_4": 6888,
            "insert_1": 0,
            "moveAll_1": 126671,
            "moveAll_10": 221069,
            "moveAll_2": 115151,
            "moveAll_3": 125264,
            "relocate_1": 380658,
            "relocate_4": 216682,
            "remove_1": 0,
            "revRelocate_2": 290412,
            "revRelocate_3": 100689,
            "revRelocate_5": 9458,
            "twoOpt": 354115
        },
        "rate": {
            "centExchange_1": 0.3170298635959625,
            "centExchange_3": 0.05176210030913353,
            "centExchange_4": 0.009860537946224213,
            "insert_1": 0.0,
            "moveAll_1": 0.21994471549987793,
            "moveAll_10": 0.5082712173461914,
            "moveAll_2": 0.2065129429101944,
            "moveAll_3": 0.23849406838417053,
            "relocate_1": 0.579832911491394,
            "relocate_4": 0.33426356315612793,
            "remove_1": 0.0,
            "revRelocate_2": 0.47352665662765503,
            "revRelocate_3": 0.16677184402942657,
            "revRelocate_5": 0.015672536566853523,
            "twoOpt": 0.5058807134628296
        }
    },
    "last_improvement": 0,
    "name": "burma14-14-2.20-0",
    "solution": {
        "fitness": 53,
        "is_feasible": true,
        "permutation": [
            1,
            7,
            10,
            2,
            13,
            6,
            5,
            3,
            11,
            12,
            0,
            9,
            4,
            8
        ],
        "permutation_orig_ids": [
            "2",
            "8",
            "11",
            "3",
            "14",
            "7",
            "6",
            "4",
            "12",
            "13",
            "1",
            "10",
            "5",
            "9"
        ]
    },
    "steps": {
        "0": 53
    },
    "timeout": 140
}