{
    "config": {
        "allow_infeasible": true,
        "bvns_max_k": 7,
        "bvns_min_k": 1,
        "construction": "random",
        "local_search": "CVND",
        "metaheuristic": "BVNS",
        "num_threads": 8,
        "operators": [
            "insert_1",
            "remove_1",
            "twoOpt",
            "centExchange_1",
            "centExchange_3",
            "centExchange_4",
            "relocate_1",
            "relocate_4",
            "revRelocate_2",
            "revRelocate_3",
            "revRelocate_5",
            "moveAll_1",
            "moveAll_2",
            "moveAll_3",
            "moveAll_10"
        ],
        "perturbation": [
            "reinsert"
        ],
        "stop_on_feasible": false,
        "timeout": 220
    },
    "histogram": {
        "all": {
            "centExchange_1": 300431,
            "centExchange_3": 300396,
            "centExchange_4": 300394,
            "insert_1": 310644,
            "moveAll_1": 246505,
            "moveAll_10": 214180,
            "moveAll_2": 242570,
            "moveAll_3": 237585,
            "relocate_1": 280515,
            "relocate_4": 272751,
            "remove_1": 310644,
            "revRelocate_2": 258281,
            "revRelocate_3": 252287,
            "revRelocate_5": 249769,
            "twoOpt": 301590
        },
        "improving": {
            "centExchange_1": 92672,
            "centExchange_3": 34965,
            "centExchange_4": 12610,
            "insert_1": 0,
            "moveAll_1": 62574,
            "moveAll_10": 126213,
            "moveAll_2": 58378,
            "moveAll_3": 54804,
            "relocate_1": 179173,
            "relocate_4": 122026,
            "remove_1": 0,
            "revRelocate_2": 143352,
            "revRelocate_3": 91723,
            "revRelocate_5": 24654,
            "twoOpt": 146998
        },
        "rate": {
            "centExchange_1": 0.30846351385116577,
            "centExchange_3": 0.11639636009931564,
            "centExchange_4": 0.041978202760219574,
            "insert_1": 0.0,
            "moveAll_1": 0.2538447380065918,
            "moveAll_10": 0.5892847180366516,
            "moveAll_2": 0.2406645566225052,
            "moveAll_3": 0.23067112267017365,
            "relocate_1": 0.6387287378311157,
            "relocate_4": 0.44738975167274475,
            "remove_1": 0.0,
            "revRelocate_2": 0.5550234317779541,
            "revRelocate_3": 0.3635661005973816,
            "revRelocate_5": 0.09870720654726028,
            "twoOpt": 0.4874100685119629
        }
    },
    "last_improvement": 0,
    "name": "ulysses22.tsp-22-3.80-0",
    "solution": {
        "fitness": 141,
        "is_feasible": true,
        "permutation": [
            12,
            11,
            21,
            16,
            17,
            2,
            8,
            4,
            14,
            13,
            18,
            19,
            5,
            9,
            7,
            0,
            1,
            20,
            10,
            6,
            3,
            15
        ],
        "permutation_orig_ids": [
            "13",
            "12",
            "22",
            "17",
            "18",
            "3",
            "9",
            "5",
            "15",
            "14",
            "19",
            "20",
            "6",
            "10",
            "8",
            "1",
            "2",
            "21",
            "11",
            "7",
            "4",
            "16"
        ]
    },
    "steps": {
        "0": 141
    },
    "timeout": 220
}