{
    "config": {
        "allow_infeasible": true,
        "bvns_max_k": 7,
        "bvns_min_k": 1,
        "construction": "random",
        "local_search": "CVND",
        "metaheuristic": "BVNS",
        "num_threads": 8,
        "operators": [
            "insert_1",
            "remove_1",
            "twoOpt",
            "centExchange_1",
            "centExchange_3",
            "centExchange_4",
            "relocate_1",
            "relocate_4",
            "revRelocate_2",
            "revRelocate_3",
            "revRelocate_5",
            "moveAll_1",
            "moveAll_2",
            "moveAll_3",
            "moveAll_10"
        ],
        "perturbation": [
            "reinsert"
        ],
        "stop_on_feasible": false,
        "timeout": 140
    },
    "histogram": {
        "all": {
            "centExchange_1": 709959,
            "centExchange_3": 709955,
            "centExchange_4": 709955,
            "insert_1": 735488,
            "moveAll_1": 584888,
            "moveAll_10": 442367,
            "moveAll_2": 566225,
            "moveAll_3": 533679,
            "relocate_1": 667040,
            "relocate_4": 658492,
            "remove_1": 735488,
            "revRelocate_2": 622652,
            "revRelocate_3": 612873,
            "revRelocate_5": 612589,
            "twoOpt": 711480
        },
        "improving": {
            "centExchange_1": 225172,
            "centExchange_3": 36416,
            "centExchange_4": 6804,
            "insert_1": 0,
            "moveAll_1": 128475,
            "moveAll_10": 224635,
            "moveAll_2": 116822,
            "moveAll_3": 126570,
            "relocate_1": 387165,
            "relocate_4": 221066,
            "remove_1": 0,
            "revRelocate_2": 295465,
            "revRelocate_3": 102518,
            "revRelocate_5": 9510,
            "twoOpt": 359427
        },
        "rate": {
            "centExchange_1": 0.3171619772911072,
            "centExchange_3": 0.05129339173436165,
            "centExchange_4": 0.00958370603621006,
            "insert_1": 0.0,
            "moveAll_1": 0.21965743601322174,
            "moveAll_10": 0.5078023672103882,
            "moveAll_2": 0.20631727576255798,
            "moveAll_3": 0.23716503381729126,
            "relocate_1": 0.5804224610328674,
            "relocate_4": 0.33571553230285645,
            "remove_1": 0.0,
            "revRelocate_2": 0.47452670335769653,
            "revRelocate_3": 0.16727446019649506,
            "revRelocate_5": 0.015524274669587612,
            "twoOpt": 0.505182147026062
        }
    },
    "last_improvement": 0,
    "name": "burma14-14-2.20-0",
    "solution": {
        "fitness": 53,
        "is_feasible": true,
        "permutation": [
            1,
            7,
            10,
            2,
            13,
            6,
            5,
            3,
            11,
            12,
            0,
            9,
            4,
            8
        ],
        "permutation_orig_ids": [
            "2",
            "8",
            "11",
            "3",
            "14",
            "7",
            "6",
            "4",
            "12",
            "13",
            "1",
            "10",
            "5",
            "9"
        ]
    },
    "steps": {
        "0": 53
    },
    "timeout": 140
}