{
    "config": {
        "allow_infeasible": true,
        "bvns_max_k": 7,
        "bvns_min_k": 1,
        "construction": "random",
        "local_search": "CVND",
        "metaheuristic": "BVNS",
        "num_threads": 8,
        "operators": [
            "insert_1",
            "remove_1",
            "twoOpt",
            "centExchange_1",
            "centExchange_3",
            "centExchange_4",
            "relocate_1",
            "relocate_4",
            "revRelocate_2",
            "revRelocate_3",
            "revRelocate_5",
            "moveAll_1",
            "moveAll_2",
            "moveAll_3",
            "moveAll_10"
        ],
        "perturbation": [
            "reinsert"
        ],
        "stop_on_feasible": false,
        "timeout": 1010
    },
    "histogram": {
        "all": {
            "centExchange_1": 5082,
            "centExchange_3": 5080,
            "centExchange_4": 5080,
            "insert_1": 5160,
            "moveAll_1": 4271,
            "moveAll_10": 4211,
            "moveAll_2": 4255,
            "moveAll_3": 4244,
            "relocate_1": 4544,
            "relocate_4": 4519,
            "remove_1": 5160,
            "revRelocate_2": 4390,
            "revRelocate_3": 4320,
            "revRelocate_5": 4295,
            "twoOpt": 5087
        },
        "improving": {
            "centExchange_1": 1427,
            "centExchange_3": 1033,
            "centExchange_4": 775,
            "insert_1": 0,
            "moveAll_1": 1473,
            "moveAll_10": 1805,
            "moveAll_2": 1111,
            "moveAll_3": 1002,
            "relocate_1": 3978,
            "relocate_4": 2024,
            "remove_1": 0,
            "revRelocate_2": 3018,
            "revRelocate_3": 2431,
            "revRelocate_5": 1809,
            "twoOpt": 3004
        },
        "rate": {
            "centExchange_1": 0.2807949483394623,
            "centExchange_3": 0.20334646105766296,
            "centExchange_4": 0.1525590568780899,
            "insert_1": 0.0,
            "moveAll_1": 0.34488409757614136,
            "moveAll_10": 0.42863929271698,
            "moveAll_2": 0.2611045837402344,
            "moveAll_3": 0.2360980212688446,
            "relocate_1": 0.8754401206970215,
            "relocate_4": 0.44788670539855957,
            "remove_1": 0.0,
            "revRelocate_2": 0.6874715089797974,
            "revRelocate_3": 0.5627315044403076,
            "revRelocate_5": 0.4211874306201935,
            "twoOpt": 0.5905248522758484
        }
    },
    "last_improvement": 935,
    "name": "eil101-101-18.00-0",
    "solution": {
        "fitness": 1664,
        "is_feasible": true,
        "permutation": [
            77,
            33,
            28,
            78,
            2,
            68,
            95,
            92,
            98,
            58,
            91,
            36,
            94,
            40,
            72,
            3,
            38,
            66,
            24,
            54,
            53,
            27,
            87,
            48,
            63,
            9,
            62,
            65,
            19,
            70,
            64,
            34,
            29,
            69,
            30,
            86,
            90,
            85,
            37,
            13,
            60,
            97,
            15,
            7,
            35,
            47,
            6,
            46,
            44,
            16,
            83,
            82,
            4,
            88,
            76,
            80,
            79,
            67,
            0,
            25,
            52,
            57,
            12,
            56,
            1,
            99,
            96,
            59,
            71,
            73,
            42,
            41,
            14,
            20,
            100,
            39,
            11,
            75,
            23,
            17,
            61,
            51,
            81,
            31,
            8,
            21,
            22,
            93,
            55,
            32,
            10,
            45,
            43,
            50,
            49,
            18,
            89,
            5,
            84,
            26,
            74
        ],
        "permutation_orig_ids": [
            "78",
            "34",
            "29",
            "79",
            "3",
            "69",
            "96",
            "93",
            "99",
            "59",
            "92",
            "37",
            "95",
            "41",
            "73",
            "4",
            "39",
            "67",
            "25",
            "55",
            "54",
            "28",
            "88",
            "49",
            "64",
            "10",
            "63",
            "66",
            "20",
            "71",
            "65",
            "35",
            "30",
            "70",
            "31",
            "87",
            "91",
            "86",
            "38",
            "14",
            "61",
            "98",
            "16",
            "8",
            "36",
            "48",
            "7",
            "47",
            "45",
            "17",
            "84",
            "83",
            "5",
            "89",
            "77",
            "81",
            "80",
            "68",
            "1",
            "26",
            "53",
            "58",
            "13",
            "57",
            "2",
            "100",
            "97",
            "60",
            "72",
            "74",
            "43",
            "42",
            "15",
            "21",
            "101",
            "40",
            "12",
            "76",
            "24",
            "18",
            "62",
            "52",
            "82",
            "32",
            "9",
            "22",
            "23",
            "94",
            "56",
            "33",
            "11",
            "46",
            "44",
            "51",
            "50",
            "19",
            "90",
            "6",
            "85",
            "27",
            "75"
        ]
    },
    "steps": {
        "0": 2537,
        "1": 2446,
        "10": 2066,
        "108": 1937,
        "115": 1928,
        "12": 2041,
        "220": 1917,
        "221": 1908,
        "222": 1904,
        "25": 2021,
        "258": 1879,
        "26": 1987,
        "3": 2313,
        "318": 1864,
        "320": 1862,
        "339": 1852,
        "372": 1850,
        "380": 1838,
        "4": 2217,
        "5": 2166,
        "51": 1973,
        "56": 1969,
        "6": 2159,
        "7": 2108,
        "701": 1780,
        "8": 2102,
        "838": 1750,
        "839": 1730,
        "863": 1726,
        "87": 1958,
        "88": 1947,
        "89": 1945,
        "903": 1695,
        "904": 1683,
        "935": 1664
    },
    "timeout": 1010
}