{
    "config": {
        "allow_infeasible": true,
        "bvns_max_k": 7,
        "bvns_min_k": 1,
        "construction": "random",
        "local_search": "CVND",
        "metaheuristic": "BVNS",
        "num_threads": 8,
        "operators": [
            "insert_1",
            "remove_1",
            "twoOpt",
            "centExchange_1",
            "centExchange_3",
            "centExchange_4",
            "relocate_1",
            "relocate_4",
            "revRelocate_2",
            "revRelocate_3",
            "revRelocate_5",
            "moveAll_1",
            "moveAll_2",
            "moveAll_3",
            "moveAll_10"
        ],
        "perturbation": [
            "reinsert"
        ],
        "stop_on_feasible": false,
        "timeout": 220
    },
    "histogram": {
        "all": {
            "centExchange_1": 298710,
            "centExchange_3": 298673,
            "centExchange_4": 298672,
            "insert_1": 308884,
            "moveAll_1": 245475,
            "moveAll_10": 213054,
            "moveAll_2": 241448,
            "moveAll_3": 236524,
            "relocate_1": 279101,
            "relocate_4": 271614,
            "remove_1": 308884,
            "revRelocate_2": 257149,
            "revRelocate_3": 251199,
            "revRelocate_5": 248724,
            "twoOpt": 299791
        },
        "improving": {
            "centExchange_1": 91854,
            "centExchange_3": 34806,
            "centExchange_4": 12588,
            "insert_1": 0,
            "moveAll_1": 62430,
            "moveAll_10": 125917,
            "moveAll_2": 58217,
            "moveAll_3": 54471,
            "relocate_1": 178308,
            "relocate_4": 120974,
            "remove_1": 0,
            "revRelocate_2": 142782,
            "revRelocate_3": 90981,
            "revRelocate_5": 24419,
            "twoOpt": 146229
        },
        "rate": {
            "centExchange_1": 0.30750226974487305,
            "centExchange_3": 0.1165354773402214,
            "centExchange_4": 0.04214656725525856,
            "insert_1": 0.0,
            "moveAll_1": 0.25432324409484863,
            "moveAll_10": 0.591009795665741,
            "moveAll_2": 0.24111610651016235,
            "moveAll_3": 0.2302979826927185,
            "relocate_1": 0.6388654708862305,
            "relocate_4": 0.44538941979408264,
            "remove_1": 0.0,
            "revRelocate_2": 0.5552500486373901,
            "revRelocate_3": 0.3621869385242462,
            "revRelocate_5": 0.09817709773778915,
            "twoOpt": 0.48776981234550476
        }
    },
    "last_improvement": 0,
    "name": "ulysses22.tsp-22-3.80-0",
    "solution": {
        "fitness": 141,
        "is_feasible": true,
        "permutation": [
            12,
            11,
            21,
            16,
            17,
            2,
            8,
            4,
            14,
            13,
            18,
            19,
            5,
            9,
            7,
            0,
            1,
            20,
            10,
            6,
            3,
            15
        ],
        "permutation_orig_ids": [
            "13",
            "12",
            "22",
            "17",
            "18",
            "3",
            "9",
            "5",
            "15",
            "14",
            "19",
            "20",
            "6",
            "10",
            "8",
            "1",
            "2",
            "21",
            "11",
            "7",
            "4",
            "16"
        ]
    },
    "steps": {
        "0": 141
    },
    "timeout": 220
}