{
    "config": {
        "allow_infeasible": true,
        "bvns_max_k": 7,
        "bvns_min_k": 1,
        "construction": "random",
        "local_search": "CVND",
        "metaheuristic": "BVNS",
        "num_threads": 8,
        "operators": [
            "insert_1",
            "remove_1",
            "twoOpt",
            "centExchange_1",
            "centExchange_3",
            "centExchange_4",
            "relocate_1",
            "relocate_4",
            "revRelocate_2",
            "revRelocate_3",
            "revRelocate_5",
            "moveAll_1",
            "moveAll_2",
            "moveAll_3",
            "moveAll_10"
        ],
        "perturbation": [
            "reinsert"
        ],
        "stop_on_feasible": false,
        "timeout": 520
    },
    "histogram": {
        "all": {
            "centExchange_1": 31858,
            "centExchange_3": 31850,
            "centExchange_4": 31849,
            "insert_1": 32463,
            "moveAll_1": 26604,
            "moveAll_10": 25579,
            "moveAll_2": 26442,
            "moveAll_3": 26278,
            "relocate_1": 29283,
            "relocate_4": 29046,
            "remove_1": 32463,
            "revRelocate_2": 27737,
            "revRelocate_3": 27150,
            "revRelocate_5": 26914,
            "twoOpt": 31925
        },
        "improving": {
            "centExchange_1": 9213,
            "centExchange_3": 4993,
            "centExchange_4": 2570,
            "insert_1": 0,
            "moveAll_1": 10122,
            "moveAll_10": 13500,
            "moveAll_2": 7798,
            "moveAll_3": 7112,
            "relocate_1": 23094,
            "relocate_4": 13275,
            "remove_1": 0,
            "revRelocate_2": 18813,
            "revRelocate_3": 14203,
            "revRelocate_5": 8485,
            "twoOpt": 17559
        },
        "rate": {
            "centExchange_1": 0.28918951749801636,
            "centExchange_3": 0.15676608681678772,
            "centExchange_4": 0.08069327473640442,
            "insert_1": 0.0,
            "moveAll_1": 0.38046911358833313,
            "moveAll_10": 0.5277767181396484,
            "moveAll_2": 0.29490962624549866,
            "moveAll_3": 0.2706446349620819,
            "relocate_1": 0.7886487245559692,
            "relocate_4": 0.4570336639881134,
            "remove_1": 0.0,
            "revRelocate_2": 0.6782636642456055,
            "revRelocate_3": 0.5231307744979858,
            "revRelocate_5": 0.31526342034339905,
            "twoOpt": 0.5500078201293945
        }
    },
    "last_improvement": 183,
    "name": "berlin52-52-8.30-0",
    "solution": {
        "fitness": 19104,
        "is_feasible": true,
        "permutation": [
            4,
            3,
            37,
            36,
            35,
            28,
            49,
            19,
            15,
            21,
            31,
            17,
            30,
            1,
            6,
            16,
            40,
            7,
            44,
            32,
            34,
            38,
            39,
            43,
            45,
            47,
            26,
            13,
            46,
            51,
            12,
            11,
            29,
            41,
            10,
            0,
            8,
            22,
            20,
            33,
            2,
            18,
            5,
            9,
            23,
            50,
            14,
            48,
            24,
            25,
            27,
            42
        ],
        "permutation_orig_ids": [
            "5",
            "4",
            "38",
            "37",
            "36",
            "29",
            "50",
            "20",
            "16",
            "22",
            "32",
            "18",
            "31",
            "2",
            "7",
            "17",
            "41",
            "8",
            "45",
            "33",
            "35",
            "39",
            "40",
            "44",
            "46",
            "48",
            "27",
            "14",
            "47",
            "52",
            "13",
            "12",
            "30",
            "42",
            "11",
            "1",
            "9",
            "23",
            "21",
            "34",
            "3",
            "19",
            "6",
            "10",
            "24",
            "51",
            "15",
            "49",
            "25",
            "26",
            "28",
            "43"
        ]
    },
    "steps": {
        "0": 24121,
        "1": 22941,
        "11": 21465,
        "124": 19388,
        "139": 19242,
        "142": 19185,
        "15": 21301,
        "16": 20971,
        "17": 20373,
        "183": 19104,
        "35": 20237,
        "36": 19988,
        "7": 21750
    },
    "timeout": 520
}