{
    "config": {
        "allow_infeasible": true,
        "bvns_max_k": 7,
        "bvns_min_k": 1,
        "construction": "random",
        "local_search": "CVND",
        "metaheuristic": "BVNS",
        "num_threads": 8,
        "operators": [
            "insert_1",
            "remove_1",
            "twoOpt",
            "centExchange_1",
            "centExchange_3",
            "centExchange_4",
            "relocate_1",
            "relocate_4",
            "revRelocate_2",
            "revRelocate_3",
            "revRelocate_5",
            "moveAll_1",
            "moveAll_2",
            "moveAll_3",
            "moveAll_10"
        ],
        "perturbation": [
            "reinsert"
        ],
        "stop_on_feasible": false,
        "timeout": 140
    },
    "histogram": {
        "all": {
            "centExchange_1": 721289,
            "centExchange_3": 721285,
            "centExchange_4": 721285,
            "insert_1": 747150,
            "moveAll_1": 594296,
            "moveAll_10": 449199,
            "moveAll_2": 575050,
            "moveAll_3": 541574,
            "relocate_1": 677459,
            "relocate_4": 668921,
            "remove_1": 747150,
            "revRelocate_2": 632780,
            "revRelocate_3": 622760,
            "revRelocate_5": 622456,
            "twoOpt": 722882
        },
        "improving": {
            "centExchange_1": 228402,
            "centExchange_3": 37429,
            "centExchange_4": 6967,
            "insert_1": 0,
            "moveAll_1": 130769,
            "moveAll_10": 227419,
            "moveAll_2": 119235,
            "moveAll_3": 128764,
            "relocate_1": 393089,
            "relocate_4": 223674,
            "remove_1": 0,
            "revRelocate_2": 300140,
            "revRelocate_3": 103923,
            "revRelocate_5": 9871,
            "twoOpt": 365458
        },
        "rate": {
            "centExchange_1": 0.316658079624176,
            "centExchange_3": 0.05189210921525955,
            "centExchange_4": 0.009659149684011936,
            "insert_1": 0.0,
            "moveAll_1": 0.2200401872396469,
            "moveAll_10": 0.5062767267227173,
            "moveAll_2": 0.20734718441963196,
            "moveAll_3": 0.2377588301897049,
            "relocate_1": 0.5802403092384338,
            "relocate_4": 0.33438029885292053,
            "remove_1": 0.0,
            "revRelocate_2": 0.4743196666240692,
            "revRelocate_3": 0.16687488555908203,
            "revRelocate_5": 0.015858149155974388,
            "twoOpt": 0.5055569410324097
        }
    },
    "last_improvement": 0,
    "name": "burma14-14-2.20-0",
    "solution": {
        "fitness": 53,
        "is_feasible": true,
        "permutation": [
            1,
            7,
            10,
            2,
            13,
            6,
            5,
            3,
            11,
            12,
            0,
            9,
            4,
            8
        ],
        "permutation_orig_ids": [
            "2",
            "8",
            "11",
            "3",
            "14",
            "7",
            "6",
            "4",
            "12",
            "13",
            "1",
            "10",
            "5",
            "9"
        ]
    },
    "steps": {
        "0": 53
    },
    "timeout": 140
}