{
    "config": {
        "allow_infeasible": true,
        "bvns_max_k": 7,
        "bvns_min_k": 1,
        "construction": "random",
        "local_search": "CVND",
        "metaheuristic": "BVNS",
        "num_threads": 8,
        "operators": [
            "insert_1",
            "remove_1",
            "twoOpt",
            "centExchange_1",
            "centExchange_3",
            "centExchange_4",
            "relocate_1",
            "relocate_4",
            "revRelocate_2",
            "revRelocate_3",
            "revRelocate_5",
            "moveAll_1",
            "moveAll_2",
            "moveAll_3",
            "moveAll_10"
        ],
        "perturbation": [
            "reinsert"
        ],
        "stop_on_feasible": false,
        "timeout": 1010
    },
    "histogram": {
        "all": {
            "centExchange_1": 5049,
            "centExchange_3": 5048,
            "centExchange_4": 5045,
            "insert_1": 5111,
            "moveAll_1": 4247,
            "moveAll_10": 4181,
            "moveAll_2": 4238,
            "moveAll_3": 4231,
            "relocate_1": 4557,
            "relocate_4": 4528,
            "remove_1": 5111,
            "revRelocate_2": 4389,
            "revRelocate_3": 4311,
            "revRelocate_5": 4272,
            "twoOpt": 5053
        },
        "improving": {
            "centExchange_1": 1449,
            "centExchange_3": 1038,
            "centExchange_4": 737,
            "insert_1": 0,
            "moveAll_1": 1510,
            "moveAll_10": 1876,
            "moveAll_2": 1087,
            "moveAll_3": 986,
            "relocate_1": 3914,
            "relocate_4": 2027,
            "remove_1": 0,
            "revRelocate_2": 3050,
            "revRelocate_3": 2450,
            "revRelocate_5": 1853,
            "twoOpt": 2954
        },
        "rate": {
            "centExchange_1": 0.2869875133037567,
            "centExchange_3": 0.2056259959936142,
            "centExchange_4": 0.1460852324962616,
            "insert_1": 0.0,
            "moveAll_1": 0.3555451035499573,
            "moveAll_10": 0.448696494102478,
            "moveAll_2": 0.2564889192581177,
            "moveAll_3": 0.23304183781147003,
            "relocate_1": 0.858898401260376,
            "relocate_4": 0.4476590156555176,
            "remove_1": 0.0,
            "revRelocate_2": 0.6949191093444824,
            "revRelocate_3": 0.5683135986328125,
            "revRelocate_5": 0.43375468254089355,
            "twoOpt": 0.5846031904220581
        }
    },
    "last_improvement": 959,
    "name": "eil101-101-18.00-0",
    "solution": {
        "fitness": 1714,
        "is_feasible": true,
        "permutation": [
            39,
            57,
            86,
            58,
            98,
            5,
            93,
            88,
            52,
            75,
            11,
            79,
            53,
            54,
            24,
            66,
            38,
            3,
            40,
            14,
            41,
            90,
            60,
            84,
            36,
            92,
            7,
            6,
            47,
            10,
            62,
            9,
            30,
            78,
            33,
            64,
            70,
            19,
            65,
            63,
            48,
            46,
            69,
            0,
            25,
            74,
            20,
            12,
            91,
            95,
            15,
            97,
            94,
            37,
            13,
            16,
            83,
            44,
            82,
            4,
            17,
            26,
            27,
            32,
            76,
            80,
            67,
            28,
            1,
            56,
            42,
            73,
            71,
            72,
            59,
            96,
            99,
            23,
            68,
            35,
            61,
            51,
            21,
            22,
            81,
            31,
            29,
            34,
            77,
            8,
            87,
            55,
            45,
            43,
            50,
            49,
            18,
            85,
            2,
            89,
            100
        ],
        "permutation_orig_ids": [
            "40",
            "58",
            "87",
            "59",
            "99",
            "6",
            "94",
            "89",
            "53",
            "76",
            "12",
            "80",
            "54",
            "55",
            "25",
            "67",
            "39",
            "4",
            "41",
            "15",
            "42",
            "91",
            "61",
            "85",
            "37",
            "93",
            "8",
            "7",
            "48",
            "11",
            "63",
            "10",
            "31",
            "79",
            "34",
            "65",
            "71",
            "20",
            "66",
            "64",
            "49",
            "47",
            "70",
            "1",
            "26",
            "75",
            "21",
            "13",
            "92",
            "96",
            "16",
            "98",
            "95",
            "38",
            "14",
            "17",
            "84",
            "45",
            "83",
            "5",
            "18",
            "27",
            "28",
            "33",
            "77",
            "81",
            "68",
            "29",
            "2",
            "57",
            "43",
            "74",
            "72",
            "73",
            "60",
            "97",
            "100",
            "24",
            "69",
            "36",
            "62",
            "52",
            "22",
            "23",
            "82",
            "32",
            "30",
            "35",
            "78",
            "9",
            "88",
            "56",
            "46",
            "44",
            "51",
            "50",
            "19",
            "86",
            "3",
            "90",
            "101"
        ]
    },
    "steps": {
        "0": 2571,
        "1": 2446,
        "10": 2074,
        "11": 2022,
        "192": 1834,
        "2": 2373,
        "210": 1824,
        "211": 1816,
        "214": 1802,
        "215": 1785,
        "218": 1759,
        "236": 1755,
        "27": 1997,
        "3": 2184,
        "37": 1899,
        "4": 2178,
        "72": 1860,
        "757": 1743,
        "80": 1854,
        "85": 1853,
        "9": 2091,
        "957": 1719,
        "959": 1714
    },
    "timeout": 1010
}