{
    "config": {
        "allow_infeasible": true,
        "bvns_max_k": 7,
        "bvns_min_k": 1,
        "construction": "random",
        "local_search": "CVND",
        "metaheuristic": "BVNS",
        "num_threads": 8,
        "operators": [
            "insert_1",
            "remove_1",
            "twoOpt",
            "centExchange_1",
            "centExchange_3",
            "centExchange_4",
            "relocate_1",
            "relocate_4",
            "revRelocate_2",
            "revRelocate_3",
            "revRelocate_5",
            "moveAll_1",
            "moveAll_2",
            "moveAll_3",
            "moveAll_10"
        ],
        "perturbation": [
            "reinsert"
        ],
        "stop_on_feasible": false,
        "timeout": 220
    },
    "histogram": {
        "all": {
            "centExchange_1": 306792,
            "centExchange_3": 306759,
            "centExchange_4": 306759,
            "insert_1": 317054,
            "moveAll_1": 251717,
            "moveAll_10": 218504,
            "moveAll_2": 247791,
            "moveAll_3": 242683,
            "relocate_1": 286401,
            "relocate_4": 278586,
            "remove_1": 317054,
            "revRelocate_2": 263739,
            "revRelocate_3": 257522,
            "revRelocate_5": 255018,
            "twoOpt": 307890
        },
        "improving": {
            "centExchange_1": 94587,
            "centExchange_3": 35675,
            "centExchange_4": 12924,
            "insert_1": 0,
            "moveAll_1": 63890,
            "moveAll_10": 129056,
            "moveAll_2": 59529,
            "moveAll_3": 55954,
            "relocate_1": 182982,
            "relocate_4": 124254,
            "remove_1": 0,
            "revRelocate_2": 146559,
            "revRelocate_3": 93395,
            "revRelocate_5": 25056,
            "twoOpt": 150111
        },
        "rate": {
            "centExchange_1": 0.3083098530769348,
            "centExchange_3": 0.11629650741815567,
            "centExchange_4": 0.04213079437613487,
            "insert_1": 0.0,
            "moveAll_1": 0.25381678342819214,
            "moveAll_10": 0.5906345248222351,
            "moveAll_2": 0.240238755941391,
            "moveAll_3": 0.230564147233963,
            "relocate_1": 0.63890141248703,
            "relocate_4": 0.44601666927337646,
            "remove_1": 0.0,
            "revRelocate_2": 0.5556970834732056,
            "revRelocate_3": 0.3626680374145508,
            "revRelocate_5": 0.09825188666582108,
            "twoOpt": 0.48754748702049255
        }
    },
    "last_improvement": 0,
    "name": "ulysses22.tsp-22-3.80-0",
    "solution": {
        "fitness": 141,
        "is_feasible": true,
        "permutation": [
            12,
            11,
            21,
            16,
            17,
            2,
            8,
            4,
            14,
            13,
            18,
            19,
            5,
            9,
            7,
            0,
            1,
            20,
            10,
            6,
            3,
            15
        ],
        "permutation_orig_ids": [
            "13",
            "12",
            "22",
            "17",
            "18",
            "3",
            "9",
            "5",
            "15",
            "14",
            "19",
            "20",
            "6",
            "10",
            "8",
            "1",
            "2",
            "21",
            "11",
            "7",
            "4",
            "16"
        ]
    },
    "steps": {
        "0": 141
    },
    "timeout": 220
}