{
    "config": {
        "allow_infeasible": true,
        "bvns_max_k": 7,
        "bvns_min_k": 1,
        "construction": "random",
        "local_search": "CVND",
        "metaheuristic": "BVNS",
        "num_threads": 8,
        "operators": [
            "insert_1",
            "remove_1",
            "twoOpt",
            "centExchange_1",
            "centExchange_3",
            "centExchange_4",
            "relocate_1",
            "relocate_4",
            "revRelocate_2",
            "revRelocate_3",
            "revRelocate_5",
            "moveAll_1",
            "moveAll_2",
            "moveAll_3",
            "moveAll_10"
        ],
        "perturbation": [
            "reinsert"
        ],
        "stop_on_feasible": false,
        "timeout": 520
    },
    "histogram": {
        "all": {
            "centExchange_1": 31546,
            "centExchange_3": 31538,
            "centExchange_4": 31533,
            "insert_1": 32231,
            "moveAll_1": 26578,
            "moveAll_10": 25599,
            "moveAll_2": 26443,
            "moveAll_3": 26324,
            "relocate_1": 29250,
            "relocate_4": 29016,
            "remove_1": 32231,
            "revRelocate_2": 27821,
            "revRelocate_3": 27227,
            "revRelocate_5": 26848,
            "twoOpt": 31612
        },
        "improving": {
            "centExchange_1": 9667,
            "centExchange_3": 5818,
            "centExchange_4": 3506,
            "insert_1": 0,
            "moveAll_1": 9730,
            "moveAll_10": 13905,
            "moveAll_2": 7326,
            "moveAll_3": 6784,
            "relocate_1": 23015,
            "relocate_4": 13392,
            "remove_1": 0,
            "revRelocate_2": 19088,
            "revRelocate_3": 15014,
            "revRelocate_5": 10074,
            "twoOpt": 18331
        },
        "rate": {
            "centExchange_1": 0.30644139647483826,
            "centExchange_3": 0.1844758689403534,
            "centExchange_4": 0.11118511110544205,
            "insert_1": 0.0,
            "moveAll_1": 0.3660922646522522,
            "moveAll_10": 0.543185293674469,
            "moveAll_2": 0.2770487368106842,
            "moveAll_3": 0.25771158933639526,
            "relocate_1": 0.7868375778198242,
            "relocate_4": 0.4615384638309479,
            "remove_1": 0.0,
            "revRelocate_2": 0.686100423336029,
            "revRelocate_3": 0.5514379143714905,
            "revRelocate_5": 0.3752234876155853,
            "twoOpt": 0.5798747539520264
        }
    },
    "last_improvement": 283,
    "name": "berlin52-52-8.30-0",
    "solution": {
        "fitness": 20773,
        "is_feasible": true,
        "permutation": [
            36,
            4,
            5,
            43,
            15,
            28,
            49,
            1,
            6,
            7,
            44,
            32,
            9,
            37,
            24,
            12,
            51,
            13,
            26,
            25,
            45,
            19,
            35,
            3,
            47,
            31,
            17,
            16,
            38,
            39,
            23,
            34,
            30,
            18,
            40,
            21,
            11,
            29,
            41,
            10,
            0,
            8,
            22,
            20,
            33,
            42,
            27,
            46,
            48,
            2,
            14,
            50
        ],
        "permutation_orig_ids": [
            "37",
            "5",
            "6",
            "44",
            "16",
            "29",
            "50",
            "2",
            "7",
            "8",
            "45",
            "33",
            "10",
            "38",
            "25",
            "13",
            "52",
            "14",
            "27",
            "26",
            "46",
            "20",
            "36",
            "4",
            "48",
            "32",
            "18",
            "17",
            "39",
            "40",
            "24",
            "35",
            "31",
            "19",
            "41",
            "22",
            "12",
            "30",
            "42",
            "11",
            "1",
            "9",
            "23",
            "21",
            "34",
            "43",
            "28",
            "47",
            "49",
            "3",
            "15",
            "51"
        ]
    },
    "steps": {
        "0": 22485,
        "10": 21139,
        "283": 20773,
        "38": 20808,
        "4": 22319,
        "5": 21607,
        "58": 20806,
        "6": 21555,
        "84": 20789
    },
    "timeout": 520
}