{
    "config": {
        "allow_infeasible": true,
        "bvns_max_k": 7,
        "bvns_min_k": 1,
        "construction": "random",
        "local_search": "CVND",
        "metaheuristic": "BVNS",
        "num_threads": 8,
        "operators": [
            "insert_1",
            "remove_1",
            "twoOpt",
            "centExchange_1",
            "centExchange_3",
            "centExchange_4",
            "relocate_1",
            "relocate_4",
            "revRelocate_2",
            "revRelocate_3",
            "revRelocate_5",
            "moveAll_1",
            "moveAll_2",
            "moveAll_3",
            "moveAll_10"
        ],
        "perturbation": [
            "reinsert"
        ],
        "stop_on_feasible": false,
        "timeout": 140
    },
    "histogram": {
        "all": {
            "centExchange_1": 712446,
            "centExchange_3": 712443,
            "centExchange_4": 712443,
            "insert_1": 737913,
            "moveAll_1": 587293,
            "moveAll_10": 443701,
            "moveAll_2": 568557,
            "moveAll_3": 535573,
            "relocate_1": 669396,
            "relocate_4": 660991,
            "remove_1": 737913,
            "revRelocate_2": 625072,
            "revRelocate_3": 615255,
            "revRelocate_5": 614986,
            "twoOpt": 713990
        },
        "improving": {
            "centExchange_1": 225970,
            "centExchange_3": 36627,
            "centExchange_4": 6807,
            "insert_1": 0,
            "moveAll_1": 129122,
            "moveAll_10": 225373,
            "moveAll_2": 117431,
            "moveAll_3": 127573,
            "relocate_1": 388171,
            "relocate_4": 221247,
            "remove_1": 0,
            "revRelocate_2": 296565,
            "revRelocate_3": 102605,
            "revRelocate_5": 9616,
            "twoOpt": 360437
        },
        "rate": {
            "centExchange_1": 0.31717491149902344,
            "centExchange_3": 0.051410429179668427,
            "centExchange_4": 0.009554448537528515,
            "insert_1": 0.0,
            "moveAll_1": 0.21985960006713867,
            "moveAll_10": 0.5079389214515686,
            "moveAll_2": 0.20654217898845673,
            "moveAll_3": 0.23819908499717712,
            "relocate_1": 0.5798824429512024,
            "relocate_4": 0.3347201347351074,
            "remove_1": 0.0,
            "revRelocate_2": 0.4744493365287781,
            "revRelocate_3": 0.16676825284957886,
            "revRelocate_5": 0.015636127442121506,
            "twoOpt": 0.5048208236694336
        }
    },
    "last_improvement": 0,
    "name": "burma14-14-2.20-0",
    "solution": {
        "fitness": 53,
        "is_feasible": true,
        "permutation": [
            1,
            7,
            10,
            2,
            13,
            6,
            5,
            3,
            11,
            12,
            0,
            9,
            4,
            8
        ],
        "permutation_orig_ids": [
            "2",
            "8",
            "11",
            "3",
            "14",
            "7",
            "6",
            "4",
            "12",
            "13",
            "1",
            "10",
            "5",
            "9"
        ]
    },
    "steps": {
        "0": 53
    },
    "timeout": 140
}