{
    "config": {
        "allow_infeasible": true,
        "bvns_max_k": 7,
        "bvns_min_k": 1,
        "construction": "random",
        "local_search": "CVND",
        "metaheuristic": "BVNS",
        "num_threads": 8,
        "operators": [
            "insert_1",
            "remove_1",
            "twoOpt",
            "centExchange_1",
            "centExchange_3",
            "centExchange_4",
            "relocate_1",
            "relocate_4",
            "revRelocate_2",
            "revRelocate_3",
            "revRelocate_5",
            "moveAll_1",
            "moveAll_2",
            "moveAll_3",
            "moveAll_10"
        ],
        "perturbation": [
            "reinsert"
        ],
        "stop_on_feasible": false,
        "timeout": 1010
    },
    "histogram": {
        "all": {
            "centExchange_1": 5045,
            "centExchange_3": 5044,
            "centExchange_4": 5041,
            "insert_1": 5113,
            "moveAll_1": 4282,
            "moveAll_10": 4195,
            "moveAll_2": 4262,
            "moveAll_3": 4249,
            "relocate_1": 4585,
            "relocate_4": 4563,
            "remove_1": 5113,
            "revRelocate_2": 4397,
            "revRelocate_3": 4338,
            "revRelocate_5": 4314,
            "twoOpt": 5050
        },
        "improving": {
            "centExchange_1": 1459,
            "centExchange_3": 897,
            "centExchange_4": 631,
            "insert_1": 0,
            "moveAll_1": 1621,
            "moveAll_10": 1884,
            "moveAll_2": 1177,
            "moveAll_3": 1086,
            "relocate_1": 3894,
            "relocate_4": 2127,
            "remove_1": 0,
            "revRelocate_2": 3187,
            "revRelocate_3": 2478,
            "revRelocate_5": 1745,
            "twoOpt": 2889
        },
        "rate": {
            "centExchange_1": 0.28919723629951477,
            "centExchange_3": 0.17783504724502563,
            "centExchange_4": 0.12517358362674713,
            "insert_1": 0.0,
            "moveAll_1": 0.378561407327652,
            "moveAll_10": 0.4491060674190521,
            "moveAll_2": 0.27616143226623535,
            "moveAll_3": 0.2555895447731018,
            "relocate_1": 0.8492911458015442,
            "relocate_4": 0.4661406874656677,
            "remove_1": 0.0,
            "revRelocate_2": 0.724812388420105,
            "revRelocate_3": 0.5712310075759888,
            "revRelocate_5": 0.4044969975948334,
            "twoOpt": 0.5720791816711426
        }
    },
    "last_improvement": 1004,
    "name": "eil101-101-18.00-0",
    "solution": {
        "fitness": 1686,
        "is_feasible": true,
        "permutation": [
            39,
            25,
            27,
            68,
            32,
            78,
            75,
            23,
            79,
            54,
            24,
            66,
            3,
            20,
            72,
            40,
            71,
            73,
            86,
            91,
            58,
            36,
            42,
            37,
            13,
            90,
            99,
            92,
            82,
            47,
            63,
            10,
            48,
            46,
            6,
            61,
            9,
            17,
            12,
            98,
            51,
            30,
            0,
            69,
            62,
            65,
            19,
            64,
            70,
            33,
            80,
            67,
            28,
            11,
            53,
            38,
            1,
            52,
            57,
            5,
            97,
            94,
            95,
            84,
            15,
            83,
            16,
            44,
            59,
            7,
            35,
            4,
            41,
            14,
            22,
            21,
            96,
            93,
            74,
            26,
            56,
            60,
            76,
            88,
            81,
            31,
            29,
            34,
            77,
            8,
            87,
            55,
            45,
            43,
            50,
            49,
            18,
            85,
            2,
            89,
            100
        ],
        "permutation_orig_ids": [
            "40",
            "26",
            "28",
            "69",
            "33",
            "79",
            "76",
            "24",
            "80",
            "55",
            "25",
            "67",
            "4",
            "21",
            "73",
            "41",
            "72",
            "74",
            "87",
            "92",
            "59",
            "37",
            "43",
            "38",
            "14",
            "91",
            "100",
            "93",
            "83",
            "48",
            "64",
            "11",
            "49",
            "47",
            "7",
            "62",
            "10",
            "18",
            "13",
            "99",
            "52",
            "31",
            "1",
            "70",
            "63",
            "66",
            "20",
            "65",
            "71",
            "34",
            "81",
            "68",
            "29",
            "12",
            "54",
            "39",
            "2",
            "53",
            "58",
            "6",
            "98",
            "95",
            "96",
            "85",
            "16",
            "84",
            "17",
            "45",
            "60",
            "8",
            "36",
            "5",
            "42",
            "15",
            "23",
            "22",
            "97",
            "94",
            "75",
            "27",
            "57",
            "61",
            "77",
            "89",
            "82",
            "32",
            "30",
            "35",
            "78",
            "9",
            "88",
            "56",
            "46",
            "44",
            "51",
            "50",
            "19",
            "86",
            "3",
            "90",
            "101"
        ]
    },
    "steps": {
        "0": 2537,
        "1": 2446,
        "1004": 1686,
        "14": 2263,
        "15": 2189,
        "16": 2143,
        "2": 2435,
        "20": 2093,
        "22": 2077,
        "23": 2069,
        "3": 2306,
        "4": 2266,
        "40": 2062,
        "41": 2041,
        "436": 1837,
        "437": 1811,
        "441": 1809,
        "442": 1795,
        "443": 1784,
        "50": 2024,
        "51": 2008,
        "52": 1936,
        "703": 1753,
        "84": 1871,
        "870": 1749,
        "871": 1735,
        "988": 1722,
        "989": 1690,
        "990": 1689
    },
    "timeout": 1010
}