{
    "config": {
        "allow_infeasible": true,
        "bvns_max_k": 7,
        "bvns_min_k": 1,
        "construction": "random",
        "local_search": "CVND",
        "metaheuristic": "BVNS",
        "num_threads": 8,
        "operators": [
            "insert_1",
            "remove_1",
            "twoOpt",
            "centExchange_1",
            "centExchange_3",
            "centExchange_4",
            "relocate_1",
            "relocate_4",
            "revRelocate_2",
            "revRelocate_3",
            "revRelocate_5",
            "moveAll_1",
            "moveAll_2",
            "moveAll_3",
            "moveAll_10"
        ],
        "perturbation": [
            "reinsert"
        ],
        "stop_on_feasible": false,
        "timeout": 220
    },
    "histogram": {
        "all": {
            "centExchange_1": 299444,
            "centExchange_3": 299398,
            "centExchange_4": 299396,
            "insert_1": 309508,
            "moveAll_1": 245635,
            "moveAll_10": 213480,
            "moveAll_2": 241709,
            "moveAll_3": 236700,
            "relocate_1": 279589,
            "relocate_4": 271974,
            "remove_1": 309508,
            "revRelocate_2": 257412,
            "revRelocate_3": 251405,
            "revRelocate_5": 248969,
            "twoOpt": 300547
        },
        "improving": {
            "centExchange_1": 92266,
            "centExchange_3": 34774,
            "centExchange_4": 12766,
            "insert_1": 0,
            "moveAll_1": 62377,
            "moveAll_10": 125909,
            "moveAll_2": 58213,
            "moveAll_3": 54478,
            "relocate_1": 178598,
            "relocate_4": 121366,
            "remove_1": 0,
            "revRelocate_2": 143095,
            "revRelocate_3": 91443,
            "revRelocate_5": 24408,
            "twoOpt": 146353
        },
        "rate": {
            "centExchange_1": 0.3081243932247162,
            "centExchange_3": 0.11614640057086945,
            "centExchange_4": 0.04263918101787567,
            "insert_1": 0.0,
            "moveAll_1": 0.2539418339729309,
            "moveAll_10": 0.5897929668426514,
            "moveAll_2": 0.24083919823169708,
            "moveAll_3": 0.2301563173532486,
            "relocate_1": 0.6387876272201538,
            "relocate_4": 0.446241170167923,
            "remove_1": 0.0,
            "revRelocate_2": 0.5558987259864807,
            "revRelocate_3": 0.3637278378009796,
            "revRelocate_5": 0.09803630411624908,
            "twoOpt": 0.486955463886261
        }
    },
    "last_improvement": 0,
    "name": "ulysses22.tsp-22-3.80-0",
    "solution": {
        "fitness": 141,
        "is_feasible": true,
        "permutation": [
            12,
            11,
            21,
            16,
            17,
            2,
            8,
            4,
            14,
            13,
            18,
            19,
            5,
            9,
            7,
            0,
            1,
            20,
            10,
            6,
            3,
            15
        ],
        "permutation_orig_ids": [
            "13",
            "12",
            "22",
            "17",
            "18",
            "3",
            "9",
            "5",
            "15",
            "14",
            "19",
            "20",
            "6",
            "10",
            "8",
            "1",
            "2",
            "21",
            "11",
            "7",
            "4",
            "16"
        ]
    },
    "steps": {
        "0": 141
    },
    "timeout": 220
}