{
    "config": {
        "allow_infeasible": true,
        "bvns_max_k": 7,
        "bvns_min_k": 1,
        "construction": "random",
        "local_search": "CVND",
        "metaheuristic": "BVNS",
        "num_threads": 8,
        "operators": [
            "insert_1",
            "remove_1",
            "twoOpt",
            "centExchange_1",
            "centExchange_3",
            "centExchange_4",
            "relocate_1",
            "relocate_4",
            "revRelocate_2",
            "revRelocate_3",
            "revRelocate_5",
            "moveAll_1",
            "moveAll_2",
            "moveAll_3",
            "moveAll_10"
        ],
        "perturbation": [
            "reinsert"
        ],
        "stop_on_feasible": false,
        "timeout": 140
    },
    "histogram": {
        "all": {
            "centExchange_1": 718240,
            "centExchange_3": 718237,
            "centExchange_4": 718237,
            "insert_1": 744162,
            "moveAll_1": 592204,
            "moveAll_10": 447245,
            "moveAll_2": 573429,
            "moveAll_3": 540307,
            "relocate_1": 675197,
            "relocate_4": 666648,
            "remove_1": 744162,
            "revRelocate_2": 630306,
            "revRelocate_3": 620538,
            "revRelocate_5": 620257,
            "twoOpt": 719833
        },
        "improving": {
            "centExchange_1": 227657,
            "centExchange_3": 37030,
            "centExchange_4": 6922,
            "insert_1": 0,
            "moveAll_1": 130353,
            "moveAll_10": 227356,
            "moveAll_2": 118354,
            "moveAll_3": 128635,
            "relocate_1": 391384,
            "relocate_4": 223642,
            "remove_1": 0,
            "revRelocate_2": 298903,
            "revRelocate_3": 103619,
            "revRelocate_5": 9625,
            "twoOpt": 364346
        },
        "rate": {
            "centExchange_1": 0.3169650733470917,
            "centExchange_3": 0.051556799560785294,
            "centExchange_4": 0.00963748712092638,
            "insert_1": 0.0,
            "moveAll_1": 0.22011502087116241,
            "moveAll_10": 0.508347749710083,
            "moveAll_2": 0.2063969522714615,
            "moveAll_3": 0.23807761073112488,
            "relocate_1": 0.5796589851379395,
            "relocate_4": 0.3354724049568176,
            "remove_1": 0.0,
            "revRelocate_2": 0.47421887516975403,
            "revRelocate_3": 0.1669825166463852,
            "revRelocate_5": 0.015517760999500751,
            "twoOpt": 0.5061535239219666
        }
    },
    "last_improvement": 0,
    "name": "burma14-14-2.20-0",
    "solution": {
        "fitness": 53,
        "is_feasible": true,
        "permutation": [
            1,
            7,
            10,
            2,
            13,
            6,
            5,
            3,
            11,
            12,
            0,
            9,
            4,
            8
        ],
        "permutation_orig_ids": [
            "2",
            "8",
            "11",
            "3",
            "14",
            "7",
            "6",
            "4",
            "12",
            "13",
            "1",
            "10",
            "5",
            "9"
        ]
    },
    "steps": {
        "0": 53
    },
    "timeout": 140
}