{
    "config": {
        "allow_infeasible": true,
        "bvns_max_k": 7,
        "bvns_min_k": 1,
        "construction": "random",
        "local_search": "CVND",
        "metaheuristic": "BVNS",
        "num_threads": 8,
        "operators": [
            "insert_1",
            "remove_1",
            "twoOpt",
            "centExchange_1",
            "centExchange_3",
            "centExchange_4",
            "relocate_1",
            "relocate_4",
            "revRelocate_2",
            "revRelocate_3",
            "revRelocate_5",
            "moveAll_1",
            "moveAll_2",
            "moveAll_3",
            "moveAll_10"
        ],
        "perturbation": [
            "reinsert"
        ],
        "stop_on_feasible": false,
        "timeout": 520
    },
    "histogram": {
        "all": {
            "centExchange_1": 31889,
            "centExchange_3": 31874,
            "centExchange_4": 31873,
            "insert_1": 32541,
            "moveAll_1": 26706,
            "moveAll_10": 25747,
            "moveAll_2": 26534,
            "moveAll_3": 26386,
            "relocate_1": 29332,
            "relocate_4": 29016,
            "remove_1": 32541,
            "revRelocate_2": 27849,
            "revRelocate_3": 27252,
            "revRelocate_5": 26994,
            "twoOpt": 31936
        },
        "improving": {
            "centExchange_1": 9754,
            "centExchange_3": 6279,
            "centExchange_4": 3686,
            "insert_1": 0,
            "moveAll_1": 9453,
            "moveAll_10": 13407,
            "moveAll_2": 7106,
            "moveAll_3": 6879,
            "relocate_1": 23160,
            "relocate_4": 13295,
            "remove_1": 0,
            "revRelocate_2": 18782,
            "revRelocate_3": 14632,
            "revRelocate_5": 9793,
            "twoOpt": 18558
        },
        "rate": {
            "centExchange_1": 0.3058735132217407,
            "centExchange_3": 0.19699440896511078,
            "centExchange_4": 0.11564647406339645,
            "insert_1": 0.0,
            "moveAll_1": 0.3539654016494751,
            "moveAll_10": 0.5207208395004272,
            "moveAll_2": 0.26780733466148376,
            "moveAll_3": 0.26070642471313477,
            "relocate_1": 0.7895813584327698,
            "relocate_4": 0.4581954777240753,
            "remove_1": 0.0,
            "revRelocate_2": 0.6744228005409241,
            "revRelocate_3": 0.5369147062301636,
            "revRelocate_5": 0.36278432607650757,
            "twoOpt": 0.5810996890068054
        }
    },
    "last_improvement": 451,
    "name": "berlin52-52-8.30-0",
    "solution": {
        "fitness": 18949,
        "is_feasible": true,
        "permutation": [
            36,
            23,
            37,
            35,
            44,
            16,
            6,
            1,
            22,
            19,
            49,
            21,
            30,
            28,
            13,
            26,
            47,
            3,
            43,
            45,
            32,
            34,
            40,
            18,
            17,
            31,
            0,
            8,
            7,
            39,
            38,
            24,
            25,
            27,
            46,
            11,
            12,
            51,
            10,
            41,
            29,
            2,
            48,
            5,
            9,
            15,
            20,
            4,
            42,
            33,
            14,
            50
        ],
        "permutation_orig_ids": [
            "37",
            "24",
            "38",
            "36",
            "45",
            "17",
            "7",
            "2",
            "23",
            "20",
            "50",
            "22",
            "31",
            "29",
            "14",
            "27",
            "48",
            "4",
            "44",
            "46",
            "33",
            "35",
            "41",
            "19",
            "18",
            "32",
            "1",
            "9",
            "8",
            "40",
            "39",
            "25",
            "26",
            "28",
            "47",
            "12",
            "13",
            "52",
            "11",
            "42",
            "30",
            "3",
            "49",
            "6",
            "10",
            "16",
            "21",
            "5",
            "43",
            "34",
            "15",
            "51"
        ]
    },
    "steps": {
        "0": 22976,
        "10": 20456,
        "11": 20042,
        "26": 20032,
        "29": 19843,
        "430": 19713,
        "439": 19710,
        "448": 19374,
        "449": 19192,
        "45": 19821,
        "451": 18949,
        "6": 21977,
        "7": 20620
    },
    "timeout": 520
}