{
    "config": {
        "allow_infeasible": true,
        "bvns_max_k": 7,
        "bvns_min_k": 1,
        "construction": "random",
        "local_search": "CVND",
        "metaheuristic": "BVNS",
        "num_threads": 8,
        "operators": [
            "insert_1",
            "remove_1",
            "twoOpt",
            "centExchange_1",
            "centExchange_3",
            "centExchange_4",
            "relocate_1",
            "relocate_4",
            "revRelocate_2",
            "revRelocate_3",
            "revRelocate_5",
            "moveAll_1",
            "moveAll_2",
            "moveAll_3",
            "moveAll_10"
        ],
        "perturbation": [
            "reinsert"
        ],
        "stop_on_feasible": false,
        "timeout": 220
    },
    "histogram": {
        "all": {
            "centExchange_1": 301411,
            "centExchange_3": 301362,
            "centExchange_4": 301362,
            "insert_1": 311631,
            "moveAll_1": 247262,
            "moveAll_10": 214782,
            "moveAll_2": 243233,
            "moveAll_3": 238318,
            "relocate_1": 281432,
            "relocate_4": 273834,
            "remove_1": 311631,
            "revRelocate_2": 259116,
            "revRelocate_3": 253055,
            "revRelocate_5": 250602,
            "twoOpt": 302574
        },
        "improving": {
            "centExchange_1": 93099,
            "centExchange_3": 35153,
            "centExchange_4": 12552,
            "insert_1": 0,
            "moveAll_1": 63222,
            "moveAll_10": 126624,
            "moveAll_2": 58556,
            "moveAll_3": 54790,
            "relocate_1": 179765,
            "relocate_4": 122072,
            "remove_1": 0,
            "revRelocate_2": 144206,
            "revRelocate_3": 91738,
            "revRelocate_5": 24473,
            "twoOpt": 147716
        },
        "rate": {
            "centExchange_1": 0.30887725949287415,
            "centExchange_3": 0.11664708703756332,
            "centExchange_4": 0.04165090620517731,
            "insert_1": 0.0,
            "moveAll_1": 0.25568830966949463,
            "moveAll_10": 0.5895466208457947,
            "moveAll_2": 0.2407403588294983,
            "moveAll_3": 0.22990290820598602,
            "relocate_1": 0.6387510895729065,
            "relocate_4": 0.44578832387924194,
            "remove_1": 0.0,
            "revRelocate_2": 0.5565306544303894,
            "revRelocate_3": 0.3625219762325287,
            "revRelocate_5": 0.09765684604644775,
            "twoOpt": 0.488197922706604
        }
    },
    "last_improvement": 0,
    "name": "ulysses22.tsp-22-3.80-0",
    "solution": {
        "fitness": 141,
        "is_feasible": true,
        "permutation": [
            12,
            11,
            21,
            16,
            17,
            2,
            8,
            4,
            14,
            13,
            18,
            19,
            5,
            9,
            7,
            0,
            1,
            20,
            10,
            6,
            3,
            15
        ],
        "permutation_orig_ids": [
            "13",
            "12",
            "22",
            "17",
            "18",
            "3",
            "9",
            "5",
            "15",
            "14",
            "19",
            "20",
            "6",
            "10",
            "8",
            "1",
            "2",
            "21",
            "11",
            "7",
            "4",
            "16"
        ]
    },
    "steps": {
        "0": 141
    },
    "timeout": 220
}