{
    "config": {
        "allow_infeasible": true,
        "bvns_max_k": 7,
        "bvns_min_k": 1,
        "construction": "random",
        "local_search": "CVND",
        "metaheuristic": "BVNS",
        "num_threads": 8,
        "operators": [
            "insert_1",
            "remove_1",
            "twoOpt",
            "centExchange_1",
            "centExchange_3",
            "centExchange_4",
            "relocate_1",
            "relocate_4",
            "revRelocate_2",
            "revRelocate_3",
            "revRelocate_5",
            "moveAll_1",
            "moveAll_2",
            "moveAll_3",
            "moveAll_10"
        ],
        "perturbation": [
            "reinsert"
        ],
        "stop_on_feasible": false,
        "timeout": 140
    },
    "histogram": {
        "all": {
            "centExchange_1": 725563,
            "centExchange_3": 725559,
            "centExchange_4": 725559,
            "insert_1": 751483,
            "moveAll_1": 597862,
            "moveAll_10": 451829,
            "moveAll_2": 578831,
            "moveAll_3": 545380,
            "relocate_1": 681881,
            "relocate_4": 673262,
            "remove_1": 751483,
            "revRelocate_2": 636597,
            "revRelocate_3": 626508,
            "revRelocate_5": 626196,
            "twoOpt": 727096
        },
        "improving": {
            "centExchange_1": 229920,
            "centExchange_3": 37742,
            "centExchange_4": 7068,
            "insert_1": 0,
            "moveAll_1": 131798,
            "moveAll_10": 229493,
            "moveAll_2": 119353,
            "moveAll_3": 128999,
            "relocate_1": 395502,
            "relocate_4": 225922,
            "remove_1": 0,
            "revRelocate_2": 302313,
            "revRelocate_3": 105168,
            "revRelocate_5": 9905,
            "twoOpt": 367637
        },
        "rate": {
            "centExchange_1": 0.31688496470451355,
            "centExchange_3": 0.05201782286167145,
            "centExchange_4": 0.009741454385221004,
            "insert_1": 0.0,
            "moveAll_1": 0.22044886648654938,
            "moveAll_10": 0.5079200267791748,
            "moveAll_2": 0.2061966210603714,
            "moveAll_3": 0.23653049767017365,
            "relocate_1": 0.5800161361694336,
            "relocate_4": 0.3355632722377777,
            "remove_1": 0.0,
            "revRelocate_2": 0.4748891294002533,
            "revRelocate_3": 0.16786377131938934,
            "revRelocate_5": 0.015817731618881226,
            "twoOpt": 0.5056237578392029
        }
    },
    "last_improvement": 0,
    "name": "burma14-14-2.20-0",
    "solution": {
        "fitness": 53,
        "is_feasible": true,
        "permutation": [
            1,
            7,
            10,
            2,
            13,
            6,
            5,
            3,
            11,
            12,
            0,
            9,
            4,
            8
        ],
        "permutation_orig_ids": [
            "2",
            "8",
            "11",
            "3",
            "14",
            "7",
            "6",
            "4",
            "12",
            "13",
            "1",
            "10",
            "5",
            "9"
        ]
    },
    "steps": {
        "0": 53
    },
    "timeout": 140
}