{
    "config": {
        "allow_infeasible": true,
        "bvns_max_k": 7,
        "bvns_min_k": 1,
        "construction": "random",
        "local_search": "CVND",
        "metaheuristic": "BVNS",
        "num_threads": 8,
        "operators": [
            "insert_1",
            "remove_1",
            "twoOpt",
            "centExchange_1",
            "centExchange_3",
            "centExchange_4",
            "relocate_1",
            "relocate_4",
            "revRelocate_2",
            "revRelocate_3",
            "revRelocate_5",
            "moveAll_1",
            "moveAll_2",
            "moveAll_3",
            "moveAll_10"
        ],
        "perturbation": [
            "reinsert"
        ],
        "stop_on_feasible": false,
        "timeout": 520
    },
    "histogram": {
        "all": {
            "centExchange_1": 31637,
            "centExchange_3": 31625,
            "centExchange_4": 31618,
            "insert_1": 32320,
            "moveAll_1": 26518,
            "moveAll_10": 25456,
            "moveAll_2": 26304,
            "moveAll_3": 26128,
            "relocate_1": 29348,
            "relocate_4": 29096,
            "remove_1": 32320,
            "revRelocate_2": 27838,
            "revRelocate_3": 27137,
            "revRelocate_5": 26795,
            "twoOpt": 31700
        },
        "improving": {
            "centExchange_1": 9718,
            "centExchange_3": 5814,
            "centExchange_4": 3212,
            "insert_1": 0,
            "moveAll_1": 9526,
            "moveAll_10": 13077,
            "moveAll_2": 7545,
            "moveAll_3": 6995,
            "relocate_1": 22702,
            "relocate_4": 13174,
            "remove_1": 0,
            "revRelocate_2": 18821,
            "revRelocate_3": 14911,
            "revRelocate_5": 9958,
            "twoOpt": 18445
        },
        "rate": {
            "centExchange_1": 0.3071719706058502,
            "centExchange_3": 0.18384189903736115,
            "centExchange_4": 0.1015877053141594,
            "insert_1": 0.0,
            "moveAll_1": 0.3592276871204376,
            "moveAll_10": 0.5137099027633667,
            "moveAll_2": 0.28683850169181824,
            "moveAll_3": 0.26772046089172363,
            "relocate_1": 0.7735450267791748,
            "relocate_4": 0.45277702808380127,
            "remove_1": 0.0,
            "revRelocate_2": 0.6760902404785156,
            "revRelocate_3": 0.5494711995124817,
            "revRelocate_5": 0.3716365098953247,
            "twoOpt": 0.5818611979484558
        }
    },
    "last_improvement": 446,
    "name": "berlin52-52-8.30-0",
    "solution": {
        "fitness": 17807,
        "is_feasible": true,
        "permutation": [
            37,
            39,
            36,
            35,
            47,
            45,
            43,
            21,
            49,
            15,
            28,
            41,
            6,
            1,
            16,
            17,
            31,
            44,
            40,
            34,
            38,
            3,
            10,
            26,
            13,
            46,
            51,
            12,
            11,
            29,
            20,
            33,
            42,
            4,
            32,
            30,
            22,
            8,
            7,
            0,
            27,
            25,
            24,
            48,
            2,
            18,
            5,
            9,
            23,
            50,
            14,
            19
        ],
        "permutation_orig_ids": [
            "38",
            "40",
            "37",
            "36",
            "48",
            "46",
            "44",
            "22",
            "50",
            "16",
            "29",
            "42",
            "7",
            "2",
            "17",
            "18",
            "32",
            "45",
            "41",
            "35",
            "39",
            "4",
            "11",
            "27",
            "14",
            "47",
            "52",
            "13",
            "12",
            "30",
            "21",
            "34",
            "43",
            "5",
            "33",
            "31",
            "23",
            "9",
            "8",
            "1",
            "28",
            "26",
            "25",
            "49",
            "3",
            "19",
            "6",
            "10",
            "24",
            "51",
            "15",
            "20"
        ]
    },
    "steps": {
        "0": 22204,
        "2": 20133,
        "3": 19805,
        "335": 18752,
        "337": 18734,
        "363": 18647,
        "367": 18297,
        "373": 18143,
        "380": 18045,
        "427": 18006,
        "444": 17844,
        "446": 17807,
        "5": 19379,
        "52": 19357,
        "54": 18785,
        "59": 18755,
        "7": 19369
    },
    "timeout": 520
}