{
    "config": {
        "allow_infeasible": true,
        "bvns_max_k": 7,
        "bvns_min_k": 1,
        "construction": "random",
        "local_search": "CVND",
        "metaheuristic": "BVNS",
        "num_threads": 8,
        "operators": [
            "insert_1",
            "remove_1",
            "twoOpt",
            "centExchange_1",
            "centExchange_3",
            "centExchange_4",
            "relocate_1",
            "relocate_4",
            "revRelocate_2",
            "revRelocate_3",
            "revRelocate_5",
            "moveAll_1",
            "moveAll_2",
            "moveAll_3",
            "moveAll_10"
        ],
        "perturbation": [
            "reinsert"
        ],
        "stop_on_feasible": false,
        "timeout": 1010
    },
    "histogram": {
        "all": {
            "centExchange_1": 5048,
            "centExchange_3": 5045,
            "centExchange_4": 5044,
            "insert_1": 5117,
            "moveAll_1": 4264,
            "moveAll_10": 4190,
            "moveAll_2": 4246,
            "moveAll_3": 4228,
            "relocate_1": 4605,
            "relocate_4": 4580,
            "remove_1": 5117,
            "revRelocate_2": 4423,
            "revRelocate_3": 4344,
            "revRelocate_5": 4292,
            "twoOpt": 5055
        },
        "improving": {
            "centExchange_1": 1474,
            "centExchange_3": 1031,
            "centExchange_4": 738,
            "insert_1": 0,
            "moveAll_1": 1473,
            "moveAll_10": 1823,
            "moveAll_2": 1103,
            "moveAll_3": 998,
            "relocate_1": 3901,
            "relocate_4": 2054,
            "remove_1": 0,
            "revRelocate_2": 3079,
            "revRelocate_3": 2513,
            "revRelocate_5": 1841,
            "twoOpt": 2997
        },
        "rate": {
            "centExchange_1": 0.2919968366622925,
            "centExchange_3": 0.20436075329780579,
            "centExchange_4": 0.14631244540214539,
            "insert_1": 0.0,
            "moveAll_1": 0.3454502820968628,
            "moveAll_10": 0.4350835382938385,
            "moveAll_2": 0.2597739100456238,
            "moveAll_3": 0.23604540526866913,
            "relocate_1": 0.8471226692199707,
            "relocate_4": 0.4484716057777405,
            "remove_1": 0.0,
            "revRelocate_2": 0.6961338520050049,
            "revRelocate_3": 0.5784990787506104,
            "revRelocate_5": 0.42893755435943604,
            "twoOpt": 0.5928783416748047
        }
    },
    "last_improvement": 930,
    "name": "eil101-101-18.00-0",
    "solution": {
        "fitness": 1623,
        "is_feasible": true,
        "permutation": [
            39,
            57,
            92,
            84,
            90,
            60,
            15,
            37,
            13,
            42,
            40,
            66,
            38,
            54,
            24,
            53,
            79,
            28,
            23,
            33,
            78,
            64,
            70,
            19,
            65,
            46,
            10,
            62,
            63,
            48,
            31,
            9,
            69,
            0,
            26,
            52,
            51,
            30,
            68,
            32,
            76,
            80,
            67,
            3,
            73,
            71,
            72,
            97,
            1,
            36,
            58,
            4,
            82,
            47,
            35,
            7,
            6,
            17,
            98,
            94,
            95,
            91,
            86,
            41,
            14,
            56,
            12,
            75,
            11,
            25,
            27,
            59,
            44,
            16,
            81,
            88,
            21,
            22,
            5,
            74,
            93,
            96,
            99,
            61,
            29,
            34,
            77,
            8,
            87,
            55,
            20,
            83,
            45,
            43,
            50,
            49,
            18,
            85,
            2,
            89,
            100
        ],
        "permutation_orig_ids": [
            "40",
            "58",
            "93",
            "85",
            "91",
            "61",
            "16",
            "38",
            "14",
            "43",
            "41",
            "67",
            "39",
            "55",
            "25",
            "54",
            "80",
            "29",
            "24",
            "34",
            "79",
            "65",
            "71",
            "20",
            "66",
            "47",
            "11",
            "63",
            "64",
            "49",
            "32",
            "10",
            "70",
            "1",
            "27",
            "53",
            "52",
            "31",
            "69",
            "33",
            "77",
            "81",
            "68",
            "4",
            "74",
            "72",
            "73",
            "98",
            "2",
            "37",
            "59",
            "5",
            "83",
            "48",
            "36",
            "8",
            "7",
            "18",
            "99",
            "95",
            "96",
            "92",
            "87",
            "42",
            "15",
            "57",
            "13",
            "76",
            "12",
            "26",
            "28",
            "60",
            "45",
            "17",
            "82",
            "89",
            "22",
            "23",
            "6",
            "75",
            "94",
            "97",
            "100",
            "62",
            "30",
            "35",
            "78",
            "9",
            "88",
            "56",
            "21",
            "84",
            "46",
            "44",
            "51",
            "50",
            "19",
            "86",
            "3",
            "90",
            "101"
        ]
    },
    "steps": {
        "0": 2571,
        "1": 2446,
        "106": 2003,
        "107": 1975,
        "108": 1966,
        "2": 2317,
        "203": 1959,
        "204": 1946,
        "213": 1943,
        "214": 1938,
        "23": 2188,
        "24": 2177,
        "3": 2242,
        "303": 1918,
        "304": 1874,
        "335": 1863,
        "364": 1855,
        "371": 1845,
        "372": 1832,
        "374": 1813,
        "382": 1810,
        "444": 1786,
        "445": 1757,
        "480": 1725,
        "621": 1702,
        "634": 1685,
        "637": 1680,
        "638": 1631,
        "639": 1628,
        "68": 2090,
        "69": 2066,
        "70": 2061,
        "71": 2034,
        "74": 2023,
        "75": 2005,
        "930": 1623
    },
    "timeout": 1010
}