{
    "config": {
        "allow_infeasible": true,
        "bvns_max_k": 7,
        "bvns_min_k": 1,
        "construction": "random",
        "local_search": "CVND",
        "metaheuristic": "BVNS",
        "num_threads": 8,
        "operators": [
            "insert_1",
            "remove_1",
            "twoOpt",
            "centExchange_1",
            "centExchange_3",
            "centExchange_4",
            "relocate_1",
            "relocate_4",
            "revRelocate_2",
            "revRelocate_3",
            "revRelocate_5",
            "moveAll_1",
            "moveAll_2",
            "moveAll_3",
            "moveAll_10"
        ],
        "perturbation": [
            "reinsert"
        ],
        "stop_on_feasible": false,
        "timeout": 220
    },
    "histogram": {
        "all": {
            "centExchange_1": 305046,
            "centExchange_3": 305002,
            "centExchange_4": 304999,
            "insert_1": 315410,
            "moveAll_1": 250508,
            "moveAll_10": 217455,
            "moveAll_2": 246462,
            "moveAll_3": 241368,
            "relocate_1": 284890,
            "relocate_4": 277314,
            "remove_1": 315410,
            "revRelocate_2": 262612,
            "revRelocate_3": 256441,
            "revRelocate_5": 253926,
            "twoOpt": 306224
        },
        "improving": {
            "centExchange_1": 94087,
            "centExchange_3": 35323,
            "centExchange_4": 12919,
            "insert_1": 0,
            "moveAll_1": 63948,
            "moveAll_10": 128394,
            "moveAll_2": 59604,
            "moveAll_3": 55758,
            "relocate_1": 182094,
            "relocate_4": 123925,
            "remove_1": 0,
            "revRelocate_2": 145674,
            "revRelocate_3": 93330,
            "revRelocate_5": 24891,
            "twoOpt": 149030
        },
        "rate": {
            "centExchange_1": 0.30843544006347656,
            "centExchange_3": 0.11581235378980637,
            "centExchange_4": 0.042357515543699265,
            "insert_1": 0.0,
            "moveAll_1": 0.2552732825279236,
            "moveAll_10": 0.5904393792152405,
            "moveAll_2": 0.2418384999036789,
            "moveAll_3": 0.23100824654102325,
            "relocate_1": 0.6391730308532715,
            "relocate_4": 0.4468761086463928,
            "remove_1": 0.0,
            "revRelocate_2": 0.5547118782997131,
            "revRelocate_3": 0.3639433681964874,
            "revRelocate_5": 0.09802462160587311,
            "twoOpt": 0.4866698980331421
        }
    },
    "last_improvement": 0,
    "name": "ulysses22.tsp-22-3.80-0",
    "solution": {
        "fitness": 141,
        "is_feasible": true,
        "permutation": [
            12,
            11,
            21,
            16,
            17,
            2,
            8,
            4,
            14,
            13,
            18,
            19,
            5,
            9,
            7,
            0,
            1,
            20,
            10,
            6,
            3,
            15
        ],
        "permutation_orig_ids": [
            "13",
            "12",
            "22",
            "17",
            "18",
            "3",
            "9",
            "5",
            "15",
            "14",
            "19",
            "20",
            "6",
            "10",
            "8",
            "1",
            "2",
            "21",
            "11",
            "7",
            "4",
            "16"
        ]
    },
    "steps": {
        "0": 141
    },
    "timeout": 220
}