{
    "config": {
        "allow_infeasible": true,
        "bvns_max_k": 7,
        "bvns_min_k": 1,
        "construction": "random",
        "local_search": "CVND",
        "metaheuristic": "BVNS",
        "num_threads": 8,
        "operators": [
            "insert_1",
            "remove_1",
            "twoOpt",
            "centExchange_1",
            "centExchange_3",
            "centExchange_4",
            "relocate_1",
            "relocate_4",
            "revRelocate_2",
            "revRelocate_3",
            "revRelocate_5",
            "moveAll_1",
            "moveAll_2",
            "moveAll_3",
            "moveAll_10"
        ],
        "perturbation": [
            "reinsert"
        ],
        "stop_on_feasible": false,
        "timeout": 520
    },
    "histogram": {
        "all": {
            "centExchange_1": 31792,
            "centExchange_3": 31778,
            "centExchange_4": 31774,
            "insert_1": 32484,
            "moveAll_1": 26509,
            "moveAll_10": 25588,
            "moveAll_2": 26390,
            "moveAll_3": 26245,
            "relocate_1": 29373,
            "relocate_4": 29133,
            "remove_1": 32484,
            "revRelocate_2": 27847,
            "revRelocate_3": 27215,
            "revRelocate_5": 26893,
            "twoOpt": 31852
        },
        "improving": {
            "centExchange_1": 9648,
            "centExchange_3": 5745,
            "centExchange_4": 3344,
            "insert_1": 0,
            "moveAll_1": 9672,
            "moveAll_10": 13169,
            "moveAll_2": 6996,
            "moveAll_3": 6710,
            "relocate_1": 22899,
            "relocate_4": 13337,
            "remove_1": 0,
            "revRelocate_2": 18882,
            "revRelocate_3": 14840,
            "revRelocate_5": 10158,
            "twoOpt": 18470
        },
        "rate": {
            "centExchange_1": 0.3034725785255432,
            "centExchange_3": 0.18078544735908508,
            "centExchange_4": 0.10524328052997589,
            "insert_1": 0.0,
            "moveAll_1": 0.3648572266101837,
            "moveAll_10": 0.5146552920341492,
            "moveAll_2": 0.2651004195213318,
            "moveAll_3": 0.2556677460670471,
            "relocate_1": 0.7795935273170471,
            "relocate_4": 0.45779699087142944,
            "remove_1": 0.0,
            "revRelocate_2": 0.6780622601509094,
            "revRelocate_3": 0.545287549495697,
            "revRelocate_5": 0.37771910429000854,
            "twoOpt": 0.5798693895339966
        }
    },
    "last_improvement": 337,
    "name": "berlin52-52-8.30-0",
    "solution": {
        "fitness": 17572,
        "is_feasible": true,
        "permutation": [
            36,
            23,
            4,
            21,
            49,
            28,
            6,
            1,
            16,
            40,
            7,
            8,
            32,
            11,
            12,
            51,
            13,
            46,
            26,
            10,
            45,
            35,
            39,
            38,
            47,
            31,
            30,
            29,
            41,
            0,
            9,
            34,
            5,
            43,
            3,
            19,
            37,
            22,
            20,
            15,
            44,
            33,
            42,
            27,
            25,
            24,
            48,
            2,
            18,
            17,
            14,
            50
        ],
        "permutation_orig_ids": [
            "37",
            "24",
            "5",
            "22",
            "50",
            "29",
            "7",
            "2",
            "17",
            "41",
            "8",
            "9",
            "33",
            "12",
            "13",
            "52",
            "14",
            "47",
            "27",
            "11",
            "46",
            "36",
            "40",
            "39",
            "48",
            "32",
            "31",
            "30",
            "42",
            "1",
            "10",
            "35",
            "6",
            "44",
            "4",
            "20",
            "38",
            "23",
            "21",
            "16",
            "45",
            "34",
            "43",
            "28",
            "26",
            "25",
            "49",
            "3",
            "19",
            "18",
            "15",
            "51"
        ]
    },
    "steps": {
        "0": 22330,
        "12": 21416,
        "227": 19375,
        "26": 21341,
        "28": 20944,
        "292": 19261,
        "296": 18731,
        "297": 18696,
        "30": 19978,
        "304": 18487,
        "31": 19739,
        "337": 17572,
        "40": 19623,
        "42": 19503,
        "7": 22230,
        "8": 21730
    },
    "timeout": 520
}