{
    "config": {
        "allow_infeasible": true,
        "bvns_max_k": 7,
        "bvns_min_k": 1,
        "construction": "random",
        "local_search": "CVND",
        "metaheuristic": "BVNS",
        "num_threads": 8,
        "operators": [
            "insert_1",
            "remove_1",
            "twoOpt",
            "centExchange_1",
            "centExchange_3",
            "centExchange_4",
            "relocate_1",
            "relocate_4",
            "revRelocate_2",
            "revRelocate_3",
            "revRelocate_5",
            "moveAll_1",
            "moveAll_2",
            "moveAll_3",
            "moveAll_10"
        ],
        "perturbation": [
            "reinsert"
        ],
        "stop_on_feasible": false,
        "timeout": 220
    },
    "histogram": {
        "all": {
            "centExchange_1": 300097,
            "centExchange_3": 300059,
            "centExchange_4": 300059,
            "insert_1": 309957,
            "moveAll_1": 246107,
            "moveAll_10": 213699,
            "moveAll_2": 242095,
            "moveAll_3": 237083,
            "relocate_1": 280313,
            "relocate_4": 272560,
            "remove_1": 309957,
            "revRelocate_2": 258156,
            "revRelocate_3": 252011,
            "revRelocate_5": 249468,
            "twoOpt": 301165
        },
        "improving": {
            "centExchange_1": 92455,
            "centExchange_3": 34901,
            "centExchange_4": 12855,
            "insert_1": 0,
            "moveAll_1": 62603,
            "moveAll_10": 125933,
            "moveAll_2": 58605,
            "moveAll_3": 54861,
            "relocate_1": 178908,
            "relocate_4": 121769,
            "remove_1": 0,
            "revRelocate_2": 143238,
            "revRelocate_3": 91476,
            "revRelocate_5": 24644,
            "twoOpt": 146384
        },
        "rate": {
            "centExchange_1": 0.308083713054657,
            "centExchange_3": 0.11631379276514053,
            "centExchange_4": 0.04284157603979111,
            "insert_1": 0.0,
            "moveAll_1": 0.25437310338020325,
            "moveAll_10": 0.589300811290741,
            "moveAll_2": 0.2420743852853775,
            "moveAll_3": 0.23139996826648712,
            "relocate_1": 0.6382436752319336,
            "relocate_4": 0.446760356426239,
            "remove_1": 0.0,
            "revRelocate_2": 0.5548505783081055,
            "revRelocate_3": 0.36298415064811707,
            "revRelocate_5": 0.09878621995449066,
            "twoOpt": 0.48605912923812866
        }
    },
    "last_improvement": 0,
    "name": "ulysses22.tsp-22-3.80-0",
    "solution": {
        "fitness": 141,
        "is_feasible": true,
        "permutation": [
            12,
            11,
            21,
            16,
            17,
            2,
            8,
            4,
            14,
            13,
            18,
            19,
            5,
            9,
            7,
            0,
            1,
            20,
            10,
            6,
            3,
            15
        ],
        "permutation_orig_ids": [
            "13",
            "12",
            "22",
            "17",
            "18",
            "3",
            "9",
            "5",
            "15",
            "14",
            "19",
            "20",
            "6",
            "10",
            "8",
            "1",
            "2",
            "21",
            "11",
            "7",
            "4",
            "16"
        ]
    },
    "steps": {
        "0": 141
    },
    "timeout": 220
}