{
    "config": {
        "allow_infeasible": true,
        "bvns_max_k": 7,
        "bvns_min_k": 1,
        "construction": "random",
        "local_search": "CVND",
        "metaheuristic": "BVNS",
        "num_threads": 8,
        "operators": [
            "insert_1",
            "remove_1",
            "twoOpt",
            "centExchange_1",
            "centExchange_3",
            "centExchange_4",
            "relocate_1",
            "relocate_4",
            "revRelocate_2",
            "revRelocate_3",
            "revRelocate_5",
            "moveAll_1",
            "moveAll_2",
            "moveAll_3",
            "moveAll_10"
        ],
        "perturbation": [
            "reinsert"
        ],
        "stop_on_feasible": false,
        "timeout": 140
    },
    "histogram": {
        "all": {
            "centExchange_1": 706327,
            "centExchange_3": 706321,
            "centExchange_4": 706321,
            "insert_1": 731499,
            "moveAll_1": 581980,
            "moveAll_10": 439790,
            "moveAll_2": 563506,
            "moveAll_3": 530458,
            "relocate_1": 663517,
            "relocate_4": 655049,
            "remove_1": 731499,
            "revRelocate_2": 619472,
            "revRelocate_3": 609822,
            "revRelocate_5": 609517,
            "twoOpt": 707857
        },
        "improving": {
            "centExchange_1": 223679,
            "centExchange_3": 36548,
            "centExchange_4": 6978,
            "insert_1": 0,
            "moveAll_1": 127956,
            "moveAll_10": 222796,
            "moveAll_2": 116349,
            "moveAll_3": 126321,
            "relocate_1": 384995,
            "relocate_4": 219756,
            "remove_1": 0,
            "revRelocate_2": 293567,
            "revRelocate_3": 101688,
            "revRelocate_5": 9438,
            "twoOpt": 357862
        },
        "rate": {
            "centExchange_1": 0.31667909026145935,
            "centExchange_3": 0.05174417793750763,
            "centExchange_4": 0.009879360906779766,
            "insert_1": 0.0,
            "moveAll_1": 0.21986322104930878,
            "moveAll_10": 0.5065963268280029,
            "moveAll_2": 0.20647339522838593,
            "moveAll_3": 0.23813572525978088,
            "relocate_1": 0.5802338123321533,
            "relocate_4": 0.3354802429676056,
            "remove_1": 0.0,
            "revRelocate_2": 0.4738987386226654,
            "revRelocate_3": 0.16675029695034027,
            "revRelocate_5": 0.015484391711652279,
            "twoOpt": 0.5055569410324097
        }
    },
    "last_improvement": 0,
    "name": "burma14-14-2.20-0",
    "solution": {
        "fitness": 53,
        "is_feasible": true,
        "permutation": [
            1,
            7,
            10,
            2,
            13,
            6,
            5,
            3,
            11,
            12,
            0,
            9,
            4,
            8
        ],
        "permutation_orig_ids": [
            "2",
            "8",
            "11",
            "3",
            "14",
            "7",
            "6",
            "4",
            "12",
            "13",
            "1",
            "10",
            "5",
            "9"
        ]
    },
    "steps": {
        "0": 53
    },
    "timeout": 140
}