{
    "config": {
        "allow_infeasible": true,
        "bvns_max_k": 7,
        "bvns_min_k": 1,
        "construction": "random",
        "local_search": "CVND",
        "metaheuristic": "BVNS",
        "num_threads": 8,
        "operators": [
            "insert_1",
            "remove_1",
            "twoOpt",
            "centExchange_1",
            "centExchange_3",
            "centExchange_4",
            "relocate_1",
            "relocate_4",
            "revRelocate_2",
            "revRelocate_3",
            "revRelocate_5",
            "moveAll_1",
            "moveAll_2",
            "moveAll_3",
            "moveAll_10"
        ],
        "perturbation": [
            "reinsert"
        ],
        "stop_on_feasible": false,
        "timeout": 520
    },
    "histogram": {
        "all": {
            "centExchange_1": 32067,
            "centExchange_3": 32057,
            "centExchange_4": 32054,
            "insert_1": 32759,
            "moveAll_1": 26848,
            "moveAll_10": 25934,
            "moveAll_2": 26699,
            "moveAll_3": 26518,
            "relocate_1": 29735,
            "relocate_4": 29542,
            "remove_1": 32759,
            "revRelocate_2": 28063,
            "revRelocate_3": 27462,
            "revRelocate_5": 27198,
            "twoOpt": 32158
        },
        "improving": {
            "centExchange_1": 10179,
            "centExchange_3": 5464,
            "centExchange_4": 3253,
            "insert_1": 0,
            "moveAll_1": 10210,
            "moveAll_10": 13476,
            "moveAll_2": 7672,
            "moveAll_3": 7567,
            "relocate_1": 23201,
            "relocate_4": 13115,
            "remove_1": 0,
            "revRelocate_2": 19741,
            "revRelocate_3": 15259,
            "revRelocate_5": 9379,
            "twoOpt": 18445
        },
        "rate": {
            "centExchange_1": 0.3174291253089905,
            "centExchange_3": 0.17044639587402344,
            "centExchange_4": 0.1014849916100502,
            "insert_1": 0.0,
            "moveAll_1": 0.3802890479564667,
            "moveAll_10": 0.5196267366409302,
            "moveAll_2": 0.2873515784740448,
            "moveAll_3": 0.28535333275794983,
            "relocate_1": 0.7802589535713196,
            "relocate_4": 0.44394421577453613,
            "remove_1": 0.0,
            "revRelocate_2": 0.7034529447555542,
            "revRelocate_3": 0.5556405186653137,
            "revRelocate_5": 0.34484153985977173,
            "twoOpt": 0.5735742449760437
        }
    },
    "last_improvement": 87,
    "name": "berlin52-52-8.30-0",
    "solution": {
        "fitness": 17441,
        "is_feasible": true,
        "permutation": [
            31,
            35,
            45,
            43,
            21,
            22,
            30,
            20,
            41,
            6,
            1,
            16,
            40,
            44,
            39,
            36,
            37,
            34,
            38,
            23,
            4,
            32,
            47,
            26,
            13,
            46,
            51,
            12,
            11,
            5,
            9,
            0,
            7,
            8,
            15,
            29,
            28,
            49,
            10,
            3,
            19,
            50,
            14,
            33,
            42,
            27,
            25,
            24,
            48,
            2,
            18,
            17
        ],
        "permutation_orig_ids": [
            "32",
            "36",
            "46",
            "44",
            "22",
            "23",
            "31",
            "21",
            "42",
            "7",
            "2",
            "17",
            "41",
            "45",
            "40",
            "37",
            "38",
            "35",
            "39",
            "24",
            "5",
            "33",
            "48",
            "27",
            "14",
            "47",
            "52",
            "13",
            "12",
            "6",
            "10",
            "1",
            "8",
            "9",
            "16",
            "30",
            "29",
            "50",
            "11",
            "4",
            "20",
            "51",
            "15",
            "34",
            "43",
            "28",
            "26",
            "25",
            "49",
            "3",
            "19",
            "18"
        ]
    },
    "steps": {
        "0": 23239,
        "1": 22121,
        "3": 21928,
        "37": 21485,
        "40": 21354,
        "49": 20938,
        "53": 20699,
        "55": 20476,
        "56": 19039,
        "57": 18583,
        "7": 21548,
        "70": 17669,
        "77": 17624,
        "87": 17441
    },
    "timeout": 520
}