{
    "config": {
        "allow_infeasible": true,
        "bvns_max_k": 7,
        "bvns_min_k": 1,
        "construction": "random",
        "local_search": "CVND",
        "metaheuristic": "BVNS",
        "num_threads": 8,
        "operators": [
            "insert_1",
            "remove_1",
            "twoOpt",
            "centExchange_1",
            "centExchange_3",
            "centExchange_4",
            "relocate_1",
            "relocate_4",
            "revRelocate_2",
            "revRelocate_3",
            "revRelocate_5",
            "moveAll_1",
            "moveAll_2",
            "moveAll_3",
            "moveAll_10"
        ],
        "perturbation": [
            "reinsert"
        ],
        "stop_on_feasible": false,
        "timeout": 1010
    },
    "histogram": {
        "all": {
            "centExchange_1": 5054,
            "centExchange_3": 5052,
            "centExchange_4": 5048,
            "insert_1": 5163,
            "moveAll_1": 4271,
            "moveAll_10": 4197,
            "moveAll_2": 4257,
            "moveAll_3": 4247,
            "relocate_1": 4586,
            "relocate_4": 4550,
            "remove_1": 5163,
            "revRelocate_2": 4401,
            "revRelocate_3": 4332,
            "revRelocate_5": 4302,
            "twoOpt": 5058
        },
        "improving": {
            "centExchange_1": 1467,
            "centExchange_3": 956,
            "centExchange_4": 740,
            "insert_1": 0,
            "moveAll_1": 1576,
            "moveAll_10": 1899,
            "moveAll_2": 1201,
            "moveAll_3": 1093,
            "relocate_1": 3869,
            "relocate_4": 2113,
            "remove_1": 0,
            "revRelocate_2": 3041,
            "revRelocate_3": 2469,
            "revRelocate_5": 1780,
            "twoOpt": 3055
        },
        "rate": {
            "centExchange_1": 0.29026514291763306,
            "centExchange_3": 0.1892319917678833,
            "centExchange_4": 0.14659270644187927,
            "insert_1": 0.0,
            "moveAll_1": 0.36900022625923157,
            "moveAll_10": 0.45246604084968567,
            "moveAll_2": 0.2821235656738281,
            "moveAll_3": 0.2573581337928772,
            "relocate_1": 0.8436545729637146,
            "relocate_4": 0.4643956124782562,
            "remove_1": 0.0,
            "revRelocate_2": 0.6909793019294739,
            "revRelocate_3": 0.5699446201324463,
            "revRelocate_5": 0.41376104950904846,
            "twoOpt": 0.6039936542510986
        }
    },
    "last_improvement": 594,
    "name": "eil101-101-18.00-0",
    "solution": {
        "fitness": 1770,
        "is_feasible": true,
        "permutation": [
            71,
            73,
            72,
            3,
            38,
            66,
            54,
            53,
            79,
            76,
            78,
            77,
            34,
            64,
            70,
            19,
            65,
            29,
            9,
            62,
            48,
            63,
            10,
            47,
            6,
            30,
            51,
            17,
            98,
            58,
            90,
            86,
            57,
            1,
            40,
            14,
            56,
            42,
            13,
            37,
            15,
            97,
            93,
            4,
            82,
            92,
            91,
            36,
            88,
            80,
            67,
            28,
            61,
            46,
            69,
            100,
            12,
            41,
            99,
            60,
            94,
            95,
            27,
            25,
            39,
            24,
            52,
            33,
            32,
            0,
            11,
            75,
            23,
            68,
            35,
            7,
            59,
            44,
            96,
            21,
            22,
            5,
            84,
            26,
            74,
            81,
            31,
            8,
            87,
            55,
            20,
            16,
            83,
            45,
            43,
            50,
            49,
            18,
            85,
            2,
            89
        ],
        "permutation_orig_ids": [
            "72",
            "74",
            "73",
            "4",
            "39",
            "67",
            "55",
            "54",
            "80",
            "77",
            "79",
            "78",
            "35",
            "65",
            "71",
            "20",
            "66",
            "30",
            "10",
            "63",
            "49",
            "64",
            "11",
            "48",
            "7",
            "31",
            "52",
            "18",
            "99",
            "59",
            "91",
            "87",
            "58",
            "2",
            "41",
            "15",
            "57",
            "43",
            "14",
            "38",
            "16",
            "98",
            "94",
            "5",
            "83",
            "93",
            "92",
            "37",
            "89",
            "81",
            "68",
            "29",
            "62",
            "47",
            "70",
            "101",
            "13",
            "42",
            "100",
            "61",
            "95",
            "96",
            "28",
            "26",
            "40",
            "25",
            "53",
            "34",
            "33",
            "1",
            "12",
            "76",
            "24",
            "69",
            "36",
            "8",
            "60",
            "45",
            "97",
            "22",
            "23",
            "6",
            "85",
            "27",
            "75",
            "82",
            "32",
            "9",
            "88",
            "56",
            "21",
            "17",
            "84",
            "46",
            "44",
            "51",
            "50",
            "19",
            "86",
            "3",
            "90"
        ]
    },
    "steps": {
        "0": 2537,
        "1": 2446,
        "10": 2234,
        "11": 2187,
        "113": 1932,
        "12": 2135,
        "13": 2128,
        "14": 2126,
        "16": 2097,
        "17": 2094,
        "18": 2078,
        "2": 2303,
        "22": 2051,
        "24": 2036,
        "3": 2264,
        "358": 1928,
        "39": 2007,
        "40": 1991,
        "414": 1882,
        "42": 1945,
        "43": 1937,
        "436": 1853,
        "437": 1852,
        "446": 1837,
        "464": 1836,
        "5": 2262,
        "504": 1823,
        "542": 1812,
        "544": 1804,
        "589": 1788,
        "594": 1770,
        "6": 2255,
        "9": 2235
    },
    "timeout": 1010
}