{
    "config": {
        "allow_infeasible": true,
        "bvns_max_k": 7,
        "bvns_min_k": 1,
        "construction": "random",
        "local_search": "CVND",
        "metaheuristic": "BVNS",
        "num_threads": 8,
        "operators": [
            "insert_1",
            "remove_1",
            "twoOpt",
            "centExchange_1",
            "centExchange_3",
            "centExchange_4",
            "relocate_1",
            "relocate_4",
            "revRelocate_2",
            "revRelocate_3",
            "revRelocate_5",
            "moveAll_1",
            "moveAll_2",
            "moveAll_3",
            "moveAll_10"
        ],
        "perturbation": [
            "reinsert"
        ],
        "stop_on_feasible": false,
        "timeout": 220
    },
    "histogram": {
        "all": {
            "centExchange_1": 303808,
            "centExchange_3": 303768,
            "centExchange_4": 303768,
            "insert_1": 313963,
            "moveAll_1": 249205,
            "moveAll_10": 216460,
            "moveAll_2": 245161,
            "moveAll_3": 240038,
            "relocate_1": 283672,
            "relocate_4": 275887,
            "remove_1": 313963,
            "revRelocate_2": 261214,
            "revRelocate_3": 255044,
            "revRelocate_5": 252551,
            "twoOpt": 304943
        },
        "improving": {
            "centExchange_1": 93873,
            "centExchange_3": 35316,
            "centExchange_4": 12910,
            "insert_1": 0,
            "moveAll_1": 63425,
            "moveAll_10": 127495,
            "moveAll_2": 59117,
            "moveAll_3": 55455,
            "relocate_1": 181358,
            "relocate_4": 123452,
            "remove_1": 0,
            "revRelocate_2": 145038,
            "revRelocate_3": 92671,
            "revRelocate_5": 24805,
            "twoOpt": 148306
        },
        "rate": {
            "centExchange_1": 0.30898791551589966,
            "centExchange_3": 0.11625977605581284,
            "centExchange_4": 0.04249953851103783,
            "insert_1": 0.0,
            "moveAll_1": 0.2545093297958374,
            "moveAll_10": 0.5890002846717834,
            "moveAll_2": 0.24113541841506958,
            "moveAll_3": 0.23102591931819916,
            "relocate_1": 0.6393228769302368,
            "relocate_4": 0.44747304916381836,
            "remove_1": 0.0,
            "revRelocate_2": 0.5552458763122559,
            "revRelocate_3": 0.3633529841899872,
            "revRelocate_5": 0.09821778535842896,
            "twoOpt": 0.48634007573127747
        }
    },
    "last_improvement": 0,
    "name": "ulysses22.tsp-22-3.80-0",
    "solution": {
        "fitness": 141,
        "is_feasible": true,
        "permutation": [
            12,
            11,
            21,
            16,
            17,
            2,
            8,
            4,
            14,
            13,
            18,
            19,
            5,
            9,
            7,
            0,
            1,
            20,
            10,
            6,
            3,
            15
        ],
        "permutation_orig_ids": [
            "13",
            "12",
            "22",
            "17",
            "18",
            "3",
            "9",
            "5",
            "15",
            "14",
            "19",
            "20",
            "6",
            "10",
            "8",
            "1",
            "2",
            "21",
            "11",
            "7",
            "4",
            "16"
        ]
    },
    "steps": {
        "0": 141
    },
    "timeout": 220
}