{
    "config": {
        "allow_infeasible": true,
        "bvns_max_k": 7,
        "bvns_min_k": 1,
        "construction": "random",
        "local_search": "CVND",
        "metaheuristic": "BVNS",
        "num_threads": 8,
        "operators": [
            "insert_1",
            "remove_1",
            "twoOpt",
            "centExchange_1",
            "centExchange_3",
            "centExchange_4",
            "relocate_1",
            "relocate_4",
            "revRelocate_2",
            "revRelocate_3",
            "revRelocate_5",
            "moveAll_1",
            "moveAll_2",
            "moveAll_3",
            "moveAll_10"
        ],
        "perturbation": [
            "reinsert"
        ],
        "stop_on_feasible": false,
        "timeout": 520
    },
    "histogram": {
        "all": {
            "centExchange_1": 32134,
            "centExchange_3": 32116,
            "centExchange_4": 32111,
            "insert_1": 32877,
            "moveAll_1": 26858,
            "moveAll_10": 25857,
            "moveAll_2": 26745,
            "moveAll_3": 26592,
            "relocate_1": 29583,
            "relocate_4": 29283,
            "remove_1": 32877,
            "revRelocate_2": 28130,
            "revRelocate_3": 27439,
            "revRelocate_5": 27124,
            "twoOpt": 32185
        },
        "improving": {
            "centExchange_1": 9736,
            "centExchange_3": 6320,
            "centExchange_4": 3570,
            "insert_1": 0,
            "moveAll_1": 9356,
            "moveAll_10": 13540,
            "moveAll_2": 6931,
            "moveAll_3": 6760,
            "relocate_1": 23106,
            "relocate_4": 13530,
            "remove_1": 0,
            "revRelocate_2": 18744,
            "revRelocate_3": 14826,
            "revRelocate_5": 9949,
            "twoOpt": 18740
        },
        "rate": {
            "centExchange_1": 0.30298125743865967,
            "centExchange_3": 0.19678664207458496,
            "centExchange_4": 0.11117685586214066,
            "insert_1": 0.0,
            "moveAll_1": 0.3483505845069885,
            "moveAll_10": 0.523649275302887,
            "moveAll_2": 0.25915125012397766,
            "moveAll_3": 0.25421178340911865,
            "relocate_1": 0.7810567021369934,
            "relocate_4": 0.46204283833503723,
            "remove_1": 0.0,
            "revRelocate_2": 0.666334867477417,
            "revRelocate_3": 0.5403258204460144,
            "revRelocate_5": 0.36679694056510925,
            "twoOpt": 0.5822588205337524
        }
    },
    "last_improvement": 305,
    "name": "berlin52-52-8.30-0",
    "solution": {
        "fitness": 19697,
        "is_feasible": true,
        "permutation": [
            36,
            23,
            4,
            3,
            45,
            43,
            35,
            21,
            30,
            22,
            28,
            49,
            19,
            6,
            1,
            16,
            17,
            31,
            44,
            7,
            39,
            38,
            34,
            37,
            9,
            40,
            18,
            5,
            32,
            47,
            26,
            13,
            15,
            46,
            51,
            12,
            11,
            29,
            41,
            10,
            0,
            8,
            20,
            33,
            42,
            27,
            25,
            24,
            48,
            2,
            14,
            50
        ],
        "permutation_orig_ids": [
            "37",
            "24",
            "5",
            "4",
            "46",
            "44",
            "36",
            "22",
            "31",
            "23",
            "29",
            "50",
            "20",
            "7",
            "2",
            "17",
            "18",
            "32",
            "45",
            "8",
            "40",
            "39",
            "35",
            "38",
            "10",
            "41",
            "19",
            "6",
            "33",
            "48",
            "27",
            "14",
            "16",
            "47",
            "52",
            "13",
            "12",
            "30",
            "42",
            "11",
            "1",
            "9",
            "21",
            "34",
            "43",
            "28",
            "26",
            "25",
            "49",
            "3",
            "15",
            "51"
        ]
    },
    "steps": {
        "0": 22143,
        "105": 19827,
        "2": 20758,
        "285": 19715,
        "292": 19714,
        "3": 20471,
        "305": 19697,
        "52": 19958,
        "53": 19951,
        "54": 19853
    },
    "timeout": 520
}