{
    "config": {
        "allow_infeasible": true,
        "bvns_max_k": 7,
        "bvns_min_k": 1,
        "construction": "random",
        "local_search": "CVND",
        "metaheuristic": "BVNS",
        "num_threads": 8,
        "operators": [
            "insert_1",
            "remove_1",
            "twoOpt",
            "centExchange_1",
            "centExchange_3",
            "centExchange_4",
            "relocate_1",
            "relocate_4",
            "revRelocate_2",
            "revRelocate_3",
            "revRelocate_5",
            "moveAll_1",
            "moveAll_2",
            "moveAll_3",
            "moveAll_10"
        ],
        "perturbation": [
            "reinsert"
        ],
        "stop_on_feasible": false,
        "timeout": 140
    },
    "histogram": {
        "all": {
            "centExchange_1": 717183,
            "centExchange_3": 717181,
            "centExchange_4": 717181,
            "insert_1": 742727,
            "moveAll_1": 590929,
            "moveAll_10": 446507,
            "moveAll_2": 572186,
            "moveAll_3": 539104,
            "relocate_1": 673534,
            "relocate_4": 665237,
            "remove_1": 742727,
            "revRelocate_2": 629001,
            "revRelocate_3": 619150,
            "revRelocate_5": 618856,
            "twoOpt": 718669
        },
        "improving": {
            "centExchange_1": 227408,
            "centExchange_3": 37086,
            "centExchange_4": 6934,
            "insert_1": 0,
            "moveAll_1": 130223,
            "moveAll_10": 226770,
            "moveAll_2": 118185,
            "moveAll_3": 128307,
            "relocate_1": 391137,
            "relocate_4": 223256,
            "remove_1": 0,
            "revRelocate_2": 298571,
            "revRelocate_3": 103684,
            "revRelocate_5": 9576,
            "twoOpt": 363288
        },
        "rate": {
            "centExchange_1": 0.31708502769470215,
            "centExchange_3": 0.05171079561114311,
            "centExchange_4": 0.009668409824371338,
            "insert_1": 0.0,
            "moveAll_1": 0.22036996483802795,
            "moveAll_10": 0.5078755617141724,
            "moveAll_2": 0.2065499722957611,
            "moveAll_3": 0.23800046741962433,
            "relocate_1": 0.5807234644889832,
            "relocate_4": 0.3356037139892578,
            "remove_1": 0.0,
            "revRelocate_2": 0.47467491030693054,
            "revRelocate_3": 0.1674618422985077,
            "revRelocate_5": 0.015473713167011738,
            "twoOpt": 0.5055011510848999
        }
    },
    "last_improvement": 0,
    "name": "burma14-14-2.20-0",
    "solution": {
        "fitness": 53,
        "is_feasible": true,
        "permutation": [
            1,
            7,
            10,
            2,
            13,
            6,
            5,
            3,
            11,
            12,
            0,
            9,
            4,
            8
        ],
        "permutation_orig_ids": [
            "2",
            "8",
            "11",
            "3",
            "14",
            "7",
            "6",
            "4",
            "12",
            "13",
            "1",
            "10",
            "5",
            "9"
        ]
    },
    "steps": {
        "0": 53
    },
    "timeout": 140
}