{
    "config": {
        "allow_infeasible": true,
        "bvns_max_k": 7,
        "bvns_min_k": 1,
        "construction": "random",
        "local_search": "CVND",
        "metaheuristic": "BVNS",
        "num_threads": 8,
        "operators": [
            "insert_1",
            "remove_1",
            "twoOpt",
            "centExchange_1",
            "centExchange_3",
            "centExchange_4",
            "relocate_1",
            "relocate_4",
            "revRelocate_2",
            "revRelocate_3",
            "revRelocate_5",
            "moveAll_1",
            "moveAll_2",
            "moveAll_3",
            "moveAll_10"
        ],
        "perturbation": [
            "reinsert"
        ],
        "stop_on_feasible": false,
        "timeout": 1010
    },
    "histogram": {
        "all": {
            "centExchange_1": 5089,
            "centExchange_3": 5088,
            "centExchange_4": 5088,
            "insert_1": 5160,
            "moveAll_1": 4259,
            "moveAll_10": 4180,
            "moveAll_2": 4251,
            "moveAll_3": 4230,
            "relocate_1": 4596,
            "relocate_4": 4572,
            "remove_1": 5160,
            "revRelocate_2": 4426,
            "revRelocate_3": 4333,
            "revRelocate_5": 4295,
            "twoOpt": 5093
        },
        "improving": {
            "centExchange_1": 1459,
            "centExchange_3": 992,
            "centExchange_4": 649,
            "insert_1": 0,
            "moveAll_1": 1581,
            "moveAll_10": 1894,
            "moveAll_2": 1214,
            "moveAll_3": 1095,
            "relocate_1": 3875,
            "relocate_4": 2086,
            "remove_1": 0,
            "revRelocate_2": 3060,
            "revRelocate_3": 2544,
            "revRelocate_5": 1819,
            "twoOpt": 2953
        },
        "rate": {
            "centExchange_1": 0.28669679164886475,
            "centExchange_3": 0.1949685513973236,
            "centExchange_4": 0.1275550276041031,
            "insert_1": 0.0,
            "moveAll_1": 0.3712139129638672,
            "moveAll_10": 0.4531100392341614,
            "moveAll_2": 0.2855798602104187,
            "moveAll_3": 0.25886523723602295,
            "relocate_1": 0.8431244492530823,
            "relocate_4": 0.4562554657459259,
            "remove_1": 0.0,
            "revRelocate_2": 0.6913691759109497,
            "revRelocate_3": 0.5871220827102661,
            "revRelocate_5": 0.4235157072544098,
            "twoOpt": 0.5798154473304749
        }
    },
    "last_improvement": 902,
    "name": "eil101-101-18.00-0",
    "solution": {
        "fitness": 1622,
        "is_feasible": true,
        "permutation": [
            20,
            40,
            42,
            41,
            90,
            92,
            58,
            91,
            86,
            57,
            52,
            27,
            68,
            30,
            51,
            9,
            63,
            10,
            62,
            61,
            69,
            29,
            65,
            19,
            70,
            64,
            34,
            77,
            78,
            28,
            33,
            32,
            76,
            80,
            79,
            23,
            54,
            24,
            66,
            38,
            71,
            72,
            73,
            56,
            12,
            98,
            7,
            35,
            48,
            46,
            6,
            17,
            0,
            75,
            53,
            11,
            67,
            3,
            25,
            39,
            14,
            37,
            13,
            97,
            15,
            83,
            16,
            44,
            59,
            36,
            1,
            99,
            96,
            21,
            22,
            5,
            84,
            95,
            94,
            60,
            26,
            74,
            93,
            82,
            4,
            47,
            88,
            81,
            31,
            8,
            87,
            55,
            45,
            43,
            50,
            49,
            18,
            85,
            2,
            89,
            100
        ],
        "permutation_orig_ids": [
            "21",
            "41",
            "43",
            "42",
            "91",
            "93",
            "59",
            "92",
            "87",
            "58",
            "53",
            "28",
            "69",
            "31",
            "52",
            "10",
            "64",
            "11",
            "63",
            "62",
            "70",
            "30",
            "66",
            "20",
            "71",
            "65",
            "35",
            "78",
            "79",
            "29",
            "34",
            "33",
            "77",
            "81",
            "80",
            "24",
            "55",
            "25",
            "67",
            "39",
            "72",
            "73",
            "74",
            "57",
            "13",
            "99",
            "8",
            "36",
            "49",
            "47",
            "7",
            "18",
            "1",
            "76",
            "54",
            "12",
            "68",
            "4",
            "26",
            "40",
            "15",
            "38",
            "14",
            "98",
            "16",
            "84",
            "17",
            "45",
            "60",
            "37",
            "2",
            "100",
            "97",
            "22",
            "23",
            "6",
            "85",
            "96",
            "95",
            "61",
            "27",
            "75",
            "94",
            "83",
            "5",
            "48",
            "89",
            "82",
            "32",
            "9",
            "88",
            "56",
            "46",
            "44",
            "51",
            "50",
            "19",
            "86",
            "3",
            "90",
            "101"
        ]
    },
    "steps": {
        "0": 2537,
        "1": 2446,
        "102": 1855,
        "142": 1833,
        "158": 1831,
        "17": 2169,
        "178": 1800,
        "18": 2152,
        "180": 1798,
        "193": 1796,
        "194": 1748,
        "196": 1745,
        "198": 1728,
        "2": 2326,
        "200": 1705,
        "223": 1697,
        "26": 2106,
        "27": 2102,
        "29": 2069,
        "32": 2023,
        "33": 2014,
        "35": 2013,
        "363": 1683,
        "366": 1673,
        "367": 1656,
        "38": 1988,
        "44": 1958,
        "510": 1655,
        "567": 1647,
        "57": 1932,
        "676": 1643,
        "712": 1637,
        "80": 1886,
        "902": 1622,
        "99": 1881
    },
    "timeout": 1010
}