{
    "config": {
        "allow_infeasible": true,
        "bvns_max_k": 7,
        "bvns_min_k": 1,
        "construction": "random",
        "local_search": "CVND",
        "metaheuristic": "BVNS",
        "num_threads": 8,
        "operators": [
            "insert_1",
            "remove_1",
            "twoOpt",
            "centExchange_1",
            "centExchange_3",
            "centExchange_4",
            "relocate_1",
            "relocate_4",
            "revRelocate_2",
            "revRelocate_3",
            "revRelocate_5",
            "moveAll_1",
            "moveAll_2",
            "moveAll_3",
            "moveAll_10"
        ],
        "perturbation": [
            "reinsert"
        ],
        "stop_on_feasible": false,
        "timeout": 220
    },
    "histogram": {
        "all": {
            "centExchange_1": 305086,
            "centExchange_3": 305042,
            "centExchange_4": 305042,
            "insert_1": 315232,
            "moveAll_1": 250099,
            "moveAll_10": 217147,
            "moveAll_2": 246024,
            "moveAll_3": 240928,
            "relocate_1": 284829,
            "relocate_4": 276922,
            "remove_1": 315232,
            "revRelocate_2": 262186,
            "revRelocate_3": 256013,
            "revRelocate_5": 253461,
            "twoOpt": 306222
        },
        "improving": {
            "centExchange_1": 94410,
            "centExchange_3": 35416,
            "centExchange_4": 12942,
            "insert_1": 0,
            "moveAll_1": 63593,
            "moveAll_10": 128022,
            "moveAll_2": 59402,
            "moveAll_3": 55560,
            "relocate_1": 182115,
            "relocate_4": 123804,
            "remove_1": 0,
            "revRelocate_2": 145655,
            "revRelocate_3": 92655,
            "revRelocate_5": 24863,
            "twoOpt": 149313
        },
        "rate": {
            "centExchange_1": 0.30945372581481934,
            "centExchange_3": 0.11610204726457596,
            "centExchange_4": 0.0424269437789917,
            "insert_1": 0.0,
            "moveAll_1": 0.2542712986469269,
            "moveAll_10": 0.5895637273788452,
            "moveAll_2": 0.24144798517227173,
            "moveAll_3": 0.23060831427574158,
            "relocate_1": 0.6393836140632629,
            "relocate_4": 0.44707173109054565,
            "remove_1": 0.0,
            "revRelocate_2": 0.5555407404899597,
            "revRelocate_3": 0.3619152009487152,
            "revRelocate_5": 0.09809398651123047,
            "twoOpt": 0.4875972270965576
        }
    },
    "last_improvement": 0,
    "name": "ulysses22.tsp-22-3.80-0",
    "solution": {
        "fitness": 141,
        "is_feasible": true,
        "permutation": [
            12,
            11,
            21,
            16,
            17,
            2,
            8,
            4,
            14,
            13,
            18,
            19,
            5,
            9,
            7,
            0,
            1,
            20,
            10,
            6,
            3,
            15
        ],
        "permutation_orig_ids": [
            "13",
            "12",
            "22",
            "17",
            "18",
            "3",
            "9",
            "5",
            "15",
            "14",
            "19",
            "20",
            "6",
            "10",
            "8",
            "1",
            "2",
            "21",
            "11",
            "7",
            "4",
            "16"
        ]
    },
    "steps": {
        "0": 141
    },
    "timeout": 220
}