{
    "config": {
        "allow_infeasible": true,
        "bvns_max_k": 7,
        "bvns_min_k": 1,
        "construction": "random",
        "local_search": "CVND",
        "metaheuristic": "BVNS",
        "num_threads": 8,
        "operators": [
            "insert_1",
            "remove_1",
            "twoOpt",
            "centExchange_1",
            "centExchange_3",
            "centExchange_4",
            "relocate_1",
            "relocate_4",
            "revRelocate_2",
            "revRelocate_3",
            "revRelocate_5",
            "moveAll_1",
            "moveAll_2",
            "moveAll_3",
            "moveAll_10"
        ],
        "perturbation": [
            "reinsert"
        ],
        "stop_on_feasible": false,
        "timeout": 520
    },
    "histogram": {
        "all": {
            "centExchange_1": 31749,
            "centExchange_3": 31732,
            "centExchange_4": 31728,
            "insert_1": 32640,
            "moveAll_1": 26780,
            "moveAll_10": 25757,
            "moveAll_2": 26669,
            "moveAll_3": 26426,
            "relocate_1": 29450,
            "relocate_4": 29153,
            "remove_1": 32640,
            "revRelocate_2": 28046,
            "revRelocate_3": 27290,
            "revRelocate_5": 26978,
            "twoOpt": 31848
        },
        "improving": {
            "centExchange_1": 10332,
            "centExchange_3": 5938,
            "centExchange_4": 3125,
            "insert_1": 0,
            "moveAll_1": 8892,
            "moveAll_10": 13776,
            "moveAll_2": 6857,
            "moveAll_3": 7650,
            "relocate_1": 22869,
            "relocate_4": 13495,
            "remove_1": 0,
            "revRelocate_2": 18486,
            "revRelocate_3": 15155,
            "revRelocate_5": 9617,
            "twoOpt": 18979
        },
        "rate": {
            "centExchange_1": 0.3254275619983673,
            "centExchange_3": 0.18712970614433289,
            "centExchange_4": 0.09849344193935394,
            "insert_1": 0.0,
            "moveAll_1": 0.33203884959220886,
            "moveAll_10": 0.5348448753356934,
            "moveAll_2": 0.2571150064468384,
            "moveAll_3": 0.2894876301288605,
            "relocate_1": 0.7765365242958069,
            "relocate_4": 0.46290260553359985,
            "remove_1": 0.0,
            "revRelocate_2": 0.6591314077377319,
            "revRelocate_3": 0.5553316473960876,
            "revRelocate_5": 0.3564756512641907,
            "twoOpt": 0.5959243774414063
        }
    },
    "last_improvement": 36,
    "name": "berlin52-52-8.30-0",
    "solution": {
        "fitness": 19697,
        "is_feasible": true,
        "permutation": [
            36,
            23,
            37,
            5,
            4,
            3,
            7,
            40,
            18,
            44,
            35,
            45,
            43,
            28,
            49,
            19,
            22,
            1,
            6,
            30,
            21,
            31,
            17,
            16,
            9,
            34,
            38,
            39,
            32,
            47,
            26,
            13,
            15,
            46,
            51,
            12,
            11,
            29,
            41,
            10,
            0,
            8,
            20,
            33,
            42,
            27,
            25,
            24,
            48,
            2,
            14,
            50
        ],
        "permutation_orig_ids": [
            "37",
            "24",
            "38",
            "6",
            "5",
            "4",
            "8",
            "41",
            "19",
            "45",
            "36",
            "46",
            "44",
            "29",
            "50",
            "20",
            "23",
            "2",
            "7",
            "31",
            "22",
            "32",
            "18",
            "17",
            "10",
            "35",
            "39",
            "40",
            "33",
            "48",
            "27",
            "14",
            "16",
            "47",
            "52",
            "13",
            "12",
            "30",
            "42",
            "11",
            "1",
            "9",
            "21",
            "34",
            "43",
            "28",
            "26",
            "25",
            "49",
            "3",
            "15",
            "51"
        ]
    },
    "steps": {
        "0": 21821,
        "13": 21234,
        "14": 20394,
        "29": 20103,
        "3": 21820,
        "30": 20061,
        "36": 19697
    },
    "timeout": 520
}