{
    "config": {
        "allow_infeasible": true,
        "bvns_max_k": 7,
        "bvns_min_k": 1,
        "construction": "random",
        "local_search": "CVND",
        "metaheuristic": "BVNS",
        "num_threads": 8,
        "operators": [
            "insert_1",
            "remove_1",
            "twoOpt",
            "centExchange_1",
            "centExchange_3",
            "centExchange_4",
            "relocate_1",
            "relocate_4",
            "revRelocate_2",
            "revRelocate_3",
            "revRelocate_5",
            "moveAll_1",
            "moveAll_2",
            "moveAll_3",
            "moveAll_10"
        ],
        "perturbation": [
            "reinsert"
        ],
        "stop_on_feasible": false,
        "timeout": 140
    },
    "histogram": {
        "all": {
            "centExchange_1": 705277,
            "centExchange_3": 705276,
            "centExchange_4": 705276,
            "insert_1": 730563,
            "moveAll_1": 581298,
            "moveAll_10": 439342,
            "moveAll_2": 562821,
            "moveAll_3": 530374,
            "relocate_1": 662493,
            "relocate_4": 654069,
            "remove_1": 730563,
            "revRelocate_2": 618531,
            "revRelocate_3": 608882,
            "revRelocate_5": 608583,
            "twoOpt": 706793
        },
        "improving": {
            "centExchange_1": 223352,
            "centExchange_3": 36842,
            "centExchange_4": 6936,
            "insert_1": 0,
            "moveAll_1": 128177,
            "moveAll_10": 223300,
            "moveAll_2": 116679,
            "moveAll_3": 125683,
            "relocate_1": 384455,
            "relocate_4": 219310,
            "remove_1": 0,
            "revRelocate_2": 293274,
            "revRelocate_3": 101588,
            "revRelocate_5": 9423,
            "twoOpt": 357327
        },
        "rate": {
            "centExchange_1": 0.3166869282722473,
            "centExchange_3": 0.052237704396247864,
            "centExchange_4": 0.009834447875618935,
            "insert_1": 0.0,
            "moveAll_1": 0.2205013632774353,
            "moveAll_10": 0.5082600712776184,
            "moveAll_2": 0.20731103420257568,
            "moveAll_3": 0.23697051405906677,
            "relocate_1": 0.5803155899047852,
            "relocate_4": 0.335301011800766,
            "remove_1": 0.0,
            "revRelocate_2": 0.4741460084915161,
            "revRelocate_3": 0.1668434888124466,
            "revRelocate_5": 0.015483508817851543,
            "twoOpt": 0.5055610537528992
        }
    },
    "last_improvement": 0,
    "name": "burma14-14-2.20-0",
    "solution": {
        "fitness": 53,
        "is_feasible": true,
        "permutation": [
            1,
            7,
            10,
            2,
            13,
            6,
            5,
            3,
            11,
            12,
            0,
            9,
            4,
            8
        ],
        "permutation_orig_ids": [
            "2",
            "8",
            "11",
            "3",
            "14",
            "7",
            "6",
            "4",
            "12",
            "13",
            "1",
            "10",
            "5",
            "9"
        ]
    },
    "steps": {
        "0": 53
    },
    "timeout": 140
}