{
    "config": {
        "allow_infeasible": true,
        "bvns_max_k": 7,
        "bvns_min_k": 1,
        "construction": "random",
        "local_search": "CVND",
        "metaheuristic": "BVNS",
        "num_threads": 8,
        "operators": [
            "insert_1",
            "remove_1",
            "twoOpt",
            "centExchange_1",
            "centExchange_3",
            "centExchange_4",
            "relocate_1",
            "relocate_4",
            "revRelocate_2",
            "revRelocate_3",
            "revRelocate_5",
            "moveAll_1",
            "moveAll_2",
            "moveAll_3",
            "moveAll_10"
        ],
        "perturbation": [
            "reinsert"
        ],
        "stop_on_feasible": false,
        "timeout": 1010
    },
    "histogram": {
        "all": {
            "centExchange_1": 5087,
            "centExchange_3": 5081,
            "centExchange_4": 5081,
            "insert_1": 5174,
            "moveAll_1": 4272,
            "moveAll_10": 4195,
            "moveAll_2": 4265,
            "moveAll_3": 4252,
            "relocate_1": 4591,
            "relocate_4": 4569,
            "remove_1": 5174,
            "revRelocate_2": 4407,
            "revRelocate_3": 4341,
            "revRelocate_5": 4295,
            "twoOpt": 5093
        },
        "improving": {
            "centExchange_1": 1478,
            "centExchange_3": 1022,
            "centExchange_4": 696,
            "insert_1": 0,
            "moveAll_1": 1566,
            "moveAll_10": 1866,
            "moveAll_2": 1205,
            "moveAll_3": 1083,
            "relocate_1": 3909,
            "relocate_4": 2070,
            "remove_1": 0,
            "revRelocate_2": 3092,
            "revRelocate_3": 2388,
            "revRelocate_5": 1865,
            "twoOpt": 3028
        },
        "rate": {
            "centExchange_1": 0.2905445396900177,
            "centExchange_3": 0.20114150643348694,
            "centExchange_4": 0.13698090612888336,
            "insert_1": 0.0,
            "moveAll_1": 0.3665730357170105,
            "moveAll_10": 0.4448152482509613,
            "moveAll_2": 0.2825322449207306,
            "moveAll_3": 0.25470367074012756,
            "relocate_1": 0.8514484763145447,
            "relocate_4": 0.45305317640304565,
            "remove_1": 0.0,
            "revRelocate_2": 0.7016111016273499,
            "revRelocate_3": 0.5501036643981934,
            "revRelocate_5": 0.434225857257843,
            "twoOpt": 0.5945415496826172
        }
    },
    "last_improvement": 965,
    "name": "eil101-101-18.00-0",
    "solution": {
        "fitness": 1679,
        "is_feasible": true,
        "permutation": [
            39,
            5,
            95,
            98,
            58,
            91,
            97,
            41,
            21,
            73,
            22,
            66,
            24,
            38,
            54,
            53,
            28,
            78,
            2,
            80,
            79,
            0,
            69,
            29,
            87,
            30,
            51,
            81,
            47,
            48,
            10,
            62,
            31,
            9,
            19,
            70,
            64,
            34,
            77,
            33,
            8,
            32,
            68,
            61,
            7,
            82,
            4,
            92,
            90,
            86,
            57,
            52,
            1,
            56,
            14,
            74,
            72,
            71,
            40,
            20,
            75,
            67,
            11,
            76,
            88,
            6,
            3,
            25,
            27,
            37,
            15,
            83,
            44,
            46,
            65,
            63,
            16,
            84,
            26,
            60,
            94,
            12,
            42,
            13,
            35,
            17,
            23,
            99,
            96,
            93,
            55,
            45,
            43,
            50,
            49,
            18,
            85,
            36,
            59,
            89,
            100
        ],
        "permutation_orig_ids": [
            "40",
            "6",
            "96",
            "99",
            "59",
            "92",
            "98",
            "42",
            "22",
            "74",
            "23",
            "67",
            "25",
            "39",
            "55",
            "54",
            "29",
            "79",
            "3",
            "81",
            "80",
            "1",
            "70",
            "30",
            "88",
            "31",
            "52",
            "82",
            "48",
            "49",
            "11",
            "63",
            "32",
            "10",
            "20",
            "71",
            "65",
            "35",
            "78",
            "34",
            "9",
            "33",
            "69",
            "62",
            "8",
            "83",
            "5",
            "93",
            "91",
            "87",
            "58",
            "53",
            "2",
            "57",
            "15",
            "75",
            "73",
            "72",
            "41",
            "21",
            "76",
            "68",
            "12",
            "77",
            "89",
            "7",
            "4",
            "26",
            "28",
            "38",
            "16",
            "84",
            "45",
            "47",
            "66",
            "64",
            "17",
            "85",
            "27",
            "61",
            "95",
            "13",
            "43",
            "14",
            "36",
            "18",
            "24",
            "100",
            "97",
            "94",
            "56",
            "46",
            "44",
            "51",
            "50",
            "19",
            "86",
            "37",
            "60",
            "90",
            "101"
        ]
    },
    "steps": {
        "0": 2571,
        "1": 2446,
        "110": 1939,
        "144": 1928,
        "145": 1902,
        "147": 1893,
        "148": 1874,
        "149": 1830,
        "15": 2148,
        "16": 2096,
        "17": 2089,
        "18": 2070,
        "180": 1812,
        "2": 2412,
        "23": 2068,
        "272": 1810,
        "275": 1807,
        "29": 1987,
        "3": 2273,
        "30": 1986,
        "32": 1957,
        "333": 1802,
        "35": 1951,
        "39": 1949,
        "4": 2178,
        "425": 1798,
        "456": 1796,
        "457": 1793,
        "5": 2172,
        "795": 1737,
        "796": 1733,
        "798": 1729,
        "799": 1716,
        "853": 1712,
        "855": 1698,
        "856": 1693,
        "953": 1691,
        "965": 1679
    },
    "timeout": 1010
}