{
    "config": {
        "allow_infeasible": true,
        "bvns_max_k": 7,
        "bvns_min_k": 1,
        "construction": "random",
        "local_search": "CVND",
        "metaheuristic": "BVNS",
        "num_threads": 8,
        "operators": [
            "insert_1",
            "remove_1",
            "twoOpt",
            "centExchange_1",
            "centExchange_3",
            "centExchange_4",
            "relocate_1",
            "relocate_4",
            "revRelocate_2",
            "revRelocate_3",
            "revRelocate_5",
            "moveAll_1",
            "moveAll_2",
            "moveAll_3",
            "moveAll_10"
        ],
        "perturbation": [
            "reinsert"
        ],
        "stop_on_feasible": false,
        "timeout": 220
    },
    "histogram": {
        "all": {
            "centExchange_1": 301998,
            "centExchange_3": 301954,
            "centExchange_4": 301953,
            "insert_1": 312189,
            "moveAll_1": 247843,
            "moveAll_10": 215332,
            "moveAll_2": 243785,
            "moveAll_3": 238758,
            "relocate_1": 281946,
            "relocate_4": 274307,
            "remove_1": 312189,
            "revRelocate_2": 259771,
            "revRelocate_3": 253553,
            "revRelocate_5": 251104,
            "twoOpt": 303121
        },
        "improving": {
            "centExchange_1": 93051,
            "centExchange_3": 35334,
            "centExchange_4": 12679,
            "insert_1": 0,
            "moveAll_1": 62946,
            "moveAll_10": 126913,
            "moveAll_2": 59215,
            "moveAll_3": 55298,
            "relocate_1": 180124,
            "relocate_4": 122438,
            "remove_1": 0,
            "revRelocate_2": 144430,
            "revRelocate_3": 92218,
            "revRelocate_5": 24815,
            "twoOpt": 147775
        },
        "rate": {
            "centExchange_1": 0.30811792612075806,
            "centExchange_3": 0.11701782047748566,
            "centExchange_4": 0.04198997840285301,
            "insert_1": 0.0,
            "moveAll_1": 0.2539753019809723,
            "moveAll_10": 0.5893828868865967,
            "moveAll_2": 0.24289844930171967,
            "moveAll_3": 0.23160690069198608,
            "relocate_1": 0.6388599276542664,
            "relocate_4": 0.4463539123535156,
            "remove_1": 0.0,
            "revRelocate_2": 0.555989682674408,
            "revRelocate_3": 0.36370304226875305,
            "revRelocate_5": 0.09882359206676483,
            "twoOpt": 0.4875115752220154
        }
    },
    "last_improvement": 0,
    "name": "ulysses22.tsp-22-3.80-0",
    "solution": {
        "fitness": 141,
        "is_feasible": true,
        "permutation": [
            12,
            11,
            21,
            16,
            17,
            2,
            8,
            4,
            14,
            13,
            18,
            19,
            5,
            9,
            7,
            0,
            1,
            20,
            10,
            6,
            3,
            15
        ],
        "permutation_orig_ids": [
            "13",
            "12",
            "22",
            "17",
            "18",
            "3",
            "9",
            "5",
            "15",
            "14",
            "19",
            "20",
            "6",
            "10",
            "8",
            "1",
            "2",
            "21",
            "11",
            "7",
            "4",
            "16"
        ]
    },
    "steps": {
        "0": 141
    },
    "timeout": 220
}