{
    "config": {
        "allow_infeasible": true,
        "bvns_max_k": 7,
        "bvns_min_k": 1,
        "construction": "random",
        "local_search": "CVND",
        "metaheuristic": "BVNS",
        "num_threads": 8,
        "operators": [
            "insert_1",
            "remove_1",
            "twoOpt",
            "centExchange_1",
            "centExchange_3",
            "centExchange_4",
            "relocate_1",
            "relocate_4",
            "revRelocate_2",
            "revRelocate_3",
            "revRelocate_5",
            "moveAll_1",
            "moveAll_2",
            "moveAll_3",
            "moveAll_10"
        ],
        "perturbation": [
            "reinsert"
        ],
        "stop_on_feasible": false,
        "timeout": 140
    },
    "histogram": {
        "all": {
            "centExchange_1": 711304,
            "centExchange_3": 711297,
            "centExchange_4": 711297,
            "insert_1": 736741,
            "moveAll_1": 586109,
            "moveAll_10": 442928,
            "moveAll_2": 567424,
            "moveAll_3": 534460,
            "relocate_1": 668207,
            "relocate_4": 659694,
            "remove_1": 736741,
            "revRelocate_2": 624107,
            "revRelocate_3": 614233,
            "revRelocate_5": 613941,
            "twoOpt": 712829
        },
        "improving": {
            "centExchange_1": 224981,
            "centExchange_3": 36876,
            "centExchange_4": 6900,
            "insert_1": 0,
            "moveAll_1": 128897,
            "moveAll_10": 224479,
            "moveAll_2": 117599,
            "moveAll_3": 127311,
            "relocate_1": 387565,
            "relocate_4": 221788,
            "remove_1": 0,
            "revRelocate_2": 295872,
            "revRelocate_3": 103171,
            "revRelocate_5": 9504,
            "twoOpt": 359946
        },
        "rate": {
            "centExchange_1": 0.31629374623298645,
            "centExchange_3": 0.051843322813510895,
            "centExchange_4": 0.009700588881969452,
            "insert_1": 0.0,
            "moveAll_1": 0.2199198454618454,
            "moveAll_10": 0.5068069696426392,
            "moveAll_2": 0.2072506695985794,
            "moveAll_3": 0.23820491135120392,
            "relocate_1": 0.5800073742866516,
            "relocate_4": 0.3361983001232147,
            "remove_1": 0.0,
            "revRelocate_2": 0.47407254576683044,
            "revRelocate_3": 0.16796720027923584,
            "revRelocate_5": 0.015480315312743187,
            "twoOpt": 0.5049542188644409
        }
    },
    "last_improvement": 0,
    "name": "burma14-14-2.20-0",
    "solution": {
        "fitness": 53,
        "is_feasible": true,
        "permutation": [
            1,
            7,
            10,
            2,
            13,
            6,
            5,
            3,
            11,
            12,
            0,
            9,
            4,
            8
        ],
        "permutation_orig_ids": [
            "2",
            "8",
            "11",
            "3",
            "14",
            "7",
            "6",
            "4",
            "12",
            "13",
            "1",
            "10",
            "5",
            "9"
        ]
    },
    "steps": {
        "0": 53
    },
    "timeout": 140
}