{
    "config": {
        "allow_infeasible": true,
        "bvns_max_k": 7,
        "bvns_min_k": 1,
        "construction": "random",
        "local_search": "CVND",
        "metaheuristic": "BVNS",
        "num_threads": 8,
        "operators": [
            "insert_1",
            "remove_1",
            "twoOpt",
            "centExchange_1",
            "centExchange_3",
            "centExchange_4",
            "relocate_1",
            "relocate_4",
            "revRelocate_2",
            "revRelocate_3",
            "revRelocate_5",
            "moveAll_1",
            "moveAll_2",
            "moveAll_3",
            "moveAll_10"
        ],
        "perturbation": [
            "reinsert"
        ],
        "stop_on_feasible": false,
        "timeout": 520
    },
    "histogram": {
        "all": {
            "centExchange_1": 31707,
            "centExchange_3": 31680,
            "centExchange_4": 31676,
            "insert_1": 32435,
            "moveAll_1": 26483,
            "moveAll_10": 25555,
            "moveAll_2": 26372,
            "moveAll_3": 26232,
            "relocate_1": 29328,
            "relocate_4": 29034,
            "remove_1": 32435,
            "revRelocate_2": 27736,
            "revRelocate_3": 27078,
            "revRelocate_5": 26747,
            "twoOpt": 31774
        },
        "improving": {
            "centExchange_1": 9909,
            "centExchange_3": 6375,
            "centExchange_4": 3643,
            "insert_1": 0,
            "moveAll_1": 9193,
            "moveAll_10": 13081,
            "moveAll_2": 6676,
            "moveAll_3": 6761,
            "relocate_1": 22772,
            "relocate_4": 13294,
            "remove_1": 0,
            "revRelocate_2": 18694,
            "revRelocate_3": 14778,
            "revRelocate_5": 9963,
            "twoOpt": 18622
        },
        "rate": {
            "centExchange_1": 0.3125177323818207,
            "centExchange_3": 0.20123106241226196,
            "centExchange_4": 0.11500820517539978,
            "insert_1": 0.0,
            "moveAll_1": 0.34712833166122437,
            "moveAll_10": 0.5118763446807861,
            "moveAll_2": 0.25314727425575256,
            "moveAll_3": 0.2577386498451233,
            "relocate_1": 0.7764593362808228,
            "relocate_4": 0.457876980304718,
            "remove_1": 0.0,
            "revRelocate_2": 0.673997700214386,
            "revRelocate_3": 0.5457566976547241,
            "revRelocate_5": 0.37249037623405457,
            "twoOpt": 0.5860766768455505
        }
    },
    "last_improvement": 300,
    "name": "berlin52-52-8.30-0",
    "solution": {
        "fitness": 19697,
        "is_feasible": true,
        "permutation": [
            36,
            23,
            4,
            3,
            45,
            43,
            35,
            21,
            30,
            22,
            28,
            49,
            19,
            6,
            1,
            16,
            17,
            31,
            44,
            7,
            39,
            38,
            34,
            37,
            9,
            40,
            18,
            5,
            32,
            47,
            26,
            13,
            15,
            46,
            51,
            12,
            11,
            29,
            41,
            10,
            0,
            8,
            20,
            33,
            42,
            27,
            25,
            24,
            48,
            2,
            14,
            50
        ],
        "permutation_orig_ids": [
            "37",
            "24",
            "5",
            "4",
            "46",
            "44",
            "36",
            "22",
            "31",
            "23",
            "29",
            "50",
            "20",
            "7",
            "2",
            "17",
            "18",
            "32",
            "45",
            "8",
            "40",
            "39",
            "35",
            "38",
            "10",
            "41",
            "19",
            "6",
            "33",
            "48",
            "27",
            "14",
            "16",
            "47",
            "52",
            "13",
            "12",
            "30",
            "42",
            "11",
            "1",
            "9",
            "21",
            "34",
            "43",
            "28",
            "26",
            "25",
            "49",
            "3",
            "15",
            "51"
        ]
    },
    "steps": {
        "0": 21909,
        "287": 19714,
        "3": 21578,
        "30": 20593,
        "300": 19697,
        "33": 19837,
        "8": 21230,
        "9": 21225
    },
    "timeout": 520
}