{
    "config": {
        "allow_infeasible": true,
        "bvns_max_k": 7,
        "bvns_min_k": 1,
        "construction": "random",
        "local_search": "CVND",
        "metaheuristic": "BVNS",
        "num_threads": 8,
        "operators": [
            "insert_1",
            "remove_1",
            "twoOpt",
            "centExchange_1",
            "centExchange_3",
            "centExchange_4",
            "relocate_1",
            "relocate_4",
            "revRelocate_2",
            "revRelocate_3",
            "revRelocate_5",
            "moveAll_1",
            "moveAll_2",
            "moveAll_3",
            "moveAll_10"
        ],
        "perturbation": [
            "reinsert"
        ],
        "stop_on_feasible": false,
        "timeout": 220
    },
    "histogram": {
        "all": {
            "centExchange_1": 296343,
            "centExchange_3": 296306,
            "centExchange_4": 296306,
            "insert_1": 306347,
            "moveAll_1": 243166,
            "moveAll_10": 211211,
            "moveAll_2": 239306,
            "moveAll_3": 234448,
            "relocate_1": 276585,
            "relocate_4": 269037,
            "remove_1": 306347,
            "revRelocate_2": 254824,
            "revRelocate_3": 248850,
            "revRelocate_5": 246359,
            "twoOpt": 297440
        },
        "improving": {
            "centExchange_1": 91440,
            "centExchange_3": 34483,
            "centExchange_4": 12414,
            "insert_1": 0,
            "moveAll_1": 61720,
            "moveAll_10": 124884,
            "moveAll_2": 57486,
            "moveAll_3": 54373,
            "relocate_1": 176946,
            "relocate_4": 120074,
            "remove_1": 0,
            "revRelocate_2": 141342,
            "revRelocate_3": 90185,
            "revRelocate_5": 24206,
            "twoOpt": 144970
        },
        "rate": {
            "centExchange_1": 0.3085613548755646,
            "centExchange_3": 0.11637631058692932,
            "centExchange_4": 0.041895877569913864,
            "insert_1": 0.0,
            "moveAll_1": 0.2538183927536011,
            "moveAll_10": 0.5912760496139526,
            "moveAll_2": 0.24021963775157928,
            "moveAll_3": 0.23191922903060913,
            "relocate_1": 0.6397526860237122,
            "relocate_4": 0.4463103711605072,
            "remove_1": 0.0,
            "revRelocate_2": 0.554665207862854,
            "revRelocate_3": 0.36240705847740173,
            "revRelocate_5": 0.0982549861073494,
            "twoOpt": 0.4873924255371094
        }
    },
    "last_improvement": 0,
    "name": "ulysses22.tsp-22-3.80-0",
    "solution": {
        "fitness": 141,
        "is_feasible": true,
        "permutation": [
            12,
            11,
            21,
            16,
            17,
            2,
            8,
            4,
            14,
            13,
            18,
            19,
            5,
            9,
            7,
            0,
            1,
            20,
            10,
            6,
            3,
            15
        ],
        "permutation_orig_ids": [
            "13",
            "12",
            "22",
            "17",
            "18",
            "3",
            "9",
            "5",
            "15",
            "14",
            "19",
            "20",
            "6",
            "10",
            "8",
            "1",
            "2",
            "21",
            "11",
            "7",
            "4",
            "16"
        ]
    },
    "steps": {
        "0": 141
    },
    "timeout": 220
}