{
    "config": {
        "allow_infeasible": true,
        "bvns_max_k": 7,
        "bvns_min_k": 1,
        "construction": "random",
        "local_search": "CVND",
        "metaheuristic": "BVNS",
        "num_threads": 8,
        "operators": [
            "insert_1",
            "remove_1",
            "twoOpt",
            "centExchange_1",
            "centExchange_3",
            "centExchange_4",
            "relocate_1",
            "relocate_4",
            "revRelocate_2",
            "revRelocate_3",
            "revRelocate_5",
            "moveAll_1",
            "moveAll_2",
            "moveAll_3",
            "moveAll_10"
        ],
        "perturbation": [
            "reinsert"
        ],
        "stop_on_feasible": false,
        "timeout": 520
    },
    "histogram": {
        "all": {
            "centExchange_1": 31880,
            "centExchange_3": 31865,
            "centExchange_4": 31861,
            "insert_1": 32544,
            "moveAll_1": 26616,
            "moveAll_10": 25603,
            "moveAll_2": 26445,
            "moveAll_3": 26254,
            "relocate_1": 29180,
            "relocate_4": 28992,
            "remove_1": 32544,
            "revRelocate_2": 27912,
            "revRelocate_3": 27297,
            "revRelocate_5": 27000,
            "twoOpt": 31931
        },
        "improving": {
            "centExchange_1": 9573,
            "centExchange_3": 5752,
            "centExchange_4": 3152,
            "insert_1": 0,
            "moveAll_1": 10281,
            "moveAll_10": 13171,
            "moveAll_2": 7453,
            "moveAll_3": 6830,
            "relocate_1": 23210,
            "relocate_4": 12870,
            "remove_1": 0,
            "revRelocate_2": 18530,
            "revRelocate_3": 14631,
            "revRelocate_5": 9662,
            "twoOpt": 18352
        },
        "rate": {
            "centExchange_1": 0.3002822995185852,
            "centExchange_3": 0.18051153421401978,
            "centExchange_4": 0.09892972558736801,
            "insert_1": 0.0,
            "moveAll_1": 0.3862714171409607,
            "moveAll_10": 0.514431893825531,
            "moveAll_2": 0.28183022141456604,
            "moveAll_3": 0.26015082001686096,
            "relocate_1": 0.7954078316688538,
            "relocate_4": 0.44391557574272156,
            "remove_1": 0.0,
            "revRelocate_2": 0.6638721823692322,
            "revRelocate_3": 0.5359929800033569,
            "revRelocate_5": 0.35785186290740967,
            "twoOpt": 0.5747392773628235
        }
    },
    "last_improvement": 195,
    "name": "berlin52-52-8.30-0",
    "solution": {
        "fitness": 18405,
        "is_feasible": true,
        "permutation": [
            44,
            40,
            7,
            36,
            3,
            32,
            11,
            12,
            51,
            13,
            46,
            43,
            15,
            49,
            21,
            0,
            30,
            1,
            6,
            16,
            17,
            38,
            34,
            35,
            39,
            45,
            10,
            26,
            47,
            31,
            41,
            29,
            28,
            37,
            19,
            8,
            22,
            20,
            4,
            42,
            27,
            25,
            24,
            48,
            2,
            18,
            5,
            9,
            23,
            50,
            14,
            33
        ],
        "permutation_orig_ids": [
            "45",
            "41",
            "8",
            "37",
            "4",
            "33",
            "12",
            "13",
            "52",
            "14",
            "47",
            "44",
            "16",
            "50",
            "22",
            "1",
            "31",
            "2",
            "7",
            "17",
            "18",
            "39",
            "35",
            "36",
            "40",
            "46",
            "11",
            "27",
            "48",
            "32",
            "42",
            "30",
            "29",
            "38",
            "20",
            "9",
            "23",
            "21",
            "5",
            "43",
            "28",
            "26",
            "25",
            "49",
            "3",
            "19",
            "6",
            "10",
            "24",
            "51",
            "15",
            "34"
        ]
    },
    "steps": {
        "0": 22311,
        "1": 21526,
        "111": 18761,
        "116": 18742,
        "117": 18697,
        "129": 18666,
        "165": 18628,
        "166": 18545,
        "195": 18405,
        "2": 20711,
        "57": 19810,
        "59": 19799,
        "60": 19533,
        "63": 19480,
        "64": 19112,
        "66": 19086,
        "76": 18878
    },
    "timeout": 520
}