{
    "config": {
        "allow_infeasible": true,
        "bvns_max_k": 7,
        "bvns_min_k": 1,
        "construction": "random",
        "local_search": "CVND",
        "metaheuristic": "BVNS",
        "num_threads": 8,
        "operators": [
            "insert_1",
            "remove_1",
            "twoOpt",
            "centExchange_1",
            "centExchange_3",
            "centExchange_4",
            "relocate_1",
            "relocate_4",
            "revRelocate_2",
            "revRelocate_3",
            "revRelocate_5",
            "moveAll_1",
            "moveAll_2",
            "moveAll_3",
            "moveAll_10"
        ],
        "perturbation": [
            "reinsert"
        ],
        "stop_on_feasible": false,
        "timeout": 140
    },
    "histogram": {
        "all": {
            "centExchange_1": 724105,
            "centExchange_3": 724099,
            "centExchange_4": 724099,
            "insert_1": 750059,
            "moveAll_1": 596768,
            "moveAll_10": 450812,
            "moveAll_2": 577692,
            "moveAll_3": 544087,
            "relocate_1": 680493,
            "relocate_4": 672073,
            "remove_1": 750059,
            "revRelocate_2": 635421,
            "revRelocate_3": 625488,
            "revRelocate_5": 625199,
            "twoOpt": 725792
        },
        "improving": {
            "centExchange_1": 230006,
            "centExchange_3": 37491,
            "centExchange_4": 6994,
            "insert_1": 0,
            "moveAll_1": 131475,
            "moveAll_10": 228467,
            "moveAll_2": 119577,
            "moveAll_3": 129309,
            "relocate_1": 394286,
            "relocate_4": 225482,
            "remove_1": 0,
            "revRelocate_2": 301906,
            "revRelocate_3": 104589,
            "revRelocate_5": 9722,
            "twoOpt": 366739
        },
        "rate": {
            "centExchange_1": 0.3176417648792267,
            "centExchange_3": 0.05177607014775276,
            "centExchange_4": 0.00965890008956194,
            "insert_1": 0.0,
            "moveAll_1": 0.2203117460012436,
            "moveAll_10": 0.5067899823188782,
            "moveAll_2": 0.20699092745780945,
            "moveAll_3": 0.23766236007213593,
            "relocate_1": 0.5794122815132141,
            "relocate_4": 0.3355022370815277,
            "remove_1": 0.0,
            "revRelocate_2": 0.47512751817703247,
            "revRelocate_3": 0.1672118455171585,
            "revRelocate_5": 0.015550249256193638,
            "twoOpt": 0.505294919013977
        }
    },
    "last_improvement": 0,
    "name": "burma14-14-2.20-0",
    "solution": {
        "fitness": 53,
        "is_feasible": true,
        "permutation": [
            1,
            7,
            10,
            2,
            13,
            6,
            5,
            3,
            11,
            12,
            0,
            9,
            4,
            8
        ],
        "permutation_orig_ids": [
            "2",
            "8",
            "11",
            "3",
            "14",
            "7",
            "6",
            "4",
            "12",
            "13",
            "1",
            "10",
            "5",
            "9"
        ]
    },
    "steps": {
        "0": 53
    },
    "timeout": 140
}