{
    "config": {
        "allow_infeasible": true,
        "bvns_max_k": 7,
        "bvns_min_k": 1,
        "construction": "random",
        "local_search": "CVND",
        "metaheuristic": "BVNS",
        "num_threads": 8,
        "operators": [
            "insert_1",
            "remove_1",
            "twoOpt",
            "centExchange_1",
            "centExchange_3",
            "centExchange_4",
            "relocate_1",
            "relocate_4",
            "revRelocate_2",
            "revRelocate_3",
            "revRelocate_5",
            "moveAll_1",
            "moveAll_2",
            "moveAll_3",
            "moveAll_10"
        ],
        "perturbation": [
            "reinsert"
        ],
        "stop_on_feasible": false,
        "timeout": 220
    },
    "histogram": {
        "all": {
            "centExchange_1": 305344,
            "centExchange_3": 305298,
            "centExchange_4": 305298,
            "insert_1": 315560,
            "moveAll_1": 250864,
            "moveAll_10": 217522,
            "moveAll_2": 246693,
            "moveAll_3": 241550,
            "relocate_1": 285297,
            "relocate_4": 277583,
            "remove_1": 315560,
            "revRelocate_2": 262838,
            "revRelocate_3": 256625,
            "revRelocate_5": 254150,
            "twoOpt": 306430
        },
        "improving": {
            "centExchange_1": 94180,
            "centExchange_3": 35525,
            "centExchange_4": 12962,
            "insert_1": 0,
            "moveAll_1": 63961,
            "moveAll_10": 128588,
            "moveAll_2": 59901,
            "moveAll_3": 56245,
            "relocate_1": 182303,
            "relocate_4": 123718,
            "remove_1": 0,
            "revRelocate_2": 146121,
            "revRelocate_3": 93095,
            "revRelocate_5": 24851,
            "twoOpt": 149432
        },
        "rate": {
            "centExchange_1": 0.3084390163421631,
            "centExchange_3": 0.11636172235012054,
            "centExchange_4": 0.04245687648653984,
            "insert_1": 0.0,
            "moveAll_1": 0.25496286153793335,
            "moveAll_10": 0.5911493897438049,
            "moveAll_2": 0.24281597137451172,
            "moveAll_3": 0.2328503429889679,
            "relocate_1": 0.6389937400817871,
            "relocate_4": 0.4456973373889923,
            "remove_1": 0.0,
            "revRelocate_2": 0.5559356212615967,
            "revRelocate_3": 0.36276668310165405,
            "revRelocate_5": 0.09778083860874176,
            "twoOpt": 0.48765459656715393
        }
    },
    "last_improvement": 0,
    "name": "ulysses22.tsp-22-3.80-0",
    "solution": {
        "fitness": 141,
        "is_feasible": true,
        "permutation": [
            12,
            11,
            21,
            16,
            17,
            2,
            8,
            4,
            14,
            13,
            18,
            19,
            5,
            9,
            7,
            0,
            1,
            20,
            10,
            6,
            3,
            15
        ],
        "permutation_orig_ids": [
            "13",
            "12",
            "22",
            "17",
            "18",
            "3",
            "9",
            "5",
            "15",
            "14",
            "19",
            "20",
            "6",
            "10",
            "8",
            "1",
            "2",
            "21",
            "11",
            "7",
            "4",
            "16"
        ]
    },
    "steps": {
        "0": 141
    },
    "timeout": 220
}