{
    "config": {
        "allow_infeasible": true,
        "bvns_max_k": 7,
        "bvns_min_k": 1,
        "construction": "random",
        "local_search": "CVND",
        "metaheuristic": "BVNS",
        "num_threads": 8,
        "operators": [
            "insert_1",
            "remove_1",
            "twoOpt",
            "centExchange_1",
            "centExchange_3",
            "centExchange_4",
            "relocate_1",
            "relocate_4",
            "revRelocate_2",
            "revRelocate_3",
            "revRelocate_5",
            "moveAll_1",
            "moveAll_2",
            "moveAll_3",
            "moveAll_10"
        ],
        "perturbation": [
            "reinsert"
        ],
        "stop_on_feasible": false,
        "timeout": 520
    },
    "histogram": {
        "all": {
            "centExchange_1": 32252,
            "centExchange_3": 32234,
            "centExchange_4": 32232,
            "insert_1": 33005,
            "moveAll_1": 26936,
            "moveAll_10": 26005,
            "moveAll_2": 26795,
            "moveAll_3": 26694,
            "relocate_1": 29426,
            "relocate_4": 29194,
            "remove_1": 33005,
            "revRelocate_2": 28068,
            "revRelocate_3": 27521,
            "revRelocate_5": 27183,
            "twoOpt": 32321
        },
        "improving": {
            "centExchange_1": 9446,
            "centExchange_3": 5862,
            "centExchange_4": 3249,
            "insert_1": 0,
            "moveAll_1": 9220,
            "moveAll_10": 13607,
            "moveAll_2": 7311,
            "moveAll_3": 6402,
            "relocate_1": 23494,
            "relocate_4": 12951,
            "remove_1": 0,
            "revRelocate_2": 18580,
            "revRelocate_3": 14405,
            "revRelocate_5": 9779,
            "twoOpt": 18408
        },
        "rate": {
            "centExchange_1": 0.2928810715675354,
            "centExchange_3": 0.1818576604127884,
            "centExchange_4": 0.10080044716596603,
            "insert_1": 0.0,
            "moveAll_1": 0.342292845249176,
            "moveAll_10": 0.5232455134391785,
            "moveAll_2": 0.2728494107723236,
            "moveAll_3": 0.2398291677236557,
            "relocate_1": 0.7984095811843872,
            "relocate_4": 0.4436185657978058,
            "remove_1": 0.0,
            "revRelocate_2": 0.6619638204574585,
            "revRelocate_3": 0.5234184861183167,
            "revRelocate_5": 0.35974690318107605,
            "twoOpt": 0.5695368051528931
        }
    },
    "last_improvement": 84,
    "name": "berlin52-52-8.30-0",
    "solution": {
        "fitness": 18375,
        "is_feasible": true,
        "permutation": [
            19,
            28,
            15,
            21,
            17,
            16,
            40,
            7,
            32,
            10,
            3,
            4,
            36,
            37,
            35,
            44,
            31,
            49,
            41,
            6,
            1,
            30,
            34,
            38,
            39,
            43,
            45,
            47,
            26,
            13,
            46,
            51,
            12,
            11,
            29,
            42,
            33,
            20,
            22,
            8,
            0,
            27,
            25,
            24,
            48,
            2,
            18,
            5,
            9,
            23,
            50,
            14
        ],
        "permutation_orig_ids": [
            "20",
            "29",
            "16",
            "22",
            "18",
            "17",
            "41",
            "8",
            "33",
            "11",
            "4",
            "5",
            "37",
            "38",
            "36",
            "45",
            "32",
            "50",
            "42",
            "7",
            "2",
            "31",
            "35",
            "39",
            "40",
            "44",
            "46",
            "48",
            "27",
            "14",
            "47",
            "52",
            "13",
            "12",
            "30",
            "43",
            "34",
            "21",
            "23",
            "9",
            "1",
            "28",
            "26",
            "25",
            "49",
            "3",
            "19",
            "6",
            "10",
            "24",
            "51",
            "15"
        ]
    },
    "steps": {
        "0": 22697,
        "10": 21465,
        "11": 21133,
        "16": 20839,
        "18": 20794,
        "31": 20165,
        "34": 20148,
        "38": 19842,
        "5": 22218,
        "50": 19456,
        "51": 19369,
        "52": 18763,
        "64": 18755,
        "70": 18718,
        "71": 18595,
        "75": 18571,
        "8": 22081,
        "84": 18375,
        "9": 21534
    },
    "timeout": 520
}