{
    "config": {
        "allow_infeasible": true,
        "bvns_max_k": 7,
        "bvns_min_k": 1,
        "construction": "random",
        "local_search": "CVND",
        "metaheuristic": "BVNS",
        "num_threads": 8,
        "operators": [
            "insert_1",
            "remove_1",
            "twoOpt",
            "centExchange_1",
            "centExchange_3",
            "centExchange_4",
            "relocate_1",
            "relocate_4",
            "revRelocate_2",
            "revRelocate_3",
            "revRelocate_5",
            "moveAll_1",
            "moveAll_2",
            "moveAll_3",
            "moveAll_10"
        ],
        "perturbation": [
            "reinsert"
        ],
        "stop_on_feasible": false,
        "timeout": 140
    },
    "histogram": {
        "all": {
            "centExchange_1": 722145,
            "centExchange_3": 722142,
            "centExchange_4": 722142,
            "insert_1": 747918,
            "moveAll_1": 595237,
            "moveAll_10": 449551,
            "moveAll_2": 575873,
            "moveAll_3": 542355,
            "relocate_1": 678324,
            "relocate_4": 669943,
            "remove_1": 747918,
            "revRelocate_2": 633637,
            "revRelocate_3": 623708,
            "revRelocate_5": 623407,
            "twoOpt": 723715
        },
        "improving": {
            "centExchange_1": 228597,
            "centExchange_3": 37302,
            "centExchange_4": 6966,
            "insert_1": 0,
            "moveAll_1": 131351,
            "moveAll_10": 227818,
            "moveAll_2": 119594,
            "moveAll_3": 129008,
            "relocate_1": 393593,
            "relocate_4": 224474,
            "remove_1": 0,
            "revRelocate_2": 300550,
            "revRelocate_3": 103995,
            "revRelocate_5": 9795,
            "twoOpt": 365650
        },
        "rate": {
            "centExchange_1": 0.3165527582168579,
            "centExchange_3": 0.05165465921163559,
            "centExchange_4": 0.009646302089095116,
            "insert_1": 0.0,
            "moveAll_1": 0.22067008912563324,
            "moveAll_10": 0.5067678689956665,
            "moveAll_2": 0.20767426490783691,
            "moveAll_3": 0.2378663420677185,
            "relocate_1": 0.5802433490753174,
            "relocate_4": 0.3350643217563629,
            "remove_1": 0.0,
            "revRelocate_2": 0.4743252098560333,
            "revRelocate_3": 0.1667366772890091,
            "revRelocate_5": 0.01571204699575901,
            "twoOpt": 0.5052403211593628
        }
    },
    "last_improvement": 0,
    "name": "burma14-14-2.20-0",
    "solution": {
        "fitness": 53,
        "is_feasible": true,
        "permutation": [
            1,
            7,
            10,
            2,
            13,
            6,
            5,
            3,
            11,
            12,
            0,
            9,
            4,
            8
        ],
        "permutation_orig_ids": [
            "2",
            "8",
            "11",
            "3",
            "14",
            "7",
            "6",
            "4",
            "12",
            "13",
            "1",
            "10",
            "5",
            "9"
        ]
    },
    "steps": {
        "0": 53
    },
    "timeout": 140
}