{
    "config": {
        "allow_infeasible": true,
        "bvns_max_k": 7,
        "bvns_min_k": 1,
        "construction": "random",
        "local_search": "CVND",
        "metaheuristic": "BVNS",
        "num_threads": 8,
        "operators": [
            "insert_1",
            "remove_1",
            "twoOpt",
            "centExchange_1",
            "centExchange_3",
            "centExchange_4",
            "relocate_1",
            "relocate_4",
            "revRelocate_2",
            "revRelocate_3",
            "revRelocate_5",
            "moveAll_1",
            "moveAll_2",
            "moveAll_3",
            "moveAll_10"
        ],
        "perturbation": [
            "reinsert"
        ],
        "stop_on_feasible": false,
        "timeout": 1010
    },
    "histogram": {
        "all": {
            "centExchange_1": 5099,
            "centExchange_3": 5097,
            "centExchange_4": 5096,
            "insert_1": 5164,
            "moveAll_1": 4298,
            "moveAll_10": 4227,
            "moveAll_2": 4278,
            "moveAll_3": 4275,
            "relocate_1": 4536,
            "relocate_4": 4520,
            "remove_1": 5164,
            "revRelocate_2": 4412,
            "revRelocate_3": 4353,
            "revRelocate_5": 4327,
            "twoOpt": 5100
        },
        "improving": {
            "centExchange_1": 1386,
            "centExchange_3": 935,
            "centExchange_4": 702,
            "insert_1": 0,
            "moveAll_1": 1623,
            "moveAll_10": 1894,
            "moveAll_2": 1254,
            "moveAll_3": 1041,
            "relocate_1": 4001,
            "relocate_4": 1995,
            "remove_1": 0,
            "revRelocate_2": 3072,
            "revRelocate_3": 2386,
            "revRelocate_5": 1710,
            "twoOpt": 2878
        },
        "rate": {
            "centExchange_1": 0.27181801199913025,
            "centExchange_3": 0.18344123661518097,
            "centExchange_4": 0.13775509595870972,
            "insert_1": 0.0,
            "moveAll_1": 0.3776175081729889,
            "moveAll_10": 0.4480719268321991,
            "moveAll_2": 0.2931276261806488,
            "moveAll_3": 0.24350877106189728,
            "relocate_1": 0.8820546865463257,
            "relocate_4": 0.4413716793060303,
            "remove_1": 0.0,
            "revRelocate_2": 0.6962828636169434,
            "revRelocate_3": 0.5481277108192444,
            "revRelocate_5": 0.3951929807662964,
            "twoOpt": 0.5643137097358704
        }
    },
    "last_improvement": 659,
    "name": "eil101-101-18.00-0",
    "solution": {
        "fitness": 1738,
        "is_feasible": true,
        "permutation": [
            39,
            20,
            40,
            38,
            66,
            24,
            54,
            28,
            78,
            67,
            11,
            27,
            52,
            57,
            1,
            86,
            95,
            91,
            90,
            92,
            60,
            83,
            59,
            17,
            88,
            51,
            48,
            63,
            30,
            69,
            29,
            65,
            31,
            9,
            62,
            10,
            82,
            4,
            98,
            36,
            58,
            41,
            12,
            94,
            97,
            15,
            37,
            13,
            42,
            14,
            56,
            72,
            73,
            71,
            53,
            70,
            64,
            34,
            77,
            19,
            46,
            0,
            25,
            3,
            33,
            32,
            76,
            80,
            79,
            75,
            23,
            68,
            35,
            7,
            6,
            47,
            44,
            16,
            81,
            61,
            99,
            96,
            93,
            74,
            26,
            84,
            5,
            22,
            21,
            8,
            87,
            55,
            45,
            43,
            50,
            49,
            18,
            85,
            2,
            89,
            100
        ],
        "permutation_orig_ids": [
            "40",
            "21",
            "41",
            "39",
            "67",
            "25",
            "55",
            "29",
            "79",
            "68",
            "12",
            "28",
            "53",
            "58",
            "2",
            "87",
            "96",
            "92",
            "91",
            "93",
            "61",
            "84",
            "60",
            "18",
            "89",
            "52",
            "49",
            "64",
            "31",
            "70",
            "30",
            "66",
            "32",
            "10",
            "63",
            "11",
            "83",
            "5",
            "99",
            "37",
            "59",
            "42",
            "13",
            "95",
            "98",
            "16",
            "38",
            "14",
            "43",
            "15",
            "57",
            "73",
            "74",
            "72",
            "54",
            "71",
            "65",
            "35",
            "78",
            "20",
            "47",
            "1",
            "26",
            "4",
            "34",
            "33",
            "77",
            "81",
            "80",
            "76",
            "24",
            "69",
            "36",
            "8",
            "7",
            "48",
            "45",
            "17",
            "82",
            "62",
            "100",
            "97",
            "94",
            "75",
            "27",
            "85",
            "6",
            "23",
            "22",
            "9",
            "88",
            "56",
            "46",
            "44",
            "51",
            "50",
            "19",
            "86",
            "3",
            "90",
            "101"
        ]
    },
    "steps": {
        "0": 2537,
        "1": 2446,
        "100": 1908,
        "101": 1885,
        "121": 1850,
        "122": 1828,
        "154": 1819,
        "163": 1813,
        "164": 1800,
        "2": 2321,
        "276": 1798,
        "30": 2123,
        "36": 2075,
        "37": 2067,
        "38": 2054,
        "404": 1782,
        "405": 1775,
        "408": 1768,
        "439": 1766,
        "440": 1760,
        "5": 2262,
        "545": 1752,
        "608": 1749,
        "625": 1743,
        "659": 1738,
        "71": 2004,
        "72": 1984,
        "74": 1978,
        "79": 1962,
        "8": 2167,
        "81": 1942,
        "84": 1934,
        "9": 2164,
        "99": 1931
    },
    "timeout": 1010
}