{
    "config": {
        "allow_infeasible": true,
        "bvns_max_k": 7,
        "bvns_min_k": 1,
        "construction": "random",
        "local_search": "CVND",
        "metaheuristic": "BVNS",
        "num_threads": 8,
        "operators": [
            "insert_1",
            "remove_1",
            "twoOpt",
            "centExchange_1",
            "centExchange_3",
            "centExchange_4",
            "relocate_1",
            "relocate_4",
            "revRelocate_2",
            "revRelocate_3",
            "revRelocate_5",
            "moveAll_1",
            "moveAll_2",
            "moveAll_3",
            "moveAll_10"
        ],
        "perturbation": [
            "reinsert"
        ],
        "stop_on_feasible": false,
        "timeout": 140
    },
    "histogram": {
        "all": {
            "centExchange_1": 685171,
            "centExchange_3": 685168,
            "centExchange_4": 685167,
            "insert_1": 709814,
            "moveAll_1": 564550,
            "moveAll_10": 426864,
            "moveAll_2": 546312,
            "moveAll_3": 514712,
            "relocate_1": 643509,
            "relocate_4": 635445,
            "remove_1": 709814,
            "revRelocate_2": 601124,
            "revRelocate_3": 591650,
            "revRelocate_5": 591374,
            "twoOpt": 686661
        },
        "improving": {
            "centExchange_1": 216526,
            "centExchange_3": 35419,
            "centExchange_4": 6742,
            "insert_1": 0,
            "moveAll_1": 124366,
            "moveAll_10": 216392,
            "moveAll_2": 113056,
            "moveAll_3": 122237,
            "relocate_1": 373480,
            "relocate_4": 212978,
            "remove_1": 0,
            "revRelocate_2": 285117,
            "revRelocate_3": 98506,
            "revRelocate_5": 9261,
            "twoOpt": 346887
        },
        "rate": {
            "centExchange_1": 0.3160174489021301,
            "centExchange_3": 0.05169389024376869,
            "centExchange_4": 0.009839937090873718,
            "insert_1": 0.0,
            "moveAll_1": 0.22029227018356323,
            "moveAll_10": 0.5069342851638794,
            "moveAll_2": 0.20694401860237122,
            "moveAll_3": 0.23748619854450226,
            "relocate_1": 0.580380380153656,
            "relocate_4": 0.33516353368759155,
            "remove_1": 0.0,
            "revRelocate_2": 0.47430646419525146,
            "revRelocate_3": 0.16649369895458221,
            "revRelocate_5": 0.01566014066338539,
            "twoOpt": 0.5051794052124023
        }
    },
    "last_improvement": 0,
    "name": "burma14-14-2.20-0",
    "solution": {
        "fitness": 53,
        "is_feasible": true,
        "permutation": [
            1,
            7,
            10,
            2,
            13,
            6,
            5,
            3,
            11,
            12,
            0,
            9,
            4,
            8
        ],
        "permutation_orig_ids": [
            "2",
            "8",
            "11",
            "3",
            "14",
            "7",
            "6",
            "4",
            "12",
            "13",
            "1",
            "10",
            "5",
            "9"
        ]
    },
    "steps": {
        "0": 53
    },
    "timeout": 140
}