{
    "config": {
        "allow_infeasible": true,
        "bvns_max_k": 7,
        "bvns_min_k": 1,
        "construction": "random",
        "local_search": "CVND",
        "metaheuristic": "BVNS",
        "num_threads": 8,
        "operators": [
            "insert_1",
            "remove_1",
            "twoOpt",
            "centExchange_1",
            "centExchange_3",
            "centExchange_4",
            "relocate_1",
            "relocate_4",
            "revRelocate_2",
            "revRelocate_3",
            "revRelocate_5",
            "moveAll_1",
            "moveAll_2",
            "moveAll_3",
            "moveAll_10"
        ],
        "perturbation": [
            "reinsert"
        ],
        "stop_on_feasible": false,
        "timeout": 520
    },
    "histogram": {
        "all": {
            "centExchange_1": 31784,
            "centExchange_3": 31778,
            "centExchange_4": 31777,
            "insert_1": 32344,
            "moveAll_1": 26629,
            "moveAll_10": 25464,
            "moveAll_2": 26433,
            "moveAll_3": 26235,
            "relocate_1": 29441,
            "relocate_4": 29101,
            "remove_1": 32344,
            "revRelocate_2": 27767,
            "revRelocate_3": 27210,
            "revRelocate_5": 26930,
            "twoOpt": 31818
        },
        "improving": {
            "centExchange_1": 9286,
            "centExchange_3": 5213,
            "centExchange_4": 2936,
            "insert_1": 0,
            "moveAll_1": 9792,
            "moveAll_10": 13769,
            "moveAll_2": 7717,
            "moveAll_3": 7147,
            "relocate_1": 22893,
            "relocate_4": 14053,
            "remove_1": 0,
            "revRelocate_2": 18957,
            "revRelocate_3": 14502,
            "revRelocate_5": 8841,
            "twoOpt": 17549
        },
        "rate": {
            "centExchange_1": 0.2921595871448517,
            "centExchange_3": 0.1640443056821823,
            "centExchange_4": 0.09239386767148972,
            "insert_1": 0.0,
            "moveAll_1": 0.3677194118499756,
            "moveAll_10": 0.5407241582870483,
            "moveAll_2": 0.2919456660747528,
            "moveAll_3": 0.27242234349250793,
            "relocate_1": 0.7775890827178955,
            "relocate_4": 0.4829043745994568,
            "remove_1": 0.0,
            "revRelocate_2": 0.6827169060707092,
            "revRelocate_3": 0.5329658389091492,
            "revRelocate_5": 0.32829558849334717,
            "twoOpt": 0.5515431761741638
        }
    },
    "last_improvement": 385,
    "name": "berlin52-52-8.30-0",
    "solution": {
        "fitness": 18424,
        "is_feasible": true,
        "permutation": [
            36,
            4,
            23,
            37,
            35,
            45,
            43,
            15,
            19,
            49,
            21,
            31,
            17,
            30,
            6,
            1,
            16,
            40,
            7,
            44,
            34,
            38,
            39,
            32,
            47,
            26,
            13,
            46,
            51,
            12,
            11,
            29,
            41,
            22,
            20,
            48,
            2,
            3,
            10,
            0,
            8,
            18,
            5,
            9,
            28,
            24,
            25,
            27,
            42,
            33,
            14,
            50
        ],
        "permutation_orig_ids": [
            "37",
            "5",
            "24",
            "38",
            "36",
            "46",
            "44",
            "16",
            "20",
            "50",
            "22",
            "32",
            "18",
            "31",
            "7",
            "2",
            "17",
            "41",
            "8",
            "45",
            "35",
            "39",
            "40",
            "33",
            "48",
            "27",
            "14",
            "47",
            "52",
            "13",
            "12",
            "30",
            "42",
            "23",
            "21",
            "49",
            "3",
            "4",
            "11",
            "1",
            "9",
            "19",
            "6",
            "10",
            "29",
            "25",
            "26",
            "28",
            "43",
            "34",
            "15",
            "51"
        ]
    },
    "steps": {
        "0": 22287,
        "14": 21227,
        "270": 18459,
        "284": 18434,
        "385": 18424,
        "4": 21775,
        "41": 20679,
        "42": 19847,
        "44": 19841,
        "48": 19723,
        "49": 19387,
        "5": 21648,
        "66": 19380,
        "72": 19154
    },
    "timeout": 520
}