{
    "config": {
        "allow_infeasible": true,
        "bvns_max_k": 7,
        "bvns_min_k": 1,
        "construction": "random",
        "local_search": "CVND",
        "metaheuristic": "BVNS",
        "num_threads": 8,
        "operators": [
            "insert_1",
            "remove_1",
            "twoOpt",
            "centExchange_1",
            "centExchange_3",
            "centExchange_4",
            "relocate_1",
            "relocate_4",
            "revRelocate_2",
            "revRelocate_3",
            "revRelocate_5",
            "moveAll_1",
            "moveAll_2",
            "moveAll_3",
            "moveAll_10"
        ],
        "perturbation": [
            "reinsert"
        ],
        "stop_on_feasible": false,
        "timeout": 1010
    },
    "histogram": {
        "all": {
            "centExchange_1": 5080,
            "centExchange_3": 5078,
            "centExchange_4": 5076,
            "insert_1": 5149,
            "moveAll_1": 4260,
            "moveAll_10": 4200,
            "moveAll_2": 4254,
            "moveAll_3": 4241,
            "relocate_1": 4546,
            "relocate_4": 4532,
            "remove_1": 5149,
            "revRelocate_2": 4386,
            "revRelocate_3": 4314,
            "revRelocate_5": 4288,
            "twoOpt": 5080
        },
        "improving": {
            "centExchange_1": 1399,
            "centExchange_3": 928,
            "centExchange_4": 638,
            "insert_1": 0,
            "moveAll_1": 1540,
            "moveAll_10": 1838,
            "moveAll_2": 1123,
            "moveAll_3": 990,
            "relocate_1": 3952,
            "relocate_4": 2027,
            "remove_1": 0,
            "revRelocate_2": 3031,
            "revRelocate_3": 2449,
            "revRelocate_5": 1796,
            "twoOpt": 2912
        },
        "rate": {
            "centExchange_1": 0.27539369463920593,
            "centExchange_3": 0.18274910748004913,
            "centExchange_4": 0.1256895214319229,
            "insert_1": 0.0,
            "moveAll_1": 0.36150234937667847,
            "moveAll_10": 0.43761906027793884,
            "moveAll_2": 0.26398682594299316,
            "moveAll_3": 0.2334355115890503,
            "relocate_1": 0.8693356513977051,
            "relocate_4": 0.4472638964653015,
            "remove_1": 0.0,
            "revRelocate_2": 0.6910624504089355,
            "revRelocate_3": 0.5676866173744202,
            "revRelocate_5": 0.41884326934814453,
            "twoOpt": 0.5732283592224121
        }
    },
    "last_improvement": 889,
    "name": "eil101-101-18.00-0",
    "solution": {
        "fitness": 1619,
        "is_feasible": true,
        "permutation": [
            39,
            52,
            58,
            92,
            90,
            36,
            86,
            40,
            3,
            38,
            24,
            54,
            53,
            23,
            28,
            78,
            33,
            65,
            63,
            48,
            10,
            62,
            0,
            79,
            25,
            27,
            100,
            51,
            68,
            30,
            17,
            98,
            60,
            83,
            82,
            4,
            41,
            14,
            42,
            37,
            13,
            1,
            97,
            94,
            12,
            56,
            73,
            71,
            72,
            57,
            88,
            47,
            6,
            87,
            9,
            31,
            29,
            34,
            64,
            70,
            19,
            77,
            67,
            75,
            11,
            80,
            76,
            32,
            55,
            20,
            2,
            69,
            46,
            85,
            35,
            7,
            15,
            59,
            44,
            16,
            81,
            61,
            8,
            21,
            22,
            66,
            91,
            95,
            45,
            43,
            50,
            49,
            18,
            89,
            5,
            84,
            26,
            74,
            93,
            96,
            99
        ],
        "permutation_orig_ids": [
            "40",
            "53",
            "59",
            "93",
            "91",
            "37",
            "87",
            "41",
            "4",
            "39",
            "25",
            "55",
            "54",
            "24",
            "29",
            "79",
            "34",
            "66",
            "64",
            "49",
            "11",
            "63",
            "1",
            "80",
            "26",
            "28",
            "101",
            "52",
            "69",
            "31",
            "18",
            "99",
            "61",
            "84",
            "83",
            "5",
            "42",
            "15",
            "43",
            "38",
            "14",
            "2",
            "98",
            "95",
            "13",
            "57",
            "74",
            "72",
            "73",
            "58",
            "89",
            "48",
            "7",
            "88",
            "10",
            "32",
            "30",
            "35",
            "65",
            "71",
            "20",
            "78",
            "68",
            "76",
            "12",
            "81",
            "77",
            "33",
            "56",
            "21",
            "3",
            "70",
            "47",
            "86",
            "36",
            "8",
            "16",
            "60",
            "45",
            "17",
            "82",
            "62",
            "9",
            "22",
            "23",
            "67",
            "92",
            "96",
            "46",
            "44",
            "51",
            "50",
            "19",
            "90",
            "6",
            "85",
            "27",
            "75",
            "94",
            "97",
            "100"
        ]
    },
    "steps": {
        "0": 2571,
        "1": 2446,
        "105": 1811,
        "16": 2163,
        "169": 1806,
        "17": 2129,
        "172": 1799,
        "18": 2104,
        "2": 2388,
        "20": 2042,
        "21": 2028,
        "212": 1790,
        "215": 1787,
        "22": 2024,
        "229": 1782,
        "231": 1778,
        "232": 1773,
        "234": 1772,
        "29": 2005,
        "3": 2268,
        "30": 1982,
        "34": 1965,
        "4": 2238,
        "42": 1963,
        "43": 1958,
        "45": 1952,
        "47": 1938,
        "5": 2205,
        "532": 1759,
        "603": 1756,
        "7": 2171,
        "765": 1741,
        "766": 1740,
        "767": 1737,
        "771": 1716,
        "788": 1695,
        "82": 1936,
        "824": 1693,
        "825": 1688,
        "83": 1912,
        "838": 1662,
        "840": 1643,
        "841": 1640,
        "864": 1621,
        "87": 1863,
        "889": 1619,
        "90": 1843,
        "91": 1833
    },
    "timeout": 1010
}