{
    "config": {
        "allow_infeasible": true,
        "bvns_max_k": 7,
        "bvns_min_k": 1,
        "construction": "random",
        "local_search": "CVND",
        "metaheuristic": "BVNS",
        "num_threads": 8,
        "operators": [
            "insert_1",
            "remove_1",
            "twoOpt",
            "centExchange_1",
            "centExchange_3",
            "centExchange_4",
            "relocate_1",
            "relocate_4",
            "revRelocate_2",
            "revRelocate_3",
            "revRelocate_5",
            "moveAll_1",
            "moveAll_2",
            "moveAll_3",
            "moveAll_10"
        ],
        "perturbation": [
            "reinsert"
        ],
        "stop_on_feasible": false,
        "timeout": 220
    },
    "histogram": {
        "all": {
            "centExchange_1": 303102,
            "centExchange_3": 303065,
            "centExchange_4": 303064,
            "insert_1": 313264,
            "moveAll_1": 248582,
            "moveAll_10": 215980,
            "moveAll_2": 244641,
            "moveAll_3": 239651,
            "relocate_1": 283070,
            "relocate_4": 275362,
            "remove_1": 313264,
            "revRelocate_2": 260758,
            "revRelocate_3": 254606,
            "revRelocate_5": 252060,
            "twoOpt": 304279
        },
        "improving": {
            "centExchange_1": 93542,
            "centExchange_3": 35343,
            "centExchange_4": 12688,
            "insert_1": 0,
            "moveAll_1": 63012,
            "moveAll_10": 127438,
            "moveAll_2": 59410,
            "moveAll_3": 55163,
            "relocate_1": 180664,
            "relocate_4": 122866,
            "remove_1": 0,
            "revRelocate_2": 144925,
            "revRelocate_3": 92207,
            "revRelocate_5": 24803,
            "twoOpt": 148012
        },
        "rate": {
            "centExchange_1": 0.3086155951023102,
            "centExchange_3": 0.11661854386329651,
            "centExchange_4": 0.041865743696689606,
            "insert_1": 0.0,
            "moveAll_1": 0.253485769033432,
            "moveAll_10": 0.5900453925132751,
            "moveAll_2": 0.24284563958644867,
            "moveAll_3": 0.230180561542511,
            "relocate_1": 0.6382308006286621,
            "relocate_4": 0.44619810581207275,
            "remove_1": 0.0,
            "revRelocate_2": 0.5557835102081299,
            "revRelocate_3": 0.36215564608573914,
            "revRelocate_5": 0.09840117394924164,
            "twoOpt": 0.4864351451396942
        }
    },
    "last_improvement": 0,
    "name": "ulysses22.tsp-22-3.80-0",
    "solution": {
        "fitness": 141,
        "is_feasible": true,
        "permutation": [
            12,
            11,
            21,
            16,
            17,
            2,
            8,
            4,
            14,
            13,
            18,
            19,
            5,
            9,
            7,
            0,
            1,
            20,
            10,
            6,
            3,
            15
        ],
        "permutation_orig_ids": [
            "13",
            "12",
            "22",
            "17",
            "18",
            "3",
            "9",
            "5",
            "15",
            "14",
            "19",
            "20",
            "6",
            "10",
            "8",
            "1",
            "2",
            "21",
            "11",
            "7",
            "4",
            "16"
        ]
    },
    "steps": {
        "0": 141
    },
    "timeout": 220
}