{
    "config": {
        "allow_infeasible": true,
        "bvns_max_k": 7,
        "bvns_min_k": 1,
        "construction": "random",
        "local_search": "CVND",
        "metaheuristic": "BVNS",
        "num_threads": 8,
        "operators": [
            "insert_1",
            "remove_1",
            "twoOpt",
            "centExchange_1",
            "centExchange_3",
            "centExchange_4",
            "relocate_1",
            "relocate_4",
            "revRelocate_2",
            "revRelocate_3",
            "revRelocate_5",
            "moveAll_1",
            "moveAll_2",
            "moveAll_3",
            "moveAll_10"
        ],
        "perturbation": [
            "reinsert"
        ],
        "stop_on_feasible": false,
        "timeout": 140
    },
    "histogram": {
        "all": {
            "centExchange_1": 732655,
            "centExchange_3": 732653,
            "centExchange_4": 732652,
            "insert_1": 758891,
            "moveAll_1": 603740,
            "moveAll_10": 456239,
            "moveAll_2": 584628,
            "moveAll_3": 550844,
            "relocate_1": 688472,
            "relocate_4": 679826,
            "remove_1": 758891,
            "revRelocate_2": 642778,
            "revRelocate_3": 632617,
            "revRelocate_5": 632297,
            "twoOpt": 734274
        },
        "improving": {
            "centExchange_1": 232295,
            "centExchange_3": 37910,
            "centExchange_4": 7116,
            "insert_1": 0,
            "moveAll_1": 132911,
            "moveAll_10": 231639,
            "moveAll_2": 120814,
            "moveAll_3": 130978,
            "relocate_1": 399356,
            "relocate_4": 228616,
            "remove_1": 0,
            "revRelocate_2": 304962,
            "revRelocate_3": 105256,
            "revRelocate_5": 9714,
            "twoOpt": 371174
        },
        "rate": {
            "centExchange_1": 0.317059189081192,
            "centExchange_3": 0.051743458956480026,
            "centExchange_4": 0.009712660685181618,
            "insert_1": 0.0,
            "moveAll_1": 0.2201460897922516,
            "moveAll_10": 0.5077141523361206,
            "moveAll_2": 0.20665106177330017,
            "moveAll_3": 0.23777693510055542,
            "relocate_1": 0.5800613760948181,
            "relocate_4": 0.3362860381603241,
            "remove_1": 0.0,
            "revRelocate_2": 0.4744437336921692,
            "revRelocate_3": 0.1663818657398224,
            "revRelocate_5": 0.01536303386092186,
            "twoOpt": 0.505497932434082
        }
    },
    "last_improvement": 0,
    "name": "burma14-14-2.20-0",
    "solution": {
        "fitness": 53,
        "is_feasible": true,
        "permutation": [
            1,
            7,
            10,
            2,
            13,
            6,
            5,
            3,
            11,
            12,
            0,
            9,
            4,
            8
        ],
        "permutation_orig_ids": [
            "2",
            "8",
            "11",
            "3",
            "14",
            "7",
            "6",
            "4",
            "12",
            "13",
            "1",
            "10",
            "5",
            "9"
        ]
    },
    "steps": {
        "0": 53
    },
    "timeout": 140
}