{
    "config": {
        "allow_infeasible": true,
        "bvns_max_k": 7,
        "bvns_min_k": 1,
        "construction": "random",
        "local_search": "CVND",
        "metaheuristic": "BVNS",
        "num_threads": 8,
        "operators": [
            "insert_1",
            "remove_1",
            "twoOpt",
            "centExchange_1",
            "centExchange_3",
            "centExchange_4",
            "relocate_1",
            "relocate_4",
            "revRelocate_2",
            "revRelocate_3",
            "revRelocate_5",
            "moveAll_1",
            "moveAll_2",
            "moveAll_3",
            "moveAll_10"
        ],
        "perturbation": [
            "reinsert"
        ],
        "stop_on_feasible": false,
        "timeout": 1010
    },
    "histogram": {
        "all": {
            "centExchange_1": 5019,
            "centExchange_3": 5018,
            "centExchange_4": 5018,
            "insert_1": 5091,
            "moveAll_1": 4250,
            "moveAll_10": 4171,
            "moveAll_2": 4238,
            "moveAll_3": 4227,
            "relocate_1": 4592,
            "relocate_4": 4562,
            "remove_1": 5091,
            "revRelocate_2": 4398,
            "revRelocate_3": 4305,
            "revRelocate_5": 4271,
            "twoOpt": 5020
        },
        "improving": {
            "centExchange_1": 1455,
            "centExchange_3": 992,
            "centExchange_4": 695,
            "insert_1": 0,
            "moveAll_1": 1513,
            "moveAll_10": 1988,
            "moveAll_2": 1139,
            "moveAll_3": 985,
            "relocate_1": 3888,
            "relocate_4": 2186,
            "remove_1": 0,
            "revRelocate_2": 3110,
            "revRelocate_3": 2589,
            "revRelocate_5": 1758,
            "twoOpt": 3001
        },
        "rate": {
            "centExchange_1": 0.2898983955383301,
            "centExchange_3": 0.19768832623958588,
            "centExchange_4": 0.1385013908147812,
            "insert_1": 0.0,
            "moveAll_1": 0.35600000619888306,
            "moveAll_10": 0.4766243100166321,
            "moveAll_2": 0.2687588632106781,
            "moveAll_3": 0.23302578926086426,
            "relocate_1": 0.8466898798942566,
            "relocate_4": 0.4791758060455322,
            "remove_1": 0.0,
            "revRelocate_2": 0.7071396112442017,
            "revRelocate_3": 0.6013936996459961,
            "revRelocate_5": 0.41161319613456726,
            "twoOpt": 0.5978087782859802
        }
    },
    "last_improvement": 706,
    "name": "eil101-101-18.00-0",
    "solution": {
        "fitness": 1753,
        "is_feasible": true,
        "permutation": [
            39,
            3,
            38,
            66,
            24,
            54,
            53,
            79,
            28,
            78,
            33,
            77,
            34,
            64,
            70,
            80,
            32,
            76,
            67,
            11,
            75,
            73,
            71,
            40,
            14,
            41,
            37,
            15,
            97,
            60,
            99,
            58,
            7,
            30,
            69,
            29,
            9,
            62,
            10,
            48,
            61,
            51,
            4,
            82,
            90,
            86,
            91,
            98,
            17,
            19,
            0,
            27,
            25,
            52,
            1,
            36,
            88,
            47,
            6,
            63,
            65,
            46,
            44,
            16,
            13,
            42,
            56,
            12,
            94,
            95,
            84,
            5,
            59,
            72,
            57,
            22,
            21,
            96,
            93,
            74,
            26,
            23,
            68,
            35,
            92,
            81,
            31,
            8,
            87,
            55,
            20,
            83,
            45,
            43,
            50,
            49,
            18,
            85,
            2,
            89,
            100
        ],
        "permutation_orig_ids": [
            "40",
            "4",
            "39",
            "67",
            "25",
            "55",
            "54",
            "80",
            "29",
            "79",
            "34",
            "78",
            "35",
            "65",
            "71",
            "81",
            "33",
            "77",
            "68",
            "12",
            "76",
            "74",
            "72",
            "41",
            "15",
            "42",
            "38",
            "16",
            "98",
            "61",
            "100",
            "59",
            "8",
            "31",
            "70",
            "30",
            "10",
            "63",
            "11",
            "49",
            "62",
            "52",
            "5",
            "83",
            "91",
            "87",
            "92",
            "99",
            "18",
            "20",
            "1",
            "28",
            "26",
            "53",
            "2",
            "37",
            "89",
            "48",
            "7",
            "64",
            "66",
            "47",
            "45",
            "17",
            "14",
            "43",
            "57",
            "13",
            "95",
            "96",
            "85",
            "6",
            "60",
            "73",
            "58",
            "23",
            "22",
            "97",
            "94",
            "75",
            "27",
            "24",
            "69",
            "36",
            "93",
            "82",
            "32",
            "9",
            "88",
            "56",
            "21",
            "84",
            "46",
            "44",
            "51",
            "50",
            "19",
            "86",
            "3",
            "90",
            "101"
        ]
    },
    "steps": {
        "0": 2571,
        "1": 2446,
        "116": 1911,
        "123": 1835,
        "16": 2213,
        "183": 1803,
        "184": 1799,
        "19": 2159,
        "2": 2317,
        "20": 2085,
        "22": 2037,
        "23": 2017,
        "26": 1969,
        "3": 2242,
        "349": 1796,
        "36": 1939,
        "363": 1784,
        "37": 1938,
        "46": 1930,
        "47": 1929,
        "5": 2231,
        "500": 1759,
        "704": 1755,
        "706": 1753
    },
    "timeout": 1010
}