{
    "config": {
        "allow_infeasible": true,
        "bvns_max_k": 7,
        "bvns_min_k": 1,
        "construction": "random",
        "local_search": "CVND",
        "metaheuristic": "BVNS",
        "num_threads": 8,
        "operators": [
            "insert_1",
            "remove_1",
            "twoOpt",
            "centExchange_1",
            "centExchange_3",
            "centExchange_4",
            "relocate_1",
            "relocate_4",
            "revRelocate_2",
            "revRelocate_3",
            "revRelocate_5",
            "moveAll_1",
            "moveAll_2",
            "moveAll_3",
            "moveAll_10"
        ],
        "perturbation": [
            "reinsert"
        ],
        "stop_on_feasible": false,
        "timeout": 220
    },
    "histogram": {
        "all": {
            "centExchange_1": 301859,
            "centExchange_3": 301816,
            "centExchange_4": 301815,
            "insert_1": 312163,
            "moveAll_1": 247878,
            "moveAll_10": 215205,
            "moveAll_2": 243813,
            "moveAll_3": 238642,
            "relocate_1": 281927,
            "relocate_4": 274225,
            "remove_1": 312163,
            "revRelocate_2": 259854,
            "revRelocate_3": 253727,
            "revRelocate_5": 251170,
            "twoOpt": 303018
        },
        "improving": {
            "centExchange_1": 93184,
            "centExchange_3": 34965,
            "centExchange_4": 12784,
            "insert_1": 0,
            "moveAll_1": 62766,
            "moveAll_10": 126838,
            "moveAll_2": 58928,
            "moveAll_3": 54959,
            "relocate_1": 179958,
            "relocate_4": 122235,
            "remove_1": 0,
            "revRelocate_2": 144013,
            "revRelocate_3": 91937,
            "revRelocate_5": 24611,
            "twoOpt": 147714
        },
        "rate": {
            "centExchange_1": 0.30870041251182556,
            "centExchange_3": 0.11584872752428055,
            "centExchange_4": 0.04235707223415375,
            "insert_1": 0.0,
            "moveAll_1": 0.2532132863998413,
            "moveAll_10": 0.5893822312355042,
            "moveAll_2": 0.2416934221982956,
            "moveAll_3": 0.2302989363670349,
            "relocate_1": 0.6383141875267029,
            "relocate_4": 0.44574710726737976,
            "remove_1": 0.0,
            "revRelocate_2": 0.5542073845863342,
            "revRelocate_3": 0.3623461425304413,
            "revRelocate_5": 0.09798543155193329,
            "twoOpt": 0.4874759912490845
        }
    },
    "last_improvement": 0,
    "name": "ulysses22.tsp-22-3.80-0",
    "solution": {
        "fitness": 141,
        "is_feasible": true,
        "permutation": [
            12,
            11,
            21,
            16,
            17,
            2,
            8,
            4,
            14,
            13,
            18,
            19,
            5,
            9,
            7,
            0,
            1,
            20,
            10,
            6,
            3,
            15
        ],
        "permutation_orig_ids": [
            "13",
            "12",
            "22",
            "17",
            "18",
            "3",
            "9",
            "5",
            "15",
            "14",
            "19",
            "20",
            "6",
            "10",
            "8",
            "1",
            "2",
            "21",
            "11",
            "7",
            "4",
            "16"
        ]
    },
    "steps": {
        "0": 141
    },
    "timeout": 220
}