{
    "config": {
        "allow_infeasible": true,
        "bvns_max_k": 7,
        "bvns_min_k": 1,
        "construction": "random",
        "local_search": "CVND",
        "metaheuristic": "BVNS",
        "num_threads": 8,
        "operators": [
            "insert_1",
            "remove_1",
            "twoOpt",
            "centExchange_1",
            "centExchange_3",
            "centExchange_4",
            "relocate_1",
            "relocate_4",
            "revRelocate_2",
            "revRelocate_3",
            "revRelocate_5",
            "moveAll_1",
            "moveAll_2",
            "moveAll_3",
            "moveAll_10"
        ],
        "perturbation": [
            "reinsert"
        ],
        "stop_on_feasible": false,
        "timeout": 140
    },
    "histogram": {
        "all": {
            "centExchange_1": 722215,
            "centExchange_3": 722212,
            "centExchange_4": 722211,
            "insert_1": 748087,
            "moveAll_1": 595536,
            "moveAll_10": 449385,
            "moveAll_2": 576424,
            "moveAll_3": 542818,
            "relocate_1": 678989,
            "relocate_4": 670419,
            "remove_1": 748087,
            "revRelocate_2": 633985,
            "revRelocate_3": 624073,
            "revRelocate_5": 623780,
            "twoOpt": 723764
        },
        "improving": {
            "centExchange_1": 229387,
            "centExchange_3": 37167,
            "centExchange_4": 7066,
            "insert_1": 0,
            "moveAll_1": 131312,
            "moveAll_10": 227825,
            "moveAll_2": 119197,
            "moveAll_3": 128731,
            "relocate_1": 393282,
            "relocate_4": 225072,
            "remove_1": 0,
            "revRelocate_2": 301121,
            "revRelocate_3": 104817,
            "revRelocate_5": 9737,
            "twoOpt": 365988
        },
        "rate": {
            "centExchange_1": 0.31761595606803894,
            "centExchange_3": 0.05146272853016853,
            "centExchange_4": 0.009783844463527203,
            "insert_1": 0.0,
            "moveAll_1": 0.22049380838871002,
            "moveAll_10": 0.5069706439971924,
            "moveAll_2": 0.20678701996803284,
            "moveAll_3": 0.23715315759181976,
            "relocate_1": 0.5792170166969299,
            "relocate_4": 0.33571842312812805,
            "remove_1": 0.0,
            "revRelocate_2": 0.47496548295021057,
            "revRelocate_3": 0.16795630753040314,
            "revRelocate_5": 0.01560967043042183,
            "twoOpt": 0.5056731104850769
        }
    },
    "last_improvement": 0,
    "name": "burma14-14-2.20-0",
    "solution": {
        "fitness": 53,
        "is_feasible": true,
        "permutation": [
            1,
            7,
            10,
            2,
            13,
            6,
            5,
            3,
            11,
            12,
            0,
            9,
            4,
            8
        ],
        "permutation_orig_ids": [
            "2",
            "8",
            "11",
            "3",
            "14",
            "7",
            "6",
            "4",
            "12",
            "13",
            "1",
            "10",
            "5",
            "9"
        ]
    },
    "steps": {
        "0": 53
    },
    "timeout": 140
}