{
    "config": {
        "allow_infeasible": true,
        "bvns_max_k": 7,
        "bvns_min_k": 1,
        "construction": "random",
        "local_search": "CVND",
        "metaheuristic": "BVNS",
        "num_threads": 8,
        "operators": [
            "insert_1",
            "remove_1",
            "twoOpt",
            "centExchange_1",
            "centExchange_3",
            "centExchange_4",
            "relocate_1",
            "relocate_4",
            "revRelocate_2",
            "revRelocate_3",
            "revRelocate_5",
            "moveAll_1",
            "moveAll_2",
            "moveAll_3",
            "moveAll_10"
        ],
        "perturbation": [
            "reinsert"
        ],
        "stop_on_feasible": false,
        "timeout": 1010
    },
    "histogram": {
        "all": {
            "centExchange_1": 5042,
            "centExchange_3": 5041,
            "centExchange_4": 5040,
            "insert_1": 5138,
            "moveAll_1": 4260,
            "moveAll_10": 4172,
            "moveAll_2": 4241,
            "moveAll_3": 4231,
            "relocate_1": 4625,
            "relocate_4": 4580,
            "remove_1": 5138,
            "revRelocate_2": 4411,
            "revRelocate_3": 4329,
            "revRelocate_5": 4296,
            "twoOpt": 5048
        },
        "improving": {
            "centExchange_1": 1529,
            "centExchange_3": 1016,
            "centExchange_4": 743,
            "insert_1": 0,
            "moveAll_1": 1654,
            "moveAll_10": 1856,
            "moveAll_2": 1245,
            "moveAll_3": 1091,
            "relocate_1": 3835,
            "relocate_4": 2140,
            "remove_1": 0,
            "revRelocate_2": 3105,
            "revRelocate_3": 2482,
            "revRelocate_5": 1775,
            "twoOpt": 3027
        },
        "rate": {
            "centExchange_1": 0.3032526671886444,
            "centExchange_3": 0.201547309756279,
            "centExchange_4": 0.14742062985897064,
            "insert_1": 0.0,
            "moveAll_1": 0.38826289772987366,
            "moveAll_10": 0.44487056136131287,
            "moveAll_2": 0.2935628294944763,
            "moveAll_3": 0.25785866379737854,
            "relocate_1": 0.8291891813278198,
            "relocate_4": 0.46724891662597656,
            "remove_1": 0.0,
            "revRelocate_2": 0.7039220333099365,
            "revRelocate_3": 0.5733425617218018,
            "revRelocate_5": 0.4131750464439392,
            "twoOpt": 0.5996434092521667
        }
    },
    "last_improvement": 844,
    "name": "eil101-101-18.00-0",
    "solution": {
        "fitness": 1595,
        "is_feasible": true,
        "permutation": [
            39,
            52,
            57,
            5,
            98,
            58,
            36,
            92,
            90,
            84,
            60,
            15,
            37,
            40,
            14,
            86,
            20,
            38,
            66,
            24,
            54,
            53,
            79,
            28,
            23,
            33,
            78,
            77,
            34,
            64,
            70,
            19,
            65,
            62,
            9,
            63,
            48,
            35,
            47,
            6,
            46,
            10,
            32,
            68,
            61,
            30,
            69,
            29,
            0,
            7,
            59,
            17,
            26,
            88,
            93,
            82,
            4,
            41,
            13,
            97,
            1,
            56,
            72,
            73,
            71,
            74,
            75,
            11,
            76,
            80,
            67,
            3,
            27,
            25,
            99,
            96,
            44,
            16,
            83,
            91,
            95,
            94,
            12,
            42,
            22,
            21,
            51,
            81,
            31,
            8,
            87,
            55,
            45,
            43,
            50,
            49,
            18,
            85,
            2,
            89,
            100
        ],
        "permutation_orig_ids": [
            "40",
            "53",
            "58",
            "6",
            "99",
            "59",
            "37",
            "93",
            "91",
            "85",
            "61",
            "16",
            "38",
            "41",
            "15",
            "87",
            "21",
            "39",
            "67",
            "25",
            "55",
            "54",
            "80",
            "29",
            "24",
            "34",
            "79",
            "78",
            "35",
            "65",
            "71",
            "20",
            "66",
            "63",
            "10",
            "64",
            "49",
            "36",
            "48",
            "7",
            "47",
            "11",
            "33",
            "69",
            "62",
            "31",
            "70",
            "30",
            "1",
            "8",
            "60",
            "18",
            "27",
            "89",
            "94",
            "83",
            "5",
            "42",
            "14",
            "98",
            "2",
            "57",
            "73",
            "74",
            "72",
            "75",
            "76",
            "12",
            "77",
            "81",
            "68",
            "4",
            "28",
            "26",
            "100",
            "97",
            "45",
            "17",
            "84",
            "92",
            "96",
            "95",
            "13",
            "43",
            "23",
            "22",
            "52",
            "82",
            "32",
            "9",
            "88",
            "56",
            "46",
            "44",
            "51",
            "50",
            "19",
            "86",
            "3",
            "90",
            "101"
        ]
    },
    "steps": {
        "0": 2537,
        "1": 2446,
        "10": 2223,
        "100": 1783,
        "144": 1754,
        "145": 1734,
        "148": 1728,
        "170": 1725,
        "18": 2147,
        "20": 2141,
        "21": 2129,
        "23": 2106,
        "262": 1722,
        "273": 1720,
        "278": 1712,
        "291": 1696,
        "3": 2413,
        "368": 1692,
        "369": 1682,
        "370": 1673,
        "377": 1628,
        "4": 2380,
        "5": 2351,
        "540": 1625,
        "543": 1604,
        "545": 1602,
        "56": 2085,
        "57": 2078,
        "69": 2067,
        "70": 2056,
        "71": 2042,
        "72": 1960,
        "73": 1945,
        "8": 2325,
        "844": 1595,
        "9": 2308,
        "90": 1893,
        "98": 1856,
        "99": 1854
    },
    "timeout": 1010
}