{
    "config": {
        "allow_infeasible": true,
        "bvns_max_k": 7,
        "bvns_min_k": 1,
        "construction": "random",
        "local_search": "CVND",
        "metaheuristic": "BVNS",
        "num_threads": 8,
        "operators": [
            "insert_1",
            "remove_1",
            "twoOpt",
            "centExchange_1",
            "centExchange_3",
            "centExchange_4",
            "relocate_1",
            "relocate_4",
            "revRelocate_2",
            "revRelocate_3",
            "revRelocate_5",
            "moveAll_1",
            "moveAll_2",
            "moveAll_3",
            "moveAll_10"
        ],
        "perturbation": [
            "reinsert"
        ],
        "stop_on_feasible": false,
        "timeout": 220
    },
    "histogram": {
        "all": {
            "centExchange_1": 302788,
            "centExchange_3": 302748,
            "centExchange_4": 302747,
            "insert_1": 312903,
            "moveAll_1": 248261,
            "moveAll_10": 215606,
            "moveAll_2": 244307,
            "moveAll_3": 239282,
            "relocate_1": 282670,
            "relocate_4": 274919,
            "remove_1": 312903,
            "revRelocate_2": 260299,
            "revRelocate_3": 254195,
            "revRelocate_5": 251704,
            "twoOpt": 303895
        },
        "improving": {
            "centExchange_1": 93523,
            "centExchange_3": 35457,
            "centExchange_4": 12777,
            "insert_1": 0,
            "moveAll_1": 63250,
            "moveAll_10": 126976,
            "moveAll_2": 58975,
            "moveAll_3": 55046,
            "relocate_1": 180624,
            "relocate_4": 122876,
            "remove_1": 0,
            "revRelocate_2": 144469,
            "revRelocate_3": 92003,
            "revRelocate_5": 24652,
            "twoOpt": 148130
        },
        "rate": {
            "centExchange_1": 0.30887287855148315,
            "centExchange_3": 0.11711720377206802,
            "centExchange_4": 0.04220355674624443,
            "insert_1": 0.0,
            "moveAll_1": 0.2547721862792969,
            "moveAll_10": 0.5889260768890381,
            "moveAll_2": 0.24139709770679474,
            "moveAll_3": 0.23004655539989471,
            "relocate_1": 0.6389924883842468,
            "relocate_4": 0.4469534754753113,
            "remove_1": 0.0,
            "revRelocate_2": 0.5550117492675781,
            "revRelocate_3": 0.3619386553764343,
            "revRelocate_5": 0.09794043749570847,
            "twoOpt": 0.4874380826950073
        }
    },
    "last_improvement": 0,
    "name": "ulysses22.tsp-22-3.80-0",
    "solution": {
        "fitness": 141,
        "is_feasible": true,
        "permutation": [
            12,
            11,
            21,
            16,
            17,
            2,
            8,
            4,
            14,
            13,
            18,
            19,
            5,
            9,
            7,
            0,
            1,
            20,
            10,
            6,
            3,
            15
        ],
        "permutation_orig_ids": [
            "13",
            "12",
            "22",
            "17",
            "18",
            "3",
            "9",
            "5",
            "15",
            "14",
            "19",
            "20",
            "6",
            "10",
            "8",
            "1",
            "2",
            "21",
            "11",
            "7",
            "4",
            "16"
        ]
    },
    "steps": {
        "0": 141
    },
    "timeout": 220
}