{
    "config": {
        "allow_infeasible": true,
        "bvns_max_k": 7,
        "bvns_min_k": 1,
        "construction": "random",
        "local_search": "CVND",
        "metaheuristic": "BVNS",
        "num_threads": 8,
        "operators": [
            "insert_1",
            "remove_1",
            "twoOpt",
            "centExchange_1",
            "centExchange_3",
            "centExchange_4",
            "relocate_1",
            "relocate_4",
            "revRelocate_2",
            "revRelocate_3",
            "revRelocate_5",
            "moveAll_1",
            "moveAll_2",
            "moveAll_3",
            "moveAll_10"
        ],
        "perturbation": [
            "reinsert"
        ],
        "stop_on_feasible": false,
        "timeout": 520
    },
    "histogram": {
        "all": {
            "centExchange_1": 31977,
            "centExchange_3": 31955,
            "centExchange_4": 31954,
            "insert_1": 32678,
            "moveAll_1": 26725,
            "moveAll_10": 25761,
            "moveAll_2": 26568,
            "moveAll_3": 26482,
            "relocate_1": 29176,
            "relocate_4": 28955,
            "remove_1": 32678,
            "revRelocate_2": 27891,
            "revRelocate_3": 27279,
            "revRelocate_5": 26961,
            "twoOpt": 32023
        },
        "improving": {
            "centExchange_1": 9369,
            "centExchange_3": 5771,
            "centExchange_4": 3112,
            "insert_1": 0,
            "moveAll_1": 9197,
            "moveAll_10": 13631,
            "moveAll_2": 7172,
            "moveAll_3": 6350,
            "relocate_1": 23247,
            "relocate_4": 12804,
            "remove_1": 0,
            "revRelocate_2": 18234,
            "revRelocate_3": 14469,
            "revRelocate_5": 9613,
            "twoOpt": 18077
        },
        "rate": {
            "centExchange_1": 0.29299184679985046,
            "centExchange_3": 0.180597722530365,
            "centExchange_4": 0.09738999605178833,
            "insert_1": 0.0,
            "moveAll_1": 0.34413471817970276,
            "moveAll_10": 0.5291332006454468,
            "moveAll_2": 0.269948810338974,
            "moveAll_3": 0.23978550732135773,
            "relocate_1": 0.7967850565910339,
            "relocate_4": 0.44220343232154846,
            "remove_1": 0.0,
            "revRelocate_2": 0.6537593007087708,
            "revRelocate_3": 0.5304080247879028,
            "revRelocate_5": 0.3565520644187927,
            "twoOpt": 0.5645005106925964
        }
    },
    "last_improvement": 145,
    "name": "berlin52-52-8.30-0",
    "solution": {
        "fitness": 18375,
        "is_feasible": true,
        "permutation": [
            19,
            28,
            15,
            21,
            17,
            16,
            40,
            7,
            32,
            10,
            3,
            4,
            36,
            37,
            35,
            44,
            31,
            49,
            41,
            6,
            1,
            30,
            34,
            38,
            39,
            43,
            45,
            47,
            26,
            13,
            46,
            51,
            12,
            11,
            29,
            42,
            33,
            20,
            22,
            8,
            0,
            27,
            25,
            24,
            48,
            2,
            18,
            5,
            9,
            23,
            50,
            14
        ],
        "permutation_orig_ids": [
            "20",
            "29",
            "16",
            "22",
            "18",
            "17",
            "41",
            "8",
            "33",
            "11",
            "4",
            "5",
            "37",
            "38",
            "36",
            "45",
            "32",
            "50",
            "42",
            "7",
            "2",
            "31",
            "35",
            "39",
            "40",
            "44",
            "46",
            "48",
            "27",
            "14",
            "47",
            "52",
            "13",
            "12",
            "30",
            "43",
            "34",
            "21",
            "23",
            "9",
            "1",
            "28",
            "26",
            "25",
            "49",
            "3",
            "19",
            "6",
            "10",
            "24",
            "51",
            "15"
        ]
    },
    "steps": {
        "0": 19913,
        "101": 18899,
        "145": 18375,
        "17": 19001,
        "2": 19503,
        "32": 18919
    },
    "timeout": 520
}