{
    "config": {
        "allow_infeasible": true,
        "bvns_max_k": 7,
        "bvns_min_k": 1,
        "construction": "random",
        "local_search": "CVND",
        "metaheuristic": "BVNS",
        "num_threads": 8,
        "operators": [
            "insert_1",
            "remove_1",
            "twoOpt",
            "centExchange_1",
            "centExchange_3",
            "centExchange_4",
            "relocate_1",
            "relocate_4",
            "revRelocate_2",
            "revRelocate_3",
            "revRelocate_5",
            "moveAll_1",
            "moveAll_2",
            "moveAll_3",
            "moveAll_10"
        ],
        "perturbation": [
            "reinsert"
        ],
        "stop_on_feasible": false,
        "timeout": 220
    },
    "histogram": {
        "all": {
            "centExchange_1": 304049,
            "centExchange_3": 304017,
            "centExchange_4": 304016,
            "insert_1": 314430,
            "moveAll_1": 249328,
            "moveAll_10": 216805,
            "moveAll_2": 245370,
            "moveAll_3": 240308,
            "relocate_1": 283991,
            "relocate_4": 276286,
            "remove_1": 314430,
            "revRelocate_2": 261409,
            "revRelocate_3": 255184,
            "revRelocate_5": 252682,
            "twoOpt": 305200
        },
        "improving": {
            "centExchange_1": 93782,
            "centExchange_3": 35495,
            "centExchange_4": 13019,
            "insert_1": 0,
            "moveAll_1": 63429,
            "moveAll_10": 127624,
            "moveAll_2": 59016,
            "moveAll_3": 55436,
            "relocate_1": 181280,
            "relocate_4": 123130,
            "remove_1": 0,
            "revRelocate_2": 145459,
            "revRelocate_3": 92544,
            "revRelocate_5": 24880,
            "twoOpt": 148765
        },
        "rate": {
            "centExchange_1": 0.30844369530677795,
            "centExchange_3": 0.11675333976745605,
            "centExchange_4": 0.04282340407371521,
            "insert_1": 0.0,
            "moveAll_1": 0.254399836063385,
            "moveAll_10": 0.5886580348014832,
            "moveAll_2": 0.24051840603351593,
            "moveAll_3": 0.23068729043006897,
            "relocate_1": 0.6383301019668579,
            "relocate_4": 0.44566136598587036,
            "remove_1": 0.0,
            "revRelocate_2": 0.5564422011375427,
            "revRelocate_3": 0.36265596747398376,
            "revRelocate_5": 0.09846368432044983,
            "twoOpt": 0.4874344766139984
        }
    },
    "last_improvement": 0,
    "name": "ulysses22.tsp-22-3.80-0",
    "solution": {
        "fitness": 141,
        "is_feasible": true,
        "permutation": [
            12,
            11,
            21,
            16,
            17,
            2,
            8,
            4,
            14,
            13,
            18,
            19,
            5,
            9,
            7,
            0,
            1,
            20,
            10,
            6,
            3,
            15
        ],
        "permutation_orig_ids": [
            "13",
            "12",
            "22",
            "17",
            "18",
            "3",
            "9",
            "5",
            "15",
            "14",
            "19",
            "20",
            "6",
            "10",
            "8",
            "1",
            "2",
            "21",
            "11",
            "7",
            "4",
            "16"
        ]
    },
    "steps": {
        "0": 141
    },
    "timeout": 220
}