{
    "config": {
        "allow_infeasible": true,
        "bvns_max_k": 7,
        "bvns_min_k": 1,
        "construction": "random",
        "local_search": "CVND",
        "metaheuristic": "BVNS",
        "num_threads": 8,
        "operators": [
            "insert_1",
            "remove_1",
            "twoOpt",
            "centExchange_1",
            "centExchange_3",
            "centExchange_4",
            "relocate_1",
            "relocate_4",
            "revRelocate_2",
            "revRelocate_3",
            "revRelocate_5",
            "moveAll_1",
            "moveAll_2",
            "moveAll_3",
            "moveAll_10"
        ],
        "perturbation": [
            "reinsert"
        ],
        "stop_on_feasible": false,
        "timeout": 140
    },
    "histogram": {
        "all": {
            "centExchange_1": 717346,
            "centExchange_3": 717343,
            "centExchange_4": 717343,
            "insert_1": 743193,
            "moveAll_1": 591287,
            "moveAll_10": 447057,
            "moveAll_2": 572494,
            "moveAll_3": 539424,
            "relocate_1": 673850,
            "relocate_4": 665587,
            "remove_1": 743193,
            "revRelocate_2": 629422,
            "revRelocate_3": 619546,
            "revRelocate_5": 619256,
            "twoOpt": 718861
        },
        "improving": {
            "centExchange_1": 227135,
            "centExchange_3": 37384,
            "centExchange_4": 6968,
            "insert_1": 0,
            "moveAll_1": 130410,
            "moveAll_10": 227177,
            "moveAll_2": 118497,
            "moveAll_3": 128374,
            "relocate_1": 391254,
            "relocate_4": 222734,
            "remove_1": 0,
            "revRelocate_2": 298593,
            "revRelocate_3": 103594,
            "revRelocate_5": 9469,
            "twoOpt": 363407
        },
        "rate": {
            "centExchange_1": 0.3166324198246002,
            "centExchange_3": 0.052114538848400116,
            "centExchange_4": 0.00971362367272377,
            "insert_1": 0.0,
            "moveAll_1": 0.22055278718471527,
            "moveAll_10": 0.5081611275672913,
            "moveAll_2": 0.20698383450508118,
            "moveAll_3": 0.23798348009586334,
            "relocate_1": 0.5806247591972351,
            "relocate_4": 0.3346429467201233,
            "remove_1": 0.0,
            "revRelocate_2": 0.4743923842906952,
            "revRelocate_3": 0.16720953583717346,
            "revRelocate_5": 0.015290929935872555,
            "twoOpt": 0.5055316686630249
        }
    },
    "last_improvement": 0,
    "name": "burma14-14-2.20-0",
    "solution": {
        "fitness": 53,
        "is_feasible": true,
        "permutation": [
            1,
            7,
            10,
            2,
            13,
            6,
            5,
            3,
            11,
            12,
            0,
            9,
            4,
            8
        ],
        "permutation_orig_ids": [
            "2",
            "8",
            "11",
            "3",
            "14",
            "7",
            "6",
            "4",
            "12",
            "13",
            "1",
            "10",
            "5",
            "9"
        ]
    },
    "steps": {
        "0": 53
    },
    "timeout": 140
}