{
    "config": {
        "allow_infeasible": true,
        "bvns_max_k": 7,
        "bvns_min_k": 1,
        "construction": "random",
        "local_search": "CVND",
        "metaheuristic": "BVNS",
        "num_threads": 8,
        "operators": [
            "insert_1",
            "remove_1",
            "twoOpt",
            "centExchange_1",
            "centExchange_3",
            "centExchange_4",
            "relocate_1",
            "relocate_4",
            "revRelocate_2",
            "revRelocate_3",
            "revRelocate_5",
            "moveAll_1",
            "moveAll_2",
            "moveAll_3",
            "moveAll_10"
        ],
        "perturbation": [
            "reinsert"
        ],
        "stop_on_feasible": false,
        "timeout": 1010
    },
    "histogram": {
        "all": {
            "centExchange_1": 5029,
            "centExchange_3": 5028,
            "centExchange_4": 5027,
            "insert_1": 5112,
            "moveAll_1": 4230,
            "moveAll_10": 4135,
            "moveAll_2": 4212,
            "moveAll_3": 4192,
            "relocate_1": 4546,
            "relocate_4": 4519,
            "remove_1": 5112,
            "revRelocate_2": 4381,
            "revRelocate_3": 4303,
            "revRelocate_5": 4260,
            "twoOpt": 5032
        },
        "improving": {
            "centExchange_1": 1418,
            "centExchange_3": 1023,
            "centExchange_4": 724,
            "insert_1": 0,
            "moveAll_1": 1643,
            "moveAll_10": 1953,
            "moveAll_2": 1240,
            "moveAll_3": 1123,
            "relocate_1": 3888,
            "relocate_4": 2087,
            "remove_1": 0,
            "revRelocate_2": 2984,
            "revRelocate_3": 2425,
            "revRelocate_5": 1786,
            "twoOpt": 2944
        },
        "rate": {
            "centExchange_1": 0.28196460008621216,
            "centExchange_3": 0.20346061885356903,
            "centExchange_4": 0.14402228593826294,
            "insert_1": 0.0,
            "moveAll_1": 0.3884160816669464,
            "moveAll_10": 0.47230955958366394,
            "moveAll_2": 0.2943969666957855,
            "moveAll_3": 0.2678912281990051,
            "relocate_1": 0.8552573919296265,
            "relocate_4": 0.4618278443813324,
            "remove_1": 0.0,
            "revRelocate_2": 0.6811230182647705,
            "revRelocate_3": 0.5635603070259094,
            "revRelocate_5": 0.4192488193511963,
            "twoOpt": 0.5850556492805481
        }
    },
    "last_improvement": 885,
    "name": "eil101-101-18.00-0",
    "solution": {
        "fitness": 1650,
        "is_feasible": true,
        "permutation": [
            100,
            52,
            25,
            27,
            76,
            78,
            79,
            53,
            3,
            54,
            24,
            66,
            38,
            72,
            71,
            73,
            40,
            14,
            56,
            41,
            42,
            37,
            13,
            97,
            90,
            99,
            60,
            92,
            58,
            91,
            95,
            86,
            39,
            57,
            88,
            51,
            68,
            30,
            0,
            69,
            29,
            34,
            64,
            70,
            19,
            32,
            33,
            65,
            63,
            6,
            46,
            48,
            10,
            47,
            4,
            82,
            87,
            9,
            62,
            61,
            12,
            94,
            98,
            17,
            35,
            7,
            15,
            83,
            16,
            44,
            59,
            36,
            1,
            28,
            11,
            75,
            23,
            93,
            96,
            21,
            22,
            5,
            84,
            26,
            74,
            81,
            31,
            8,
            77,
            67,
            80,
            20,
            55,
            45,
            43,
            50,
            49,
            18,
            85,
            2,
            89
        ],
        "permutation_orig_ids": [
            "101",
            "53",
            "26",
            "28",
            "77",
            "79",
            "80",
            "54",
            "4",
            "55",
            "25",
            "67",
            "39",
            "73",
            "72",
            "74",
            "41",
            "15",
            "57",
            "42",
            "43",
            "38",
            "14",
            "98",
            "91",
            "100",
            "61",
            "93",
            "59",
            "92",
            "96",
            "87",
            "40",
            "58",
            "89",
            "52",
            "69",
            "31",
            "1",
            "70",
            "30",
            "35",
            "65",
            "71",
            "20",
            "33",
            "34",
            "66",
            "64",
            "7",
            "47",
            "49",
            "11",
            "48",
            "5",
            "83",
            "88",
            "10",
            "63",
            "62",
            "13",
            "95",
            "99",
            "18",
            "36",
            "8",
            "16",
            "84",
            "17",
            "45",
            "60",
            "37",
            "2",
            "29",
            "12",
            "76",
            "24",
            "94",
            "97",
            "22",
            "23",
            "6",
            "85",
            "27",
            "75",
            "82",
            "32",
            "9",
            "78",
            "68",
            "81",
            "21",
            "56",
            "46",
            "44",
            "51",
            "50",
            "19",
            "86",
            "3",
            "90"
        ]
    },
    "steps": {
        "0": 2571,
        "1": 2446,
        "131": 1980,
        "168": 1966,
        "169": 1912,
        "174": 1891,
        "2": 2439,
        "204": 1890,
        "205": 1884,
        "209": 1880,
        "213": 1857,
        "261": 1847,
        "3": 2283,
        "33": 2192,
        "34": 2186,
        "35": 2152,
        "364": 1844,
        "38": 2092,
        "39": 2091,
        "396": 1808,
        "4": 2248,
        "40": 2070,
        "41": 2053,
        "42": 2024,
        "479": 1771,
        "493": 1752,
        "5": 2247,
        "510": 1737,
        "53": 2008,
        "554": 1735,
        "555": 1734,
        "578": 1696,
        "6": 2210,
        "608": 1689,
        "614": 1688,
        "615": 1681,
        "629": 1680,
        "644": 1674,
        "694": 1658,
        "695": 1656,
        "7": 2204,
        "71": 1997,
        "74": 1994,
        "885": 1650
    },
    "timeout": 1010
}