{
    "config": {
        "allow_infeasible": true,
        "bvns_max_k": 7,
        "bvns_min_k": 1,
        "construction": "random",
        "local_search": "CVND",
        "metaheuristic": "BVNS",
        "num_threads": 8,
        "operators": [
            "insert_1",
            "remove_1",
            "twoOpt",
            "centExchange_1",
            "centExchange_3",
            "centExchange_4",
            "relocate_1",
            "relocate_4",
            "revRelocate_2",
            "revRelocate_3",
            "revRelocate_5",
            "moveAll_1",
            "moveAll_2",
            "moveAll_3",
            "moveAll_10"
        ],
        "perturbation": [
            "reinsert"
        ],
        "stop_on_feasible": false,
        "timeout": 220
    },
    "histogram": {
        "all": {
            "centExchange_1": 300654,
            "centExchange_3": 300613,
            "centExchange_4": 300612,
            "insert_1": 310809,
            "moveAll_1": 246845,
            "moveAll_10": 214341,
            "moveAll_2": 242768,
            "moveAll_3": 237734,
            "relocate_1": 280732,
            "relocate_4": 273076,
            "remove_1": 310809,
            "revRelocate_2": 258820,
            "revRelocate_3": 252627,
            "revRelocate_5": 250153,
            "twoOpt": 301787
        },
        "improving": {
            "centExchange_1": 92682,
            "centExchange_3": 34780,
            "centExchange_4": 12519,
            "insert_1": 0,
            "moveAll_1": 62863,
            "moveAll_10": 126204,
            "moveAll_2": 58683,
            "moveAll_3": 54837,
            "relocate_1": 179318,
            "relocate_4": 121937,
            "remove_1": 0,
            "revRelocate_2": 143582,
            "revRelocate_3": 91733,
            "revRelocate_5": 24752,
            "twoOpt": 146624
        },
        "rate": {
            "centExchange_1": 0.3082679808139801,
            "centExchange_3": 0.11569692939519882,
            "centExchange_4": 0.04164504259824753,
            "insert_1": 0.0,
            "moveAll_1": 0.25466588139533997,
            "moveAll_10": 0.5888000726699829,
            "moveAll_2": 0.24172461032867432,
            "moveAll_3": 0.23066537082195282,
            "relocate_1": 0.6387515664100647,
            "relocate_4": 0.44653135538101196,
            "remove_1": 0.0,
            "revRelocate_2": 0.554756224155426,
            "revRelocate_3": 0.36311638355255127,
            "revRelocate_5": 0.0989474430680275,
            "twoOpt": 0.48585259914398193
        }
    },
    "last_improvement": 0,
    "name": "ulysses22.tsp-22-3.80-0",
    "solution": {
        "fitness": 141,
        "is_feasible": true,
        "permutation": [
            12,
            11,
            21,
            16,
            17,
            2,
            8,
            4,
            14,
            13,
            18,
            19,
            5,
            9,
            7,
            0,
            1,
            20,
            10,
            6,
            3,
            15
        ],
        "permutation_orig_ids": [
            "13",
            "12",
            "22",
            "17",
            "18",
            "3",
            "9",
            "5",
            "15",
            "14",
            "19",
            "20",
            "6",
            "10",
            "8",
            "1",
            "2",
            "21",
            "11",
            "7",
            "4",
            "16"
        ]
    },
    "steps": {
        "0": 141
    },
    "timeout": 220
}