{
    "config": {
        "allow_infeasible": true,
        "bvns_max_k": 7,
        "bvns_min_k": 1,
        "construction": "random",
        "local_search": "CVND",
        "metaheuristic": "BVNS",
        "num_threads": 8,
        "operators": [
            "insert_1",
            "remove_1",
            "twoOpt",
            "centExchange_1",
            "centExchange_3",
            "centExchange_4",
            "relocate_1",
            "relocate_4",
            "revRelocate_2",
            "revRelocate_3",
            "revRelocate_5",
            "moveAll_1",
            "moveAll_2",
            "moveAll_3",
            "moveAll_10"
        ],
        "perturbation": [
            "reinsert"
        ],
        "stop_on_feasible": false,
        "timeout": 140
    },
    "histogram": {
        "all": {
            "centExchange_1": 729954,
            "centExchange_3": 729952,
            "centExchange_4": 729952,
            "insert_1": 756170,
            "moveAll_1": 601406,
            "moveAll_10": 454705,
            "moveAll_2": 582298,
            "moveAll_3": 548498,
            "relocate_1": 685481,
            "relocate_4": 676933,
            "remove_1": 756170,
            "revRelocate_2": 640084,
            "revRelocate_3": 630161,
            "revRelocate_5": 629845,
            "twoOpt": 731547
        },
        "improving": {
            "centExchange_1": 231537,
            "centExchange_3": 37412,
            "centExchange_4": 7132,
            "insert_1": 0,
            "moveAll_1": 132496,
            "moveAll_10": 230558,
            "moveAll_2": 120623,
            "moveAll_3": 130423,
            "relocate_1": 398071,
            "relocate_4": 227238,
            "remove_1": 0,
            "revRelocate_2": 303791,
            "revRelocate_3": 105301,
            "revRelocate_5": 9729,
            "twoOpt": 369621
        },
        "rate": {
            "centExchange_1": 0.3171939551830292,
            "centExchange_3": 0.051252685487270355,
            "centExchange_4": 0.009770505130290985,
            "insert_1": 0.0,
            "moveAll_1": 0.22031040489673615,
            "moveAll_10": 0.5070496201515198,
            "moveAll_2": 0.2071499526500702,
            "moveAll_3": 0.2377820909023285,
            "relocate_1": 0.5807178020477295,
            "relocate_4": 0.3356875777244568,
            "remove_1": 0.0,
            "revRelocate_2": 0.4746111333370209,
            "revRelocate_3": 0.16710174083709717,
            "revRelocate_5": 0.015446657314896584,
            "twoOpt": 0.5052593946456909
        }
    },
    "last_improvement": 0,
    "name": "burma14-14-2.20-0",
    "solution": {
        "fitness": 53,
        "is_feasible": true,
        "permutation": [
            1,
            7,
            10,
            2,
            13,
            6,
            5,
            3,
            11,
            12,
            0,
            9,
            4,
            8
        ],
        "permutation_orig_ids": [
            "2",
            "8",
            "11",
            "3",
            "14",
            "7",
            "6",
            "4",
            "12",
            "13",
            "1",
            "10",
            "5",
            "9"
        ]
    },
    "steps": {
        "0": 53
    },
    "timeout": 140
}