{
    "config": {
        "allow_infeasible": true,
        "bvns_max_k": 7,
        "bvns_min_k": 1,
        "construction": "random",
        "local_search": "CVND",
        "metaheuristic": "BVNS",
        "num_threads": 8,
        "operators": [
            "insert_1",
            "remove_1",
            "twoOpt",
            "centExchange_1",
            "centExchange_3",
            "centExchange_4",
            "relocate_1",
            "relocate_4",
            "revRelocate_2",
            "revRelocate_3",
            "revRelocate_5",
            "moveAll_1",
            "moveAll_2",
            "moveAll_3",
            "moveAll_10"
        ],
        "perturbation": [
            "reinsert"
        ],
        "stop_on_feasible": false,
        "timeout": 520
    },
    "histogram": {
        "all": {
            "centExchange_1": 31778,
            "centExchange_3": 31760,
            "centExchange_4": 31747,
            "insert_1": 32636,
            "moveAll_1": 26583,
            "moveAll_10": 25629,
            "moveAll_2": 26444,
            "moveAll_3": 26305,
            "relocate_1": 29669,
            "relocate_4": 29445,
            "remove_1": 32636,
            "revRelocate_2": 27942,
            "revRelocate_3": 27272,
            "revRelocate_5": 26851,
            "twoOpt": 31858
        },
        "improving": {
            "centExchange_1": 10314,
            "centExchange_3": 6881,
            "centExchange_4": 4238,
            "insert_1": 0,
            "moveAll_1": 9241,
            "moveAll_10": 13131,
            "moveAll_2": 6663,
            "moveAll_3": 6590,
            "relocate_1": 22418,
            "relocate_4": 13324,
            "remove_1": 0,
            "revRelocate_2": 19063,
            "revRelocate_3": 15206,
            "revRelocate_5": 11056,
            "twoOpt": 19362
        },
        "rate": {
            "centExchange_1": 0.3245641589164734,
            "centExchange_3": 0.2166561782360077,
            "centExchange_4": 0.13349293172359467,
            "insert_1": 0.0,
            "moveAll_1": 0.3476281762123108,
            "moveAll_10": 0.5123493075370789,
            "moveAll_2": 0.2519664168357849,
            "moveAll_3": 0.2505227029323578,
            "relocate_1": 0.7556034922599792,
            "relocate_4": 0.4525046646595001,
            "remove_1": 0.0,
            "revRelocate_2": 0.6822346448898315,
            "revRelocate_3": 0.5575681924819946,
            "revRelocate_5": 0.41175374388694763,
            "twoOpt": 0.607759416103363
        }
    },
    "last_improvement": 139,
    "name": "berlin52-52-8.30-0",
    "solution": {
        "fitness": 19630,
        "is_feasible": true,
        "permutation": [
            36,
            23,
            4,
            3,
            11,
            32,
            39,
            35,
            17,
            16,
            6,
            1,
            20,
            21,
            7,
            40,
            18,
            44,
            31,
            30,
            22,
            28,
            49,
            43,
            45,
            47,
            33,
            38,
            34,
            15,
            13,
            26,
            51,
            12,
            37,
            9,
            5,
            19,
            42,
            29,
            41,
            10,
            0,
            8,
            46,
            27,
            25,
            24,
            48,
            2,
            14,
            50
        ],
        "permutation_orig_ids": [
            "37",
            "24",
            "5",
            "4",
            "12",
            "33",
            "40",
            "36",
            "18",
            "17",
            "7",
            "2",
            "21",
            "22",
            "8",
            "41",
            "19",
            "45",
            "32",
            "31",
            "23",
            "29",
            "50",
            "44",
            "46",
            "48",
            "34",
            "39",
            "35",
            "16",
            "14",
            "27",
            "52",
            "13",
            "38",
            "10",
            "6",
            "20",
            "43",
            "30",
            "42",
            "11",
            "1",
            "9",
            "47",
            "28",
            "26",
            "25",
            "49",
            "3",
            "15",
            "51"
        ]
    },
    "steps": {
        "0": 24600,
        "124": 20021,
        "135": 19929,
        "139": 19630,
        "2": 21912,
        "28": 21156,
        "36": 21015,
        "4": 21371,
        "43": 20787,
        "47": 20433,
        "87": 20066
    },
    "timeout": 520
}