{
    "config": {
        "allow_infeasible": true,
        "bvns_max_k": 7,
        "bvns_min_k": 1,
        "construction": "random",
        "local_search": "CVND",
        "metaheuristic": "BVNS",
        "num_threads": 8,
        "operators": [
            "insert_1",
            "remove_1",
            "twoOpt",
            "centExchange_1",
            "centExchange_3",
            "centExchange_4",
            "relocate_1",
            "relocate_4",
            "revRelocate_2",
            "revRelocate_3",
            "revRelocate_5",
            "moveAll_1",
            "moveAll_2",
            "moveAll_3",
            "moveAll_10"
        ],
        "perturbation": [
            "reinsert"
        ],
        "stop_on_feasible": false,
        "timeout": 220
    },
    "histogram": {
        "all": {
            "centExchange_1": 301240,
            "centExchange_3": 301208,
            "centExchange_4": 301205,
            "insert_1": 311327,
            "moveAll_1": 246953,
            "moveAll_10": 214639,
            "moveAll_2": 242977,
            "moveAll_3": 237846,
            "relocate_1": 281415,
            "relocate_4": 273720,
            "remove_1": 311327,
            "revRelocate_2": 259029,
            "revRelocate_3": 252838,
            "revRelocate_5": 250326,
            "twoOpt": 302487
        },
        "improving": {
            "centExchange_1": 93096,
            "centExchange_3": 34802,
            "centExchange_4": 12613,
            "insert_1": 0,
            "moveAll_1": 63074,
            "moveAll_10": 126166,
            "moveAll_2": 58654,
            "moveAll_3": 54813,
            "relocate_1": 179659,
            "relocate_4": 122136,
            "remove_1": 0,
            "revRelocate_2": 144120,
            "revRelocate_3": 91738,
            "revRelocate_5": 24645,
            "twoOpt": 147495
        },
        "rate": {
            "centExchange_1": 0.30904263257980347,
            "centExchange_3": 0.11554142087697983,
            "centExchange_4": 0.04187513515353203,
            "insert_1": 0.0,
            "moveAll_1": 0.25540891289711,
            "moveAll_10": 0.5878055691719055,
            "moveAll_2": 0.24139733612537384,
            "moveAll_3": 0.23045584559440613,
            "relocate_1": 0.6384130120277405,
            "relocate_4": 0.44620779156684875,
            "remove_1": 0.0,
            "revRelocate_2": 0.5563855767250061,
            "revRelocate_3": 0.3628331124782562,
            "revRelocate_5": 0.09845162183046341,
            "twoOpt": 0.4876077175140381
        }
    },
    "last_improvement": 0,
    "name": "ulysses22.tsp-22-3.80-0",
    "solution": {
        "fitness": 141,
        "is_feasible": true,
        "permutation": [
            12,
            11,
            21,
            16,
            17,
            2,
            8,
            4,
            14,
            13,
            18,
            19,
            5,
            9,
            7,
            0,
            1,
            20,
            10,
            6,
            3,
            15
        ],
        "permutation_orig_ids": [
            "13",
            "12",
            "22",
            "17",
            "18",
            "3",
            "9",
            "5",
            "15",
            "14",
            "19",
            "20",
            "6",
            "10",
            "8",
            "1",
            "2",
            "21",
            "11",
            "7",
            "4",
            "16"
        ]
    },
    "steps": {
        "0": 141
    },
    "timeout": 220
}