{
    "config": {
        "allow_infeasible": true,
        "bvns_max_k": 7,
        "bvns_min_k": 1,
        "construction": "random",
        "local_search": "CVND",
        "metaheuristic": "BVNS",
        "num_threads": 8,
        "operators": [
            "insert_1",
            "remove_1",
            "twoOpt",
            "centExchange_1",
            "centExchange_3",
            "centExchange_4",
            "relocate_1",
            "relocate_4",
            "revRelocate_2",
            "revRelocate_3",
            "revRelocate_5",
            "moveAll_1",
            "moveAll_2",
            "moveAll_3",
            "moveAll_10"
        ],
        "perturbation": [
            "reinsert"
        ],
        "stop_on_feasible": false,
        "timeout": 520
    },
    "histogram": {
        "all": {
            "centExchange_1": 31508,
            "centExchange_3": 31501,
            "centExchange_4": 31496,
            "insert_1": 32168,
            "moveAll_1": 26370,
            "moveAll_10": 25315,
            "moveAll_2": 26254,
            "moveAll_3": 26080,
            "relocate_1": 28985,
            "relocate_4": 28734,
            "remove_1": 32168,
            "revRelocate_2": 27518,
            "revRelocate_3": 26925,
            "revRelocate_5": 26642,
            "twoOpt": 31558
        },
        "improving": {
            "centExchange_1": 9603,
            "centExchange_3": 5921,
            "centExchange_4": 3249,
            "insert_1": 0,
            "moveAll_1": 9538,
            "moveAll_10": 13445,
            "moveAll_2": 6969,
            "moveAll_3": 6782,
            "relocate_1": 22858,
            "relocate_4": 13193,
            "remove_1": 0,
            "revRelocate_2": 18589,
            "revRelocate_3": 14419,
            "revRelocate_5": 9659,
            "twoOpt": 18137
        },
        "rate": {
            "centExchange_1": 0.3047797381877899,
            "centExchange_3": 0.18796229362487793,
            "centExchange_4": 0.1031559556722641,
            "insert_1": 0.0,
            "moveAll_1": 0.3616988956928253,
            "moveAll_10": 0.531108021736145,
            "moveAll_2": 0.2654452621936798,
            "moveAll_3": 0.26004600524902344,
            "relocate_1": 0.788614809513092,
            "relocate_4": 0.4591424763202667,
            "remove_1": 0.0,
            "revRelocate_2": 0.6755214929580688,
            "revRelocate_3": 0.5355246067047119,
            "revRelocate_5": 0.3625478446483612,
            "twoOpt": 0.5747195482254028
        }
    },
    "last_improvement": 300,
    "name": "berlin52-52-8.30-0",
    "solution": {
        "fitness": 19709,
        "is_feasible": true,
        "permutation": [
            36,
            23,
            4,
            3,
            45,
            43,
            35,
            21,
            31,
            30,
            6,
            1,
            16,
            17,
            18,
            44,
            7,
            40,
            9,
            5,
            28,
            49,
            19,
            37,
            34,
            38,
            39,
            32,
            47,
            26,
            13,
            15,
            46,
            51,
            12,
            11,
            29,
            41,
            10,
            0,
            8,
            22,
            20,
            33,
            42,
            27,
            25,
            24,
            48,
            2,
            14,
            50
        ],
        "permutation_orig_ids": [
            "37",
            "24",
            "5",
            "4",
            "46",
            "44",
            "36",
            "22",
            "32",
            "31",
            "7",
            "2",
            "17",
            "18",
            "19",
            "45",
            "8",
            "41",
            "10",
            "6",
            "29",
            "50",
            "20",
            "38",
            "35",
            "39",
            "40",
            "33",
            "48",
            "27",
            "14",
            "16",
            "47",
            "52",
            "13",
            "12",
            "30",
            "42",
            "11",
            "1",
            "9",
            "23",
            "21",
            "34",
            "43",
            "28",
            "26",
            "25",
            "49",
            "3",
            "15",
            "51"
        ]
    },
    "steps": {
        "0": 23463,
        "1": 23335,
        "2": 23215,
        "20": 21382,
        "207": 21261,
        "219": 21205,
        "281": 20246,
        "282": 20202,
        "283": 19960,
        "284": 19873,
        "289": 19714,
        "3": 22518,
        "300": 19709,
        "39": 21364,
        "5": 21996
    },
    "timeout": 520
}