{
    "config": {
        "allow_infeasible": true,
        "bvns_max_k": 7,
        "bvns_min_k": 1,
        "construction": "random",
        "local_search": "CVND",
        "metaheuristic": "BVNS",
        "num_threads": 8,
        "operators": [
            "insert_1",
            "remove_1",
            "twoOpt",
            "centExchange_1",
            "centExchange_3",
            "centExchange_4",
            "relocate_1",
            "relocate_4",
            "revRelocate_2",
            "revRelocate_3",
            "revRelocate_5",
            "moveAll_1",
            "moveAll_2",
            "moveAll_3",
            "moveAll_10"
        ],
        "perturbation": [
            "reinsert"
        ],
        "stop_on_feasible": false,
        "timeout": 220
    },
    "histogram": {
        "all": {
            "centExchange_1": 297925,
            "centExchange_3": 297896,
            "centExchange_4": 297896,
            "insert_1": 307998,
            "moveAll_1": 244390,
            "moveAll_10": 212360,
            "moveAll_2": 240400,
            "moveAll_3": 235286,
            "relocate_1": 278190,
            "relocate_4": 270594,
            "remove_1": 307998,
            "revRelocate_2": 256120,
            "revRelocate_3": 250079,
            "revRelocate_5": 247620,
            "twoOpt": 299042
        },
        "improving": {
            "centExchange_1": 92017,
            "centExchange_3": 34434,
            "centExchange_4": 12314,
            "insert_1": 0,
            "moveAll_1": 62403,
            "moveAll_10": 124939,
            "moveAll_2": 58041,
            "moveAll_3": 54577,
            "relocate_1": 177826,
            "relocate_4": 121254,
            "remove_1": 0,
            "revRelocate_2": 142488,
            "revRelocate_3": 90958,
            "revRelocate_5": 24288,
            "twoOpt": 145793
        },
        "rate": {
            "centExchange_1": 0.30885961651802063,
            "centExchange_3": 0.11559067666530609,
            "centExchange_4": 0.04133657366037369,
            "insert_1": 0.0,
            "moveAll_1": 0.25534185767173767,
            "moveAll_10": 0.5883358716964722,
            "moveAll_2": 0.24143511056900024,
            "moveAll_3": 0.2319602519273758,
            "relocate_1": 0.6392250061035156,
            "relocate_4": 0.44810307025909424,
            "remove_1": 0.0,
            "revRelocate_2": 0.5563329458236694,
            "revRelocate_3": 0.36371707916259766,
            "revRelocate_5": 0.09808577597141266,
            "twoOpt": 0.4875335097312927
        }
    },
    "last_improvement": 0,
    "name": "ulysses22.tsp-22-3.80-0",
    "solution": {
        "fitness": 141,
        "is_feasible": true,
        "permutation": [
            12,
            11,
            21,
            16,
            17,
            2,
            8,
            4,
            14,
            13,
            18,
            19,
            5,
            9,
            7,
            0,
            1,
            20,
            10,
            6,
            3,
            15
        ],
        "permutation_orig_ids": [
            "13",
            "12",
            "22",
            "17",
            "18",
            "3",
            "9",
            "5",
            "15",
            "14",
            "19",
            "20",
            "6",
            "10",
            "8",
            "1",
            "2",
            "21",
            "11",
            "7",
            "4",
            "16"
        ]
    },
    "steps": {
        "0": 141
    },
    "timeout": 220
}