{
    "config": {
        "allow_infeasible": true,
        "bvns_max_k": 7,
        "bvns_min_k": 1,
        "construction": "random",
        "local_search": "CVND",
        "metaheuristic": "BVNS",
        "num_threads": 8,
        "operators": [
            "insert_1",
            "remove_1",
            "twoOpt",
            "centExchange_1",
            "centExchange_3",
            "centExchange_4",
            "relocate_1",
            "relocate_4",
            "revRelocate_2",
            "revRelocate_3",
            "revRelocate_5",
            "moveAll_1",
            "moveAll_2",
            "moveAll_3",
            "moveAll_10"
        ],
        "perturbation": [
            "reinsert"
        ],
        "stop_on_feasible": false,
        "timeout": 140
    },
    "histogram": {
        "all": {
            "centExchange_1": 711345,
            "centExchange_3": 711344,
            "centExchange_4": 711344,
            "insert_1": 736744,
            "moveAll_1": 585981,
            "moveAll_10": 442576,
            "moveAll_2": 567345,
            "moveAll_3": 534365,
            "relocate_1": 668329,
            "relocate_4": 659853,
            "remove_1": 736744,
            "revRelocate_2": 623979,
            "revRelocate_3": 614174,
            "revRelocate_5": 613895,
            "twoOpt": 712910
        },
        "improving": {
            "centExchange_1": 226044,
            "centExchange_3": 36818,
            "centExchange_4": 6906,
            "insert_1": 0,
            "moveAll_1": 128942,
            "moveAll_10": 224309,
            "moveAll_2": 117553,
            "moveAll_3": 127111,
            "relocate_1": 387303,
            "relocate_4": 221335,
            "remove_1": 0,
            "revRelocate_2": 295813,
            "revRelocate_3": 102272,
            "revRelocate_5": 9417,
            "twoOpt": 360561
        },
        "rate": {
            "centExchange_1": 0.317769855260849,
            "centExchange_3": 0.051758360117673874,
            "centExchange_4": 0.009708383120596409,
            "insert_1": 0.0,
            "moveAll_1": 0.22004467248916626,
            "moveAll_10": 0.5068259239196777,
            "moveAll_2": 0.20719844102859497,
            "moveAll_3": 0.23787298798561096,
            "relocate_1": 0.5795094966888428,
            "relocate_4": 0.335430771112442,
            "remove_1": 0.0,
            "revRelocate_2": 0.4740752577781677,
            "revRelocate_3": 0.16651958227157593,
            "revRelocate_5": 0.01533975638449192,
            "twoOpt": 0.5057594776153564
        }
    },
    "last_improvement": 0,
    "name": "burma14-14-2.20-0",
    "solution": {
        "fitness": 53,
        "is_feasible": true,
        "permutation": [
            1,
            7,
            10,
            2,
            13,
            6,
            5,
            3,
            11,
            12,
            0,
            9,
            4,
            8
        ],
        "permutation_orig_ids": [
            "2",
            "8",
            "11",
            "3",
            "14",
            "7",
            "6",
            "4",
            "12",
            "13",
            "1",
            "10",
            "5",
            "9"
        ]
    },
    "steps": {
        "0": 53
    },
    "timeout": 140
}