{
    "config": {
        "allow_infeasible": true,
        "bvns_max_k": 7,
        "bvns_min_k": 1,
        "construction": "random",
        "local_search": "CVND",
        "metaheuristic": "BVNS",
        "num_threads": 8,
        "operators": [
            "insert_1",
            "remove_1",
            "twoOpt",
            "centExchange_1",
            "centExchange_3",
            "centExchange_4",
            "relocate_1",
            "relocate_4",
            "revRelocate_2",
            "revRelocate_3",
            "revRelocate_5",
            "moveAll_1",
            "moveAll_2",
            "moveAll_3",
            "moveAll_10"
        ],
        "perturbation": [
            "reinsert"
        ],
        "stop_on_feasible": false,
        "timeout": 1010
    },
    "histogram": {
        "all": {
            "centExchange_1": 5018,
            "centExchange_3": 5018,
            "centExchange_4": 5017,
            "insert_1": 5085,
            "moveAll_1": 4235,
            "moveAll_10": 4155,
            "moveAll_2": 4220,
            "moveAll_3": 4208,
            "relocate_1": 4580,
            "relocate_4": 4555,
            "remove_1": 5085,
            "revRelocate_2": 4386,
            "revRelocate_3": 4310,
            "revRelocate_5": 4258,
            "twoOpt": 5021
        },
        "improving": {
            "centExchange_1": 1362,
            "centExchange_3": 949,
            "centExchange_4": 735,
            "insert_1": 0,
            "moveAll_1": 1477,
            "moveAll_10": 1900,
            "moveAll_2": 1092,
            "moveAll_3": 1021,
            "relocate_1": 3860,
            "relocate_4": 2044,
            "remove_1": 0,
            "revRelocate_2": 3070,
            "revRelocate_3": 2444,
            "revRelocate_5": 1844,
            "twoOpt": 2991
        },
        "rate": {
            "centExchange_1": 0.2714228630065918,
            "centExchange_3": 0.18911917507648468,
            "centExchange_4": 0.14650189876556396,
            "insert_1": 0.0,
            "moveAll_1": 0.34876033663749695,
            "moveAll_10": 0.45728039741516113,
            "moveAll_2": 0.2587677836418152,
            "moveAll_3": 0.24263307452201843,
            "relocate_1": 0.8427947759628296,
            "relocate_4": 0.44873765110969543,
            "remove_1": 0.0,
            "revRelocate_2": 0.6999543905258179,
            "revRelocate_3": 0.5670533776283264,
            "revRelocate_5": 0.4330671727657318,
            "twoOpt": 0.5956980586051941
        }
    },
    "last_improvement": 633,
    "name": "eil101-101-18.00-0",
    "solution": {
        "fitness": 1639,
        "is_feasible": true,
        "permutation": [
            39,
            76,
            78,
            80,
            32,
            34,
            33,
            79,
            53,
            38,
            66,
            24,
            54,
            25,
            52,
            90,
            99,
            36,
            58,
            4,
            82,
            46,
            48,
            10,
            61,
            62,
            9,
            69,
            68,
            30,
            0,
            29,
            19,
            70,
            64,
            65,
            63,
            47,
            35,
            7,
            6,
            17,
            26,
            88,
            27,
            3,
            1,
            73,
            71,
            74,
            56,
            42,
            40,
            41,
            14,
            37,
            13,
            97,
            15,
            59,
            44,
            16,
            60,
            94,
            12,
            95,
            91,
            86,
            98,
            96,
            93,
            23,
            75,
            11,
            28,
            67,
            77,
            8,
            31,
            84,
            5,
            72,
            57,
            22,
            21,
            51,
            81,
            92,
            87,
            55,
            20,
            83,
            45,
            43,
            50,
            49,
            18,
            85,
            2,
            89,
            100
        ],
        "permutation_orig_ids": [
            "40",
            "77",
            "79",
            "81",
            "33",
            "35",
            "34",
            "80",
            "54",
            "39",
            "67",
            "25",
            "55",
            "26",
            "53",
            "91",
            "100",
            "37",
            "59",
            "5",
            "83",
            "47",
            "49",
            "11",
            "62",
            "63",
            "10",
            "70",
            "69",
            "31",
            "1",
            "30",
            "20",
            "71",
            "65",
            "66",
            "64",
            "48",
            "36",
            "8",
            "7",
            "18",
            "27",
            "89",
            "28",
            "4",
            "2",
            "74",
            "72",
            "75",
            "57",
            "43",
            "41",
            "42",
            "15",
            "38",
            "14",
            "98",
            "16",
            "60",
            "45",
            "17",
            "61",
            "95",
            "13",
            "96",
            "92",
            "87",
            "99",
            "97",
            "94",
            "24",
            "76",
            "12",
            "29",
            "68",
            "78",
            "9",
            "32",
            "85",
            "6",
            "73",
            "58",
            "23",
            "22",
            "52",
            "82",
            "93",
            "88",
            "56",
            "21",
            "84",
            "46",
            "44",
            "51",
            "50",
            "19",
            "86",
            "3",
            "90",
            "101"
        ]
    },
    "steps": {
        "0": 2571,
        "1": 2446,
        "10": 2217,
        "139": 1768,
        "14": 2174,
        "140": 1716,
        "17": 2160,
        "19": 2124,
        "20": 2102,
        "230": 1689,
        "285": 1651,
        "35": 2052,
        "36": 2036,
        "39": 2018,
        "4": 2305,
        "40": 2010,
        "41": 2008,
        "45": 1987,
        "47": 1925,
        "48": 1921,
        "5": 2276,
        "51": 1917,
        "52": 1872,
        "58": 1856,
        "633": 1639,
        "7": 2249,
        "8": 2223,
        "88": 1837,
        "89": 1827,
        "90": 1782
    },
    "timeout": 1010
}