{
    "config": {
        "allow_infeasible": true,
        "bvns_max_k": 7,
        "bvns_min_k": 1,
        "construction": "random",
        "local_search": "CVND",
        "metaheuristic": "BVNS",
        "num_threads": 8,
        "operators": [
            "insert_1",
            "remove_1",
            "twoOpt",
            "centExchange_1",
            "centExchange_3",
            "centExchange_4",
            "relocate_1",
            "relocate_4",
            "revRelocate_2",
            "revRelocate_3",
            "revRelocate_5",
            "moveAll_1",
            "moveAll_2",
            "moveAll_3",
            "moveAll_10"
        ],
        "perturbation": [
            "reinsert"
        ],
        "stop_on_feasible": false,
        "timeout": 220
    },
    "histogram": {
        "all": {
            "centExchange_1": 303103,
            "centExchange_3": 303057,
            "centExchange_4": 303056,
            "insert_1": 313329,
            "moveAll_1": 248757,
            "moveAll_10": 216068,
            "moveAll_2": 244587,
            "moveAll_3": 239534,
            "relocate_1": 282947,
            "relocate_4": 275220,
            "remove_1": 313329,
            "revRelocate_2": 260624,
            "revRelocate_3": 254608,
            "revRelocate_5": 252105,
            "twoOpt": 304262
        },
        "improving": {
            "centExchange_1": 93468,
            "centExchange_3": 35147,
            "centExchange_4": 13013,
            "insert_1": 0,
            "moveAll_1": 63538,
            "moveAll_10": 127315,
            "moveAll_2": 59528,
            "moveAll_3": 55266,
            "relocate_1": 180869,
            "relocate_4": 122958,
            "remove_1": 0,
            "revRelocate_2": 144753,
            "revRelocate_3": 92550,
            "revRelocate_5": 24890,
            "twoOpt": 148122
        },
        "rate": {
            "centExchange_1": 0.3083704113960266,
            "centExchange_3": 0.11597488075494766,
            "centExchange_4": 0.042939260601997375,
            "insert_1": 0.0,
            "moveAll_1": 0.2554219663143158,
            "moveAll_10": 0.589235782623291,
            "moveAll_2": 0.24338169395923615,
            "moveAll_3": 0.23072299361228943,
            "relocate_1": 0.6392328143119812,
            "relocate_4": 0.4467625916004181,
            "remove_1": 0.0,
            "revRelocate_2": 0.55540931224823,
            "revRelocate_3": 0.3634999692440033,
            "revRelocate_5": 0.09872870147228241,
            "twoOpt": 0.4868238568305969
        }
    },
    "last_improvement": 0,
    "name": "ulysses22.tsp-22-3.80-0",
    "solution": {
        "fitness": 141,
        "is_feasible": true,
        "permutation": [
            12,
            11,
            21,
            16,
            17,
            2,
            8,
            4,
            14,
            13,
            18,
            19,
            5,
            9,
            7,
            0,
            1,
            20,
            10,
            6,
            3,
            15
        ],
        "permutation_orig_ids": [
            "13",
            "12",
            "22",
            "17",
            "18",
            "3",
            "9",
            "5",
            "15",
            "14",
            "19",
            "20",
            "6",
            "10",
            "8",
            "1",
            "2",
            "21",
            "11",
            "7",
            "4",
            "16"
        ]
    },
    "steps": {
        "0": 141
    },
    "timeout": 220
}