{
    "config": {
        "allow_infeasible": true,
        "bvns_max_k": 7,
        "bvns_min_k": 1,
        "construction": "random",
        "local_search": "CVND",
        "metaheuristic": "BVNS",
        "num_threads": 8,
        "operators": [
            "insert_1",
            "remove_1",
            "twoOpt",
            "centExchange_1",
            "centExchange_3",
            "centExchange_4",
            "relocate_1",
            "relocate_4",
            "revRelocate_2",
            "revRelocate_3",
            "revRelocate_5",
            "moveAll_1",
            "moveAll_2",
            "moveAll_3",
            "moveAll_10"
        ],
        "perturbation": [
            "reinsert"
        ],
        "stop_on_feasible": false,
        "timeout": 140
    },
    "histogram": {
        "all": {
            "centExchange_1": 715440,
            "centExchange_3": 715436,
            "centExchange_4": 715435,
            "insert_1": 741039,
            "moveAll_1": 589368,
            "moveAll_10": 445519,
            "moveAll_2": 570436,
            "moveAll_3": 537561,
            "relocate_1": 672077,
            "relocate_4": 663739,
            "remove_1": 741039,
            "revRelocate_2": 627629,
            "revRelocate_3": 617664,
            "revRelocate_5": 617362,
            "twoOpt": 717004
        },
        "improving": {
            "centExchange_1": 226526,
            "centExchange_3": 36976,
            "centExchange_4": 6842,
            "insert_1": 0,
            "moveAll_1": 129831,
            "moveAll_10": 226006,
            "moveAll_2": 117673,
            "moveAll_3": 127347,
            "relocate_1": 390182,
            "relocate_4": 222473,
            "remove_1": 0,
            "revRelocate_2": 297668,
            "revRelocate_3": 103313,
            "revRelocate_5": 9573,
            "twoOpt": 362503
        },
        "rate": {
            "centExchange_1": 0.3166247308254242,
            "centExchange_3": 0.05168316885828972,
            "centExchange_4": 0.009563412517309189,
            "insert_1": 0.0,
            "moveAll_1": 0.22028851509094238,
            "moveAll_10": 0.5072870254516602,
            "moveAll_2": 0.20628607273101807,
            "moveAll_3": 0.2368977665901184,
            "relocate_1": 0.5805614590644836,
            "relocate_4": 0.33518144488334656,
            "remove_1": 0.0,
            "revRelocate_2": 0.47427380084991455,
            "revRelocate_3": 0.16726407408714294,
            "revRelocate_5": 0.015506299212574959,
            "twoOpt": 0.5055801868438721
        }
    },
    "last_improvement": 0,
    "name": "burma14-14-2.20-0",
    "solution": {
        "fitness": 53,
        "is_feasible": true,
        "permutation": [
            1,
            7,
            10,
            2,
            13,
            6,
            5,
            3,
            11,
            12,
            0,
            9,
            4,
            8
        ],
        "permutation_orig_ids": [
            "2",
            "8",
            "11",
            "3",
            "14",
            "7",
            "6",
            "4",
            "12",
            "13",
            "1",
            "10",
            "5",
            "9"
        ]
    },
    "steps": {
        "0": 53
    },
    "timeout": 140
}