{
    "config": {
        "allow_infeasible": true,
        "bvns_max_k": 7,
        "bvns_min_k": 1,
        "construction": "random",
        "local_search": "CVND",
        "metaheuristic": "BVNS",
        "num_threads": 8,
        "operators": [
            "insert_1",
            "remove_1",
            "twoOpt",
            "centExchange_1",
            "centExchange_3",
            "centExchange_4",
            "relocate_1",
            "relocate_4",
            "revRelocate_2",
            "revRelocate_3",
            "revRelocate_5",
            "moveAll_1",
            "moveAll_2",
            "moveAll_3",
            "moveAll_10"
        ],
        "perturbation": [
            "reinsert"
        ],
        "stop_on_feasible": false,
        "timeout": 520
    },
    "histogram": {
        "all": {
            "centExchange_1": 32082,
            "centExchange_3": 32060,
            "centExchange_4": 32055,
            "insert_1": 32771,
            "moveAll_1": 26929,
            "moveAll_10": 25754,
            "moveAll_2": 26780,
            "moveAll_3": 26583,
            "relocate_1": 29669,
            "relocate_4": 29382,
            "remove_1": 32771,
            "revRelocate_2": 28218,
            "revRelocate_3": 27615,
            "revRelocate_5": 27195,
            "twoOpt": 32128
        },
        "improving": {
            "centExchange_1": 9844,
            "centExchange_3": 6400,
            "centExchange_4": 3751,
            "insert_1": 0,
            "moveAll_1": 9459,
            "moveAll_10": 13827,
            "moveAll_2": 7180,
            "moveAll_3": 7014,
            "relocate_1": 23152,
            "relocate_4": 13597,
            "remove_1": 0,
            "revRelocate_2": 18573,
            "revRelocate_3": 14802,
            "revRelocate_5": 10590,
            "twoOpt": 18736
        },
        "rate": {
            "centExchange_1": 0.306838721036911,
            "centExchange_3": 0.19962570071220398,
            "centExchange_4": 0.11701762676239014,
            "insert_1": 0.0,
            "moveAll_1": 0.35125699639320374,
            "moveAll_10": 0.5368874669075012,
            "moveAll_2": 0.2681105434894562,
            "moveAll_3": 0.2638528347015381,
            "relocate_1": 0.7803431153297424,
            "relocate_4": 0.4627663195133209,
            "remove_1": 0.0,
            "revRelocate_2": 0.6581968665122986,
            "revRelocate_3": 0.5360130071640015,
            "revRelocate_5": 0.3894098103046417,
            "twoOpt": 0.583167314529419
        }
    },
    "last_improvement": 417,
    "name": "berlin52-52-8.30-0",
    "solution": {
        "fitness": 17605,
        "is_feasible": true,
        "permutation": [
            36,
            23,
            5,
            38,
            43,
            16,
            41,
            6,
            1,
            29,
            28,
            26,
            13,
            51,
            10,
            3,
            47,
            0,
            34,
            37,
            40,
            21,
            31,
            30,
            22,
            20,
            8,
            7,
            35,
            19,
            49,
            15,
            9,
            32,
            39,
            45,
            11,
            12,
            4,
            42,
            33,
            44,
            24,
            25,
            27,
            46,
            48,
            2,
            18,
            17,
            14,
            50
        ],
        "permutation_orig_ids": [
            "37",
            "24",
            "6",
            "39",
            "44",
            "17",
            "42",
            "7",
            "2",
            "30",
            "29",
            "27",
            "14",
            "52",
            "11",
            "4",
            "48",
            "1",
            "35",
            "38",
            "41",
            "22",
            "32",
            "31",
            "23",
            "21",
            "9",
            "8",
            "36",
            "20",
            "50",
            "16",
            "10",
            "33",
            "40",
            "46",
            "12",
            "13",
            "5",
            "43",
            "34",
            "45",
            "25",
            "26",
            "28",
            "47",
            "49",
            "3",
            "19",
            "18",
            "15",
            "51"
        ]
    },
    "steps": {
        "0": 22646,
        "1": 21732,
        "124": 20281,
        "17": 21471,
        "29": 21385,
        "336": 19992,
        "342": 19704,
        "347": 19670,
        "395": 19004,
        "397": 18227,
        "399": 18222,
        "417": 17605,
        "6": 21695,
        "64": 21069,
        "66": 20382,
        "7": 21505,
        "81": 20310
    },
    "timeout": 520
}