{
    "config": {
        "allow_infeasible": true,
        "bvns_max_k": 7,
        "bvns_min_k": 1,
        "construction": "random",
        "local_search": "CVND",
        "metaheuristic": "BVNS",
        "num_threads": 8,
        "operators": [
            "insert_1",
            "remove_1",
            "twoOpt",
            "centExchange_1",
            "centExchange_3",
            "centExchange_4",
            "relocate_1",
            "relocate_4",
            "revRelocate_2",
            "revRelocate_3",
            "revRelocate_5",
            "moveAll_1",
            "moveAll_2",
            "moveAll_3",
            "moveAll_10"
        ],
        "perturbation": [
            "reinsert"
        ],
        "stop_on_feasible": false,
        "timeout": 220
    },
    "histogram": {
        "all": {
            "centExchange_1": 297383,
            "centExchange_3": 297336,
            "centExchange_4": 297335,
            "insert_1": 307348,
            "moveAll_1": 244010,
            "moveAll_10": 211886,
            "moveAll_2": 240090,
            "moveAll_3": 235020,
            "relocate_1": 277744,
            "relocate_4": 270152,
            "remove_1": 307348,
            "revRelocate_2": 255849,
            "revRelocate_3": 249888,
            "revRelocate_5": 247366,
            "twoOpt": 298472
        },
        "improving": {
            "centExchange_1": 91670,
            "centExchange_3": 34769,
            "centExchange_4": 12563,
            "insert_1": 0,
            "moveAll_1": 62101,
            "moveAll_10": 124952,
            "moveAll_2": 57957,
            "moveAll_3": 54469,
            "relocate_1": 177510,
            "relocate_4": 120696,
            "remove_1": 0,
            "revRelocate_2": 142067,
            "revRelocate_3": 90506,
            "revRelocate_5": 24176,
            "twoOpt": 145429
        },
        "rate": {
            "centExchange_1": 0.308255672454834,
            "centExchange_3": 0.11693505197763443,
            "centExchange_4": 0.04225200414657593,
            "insert_1": 0.0,
            "moveAll_1": 0.2545018792152405,
            "moveAll_10": 0.5897133350372314,
            "moveAll_2": 0.2413969784975052,
            "moveAll_3": 0.23176325857639313,
            "relocate_1": 0.63911372423172,
            "relocate_4": 0.44677069783210754,
            "remove_1": 0.0,
            "revRelocate_2": 0.5552767515182495,
            "revRelocate_3": 0.3621862530708313,
            "revRelocate_5": 0.09773372113704681,
            "twoOpt": 0.48724502325057983
        }
    },
    "last_improvement": 0,
    "name": "ulysses22.tsp-22-3.80-0",
    "solution": {
        "fitness": 141,
        "is_feasible": true,
        "permutation": [
            12,
            11,
            21,
            16,
            17,
            2,
            8,
            4,
            14,
            13,
            18,
            19,
            5,
            9,
            7,
            0,
            1,
            20,
            10,
            6,
            3,
            15
        ],
        "permutation_orig_ids": [
            "13",
            "12",
            "22",
            "17",
            "18",
            "3",
            "9",
            "5",
            "15",
            "14",
            "19",
            "20",
            "6",
            "10",
            "8",
            "1",
            "2",
            "21",
            "11",
            "7",
            "4",
            "16"
        ]
    },
    "steps": {
        "0": 141
    },
    "timeout": 220
}