{
    "config": {
        "allow_infeasible": true,
        "bvns_max_k": 7,
        "bvns_min_k": 1,
        "construction": "random",
        "local_search": "CVND",
        "metaheuristic": "BVNS",
        "num_threads": 8,
        "operators": [
            "insert_1",
            "remove_1",
            "twoOpt",
            "centExchange_1",
            "centExchange_3",
            "centExchange_4",
            "relocate_1",
            "relocate_4",
            "revRelocate_2",
            "revRelocate_3",
            "revRelocate_5",
            "moveAll_1",
            "moveAll_2",
            "moveAll_3",
            "moveAll_10"
        ],
        "perturbation": [
            "reinsert"
        ],
        "stop_on_feasible": false,
        "timeout": 520
    },
    "histogram": {
        "all": {
            "centExchange_1": 32016,
            "centExchange_3": 32005,
            "centExchange_4": 32003,
            "insert_1": 32617,
            "moveAll_1": 26550,
            "moveAll_10": 25613,
            "moveAll_2": 26421,
            "moveAll_3": 26317,
            "relocate_1": 29012,
            "relocate_4": 28814,
            "remove_1": 32617,
            "revRelocate_2": 27599,
            "revRelocate_3": 27075,
            "revRelocate_5": 26871,
            "twoOpt": 32069
        },
        "improving": {
            "centExchange_1": 9355,
            "centExchange_3": 5619,
            "centExchange_4": 2826,
            "insert_1": 0,
            "moveAll_1": 9697,
            "moveAll_10": 13619,
            "moveAll_2": 7268,
            "moveAll_3": 6424,
            "relocate_1": 23506,
            "relocate_4": 12505,
            "remove_1": 0,
            "revRelocate_2": 18329,
            "revRelocate_3": 13854,
            "revRelocate_5": 8485,
            "twoOpt": 17813
        },
        "rate": {
            "centExchange_1": 0.29219764471054077,
            "centExchange_3": 0.17556631565093994,
            "centExchange_4": 0.08830422163009644,
            "insert_1": 0.0,
            "moveAll_1": 0.36523541808128357,
            "moveAll_10": 0.5317221879959106,
            "moveAll_2": 0.2750842273235321,
            "moveAll_3": 0.24410076439380646,
            "relocate_1": 0.81021648645401,
            "relocate_4": 0.4339904189109802,
            "remove_1": 0.0,
            "revRelocate_2": 0.6641182899475098,
            "revRelocate_3": 0.5116897225379944,
            "revRelocate_5": 0.31576791405677795,
            "twoOpt": 0.5554585456848145
        }
    },
    "last_improvement": 248,
    "name": "berlin52-52-8.30-0",
    "solution": {
        "fitness": 17908,
        "is_feasible": true,
        "permutation": [
            48,
            30,
            7,
            8,
            9,
            32,
            50,
            10,
            13,
            46,
            28,
            21,
            17,
            19,
            15,
            45,
            23,
            3,
            4,
            36,
            37,
            35,
            44,
            31,
            39,
            43,
            38,
            0,
            22,
            20,
            49,
            1,
            16,
            34,
            40,
            18,
            5,
            51,
            12,
            11,
            29,
            41,
            6,
            47,
            26,
            2,
            14,
            33,
            42,
            27,
            25,
            24
        ],
        "permutation_orig_ids": [
            "49",
            "31",
            "8",
            "9",
            "10",
            "33",
            "51",
            "11",
            "14",
            "47",
            "29",
            "22",
            "18",
            "20",
            "16",
            "46",
            "24",
            "4",
            "5",
            "37",
            "38",
            "36",
            "45",
            "32",
            "40",
            "44",
            "39",
            "1",
            "23",
            "21",
            "50",
            "2",
            "17",
            "35",
            "41",
            "19",
            "6",
            "52",
            "13",
            "12",
            "30",
            "42",
            "7",
            "48",
            "27",
            "3",
            "15",
            "34",
            "43",
            "28",
            "26",
            "25"
        ]
    },
    "steps": {
        "0": 21641,
        "12": 21099,
        "13": 19463,
        "14": 19295,
        "248": 17908,
        "30": 18796,
        "31": 18636,
        "90": 18185
    },
    "timeout": 520
}