{
    "config": {
        "allow_infeasible": true,
        "bvns_max_k": 7,
        "bvns_min_k": 1,
        "construction": "random",
        "local_search": "CVND",
        "metaheuristic": "BVNS",
        "num_threads": 8,
        "operators": [
            "insert_1",
            "remove_1",
            "twoOpt",
            "centExchange_1",
            "centExchange_3",
            "centExchange_4",
            "relocate_1",
            "relocate_4",
            "revRelocate_2",
            "revRelocate_3",
            "revRelocate_5",
            "moveAll_1",
            "moveAll_2",
            "moveAll_3",
            "moveAll_10"
        ],
        "perturbation": [
            "reinsert"
        ],
        "stop_on_feasible": false,
        "timeout": 220
    },
    "histogram": {
        "all": {
            "centExchange_1": 297345,
            "centExchange_3": 297303,
            "centExchange_4": 297300,
            "insert_1": 307541,
            "moveAll_1": 244166,
            "moveAll_10": 212104,
            "moveAll_2": 240193,
            "moveAll_3": 235248,
            "relocate_1": 277581,
            "relocate_4": 270095,
            "remove_1": 307541,
            "revRelocate_2": 255896,
            "revRelocate_3": 249921,
            "revRelocate_5": 247454,
            "twoOpt": 298520
        },
        "improving": {
            "centExchange_1": 91589,
            "centExchange_3": 34810,
            "centExchange_4": 12476,
            "insert_1": 0,
            "moveAll_1": 62381,
            "moveAll_10": 125005,
            "moveAll_2": 58055,
            "moveAll_3": 54052,
            "relocate_1": 177574,
            "relocate_4": 120461,
            "remove_1": 0,
            "revRelocate_2": 142028,
            "revRelocate_3": 90716,
            "revRelocate_5": 24345,
            "twoOpt": 145686
        },
        "rate": {
            "centExchange_1": 0.308022677898407,
            "centExchange_3": 0.11708593368530273,
            "centExchange_4": 0.041964344680309296,
            "insert_1": 0.0,
            "moveAll_1": 0.25548601150512695,
            "moveAll_10": 0.5893570780754089,
            "moveAll_2": 0.24170146882534027,
            "moveAll_3": 0.22976604104042053,
            "relocate_1": 0.6397196054458618,
            "relocate_4": 0.44599491357803345,
            "remove_1": 0.0,
            "revRelocate_2": 0.5550223588943481,
            "revRelocate_3": 0.3629786968231201,
            "revRelocate_5": 0.09838192164897919,
            "twoOpt": 0.4880276024341583
        }
    },
    "last_improvement": 0,
    "name": "ulysses22.tsp-22-3.80-0",
    "solution": {
        "fitness": 141,
        "is_feasible": true,
        "permutation": [
            12,
            11,
            21,
            16,
            17,
            2,
            8,
            4,
            14,
            13,
            18,
            19,
            5,
            9,
            7,
            0,
            1,
            20,
            10,
            6,
            3,
            15
        ],
        "permutation_orig_ids": [
            "13",
            "12",
            "22",
            "17",
            "18",
            "3",
            "9",
            "5",
            "15",
            "14",
            "19",
            "20",
            "6",
            "10",
            "8",
            "1",
            "2",
            "21",
            "11",
            "7",
            "4",
            "16"
        ]
    },
    "steps": {
        "0": 141
    },
    "timeout": 220
}