{
    "config": {
        "allow_infeasible": true,
        "bvns_max_k": 7,
        "bvns_min_k": 1,
        "construction": "random",
        "local_search": "CVND",
        "metaheuristic": "BVNS",
        "num_threads": 8,
        "operators": [
            "insert_1",
            "remove_1",
            "twoOpt",
            "centExchange_1",
            "centExchange_3",
            "centExchange_4",
            "relocate_1",
            "relocate_4",
            "revRelocate_2",
            "revRelocate_3",
            "revRelocate_5",
            "moveAll_1",
            "moveAll_2",
            "moveAll_3",
            "moveAll_10"
        ],
        "perturbation": [
            "reinsert"
        ],
        "stop_on_feasible": false,
        "timeout": 520
    },
    "histogram": {
        "all": {
            "centExchange_1": 31632,
            "centExchange_3": 31624,
            "centExchange_4": 31623,
            "insert_1": 32408,
            "moveAll_1": 26436,
            "moveAll_10": 25495,
            "moveAll_2": 26295,
            "moveAll_3": 26176,
            "relocate_1": 28899,
            "relocate_4": 28683,
            "remove_1": 32408,
            "revRelocate_2": 27606,
            "revRelocate_3": 27006,
            "revRelocate_5": 26696,
            "twoOpt": 31691
        },
        "improving": {
            "centExchange_1": 9560,
            "centExchange_3": 5657,
            "centExchange_4": 3117,
            "insert_1": 0,
            "moveAll_1": 9305,
            "moveAll_10": 13318,
            "moveAll_2": 7263,
            "moveAll_3": 6454,
            "relocate_1": 23044,
            "relocate_4": 12847,
            "remove_1": 0,
            "revRelocate_2": 18230,
            "revRelocate_3": 14397,
            "revRelocate_5": 9613,
            "twoOpt": 18172
        },
        "rate": {
            "centExchange_1": 0.30222558975219727,
            "centExchange_3": 0.1788831204175949,
            "centExchange_4": 0.09856750071048737,
            "insert_1": 0.0,
            "moveAll_1": 0.35198214650154114,
            "moveAll_10": 0.5223769545555115,
            "moveAll_2": 0.276212215423584,
            "moveAll_3": 0.24656173586845398,
            "relocate_1": 0.7973978519439697,
            "relocate_4": 0.44789597392082214,
            "remove_1": 0.0,
            "revRelocate_2": 0.6603636741638184,
            "revRelocate_3": 0.5331037640571594,
            "revRelocate_5": 0.3600913882255554,
            "twoOpt": 0.5734120011329651
        }
    },
    "last_improvement": 210,
    "name": "berlin52-52-8.30-0",
    "solution": {
        "fitness": 18375,
        "is_feasible": true,
        "permutation": [
            19,
            28,
            15,
            21,
            17,
            16,
            40,
            7,
            32,
            10,
            3,
            4,
            36,
            37,
            35,
            44,
            31,
            49,
            41,
            6,
            1,
            30,
            34,
            38,
            39,
            43,
            45,
            47,
            26,
            13,
            46,
            51,
            12,
            11,
            29,
            42,
            33,
            20,
            22,
            8,
            0,
            27,
            25,
            24,
            48,
            2,
            18,
            5,
            9,
            23,
            50,
            14
        ],
        "permutation_orig_ids": [
            "20",
            "29",
            "16",
            "22",
            "18",
            "17",
            "41",
            "8",
            "33",
            "11",
            "4",
            "5",
            "37",
            "38",
            "36",
            "45",
            "32",
            "50",
            "42",
            "7",
            "2",
            "31",
            "35",
            "39",
            "40",
            "44",
            "46",
            "48",
            "27",
            "14",
            "47",
            "52",
            "13",
            "12",
            "30",
            "43",
            "34",
            "21",
            "23",
            "9",
            "1",
            "28",
            "26",
            "25",
            "49",
            "3",
            "19",
            "6",
            "10",
            "24",
            "51",
            "15"
        ]
    },
    "steps": {
        "0": 22371,
        "10": 21255,
        "122": 19546,
        "123": 19338,
        "124": 19272,
        "136": 19254,
        "191": 18562,
        "20": 21243,
        "210": 18375,
        "22": 21136,
        "24": 21121,
        "28": 20749,
        "3": 22039,
        "30": 20326,
        "34": 19736,
        "5": 21646,
        "8": 21265
    },
    "timeout": 520
}