{
    "config": {
        "allow_infeasible": true,
        "bvns_max_k": 7,
        "bvns_min_k": 1,
        "construction": "random",
        "local_search": "CVND",
        "metaheuristic": "BVNS",
        "num_threads": 8,
        "operators": [
            "insert_1",
            "remove_1",
            "twoOpt",
            "centExchange_1",
            "centExchange_3",
            "centExchange_4",
            "relocate_1",
            "relocate_4",
            "revRelocate_2",
            "revRelocate_3",
            "revRelocate_5",
            "moveAll_1",
            "moveAll_2",
            "moveAll_3",
            "moveAll_10"
        ],
        "perturbation": [
            "reinsert"
        ],
        "stop_on_feasible": false,
        "timeout": 140
    },
    "histogram": {
        "all": {
            "centExchange_1": 714347,
            "centExchange_3": 714345,
            "centExchange_4": 714345,
            "insert_1": 740148,
            "moveAll_1": 588805,
            "moveAll_10": 445328,
            "moveAll_2": 569971,
            "moveAll_3": 537132,
            "relocate_1": 670959,
            "relocate_4": 662779,
            "remove_1": 740148,
            "revRelocate_2": 626835,
            "revRelocate_3": 616912,
            "revRelocate_5": 616616,
            "twoOpt": 715869
        },
        "improving": {
            "centExchange_1": 226201,
            "centExchange_3": 36997,
            "centExchange_4": 7043,
            "insert_1": 0,
            "moveAll_1": 129445,
            "moveAll_10": 226139,
            "moveAll_2": 118025,
            "moveAll_3": 126930,
            "relocate_1": 389477,
            "relocate_4": 221687,
            "remove_1": 0,
            "revRelocate_2": 296989,
            "revRelocate_3": 103495,
            "revRelocate_5": 9545,
            "twoOpt": 361964
        },
        "rate": {
            "centExchange_1": 0.316654235124588,
            "centExchange_3": 0.05179150030016899,
            "centExchange_4": 0.00985938124358654,
            "insert_1": 0.0,
            "moveAll_1": 0.21984358131885529,
            "moveAll_10": 0.5078032612800598,
            "moveAll_2": 0.2070719450712204,
            "moveAll_3": 0.23631063103675842,
            "relocate_1": 0.5804780721664429,
            "relocate_4": 0.33448103070259094,
            "remove_1": 0.0,
            "revRelocate_2": 0.47379136085510254,
            "revRelocate_3": 0.16776297986507416,
            "revRelocate_5": 0.015479650348424911,
            "twoOpt": 0.5056288242340088
        }
    },
    "last_improvement": 0,
    "name": "burma14-14-2.20-0",
    "solution": {
        "fitness": 53,
        "is_feasible": true,
        "permutation": [
            1,
            7,
            10,
            2,
            13,
            6,
            5,
            3,
            11,
            12,
            0,
            9,
            4,
            8
        ],
        "permutation_orig_ids": [
            "2",
            "8",
            "11",
            "3",
            "14",
            "7",
            "6",
            "4",
            "12",
            "13",
            "1",
            "10",
            "5",
            "9"
        ]
    },
    "steps": {
        "0": 53
    },
    "timeout": 140
}