{
    "config": {
        "allow_infeasible": true,
        "bvns_max_k": 7,
        "bvns_min_k": 1,
        "construction": "random",
        "local_search": "CVND",
        "metaheuristic": "BVNS",
        "num_threads": 8,
        "operators": [
            "insert_1",
            "remove_1",
            "twoOpt",
            "centExchange_1",
            "centExchange_3",
            "centExchange_4",
            "relocate_1",
            "relocate_4",
            "revRelocate_2",
            "revRelocate_3",
            "revRelocate_5",
            "moveAll_1",
            "moveAll_2",
            "moveAll_3",
            "moveAll_10"
        ],
        "perturbation": [
            "reinsert"
        ],
        "stop_on_feasible": false,
        "timeout": 1010
    },
    "histogram": {
        "all": {
            "centExchange_1": 5078,
            "centExchange_3": 5074,
            "centExchange_4": 5071,
            "insert_1": 5133,
            "moveAll_1": 4276,
            "moveAll_10": 4187,
            "moveAll_2": 4257,
            "moveAll_3": 4251,
            "relocate_1": 4635,
            "relocate_4": 4602,
            "remove_1": 5133,
            "revRelocate_2": 4409,
            "revRelocate_3": 4331,
            "revRelocate_5": 4301,
            "twoOpt": 5080
        },
        "improving": {
            "centExchange_1": 1315,
            "centExchange_3": 918,
            "centExchange_4": 682,
            "insert_1": 0,
            "moveAll_1": 1573,
            "moveAll_10": 1979,
            "moveAll_2": 1145,
            "moveAll_3": 1022,
            "relocate_1": 3892,
            "relocate_4": 2146,
            "remove_1": 0,
            "revRelocate_2": 3124,
            "revRelocate_3": 2449,
            "revRelocate_5": 1687,
            "twoOpt": 2858
        },
        "rate": {
            "centExchange_1": 0.25896021723747253,
            "centExchange_3": 0.18092234432697296,
            "centExchange_4": 0.1344902366399765,
            "insert_1": 0.0,
            "moveAll_1": 0.3678671717643738,
            "moveAll_10": 0.47265344858169556,
            "moveAll_2": 0.26896876096725464,
            "moveAll_3": 0.24041402339935303,
            "relocate_1": 0.8396979570388794,
            "relocate_4": 0.4663189947605133,
            "remove_1": 0.0,
            "revRelocate_2": 0.7085506916046143,
            "revRelocate_3": 0.5654582977294922,
            "revRelocate_5": 0.39223435521125793,
            "twoOpt": 0.5625984072685242
        }
    },
    "last_improvement": 983,
    "name": "eil101-101-18.00-0",
    "solution": {
        "fitness": 1739,
        "is_feasible": true,
        "permutation": [
            39,
            12,
            86,
            91,
            58,
            98,
            60,
            90,
            92,
            97,
            36,
            56,
            1,
            40,
            74,
            72,
            20,
            71,
            73,
            55,
            38,
            3,
            24,
            66,
            54,
            53,
            52,
            76,
            28,
            67,
            0,
            69,
            48,
            47,
            6,
            51,
            30,
            17,
            7,
            82,
            4,
            93,
            88,
            81,
            10,
            65,
            19,
            77,
            34,
            64,
            70,
            33,
            75,
            79,
            11,
            25,
            27,
            57,
            15,
            37,
            13,
            42,
            41,
            14,
            94,
            95,
            46,
            32,
            63,
            44,
            59,
            96,
            99,
            23,
            68,
            35,
            61,
            62,
            26,
            84,
            5,
            22,
            21,
            78,
            9,
            87,
            8,
            31,
            29,
            80,
            16,
            83,
            45,
            43,
            50,
            49,
            18,
            85,
            2,
            89,
            100
        ],
        "permutation_orig_ids": [
            "40",
            "13",
            "87",
            "92",
            "59",
            "99",
            "61",
            "91",
            "93",
            "98",
            "37",
            "57",
            "2",
            "41",
            "75",
            "73",
            "21",
            "72",
            "74",
            "56",
            "39",
            "4",
            "25",
            "67",
            "55",
            "54",
            "53",
            "77",
            "29",
            "68",
            "1",
            "70",
            "49",
            "48",
            "7",
            "52",
            "31",
            "18",
            "8",
            "83",
            "5",
            "94",
            "89",
            "82",
            "11",
            "66",
            "20",
            "78",
            "35",
            "65",
            "71",
            "34",
            "76",
            "80",
            "12",
            "26",
            "28",
            "58",
            "16",
            "38",
            "14",
            "43",
            "42",
            "15",
            "95",
            "96",
            "47",
            "33",
            "64",
            "45",
            "60",
            "97",
            "100",
            "24",
            "69",
            "36",
            "62",
            "63",
            "27",
            "85",
            "6",
            "23",
            "22",
            "79",
            "10",
            "88",
            "9",
            "32",
            "30",
            "81",
            "17",
            "84",
            "46",
            "44",
            "51",
            "50",
            "19",
            "86",
            "3",
            "90",
            "101"
        ]
    },
    "steps": {
        "0": 2571,
        "1": 2446,
        "140": 1873,
        "17": 2252,
        "19": 2251,
        "2": 2417,
        "20": 2178,
        "22": 2168,
        "24": 2057,
        "26": 2013,
        "282": 1856,
        "32": 1955,
        "34": 1900,
        "4": 2299,
        "43": 1896,
        "5": 2295,
        "51": 1888,
        "515": 1809,
        "516": 1802,
        "52": 1881,
        "531": 1801,
        "696": 1794,
        "8": 2291,
        "895": 1775,
        "9": 2279,
        "968": 1748,
        "969": 1740,
        "983": 1739
    },
    "timeout": 1010
}