{
    "config": {
        "allow_infeasible": true,
        "bvns_max_k": 7,
        "bvns_min_k": 1,
        "construction": "random",
        "local_search": "CVND",
        "metaheuristic": "BVNS",
        "num_threads": 8,
        "operators": [
            "insert_1",
            "remove_1",
            "twoOpt",
            "centExchange_1",
            "centExchange_3",
            "centExchange_4",
            "relocate_1",
            "relocate_4",
            "revRelocate_2",
            "revRelocate_3",
            "revRelocate_5",
            "moveAll_1",
            "moveAll_2",
            "moveAll_3",
            "moveAll_10"
        ],
        "perturbation": [
            "reinsert"
        ],
        "stop_on_feasible": false,
        "timeout": 220
    },
    "histogram": {
        "all": {
            "centExchange_1": 302724,
            "centExchange_3": 302674,
            "centExchange_4": 302672,
            "insert_1": 312995,
            "moveAll_1": 248308,
            "moveAll_10": 215823,
            "moveAll_2": 244324,
            "moveAll_3": 239248,
            "relocate_1": 282702,
            "relocate_4": 274940,
            "remove_1": 312995,
            "revRelocate_2": 260483,
            "revRelocate_3": 254248,
            "revRelocate_5": 251708,
            "twoOpt": 303850
        },
        "improving": {
            "centExchange_1": 93598,
            "centExchange_3": 35172,
            "centExchange_4": 12819,
            "insert_1": 0,
            "moveAll_1": 63228,
            "moveAll_10": 127063,
            "moveAll_2": 59265,
            "moveAll_3": 55609,
            "relocate_1": 180427,
            "relocate_4": 122858,
            "remove_1": 0,
            "revRelocate_2": 144596,
            "revRelocate_3": 92504,
            "revRelocate_5": 24670,
            "twoOpt": 148110
        },
        "rate": {
            "centExchange_1": 0.3091859221458435,
            "centExchange_3": 0.11620423197746277,
            "centExchange_4": 0.04235277697443962,
            "insert_1": 0.0,
            "moveAll_1": 0.25463536381721497,
            "moveAll_10": 0.5887370705604553,
            "moveAll_2": 0.242567241191864,
            "moveAll_3": 0.23243245482444763,
            "relocate_1": 0.6382232904434204,
            "relocate_4": 0.4468538463115692,
            "remove_1": 0.0,
            "revRelocate_2": 0.5551072359085083,
            "revRelocate_3": 0.3638337254524231,
            "revRelocate_5": 0.09801039099693298,
            "twoOpt": 0.4874444603919983
        }
    },
    "last_improvement": 0,
    "name": "ulysses22.tsp-22-3.80-0",
    "solution": {
        "fitness": 141,
        "is_feasible": true,
        "permutation": [
            12,
            11,
            21,
            16,
            17,
            2,
            8,
            4,
            14,
            13,
            18,
            19,
            5,
            9,
            7,
            0,
            1,
            20,
            10,
            6,
            3,
            15
        ],
        "permutation_orig_ids": [
            "13",
            "12",
            "22",
            "17",
            "18",
            "3",
            "9",
            "5",
            "15",
            "14",
            "19",
            "20",
            "6",
            "10",
            "8",
            "1",
            "2",
            "21",
            "11",
            "7",
            "4",
            "16"
        ]
    },
    "steps": {
        "0": 141
    },
    "timeout": 220
}