{
    "config": {
        "allow_infeasible": true,
        "bvns_max_k": 7,
        "bvns_min_k": 1,
        "construction": "random",
        "local_search": "CVND",
        "metaheuristic": "BVNS",
        "num_threads": 8,
        "operators": [
            "insert_1",
            "remove_1",
            "twoOpt",
            "centExchange_1",
            "centExchange_3",
            "centExchange_4",
            "relocate_1",
            "relocate_4",
            "revRelocate_2",
            "revRelocate_3",
            "revRelocate_5",
            "moveAll_1",
            "moveAll_2",
            "moveAll_3",
            "moveAll_10"
        ],
        "perturbation": [
            "reinsert"
        ],
        "stop_on_feasible": false,
        "timeout": 520
    },
    "histogram": {
        "all": {
            "centExchange_1": 32135,
            "centExchange_3": 32111,
            "centExchange_4": 32108,
            "insert_1": 32859,
            "moveAll_1": 26925,
            "moveAll_10": 25940,
            "moveAll_2": 26765,
            "moveAll_3": 26657,
            "relocate_1": 29307,
            "relocate_4": 29088,
            "remove_1": 32859,
            "revRelocate_2": 28061,
            "revRelocate_3": 27461,
            "revRelocate_5": 27136,
            "twoOpt": 32187
        },
        "improving": {
            "centExchange_1": 9330,
            "centExchange_3": 5869,
            "centExchange_4": 3382,
            "insert_1": 0,
            "moveAll_1": 9106,
            "moveAll_10": 13560,
            "moveAll_2": 7253,
            "moveAll_3": 6314,
            "relocate_1": 23442,
            "relocate_4": 12964,
            "remove_1": 0,
            "revRelocate_2": 18400,
            "revRelocate_3": 14521,
            "revRelocate_5": 9712,
            "twoOpt": 18164
        },
        "rate": {
            "centExchange_1": 0.2903376519680023,
            "centExchange_3": 0.18277226388454437,
            "centExchange_4": 0.10533200204372406,
            "insert_1": 0.0,
            "moveAll_1": 0.3381986916065216,
            "moveAll_10": 0.5227447748184204,
            "moveAll_2": 0.27098822593688965,
            "moveAll_3": 0.23686085641384125,
            "relocate_1": 0.7998771667480469,
            "relocate_4": 0.4456820785999298,
            "remove_1": 0.0,
            "revRelocate_2": 0.6557143330574036,
            "revRelocate_3": 0.528786301612854,
            "revRelocate_5": 0.3579009473323822,
            "twoOpt": 0.5643272399902344
        }
    },
    "last_improvement": 36,
    "name": "berlin52-52-8.30-0",
    "solution": {
        "fitness": 18375,
        "is_feasible": true,
        "permutation": [
            19,
            28,
            15,
            21,
            17,
            16,
            40,
            7,
            32,
            10,
            3,
            4,
            36,
            37,
            35,
            44,
            31,
            49,
            41,
            6,
            1,
            30,
            34,
            38,
            39,
            43,
            45,
            47,
            26,
            13,
            46,
            51,
            12,
            11,
            29,
            42,
            33,
            20,
            22,
            8,
            0,
            27,
            25,
            24,
            48,
            2,
            18,
            5,
            9,
            23,
            50,
            14
        ],
        "permutation_orig_ids": [
            "20",
            "29",
            "16",
            "22",
            "18",
            "17",
            "41",
            "8",
            "33",
            "11",
            "4",
            "5",
            "37",
            "38",
            "36",
            "45",
            "32",
            "50",
            "42",
            "7",
            "2",
            "31",
            "35",
            "39",
            "40",
            "44",
            "46",
            "48",
            "27",
            "14",
            "47",
            "52",
            "13",
            "12",
            "30",
            "43",
            "34",
            "21",
            "23",
            "9",
            "1",
            "28",
            "26",
            "25",
            "49",
            "3",
            "19",
            "6",
            "10",
            "24",
            "51",
            "15"
        ]
    },
    "steps": {
        "0": 24223,
        "14": 19357,
        "2": 21790,
        "28": 19054,
        "3": 19521,
        "36": 18375,
        "8": 19369
    },
    "timeout": 520
}