{
    "config": {
        "allow_infeasible": true,
        "bvns_max_k": 7,
        "bvns_min_k": 1,
        "construction": "random",
        "local_search": "CVND",
        "metaheuristic": "BVNS",
        "num_threads": 8,
        "operators": [
            "insert_1",
            "remove_1",
            "twoOpt",
            "centExchange_1",
            "centExchange_3",
            "centExchange_4",
            "relocate_1",
            "relocate_4",
            "revRelocate_2",
            "revRelocate_3",
            "revRelocate_5",
            "moveAll_1",
            "moveAll_2",
            "moveAll_3",
            "moveAll_10"
        ],
        "perturbation": [
            "reinsert"
        ],
        "stop_on_feasible": false,
        "timeout": 140
    },
    "histogram": {
        "all": {
            "centExchange_1": 704715,
            "centExchange_3": 704709,
            "centExchange_4": 704709,
            "insert_1": 729775,
            "moveAll_1": 580519,
            "moveAll_10": 438710,
            "moveAll_2": 562027,
            "moveAll_3": 529490,
            "relocate_1": 661788,
            "relocate_4": 653404,
            "remove_1": 729775,
            "revRelocate_2": 617758,
            "revRelocate_3": 607984,
            "revRelocate_5": 607695,
            "twoOpt": 706257
        },
        "improving": {
            "centExchange_1": 223159,
            "centExchange_3": 36568,
            "centExchange_4": 6894,
            "insert_1": 0,
            "moveAll_1": 127418,
            "moveAll_10": 222515,
            "moveAll_2": 116100,
            "moveAll_3": 125856,
            "relocate_1": 384127,
            "relocate_4": 219812,
            "remove_1": 0,
            "revRelocate_2": 293047,
            "revRelocate_3": 101629,
            "revRelocate_5": 9504,
            "twoOpt": 356910
        },
        "rate": {
            "centExchange_1": 0.3166655898094177,
            "centExchange_3": 0.05189092084765434,
            "centExchange_4": 0.009782761335372925,
            "insert_1": 0.0,
            "moveAll_1": 0.21948979794979095,
            "moveAll_10": 0.5072029232978821,
            "moveAll_2": 0.2065737098455429,
            "moveAll_3": 0.23769287765026093,
            "relocate_1": 0.5804381370544434,
            "relocate_4": 0.3364105522632599,
            "remove_1": 0.0,
            "revRelocate_2": 0.47437185049057007,
            "revRelocate_3": 0.1671573519706726,
            "revRelocate_5": 0.015639424324035645,
            "twoOpt": 0.5053542852401733
        }
    },
    "last_improvement": 0,
    "name": "burma14-14-2.20-0",
    "solution": {
        "fitness": 53,
        "is_feasible": true,
        "permutation": [
            1,
            7,
            10,
            2,
            13,
            6,
            5,
            3,
            11,
            12,
            0,
            9,
            4,
            8
        ],
        "permutation_orig_ids": [
            "2",
            "8",
            "11",
            "3",
            "14",
            "7",
            "6",
            "4",
            "12",
            "13",
            "1",
            "10",
            "5",
            "9"
        ]
    },
    "steps": {
        "0": 53
    },
    "timeout": 140
}