{
    "config": {
        "allow_infeasible": true,
        "bvns_max_k": 7,
        "bvns_min_k": 1,
        "construction": "random",
        "local_search": "CVND",
        "metaheuristic": "BVNS",
        "num_threads": 8,
        "operators": [
            "insert_1",
            "remove_1",
            "twoOpt",
            "centExchange_1",
            "centExchange_3",
            "centExchange_4",
            "relocate_1",
            "relocate_4",
            "revRelocate_2",
            "revRelocate_3",
            "revRelocate_5",
            "moveAll_1",
            "moveAll_2",
            "moveAll_3",
            "moveAll_10"
        ],
        "perturbation": [
            "reinsert"
        ],
        "stop_on_feasible": false,
        "timeout": 1010
    },
    "histogram": {
        "all": {
            "centExchange_1": 5030,
            "centExchange_3": 5030,
            "centExchange_4": 5030,
            "insert_1": 5111,
            "moveAll_1": 4243,
            "moveAll_10": 4183,
            "moveAll_2": 4229,
            "moveAll_3": 4220,
            "relocate_1": 4591,
            "relocate_4": 4565,
            "remove_1": 5111,
            "revRelocate_2": 4398,
            "revRelocate_3": 4313,
            "revRelocate_5": 4271,
            "twoOpt": 5035
        },
        "improving": {
            "centExchange_1": 1462,
            "centExchange_3": 898,
            "centExchange_4": 640,
            "insert_1": 0,
            "moveAll_1": 1463,
            "moveAll_10": 1796,
            "moveAll_2": 1073,
            "moveAll_3": 994,
            "relocate_1": 3860,
            "relocate_4": 2191,
            "remove_1": 0,
            "revRelocate_2": 3068,
            "revRelocate_3": 2533,
            "revRelocate_5": 1794,
            "twoOpt": 2952
        },
        "rate": {
            "centExchange_1": 0.29065605998039246,
            "centExchange_3": 0.17852883040905,
            "centExchange_4": 0.12723657488822937,
            "insert_1": 0.0,
            "moveAll_1": 0.34480321407318115,
            "moveAll_10": 0.4293569326400757,
            "moveAll_2": 0.25372427701950073,
            "moveAll_3": 0.23554502427577972,
            "relocate_1": 0.8407754302024841,
            "relocate_4": 0.47995617985725403,
            "remove_1": 0.0,
            "revRelocate_2": 0.6975898146629333,
            "revRelocate_3": 0.5872942209243774,
            "revRelocate_5": 0.42004215717315674,
            "twoOpt": 0.5862959027290344
        }
    },
    "last_improvement": 936,
    "name": "eil101-101-18.00-0",
    "solution": {
        "fitness": 1647,
        "is_feasible": true,
        "permutation": [
            41,
            42,
            37,
            60,
            92,
            98,
            58,
            91,
            86,
            57,
            27,
            68,
            30,
            69,
            19,
            65,
            34,
            70,
            64,
            8,
            77,
            78,
            76,
            32,
            33,
            28,
            53,
            25,
            3,
            24,
            54,
            38,
            66,
            22,
            55,
            20,
            40,
            14,
            56,
            52,
            51,
            88,
            100,
            7,
            35,
            47,
            6,
            48,
            46,
            61,
            2,
            89,
            29,
            0,
            17,
            26,
            84,
            5,
            90,
            82,
            4,
            87,
            62,
            9,
            80,
            67,
            79,
            11,
            39,
            1,
            73,
            71,
            72,
            59,
            96,
            99,
            23,
            75,
            21,
            12,
            94,
            95,
            15,
            97,
            63,
            74,
            93,
            31,
            81,
            10,
            45,
            43,
            50,
            49,
            18,
            85,
            36,
            44,
            83,
            16,
            13
        ],
        "permutation_orig_ids": [
            "42",
            "43",
            "38",
            "61",
            "93",
            "99",
            "59",
            "92",
            "87",
            "58",
            "28",
            "69",
            "31",
            "70",
            "20",
            "66",
            "35",
            "71",
            "65",
            "9",
            "78",
            "79",
            "77",
            "33",
            "34",
            "29",
            "54",
            "26",
            "4",
            "25",
            "55",
            "39",
            "67",
            "23",
            "56",
            "21",
            "41",
            "15",
            "57",
            "53",
            "52",
            "89",
            "101",
            "8",
            "36",
            "48",
            "7",
            "49",
            "47",
            "62",
            "3",
            "90",
            "30",
            "1",
            "18",
            "27",
            "85",
            "6",
            "91",
            "83",
            "5",
            "88",
            "63",
            "10",
            "81",
            "68",
            "80",
            "12",
            "40",
            "2",
            "74",
            "72",
            "73",
            "60",
            "97",
            "100",
            "24",
            "76",
            "22",
            "13",
            "95",
            "96",
            "16",
            "98",
            "64",
            "75",
            "94",
            "32",
            "82",
            "11",
            "46",
            "44",
            "51",
            "50",
            "19",
            "86",
            "37",
            "45",
            "84",
            "17",
            "14"
        ]
    },
    "steps": {
        "0": 2571,
        "1": 2446,
        "103": 2021,
        "104": 1918,
        "105": 1915,
        "123": 1909,
        "125": 1855,
        "126": 1847,
        "127": 1842,
        "130": 1825,
        "165": 1810,
        "167": 1803,
        "168": 1801,
        "199": 1766,
        "200": 1761,
        "201": 1754,
        "256": 1752,
        "267": 1731,
        "311": 1677,
        "336": 1664,
        "47": 2062,
        "48": 2061,
        "6": 2140,
        "65": 2045,
        "7": 2070,
        "883": 1653,
        "884": 1650,
        "936": 1647
    },
    "timeout": 1010
}