{
    "config": {
        "allow_infeasible": true,
        "bvns_max_k": 7,
        "bvns_min_k": 1,
        "construction": "random",
        "local_search": "CVND",
        "metaheuristic": "BVNS",
        "num_threads": 8,
        "operators": [
            "insert_1",
            "remove_1",
            "twoOpt",
            "centExchange_1",
            "centExchange_3",
            "centExchange_4",
            "relocate_1",
            "relocate_4",
            "revRelocate_2",
            "revRelocate_3",
            "revRelocate_5",
            "moveAll_1",
            "moveAll_2",
            "moveAll_3",
            "moveAll_10"
        ],
        "perturbation": [
            "reinsert"
        ],
        "stop_on_feasible": false,
        "timeout": 220
    },
    "histogram": {
        "all": {
            "centExchange_1": 300990,
            "centExchange_3": 300944,
            "centExchange_4": 300943,
            "insert_1": 311185,
            "moveAll_1": 246845,
            "moveAll_10": 214629,
            "moveAll_2": 242856,
            "moveAll_3": 237698,
            "relocate_1": 280910,
            "relocate_4": 273303,
            "remove_1": 311185,
            "revRelocate_2": 258671,
            "revRelocate_3": 252718,
            "revRelocate_5": 250183,
            "twoOpt": 302119
        },
        "improving": {
            "centExchange_1": 92936,
            "centExchange_3": 35074,
            "centExchange_4": 12801,
            "insert_1": 0,
            "moveAll_1": 62977,
            "moveAll_10": 125931,
            "moveAll_2": 58968,
            "moveAll_3": 55114,
            "relocate_1": 179670,
            "relocate_4": 121720,
            "remove_1": 0,
            "revRelocate_2": 144163,
            "revRelocate_3": 91701,
            "revRelocate_5": 24372,
            "twoOpt": 147021
        },
        "rate": {
            "centExchange_1": 0.30876773595809937,
            "centExchange_3": 0.11654660105705261,
            "centExchange_4": 0.04253629595041275,
            "insert_1": 0.0,
            "moveAll_1": 0.2551276981830597,
            "moveAll_10": 0.5867380499839783,
            "moveAll_2": 0.24281054735183716,
            "moveAll_3": 0.23186564445495605,
            "relocate_1": 0.6395998597145081,
            "relocate_4": 0.4453665018081665,
            "remove_1": 0.0,
            "revRelocate_2": 0.5573218464851379,
            "revRelocate_3": 0.36285901069641113,
            "revRelocate_5": 0.09741669148206711,
            "twoOpt": 0.486632764339447
        }
    },
    "last_improvement": 0,
    "name": "ulysses22.tsp-22-3.80-0",
    "solution": {
        "fitness": 141,
        "is_feasible": true,
        "permutation": [
            12,
            11,
            21,
            16,
            17,
            2,
            8,
            4,
            14,
            13,
            18,
            19,
            5,
            9,
            7,
            0,
            1,
            20,
            10,
            6,
            3,
            15
        ],
        "permutation_orig_ids": [
            "13",
            "12",
            "22",
            "17",
            "18",
            "3",
            "9",
            "5",
            "15",
            "14",
            "19",
            "20",
            "6",
            "10",
            "8",
            "1",
            "2",
            "21",
            "11",
            "7",
            "4",
            "16"
        ]
    },
    "steps": {
        "0": 141
    },
    "timeout": 220
}