{
    "config": {
        "allow_infeasible": true,
        "bvns_max_k": 7,
        "bvns_min_k": 1,
        "construction": "random",
        "local_search": "CVND",
        "metaheuristic": "BVNS",
        "num_threads": 8,
        "operators": [
            "insert_1",
            "remove_1",
            "twoOpt",
            "centExchange_1",
            "centExchange_3",
            "centExchange_4",
            "relocate_1",
            "relocate_4",
            "revRelocate_2",
            "revRelocate_3",
            "revRelocate_5",
            "moveAll_1",
            "moveAll_2",
            "moveAll_3",
            "moveAll_10"
        ],
        "perturbation": [
            "reinsert"
        ],
        "stop_on_feasible": false,
        "timeout": 520
    },
    "histogram": {
        "all": {
            "centExchange_1": 31791,
            "centExchange_3": 31765,
            "centExchange_4": 31764,
            "insert_1": 32485,
            "moveAll_1": 26587,
            "moveAll_10": 25645,
            "moveAll_2": 26447,
            "moveAll_3": 26302,
            "relocate_1": 29234,
            "relocate_4": 28912,
            "remove_1": 32485,
            "revRelocate_2": 27722,
            "revRelocate_3": 27151,
            "revRelocate_5": 26857,
            "twoOpt": 31844
        },
        "improving": {
            "centExchange_1": 9727,
            "centExchange_3": 6441,
            "centExchange_4": 3529,
            "insert_1": 0,
            "moveAll_1": 9338,
            "moveAll_10": 13196,
            "moveAll_2": 6954,
            "moveAll_3": 6797,
            "relocate_1": 23029,
            "relocate_4": 13295,
            "remove_1": 0,
            "revRelocate_2": 18689,
            "revRelocate_3": 14430,
            "revRelocate_5": 9691,
            "twoOpt": 18551
        },
        "rate": {
            "centExchange_1": 0.3059670925140381,
            "centExchange_3": 0.20277033746242523,
            "centExchange_4": 0.11110061407089233,
            "insert_1": 0.0,
            "moveAll_1": 0.35122427344322205,
            "moveAll_10": 0.5145642161369324,
            "moveAll_2": 0.2629409730434418,
            "moveAll_3": 0.2584214210510254,
            "relocate_1": 0.7877471446990967,
            "relocate_4": 0.4598436653614044,
            "remove_1": 0.0,
            "revRelocate_2": 0.6741576790809631,
            "revRelocate_3": 0.5314721465110779,
            "revRelocate_5": 0.36083701252937317,
            "twoOpt": 0.5825587511062622
        }
    },
    "last_improvement": 353,
    "name": "berlin52-52-8.30-0",
    "solution": {
        "fitness": 19697,
        "is_feasible": true,
        "permutation": [
            36,
            23,
            4,
            3,
            45,
            43,
            35,
            21,
            30,
            22,
            28,
            49,
            19,
            6,
            1,
            16,
            17,
            31,
            44,
            7,
            39,
            38,
            34,
            37,
            9,
            40,
            18,
            5,
            32,
            47,
            26,
            13,
            15,
            46,
            51,
            12,
            11,
            29,
            41,
            10,
            0,
            8,
            20,
            33,
            42,
            27,
            25,
            24,
            48,
            2,
            14,
            50
        ],
        "permutation_orig_ids": [
            "37",
            "24",
            "5",
            "4",
            "46",
            "44",
            "36",
            "22",
            "31",
            "23",
            "29",
            "50",
            "20",
            "7",
            "2",
            "17",
            "18",
            "32",
            "45",
            "8",
            "40",
            "39",
            "35",
            "38",
            "10",
            "41",
            "19",
            "6",
            "33",
            "48",
            "27",
            "14",
            "16",
            "47",
            "52",
            "13",
            "12",
            "30",
            "42",
            "11",
            "1",
            "9",
            "21",
            "34",
            "43",
            "28",
            "26",
            "25",
            "49",
            "3",
            "15",
            "51"
        ]
    },
    "steps": {
        "0": 22455,
        "1": 22098,
        "11": 20882,
        "133": 19821,
        "14": 20487,
        "15": 20346,
        "16": 20120,
        "18": 20074,
        "3": 21144,
        "30": 20025,
        "31": 19843,
        "353": 19697,
        "6": 21129
    },
    "timeout": 520
}