{
    "config": {
        "allow_infeasible": true,
        "bvns_max_k": 7,
        "bvns_min_k": 1,
        "construction": "random",
        "local_search": "CVND",
        "metaheuristic": "BVNS",
        "num_threads": 8,
        "operators": [
            "insert_1",
            "remove_1",
            "twoOpt",
            "centExchange_1",
            "centExchange_3",
            "centExchange_4",
            "relocate_1",
            "relocate_4",
            "revRelocate_2",
            "revRelocate_3",
            "revRelocate_5",
            "moveAll_1",
            "moveAll_2",
            "moveAll_3",
            "moveAll_10"
        ],
        "perturbation": [
            "reinsert"
        ],
        "stop_on_feasible": false,
        "timeout": 140
    },
    "histogram": {
        "all": {
            "centExchange_1": 720881,
            "centExchange_3": 720879,
            "centExchange_4": 720879,
            "insert_1": 746710,
            "moveAll_1": 594494,
            "moveAll_10": 448850,
            "moveAll_2": 575298,
            "moveAll_3": 541732,
            "relocate_1": 677296,
            "relocate_4": 668770,
            "remove_1": 746710,
            "revRelocate_2": 632614,
            "revRelocate_3": 622706,
            "revRelocate_5": 622421,
            "twoOpt": 722430
        },
        "improving": {
            "centExchange_1": 228195,
            "centExchange_3": 36834,
            "centExchange_4": 6936,
            "insert_1": 0,
            "moveAll_1": 130533,
            "moveAll_10": 227870,
            "moveAll_2": 119149,
            "moveAll_3": 128625,
            "relocate_1": 392952,
            "relocate_4": 224103,
            "remove_1": 0,
            "revRelocate_2": 299533,
            "revRelocate_3": 104157,
            "revRelocate_5": 9711,
            "twoOpt": 365300
        },
        "rate": {
            "centExchange_1": 0.3165501654148102,
            "centExchange_3": 0.051095955073833466,
            "centExchange_4": 0.00962158665060997,
            "insert_1": 0.0,
            "moveAll_1": 0.21956992149353027,
            "moveAll_10": 0.5076751708984375,
            "moveAll_2": 0.20710831880569458,
            "moveAll_3": 0.23743289709091187,
            "relocate_1": 0.5801776647567749,
            "relocate_4": 0.3350972533226013,
            "remove_1": 0.0,
            "revRelocate_2": 0.4734846353530884,
            "revRelocate_3": 0.1672651320695877,
            "revRelocate_5": 0.015601979568600655,
            "twoOpt": 0.505654513835907
        }
    },
    "last_improvement": 0,
    "name": "burma14-14-2.20-0",
    "solution": {
        "fitness": 53,
        "is_feasible": true,
        "permutation": [
            1,
            7,
            10,
            2,
            13,
            6,
            5,
            3,
            11,
            12,
            0,
            9,
            4,
            8
        ],
        "permutation_orig_ids": [
            "2",
            "8",
            "11",
            "3",
            "14",
            "7",
            "6",
            "4",
            "12",
            "13",
            "1",
            "10",
            "5",
            "9"
        ]
    },
    "steps": {
        "0": 53
    },
    "timeout": 140
}