{
    "config": {
        "allow_infeasible": true,
        "bvns_max_k": 7,
        "bvns_min_k": 1,
        "construction": "random",
        "local_search": "CVND",
        "metaheuristic": "BVNS",
        "num_threads": 8,
        "operators": [
            "insert_1",
            "remove_1",
            "twoOpt",
            "centExchange_1",
            "centExchange_3",
            "centExchange_4",
            "relocate_1",
            "relocate_4",
            "revRelocate_2",
            "revRelocate_3",
            "revRelocate_5",
            "moveAll_1",
            "moveAll_2",
            "moveAll_3",
            "moveAll_10"
        ],
        "perturbation": [
            "reinsert"
        ],
        "stop_on_feasible": false,
        "timeout": 1010
    },
    "histogram": {
        "all": {
            "centExchange_1": 5071,
            "centExchange_3": 5068,
            "centExchange_4": 5065,
            "insert_1": 5158,
            "moveAll_1": 4248,
            "moveAll_10": 4195,
            "moveAll_2": 4241,
            "moveAll_3": 4233,
            "relocate_1": 4581,
            "relocate_4": 4555,
            "remove_1": 5158,
            "revRelocate_2": 4388,
            "revRelocate_3": 4315,
            "revRelocate_5": 4276,
            "twoOpt": 5077
        },
        "improving": {
            "centExchange_1": 1436,
            "centExchange_3": 968,
            "centExchange_4": 740,
            "insert_1": 0,
            "moveAll_1": 1417,
            "moveAll_10": 1784,
            "moveAll_2": 1037,
            "moveAll_3": 961,
            "relocate_1": 3883,
            "relocate_4": 2071,
            "remove_1": 0,
            "revRelocate_2": 3067,
            "revRelocate_3": 2408,
            "revRelocate_5": 1813,
            "twoOpt": 2998
        },
        "rate": {
            "centExchange_1": 0.2831788659095764,
            "centExchange_3": 0.19100236892700195,
            "centExchange_4": 0.14610068500041962,
            "insert_1": 0.0,
            "moveAll_1": 0.3335687518119812,
            "moveAll_10": 0.42526817321777344,
            "moveAll_2": 0.24451780319213867,
            "moveAll_3": 0.22702574729919434,
            "relocate_1": 0.8476315140724182,
            "relocate_4": 0.4546652138233185,
            "remove_1": 0.0,
            "revRelocate_2": 0.6989516615867615,
            "revRelocate_3": 0.5580533146858215,
            "revRelocate_5": 0.42399439215660095,
            "twoOpt": 0.5905061960220337
        }
    },
    "last_improvement": 944,
    "name": "eil101-101-18.00-0",
    "solution": {
        "fitness": 1637,
        "is_feasible": true,
        "permutation": [
            39,
            20,
            40,
            74,
            3,
            38,
            66,
            24,
            54,
            53,
            79,
            77,
            34,
            64,
            70,
            19,
            65,
            63,
            48,
            46,
            47,
            10,
            62,
            9,
            87,
            30,
            69,
            29,
            0,
            27,
            25,
            11,
            75,
            78,
            67,
            28,
            33,
            80,
            76,
            32,
            68,
            88,
            58,
            36,
            95,
            91,
            90,
            86,
            4,
            82,
            52,
            57,
            60,
            13,
            37,
            14,
            41,
            42,
            73,
            71,
            72,
            1,
            97,
            15,
            83,
            16,
            44,
            59,
            96,
            99,
            92,
            81,
            51,
            61,
            35,
            7,
            6,
            23,
            17,
            98,
            94,
            12,
            56,
            26,
            84,
            5,
            22,
            21,
            8,
            31,
            93,
            55,
            45,
            43,
            50,
            49,
            18,
            85,
            2,
            89,
            100
        ],
        "permutation_orig_ids": [
            "40",
            "21",
            "41",
            "75",
            "4",
            "39",
            "67",
            "25",
            "55",
            "54",
            "80",
            "78",
            "35",
            "65",
            "71",
            "20",
            "66",
            "64",
            "49",
            "47",
            "48",
            "11",
            "63",
            "10",
            "88",
            "31",
            "70",
            "30",
            "1",
            "28",
            "26",
            "12",
            "76",
            "79",
            "68",
            "29",
            "34",
            "81",
            "77",
            "33",
            "69",
            "89",
            "59",
            "37",
            "96",
            "92",
            "91",
            "87",
            "5",
            "83",
            "53",
            "58",
            "61",
            "14",
            "38",
            "15",
            "42",
            "43",
            "74",
            "72",
            "73",
            "2",
            "98",
            "16",
            "84",
            "17",
            "45",
            "60",
            "97",
            "100",
            "93",
            "82",
            "52",
            "62",
            "36",
            "8",
            "7",
            "24",
            "18",
            "99",
            "95",
            "13",
            "57",
            "27",
            "85",
            "6",
            "23",
            "22",
            "9",
            "32",
            "94",
            "56",
            "46",
            "44",
            "51",
            "50",
            "19",
            "86",
            "3",
            "90",
            "101"
        ]
    },
    "steps": {
        "0": 2571,
        "1": 2446,
        "10": 2150,
        "16": 2127,
        "161": 1849,
        "17": 2116,
        "18": 2107,
        "19": 2102,
        "195": 1831,
        "2": 2402,
        "31": 2082,
        "32": 2024,
        "33": 2015,
        "35": 1986,
        "36": 1985,
        "362": 1827,
        "379": 1803,
        "380": 1791,
        "404": 1782,
        "430": 1757,
        "431": 1751,
        "47": 1980,
        "48": 1965,
        "544": 1734,
        "581": 1698,
        "6": 2288,
        "63": 1921,
        "64": 1917,
        "7": 2256,
        "8": 2191,
        "882": 1657,
        "9": 2164,
        "91": 1851,
        "937": 1644,
        "940": 1643,
        "944": 1637
    },
    "timeout": 1010
}