{
    "config": {
        "allow_infeasible": true,
        "bvns_max_k": 7,
        "bvns_min_k": 1,
        "construction": "random",
        "local_search": "CVND",
        "metaheuristic": "BVNS",
        "num_threads": 8,
        "operators": [
            "insert_1",
            "remove_1",
            "twoOpt",
            "centExchange_1",
            "centExchange_3",
            "centExchange_4",
            "relocate_1",
            "relocate_4",
            "revRelocate_2",
            "revRelocate_3",
            "revRelocate_5",
            "moveAll_1",
            "moveAll_2",
            "moveAll_3",
            "moveAll_10"
        ],
        "perturbation": [
            "reinsert"
        ],
        "stop_on_feasible": false,
        "timeout": 220
    },
    "histogram": {
        "all": {
            "centExchange_1": 303340,
            "centExchange_3": 303307,
            "centExchange_4": 303305,
            "insert_1": 313438,
            "moveAll_1": 248367,
            "moveAll_10": 216115,
            "moveAll_2": 244440,
            "moveAll_3": 239361,
            "relocate_1": 283271,
            "relocate_4": 275492,
            "remove_1": 313438,
            "revRelocate_2": 260629,
            "revRelocate_3": 254338,
            "revRelocate_5": 251775,
            "twoOpt": 304477
        },
        "improving": {
            "centExchange_1": 93710,
            "centExchange_3": 35124,
            "centExchange_4": 12707,
            "insert_1": 0,
            "moveAll_1": 63055,
            "moveAll_10": 126974,
            "moveAll_2": 58956,
            "moveAll_3": 55272,
            "relocate_1": 180963,
            "relocate_4": 122721,
            "remove_1": 0,
            "revRelocate_2": 144942,
            "revRelocate_3": 92659,
            "revRelocate_5": 24996,
            "twoOpt": 148322
        },
        "rate": {
            "centExchange_1": 0.3089272677898407,
            "centExchange_3": 0.11580345779657364,
            "centExchange_4": 0.041895121335983276,
            "insert_1": 0.0,
            "moveAll_1": 0.25387832522392273,
            "moveAll_10": 0.5875297784805298,
            "moveAll_2": 0.24118801951408386,
            "moveAll_3": 0.23091481626033783,
            "relocate_1": 0.6388334631919861,
            "relocate_4": 0.4454612135887146,
            "remove_1": 0.0,
            "revRelocate_2": 0.5561238527297974,
            "revRelocate_3": 0.36431440711021423,
            "revRelocate_5": 0.09927912056446075,
            "twoOpt": 0.48713696002960205
        }
    },
    "last_improvement": 0,
    "name": "ulysses22.tsp-22-3.80-0",
    "solution": {
        "fitness": 141,
        "is_feasible": true,
        "permutation": [
            12,
            11,
            21,
            16,
            17,
            2,
            8,
            4,
            14,
            13,
            18,
            19,
            5,
            9,
            7,
            0,
            1,
            20,
            10,
            6,
            3,
            15
        ],
        "permutation_orig_ids": [
            "13",
            "12",
            "22",
            "17",
            "18",
            "3",
            "9",
            "5",
            "15",
            "14",
            "19",
            "20",
            "6",
            "10",
            "8",
            "1",
            "2",
            "21",
            "11",
            "7",
            "4",
            "16"
        ]
    },
    "steps": {
        "0": 141
    },
    "timeout": 220
}