{
    "config": {
        "allow_infeasible": true,
        "bvns_max_k": 7,
        "bvns_min_k": 1,
        "construction": "random",
        "local_search": "CVND",
        "metaheuristic": "BVNS",
        "num_threads": 8,
        "operators": [
            "insert_1",
            "remove_1",
            "twoOpt",
            "centExchange_1",
            "centExchange_3",
            "centExchange_4",
            "relocate_1",
            "relocate_4",
            "revRelocate_2",
            "revRelocate_3",
            "revRelocate_5",
            "moveAll_1",
            "moveAll_2",
            "moveAll_3",
            "moveAll_10"
        ],
        "perturbation": [
            "reinsert"
        ],
        "stop_on_feasible": false,
        "timeout": 520
    },
    "histogram": {
        "all": {
            "centExchange_1": 31797,
            "centExchange_3": 31787,
            "centExchange_4": 31780,
            "insert_1": 32360,
            "moveAll_1": 26358,
            "moveAll_10": 25276,
            "moveAll_2": 26235,
            "moveAll_3": 26090,
            "relocate_1": 28787,
            "relocate_4": 28549,
            "remove_1": 32360,
            "revRelocate_2": 27451,
            "revRelocate_3": 26928,
            "revRelocate_5": 26637,
            "twoOpt": 31842
        },
        "improving": {
            "centExchange_1": 9400,
            "centExchange_3": 5518,
            "centExchange_4": 2746,
            "insert_1": 0,
            "moveAll_1": 9230,
            "moveAll_10": 13576,
            "moveAll_2": 6910,
            "moveAll_3": 6448,
            "relocate_1": 23155,
            "relocate_4": 12624,
            "remove_1": 0,
            "revRelocate_2": 17767,
            "revRelocate_3": 13779,
            "revRelocate_5": 8895,
            "twoOpt": 17688
        },
        "rate": {
            "centExchange_1": 0.29562535881996155,
            "centExchange_3": 0.17359298467636108,
            "centExchange_4": 0.08640654385089874,
            "insert_1": 0.0,
            "moveAll_1": 0.3501783013343811,
            "moveAll_10": 0.5371103286743164,
            "moveAll_2": 0.26338860392570496,
            "moveAll_3": 0.24714450538158417,
            "relocate_1": 0.8043561577796936,
            "relocate_4": 0.4421871304512024,
            "remove_1": 0.0,
            "revRelocate_2": 0.6472259759902954,
            "revRelocate_3": 0.5116978883743286,
            "revRelocate_5": 0.3339340090751648,
            "twoOpt": 0.5554927587509155
        }
    },
    "last_improvement": 80,
    "name": "berlin52-52-8.30-0",
    "solution": {
        "fitness": 18844,
        "is_feasible": true,
        "permutation": [
            28,
            13,
            10,
            32,
            7,
            18,
            40,
            44,
            21,
            35,
            45,
            3,
            4,
            47,
            37,
            36,
            41,
            6,
            1,
            30,
            19,
            17,
            16,
            31,
            34,
            38,
            39,
            43,
            49,
            15,
            46,
            26,
            51,
            12,
            11,
            29,
            42,
            33,
            20,
            22,
            8,
            0,
            27,
            25,
            5,
            9,
            23,
            50,
            14,
            2,
            48,
            24
        ],
        "permutation_orig_ids": [
            "29",
            "14",
            "11",
            "33",
            "8",
            "19",
            "41",
            "45",
            "22",
            "36",
            "46",
            "4",
            "5",
            "48",
            "38",
            "37",
            "42",
            "7",
            "2",
            "31",
            "20",
            "18",
            "17",
            "32",
            "35",
            "39",
            "40",
            "44",
            "50",
            "16",
            "47",
            "27",
            "52",
            "13",
            "12",
            "30",
            "43",
            "34",
            "21",
            "23",
            "9",
            "1",
            "28",
            "26",
            "6",
            "10",
            "24",
            "51",
            "15",
            "3",
            "49",
            "25"
        ]
    },
    "steps": {
        "0": 23809,
        "1": 22662,
        "13": 21676,
        "22": 20270,
        "26": 19592,
        "3": 22077,
        "30": 19218,
        "33": 19123,
        "5": 22010,
        "58": 19045,
        "6": 21751,
        "7": 21679,
        "75": 18982,
        "80": 18844
    },
    "timeout": 520
}