{
    "config": {
        "allow_infeasible": true,
        "bvns_max_k": 7,
        "bvns_min_k": 1,
        "construction": "random",
        "local_search": "CVND",
        "metaheuristic": "BVNS",
        "num_threads": 8,
        "operators": [
            "insert_1",
            "remove_1",
            "twoOpt",
            "centExchange_1",
            "centExchange_3",
            "centExchange_4",
            "relocate_1",
            "relocate_4",
            "revRelocate_2",
            "revRelocate_3",
            "revRelocate_5",
            "moveAll_1",
            "moveAll_2",
            "moveAll_3",
            "moveAll_10"
        ],
        "perturbation": [
            "reinsert"
        ],
        "stop_on_feasible": false,
        "timeout": 140
    },
    "histogram": {
        "all": {
            "centExchange_1": 711313,
            "centExchange_3": 711310,
            "centExchange_4": 711310,
            "insert_1": 737148,
            "moveAll_1": 586307,
            "moveAll_10": 443305,
            "moveAll_2": 567567,
            "moveAll_3": 535090,
            "relocate_1": 668418,
            "relocate_4": 659844,
            "remove_1": 737148,
            "revRelocate_2": 624101,
            "revRelocate_3": 614510,
            "revRelocate_5": 614192,
            "twoOpt": 712858
        },
        "improving": {
            "centExchange_1": 225327,
            "centExchange_3": 36722,
            "centExchange_4": 6844,
            "insert_1": 0,
            "moveAll_1": 129056,
            "moveAll_10": 225284,
            "moveAll_2": 117589,
            "moveAll_3": 127045,
            "relocate_1": 387521,
            "relocate_4": 221553,
            "remove_1": 0,
            "revRelocate_2": 296138,
            "revRelocate_3": 102605,
            "revRelocate_5": 9661,
            "twoOpt": 360580
        },
        "rate": {
            "centExchange_1": 0.3167761564254761,
            "centExchange_3": 0.051625873893499374,
            "centExchange_4": 0.00962168350815773,
            "insert_1": 0.0,
            "moveAll_1": 0.2201167643070221,
            "moveAll_10": 0.5081918835639954,
            "moveAll_2": 0.20718082785606384,
            "moveAll_3": 0.23742735385894775,
            "relocate_1": 0.5797584652900696,
            "relocate_4": 0.3357657194137573,
            "remove_1": 0.0,
            "revRelocate_2": 0.4745033383369446,
            "revRelocate_3": 0.16697043180465698,
            "revRelocate_5": 0.01572960987687111,
            "twoOpt": 0.505823016166687
        }
    },
    "last_improvement": 0,
    "name": "burma14-14-2.20-0",
    "solution": {
        "fitness": 53,
        "is_feasible": true,
        "permutation": [
            1,
            7,
            10,
            2,
            13,
            6,
            5,
            3,
            11,
            12,
            0,
            9,
            4,
            8
        ],
        "permutation_orig_ids": [
            "2",
            "8",
            "11",
            "3",
            "14",
            "7",
            "6",
            "4",
            "12",
            "13",
            "1",
            "10",
            "5",
            "9"
        ]
    },
    "steps": {
        "0": 53
    },
    "timeout": 140
}