{
    "config": {
        "allow_infeasible": true,
        "bvns_max_k": 7,
        "bvns_min_k": 1,
        "construction": "random",
        "local_search": "CVND",
        "metaheuristic": "BVNS",
        "num_threads": 8,
        "operators": [
            "insert_1",
            "remove_1",
            "twoOpt",
            "centExchange_1",
            "centExchange_3",
            "centExchange_4",
            "relocate_1",
            "relocate_4",
            "revRelocate_2",
            "revRelocate_3",
            "revRelocate_5",
            "moveAll_1",
            "moveAll_2",
            "moveAll_3",
            "moveAll_10"
        ],
        "perturbation": [
            "reinsert"
        ],
        "stop_on_feasible": false,
        "timeout": 1010
    },
    "histogram": {
        "all": {
            "centExchange_1": 5026,
            "centExchange_3": 5026,
            "centExchange_4": 5026,
            "insert_1": 5105,
            "moveAll_1": 4256,
            "moveAll_10": 4175,
            "moveAll_2": 4240,
            "moveAll_3": 4224,
            "relocate_1": 4598,
            "relocate_4": 4561,
            "remove_1": 5105,
            "revRelocate_2": 4405,
            "revRelocate_3": 4314,
            "revRelocate_5": 4277,
            "twoOpt": 5033
        },
        "improving": {
            "centExchange_1": 1463,
            "centExchange_3": 922,
            "centExchange_4": 658,
            "insert_1": 0,
            "moveAll_1": 1526,
            "moveAll_10": 1871,
            "moveAll_2": 1119,
            "moveAll_3": 1036,
            "relocate_1": 3878,
            "relocate_4": 2079,
            "remove_1": 0,
            "revRelocate_2": 3111,
            "revRelocate_3": 2469,
            "revRelocate_5": 1768,
            "twoOpt": 2971
        },
        "rate": {
            "centExchange_1": 0.291086345911026,
            "centExchange_3": 0.18344607949256897,
            "centExchange_4": 0.1309192180633545,
            "insert_1": 0.0,
            "moveAll_1": 0.35855263471603394,
            "moveAll_10": 0.44814372062683105,
            "moveAll_2": 0.263915091753006,
            "moveAll_3": 0.2452651560306549,
            "relocate_1": 0.8434101939201355,
            "relocate_4": 0.45582109689712524,
            "remove_1": 0.0,
            "revRelocate_2": 0.7062429189682007,
            "revRelocate_3": 0.57232266664505,
            "revRelocate_5": 0.4133738577365875,
            "twoOpt": 0.5903040170669556
        }
    },
    "last_improvement": 846,
    "name": "eil101-101-18.00-0",
    "solution": {
        "fitness": 1720,
        "is_feasible": true,
        "permutation": [
            39,
            57,
            52,
            27,
            68,
            30,
            48,
            35,
            46,
            10,
            51,
            93,
            91,
            58,
            98,
            60,
            36,
            92,
            97,
            90,
            43,
            37,
            13,
            42,
            14,
            40,
            74,
            66,
            24,
            54,
            53,
            20,
            3,
            25,
            11,
            75,
            32,
            64,
            70,
            19,
            65,
            63,
            9,
            31,
            29,
            69,
            0,
            78,
            34,
            77,
            67,
            28,
            33,
            80,
            76,
            88,
            95,
            94,
            12,
            82,
            4,
            86,
            79,
            1,
            56,
            73,
            71,
            72,
            41,
            15,
            81,
            16,
            83,
            44,
            47,
            6,
            7,
            59,
            96,
            99,
            23,
            17,
            61,
            62,
            26,
            84,
            5,
            22,
            21,
            8,
            87,
            55,
            45,
            38,
            50,
            49,
            18,
            85,
            2,
            89,
            100
        ],
        "permutation_orig_ids": [
            "40",
            "58",
            "53",
            "28",
            "69",
            "31",
            "49",
            "36",
            "47",
            "11",
            "52",
            "94",
            "92",
            "59",
            "99",
            "61",
            "37",
            "93",
            "98",
            "91",
            "44",
            "38",
            "14",
            "43",
            "15",
            "41",
            "75",
            "67",
            "25",
            "55",
            "54",
            "21",
            "4",
            "26",
            "12",
            "76",
            "33",
            "65",
            "71",
            "20",
            "66",
            "64",
            "10",
            "32",
            "30",
            "70",
            "1",
            "79",
            "35",
            "78",
            "68",
            "29",
            "34",
            "81",
            "77",
            "89",
            "96",
            "95",
            "13",
            "83",
            "5",
            "87",
            "80",
            "2",
            "57",
            "74",
            "72",
            "73",
            "42",
            "16",
            "82",
            "17",
            "84",
            "45",
            "48",
            "7",
            "8",
            "60",
            "97",
            "100",
            "24",
            "18",
            "62",
            "63",
            "27",
            "85",
            "6",
            "23",
            "22",
            "9",
            "88",
            "56",
            "46",
            "39",
            "51",
            "50",
            "19",
            "86",
            "3",
            "90",
            "101"
        ]
    },
    "steps": {
        "0": 2537,
        "1": 2446,
        "10": 2055,
        "106": 1913,
        "126": 1904,
        "133": 1897,
        "14": 2044,
        "2": 2315,
        "23": 2035,
        "24": 2026,
        "245": 1886,
        "249": 1873,
        "252": 1854,
        "253": 1807,
        "26": 2023,
        "3": 2309,
        "4": 2244,
        "444": 1798,
        "445": 1789,
        "469": 1788,
        "491": 1773,
        "5": 2155,
        "506": 1772,
        "51": 2020,
        "53": 2001,
        "54": 1975,
        "6": 2153,
        "65": 1915,
        "659": 1771,
        "7": 2150,
        "732": 1767,
        "764": 1740,
        "8": 2140,
        "846": 1720,
        "9": 2064
    },
    "timeout": 1010
}