{
    "config": {
        "allow_infeasible": true,
        "bvns_max_k": 7,
        "bvns_min_k": 1,
        "construction": "random",
        "local_search": "CVND",
        "metaheuristic": "BVNS",
        "num_threads": 8,
        "operators": [
            "insert_1",
            "remove_1",
            "twoOpt",
            "centExchange_1",
            "centExchange_3",
            "centExchange_4",
            "relocate_1",
            "relocate_4",
            "revRelocate_2",
            "revRelocate_3",
            "revRelocate_5",
            "moveAll_1",
            "moveAll_2",
            "moveAll_3",
            "moveAll_10"
        ],
        "perturbation": [
            "reinsert"
        ],
        "stop_on_feasible": false,
        "timeout": 220
    },
    "histogram": {
        "all": {
            "centExchange_1": 301545,
            "centExchange_3": 301498,
            "centExchange_4": 301497,
            "insert_1": 311771,
            "moveAll_1": 247432,
            "moveAll_10": 214956,
            "moveAll_2": 243422,
            "moveAll_3": 238411,
            "relocate_1": 281621,
            "relocate_4": 273907,
            "remove_1": 311771,
            "revRelocate_2": 259436,
            "revRelocate_3": 253360,
            "revRelocate_5": 250791,
            "twoOpt": 302690
        },
        "improving": {
            "centExchange_1": 93173,
            "centExchange_3": 34910,
            "centExchange_4": 12814,
            "insert_1": 0,
            "moveAll_1": 63150,
            "moveAll_10": 126697,
            "moveAll_2": 59160,
            "moveAll_3": 55011,
            "relocate_1": 179956,
            "relocate_4": 122395,
            "remove_1": 0,
            "revRelocate_2": 144257,
            "revRelocate_3": 91933,
            "revRelocate_5": 24776,
            "twoOpt": 147702
        },
        "rate": {
            "centExchange_1": 0.3089853823184967,
            "centExchange_3": 0.11578849703073502,
            "centExchange_4": 0.04250125214457512,
            "insert_1": 0.0,
            "moveAll_1": 0.2552216351032257,
            "moveAll_10": 0.5894089937210083,
            "moveAll_2": 0.2430347353219986,
            "moveAll_3": 0.23074018955230713,
            "relocate_1": 0.639000654220581,
            "relocate_4": 0.4468487501144409,
            "remove_1": 0.0,
            "revRelocate_2": 0.5560408234596252,
            "revRelocate_3": 0.3628552258014679,
            "revRelocate_5": 0.09879142045974731,
            "twoOpt": 0.48796457052230835
        }
    },
    "last_improvement": 0,
    "name": "ulysses22.tsp-22-3.80-0",
    "solution": {
        "fitness": 141,
        "is_feasible": true,
        "permutation": [
            12,
            11,
            21,
            16,
            17,
            2,
            8,
            4,
            14,
            13,
            18,
            19,
            5,
            9,
            7,
            0,
            1,
            20,
            10,
            6,
            3,
            15
        ],
        "permutation_orig_ids": [
            "13",
            "12",
            "22",
            "17",
            "18",
            "3",
            "9",
            "5",
            "15",
            "14",
            "19",
            "20",
            "6",
            "10",
            "8",
            "1",
            "2",
            "21",
            "11",
            "7",
            "4",
            "16"
        ]
    },
    "steps": {
        "0": 141
    },
    "timeout": 220
}