{
    "config": {
        "allow_infeasible": true,
        "bvns_max_k": 7,
        "bvns_min_k": 1,
        "construction": "random",
        "local_search": "CVND",
        "metaheuristic": "BVNS",
        "num_threads": 8,
        "operators": [
            "insert_1",
            "remove_1",
            "twoOpt",
            "centExchange_1",
            "centExchange_3",
            "centExchange_4",
            "relocate_1",
            "relocate_4",
            "revRelocate_2",
            "revRelocate_3",
            "revRelocate_5",
            "moveAll_1",
            "moveAll_2",
            "moveAll_3",
            "moveAll_10"
        ],
        "perturbation": [
            "reinsert"
        ],
        "stop_on_feasible": false,
        "timeout": 520
    },
    "histogram": {
        "all": {
            "centExchange_1": 31502,
            "centExchange_3": 31489,
            "centExchange_4": 31487,
            "insert_1": 32124,
            "moveAll_1": 26642,
            "moveAll_10": 25557,
            "moveAll_2": 26444,
            "moveAll_3": 26284,
            "relocate_1": 29174,
            "relocate_4": 28890,
            "remove_1": 32124,
            "revRelocate_2": 27702,
            "revRelocate_3": 27145,
            "revRelocate_5": 26943,
            "twoOpt": 31552
        },
        "improving": {
            "centExchange_1": 9442,
            "centExchange_3": 5584,
            "centExchange_4": 3177,
            "insert_1": 0,
            "moveAll_1": 9707,
            "moveAll_10": 14343,
            "moveAll_2": 7976,
            "moveAll_3": 7594,
            "relocate_1": 23131,
            "relocate_4": 13880,
            "remove_1": 0,
            "revRelocate_2": 19094,
            "revRelocate_3": 14731,
            "revRelocate_5": 9152,
            "twoOpt": 17949
        },
        "rate": {
            "centExchange_1": 0.2997269928455353,
            "centExchange_3": 0.17733176052570343,
            "centExchange_4": 0.10089877992868423,
            "insert_1": 0.0,
            "moveAll_1": 0.36434951424598694,
            "moveAll_10": 0.5612161159515381,
            "moveAll_2": 0.3016185164451599,
            "moveAll_3": 0.2889210283756256,
            "relocate_1": 0.7928634881973267,
            "relocate_4": 0.4804430603981018,
            "remove_1": 0.0,
            "revRelocate_2": 0.6892642974853516,
            "revRelocate_3": 0.5426782369613647,
            "revRelocate_5": 0.3396800756454468,
            "twoOpt": 0.5688704252243042
        }
    },
    "last_improvement": 105,
    "name": "berlin52-52-8.30-0",
    "solution": {
        "fitness": 21052,
        "is_feasible": true,
        "permutation": [
            36,
            39,
            35,
            15,
            45,
            37,
            3,
            24,
            51,
            12,
            25,
            28,
            49,
            19,
            22,
            17,
            16,
            1,
            6,
            30,
            44,
            7,
            2,
            18,
            40,
            9,
            34,
            38,
            31,
            43,
            23,
            48,
            5,
            32,
            47,
            26,
            13,
            20,
            4,
            21,
            11,
            29,
            41,
            10,
            0,
            8,
            46,
            27,
            42,
            33,
            14,
            50
        ],
        "permutation_orig_ids": [
            "37",
            "40",
            "36",
            "16",
            "46",
            "38",
            "4",
            "25",
            "52",
            "13",
            "26",
            "29",
            "50",
            "20",
            "23",
            "18",
            "17",
            "2",
            "7",
            "31",
            "45",
            "8",
            "3",
            "19",
            "41",
            "10",
            "35",
            "39",
            "32",
            "44",
            "24",
            "49",
            "6",
            "33",
            "48",
            "27",
            "14",
            "21",
            "5",
            "22",
            "12",
            "30",
            "42",
            "11",
            "1",
            "9",
            "47",
            "28",
            "43",
            "34",
            "15",
            "51"
        ]
    },
    "steps": {
        "0": 23108,
        "1": 21933,
        "100": 21081,
        "105": 21052,
        "14": 21754,
        "18": 21733,
        "19": 21593,
        "26": 21401,
        "31": 21312,
        "39": 21201,
        "87": 21144,
        "94": 21084
    },
    "timeout": 520
}