{
    "config": {
        "allow_infeasible": true,
        "bvns_max_k": 7,
        "bvns_min_k": 1,
        "construction": "random",
        "local_search": "CVND",
        "metaheuristic": "BVNS",
        "num_threads": 8,
        "operators": [
            "insert_1",
            "remove_1",
            "twoOpt",
            "centExchange_1",
            "centExchange_3",
            "centExchange_4",
            "relocate_1",
            "relocate_4",
            "revRelocate_2",
            "revRelocate_3",
            "revRelocate_5",
            "moveAll_1",
            "moveAll_2",
            "moveAll_3",
            "moveAll_10"
        ],
        "perturbation": [
            "reinsert"
        ],
        "stop_on_feasible": false,
        "timeout": 140
    },
    "histogram": {
        "all": {
            "centExchange_1": 726188,
            "centExchange_3": 726181,
            "centExchange_4": 726181,
            "insert_1": 752067,
            "moveAll_1": 598023,
            "moveAll_10": 452116,
            "moveAll_2": 578804,
            "moveAll_3": 545204,
            "relocate_1": 682144,
            "relocate_4": 673555,
            "remove_1": 752067,
            "revRelocate_2": 636890,
            "revRelocate_3": 626819,
            "revRelocate_5": 626496,
            "twoOpt": 727754
        },
        "improving": {
            "centExchange_1": 230291,
            "centExchange_3": 37374,
            "centExchange_4": 7090,
            "insert_1": 0,
            "moveAll_1": 131830,
            "moveAll_10": 228847,
            "moveAll_2": 119802,
            "moveAll_3": 129646,
            "relocate_1": 395534,
            "relocate_4": 225658,
            "remove_1": 0,
            "revRelocate_2": 301869,
            "revRelocate_3": 104677,
            "revRelocate_5": 9662,
            "twoOpt": 367362
        },
        "rate": {
            "centExchange_1": 0.3171231150627136,
            "centExchange_3": 0.051466505974531174,
            "centExchange_4": 0.009763405658304691,
            "insert_1": 0.0,
            "moveAll_1": 0.2204430252313614,
            "moveAll_10": 0.506168782711029,
            "moveAll_2": 0.20698198676109314,
            "moveAll_3": 0.23779356479644775,
            "relocate_1": 0.5798394680023193,
            "relocate_4": 0.3350253403186798,
            "remove_1": 0.0,
            "revRelocate_2": 0.4739735424518585,
            "revRelocate_3": 0.16699716448783875,
            "revRelocate_5": 0.015422285534441471,
            "twoOpt": 0.5047886967658997
        }
    },
    "last_improvement": 0,
    "name": "burma14-14-2.20-0",
    "solution": {
        "fitness": 53,
        "is_feasible": true,
        "permutation": [
            1,
            7,
            10,
            2,
            13,
            6,
            5,
            3,
            11,
            12,
            0,
            9,
            4,
            8
        ],
        "permutation_orig_ids": [
            "2",
            "8",
            "11",
            "3",
            "14",
            "7",
            "6",
            "4",
            "12",
            "13",
            "1",
            "10",
            "5",
            "9"
        ]
    },
    "steps": {
        "0": 53
    },
    "timeout": 140
}