{
    "config": {
        "allow_infeasible": true,
        "bvns_max_k": 7,
        "bvns_min_k": 1,
        "construction": "random",
        "local_search": "CVND",
        "metaheuristic": "BVNS",
        "num_threads": 8,
        "operators": [
            "insert_1",
            "remove_1",
            "twoOpt",
            "centExchange_1",
            "centExchange_3",
            "centExchange_4",
            "relocate_1",
            "relocate_4",
            "revRelocate_2",
            "revRelocate_3",
            "revRelocate_5",
            "moveAll_1",
            "moveAll_2",
            "moveAll_3",
            "moveAll_10"
        ],
        "perturbation": [
            "reinsert"
        ],
        "stop_on_feasible": false,
        "timeout": 1010
    },
    "histogram": {
        "all": {
            "centExchange_1": 5009,
            "centExchange_3": 5008,
            "centExchange_4": 5007,
            "insert_1": 5073,
            "moveAll_1": 4224,
            "moveAll_10": 4140,
            "moveAll_2": 4210,
            "moveAll_3": 4195,
            "relocate_1": 4533,
            "relocate_4": 4500,
            "remove_1": 5073,
            "revRelocate_2": 4350,
            "revRelocate_3": 4271,
            "revRelocate_5": 4244,
            "twoOpt": 5013
        },
        "improving": {
            "centExchange_1": 1345,
            "centExchange_3": 924,
            "centExchange_4": 602,
            "insert_1": 0,
            "moveAll_1": 1594,
            "moveAll_10": 1795,
            "moveAll_2": 1164,
            "moveAll_3": 1077,
            "relocate_1": 3858,
            "relocate_4": 2110,
            "remove_1": 0,
            "revRelocate_2": 3069,
            "revRelocate_3": 2426,
            "revRelocate_5": 1658,
            "twoOpt": 2804
        },
        "rate": {
            "centExchange_1": 0.2685166597366333,
            "centExchange_3": 0.18450479209423065,
            "centExchange_4": 0.12023167312145233,
            "insert_1": 0.0,
            "moveAll_1": 0.37736743688583374,
            "moveAll_10": 0.4335748851299286,
            "moveAll_2": 0.27648454904556274,
            "moveAll_3": 0.2567342221736908,
            "relocate_1": 0.8510919809341431,
            "relocate_4": 0.46888887882232666,
            "remove_1": 0.0,
            "revRelocate_2": 0.7055172324180603,
            "revRelocate_3": 0.5680168867111206,
            "revRelocate_5": 0.39066916704177856,
            "twoOpt": 0.5593457221984863
        }
    },
    "last_improvement": 899,
    "name": "eil101-101-18.00-0",
    "solution": {
        "fitness": 1686,
        "is_feasible": true,
        "permutation": [
            39,
            86,
            41,
            13,
            37,
            60,
            90,
            36,
            92,
            98,
            58,
            88,
            26,
            6,
            46,
            10,
            62,
            31,
            64,
            70,
            33,
            78,
            28,
            67,
            75,
            11,
            53,
            54,
            38,
            66,
            24,
            1,
            56,
            42,
            40,
            74,
            71,
            73,
            72,
            3,
            25,
            27,
            57,
            52,
            76,
            32,
            19,
            65,
            63,
            48,
            81,
            16,
            83,
            97,
            15,
            95,
            93,
            5,
            84,
            91,
            17,
            61,
            29,
            69,
            30,
            4,
            82,
            47,
            44,
            59,
            96,
            99,
            23,
            14,
            22,
            21,
            51,
            68,
            35,
            7,
            0,
            79,
            80,
            9,
            87,
            8,
            77,
            34,
            94,
            12,
            20,
            55,
            45,
            43,
            50,
            49,
            18,
            85,
            2,
            89,
            100
        ],
        "permutation_orig_ids": [
            "40",
            "87",
            "42",
            "14",
            "38",
            "61",
            "91",
            "37",
            "93",
            "99",
            "59",
            "89",
            "27",
            "7",
            "47",
            "11",
            "63",
            "32",
            "65",
            "71",
            "34",
            "79",
            "29",
            "68",
            "76",
            "12",
            "54",
            "55",
            "39",
            "67",
            "25",
            "2",
            "57",
            "43",
            "41",
            "75",
            "72",
            "74",
            "73",
            "4",
            "26",
            "28",
            "58",
            "53",
            "77",
            "33",
            "20",
            "66",
            "64",
            "49",
            "82",
            "17",
            "84",
            "98",
            "16",
            "96",
            "94",
            "6",
            "85",
            "92",
            "18",
            "62",
            "30",
            "70",
            "31",
            "5",
            "83",
            "48",
            "45",
            "60",
            "97",
            "100",
            "24",
            "15",
            "23",
            "22",
            "52",
            "69",
            "36",
            "8",
            "1",
            "80",
            "81",
            "10",
            "88",
            "9",
            "78",
            "35",
            "95",
            "13",
            "21",
            "56",
            "46",
            "44",
            "51",
            "50",
            "19",
            "86",
            "3",
            "90",
            "101"
        ]
    },
    "steps": {
        "0": 2537,
        "1": 2446,
        "123": 1962,
        "124": 1945,
        "130": 1938,
        "140": 1933,
        "141": 1919,
        "146": 1917,
        "147": 1887,
        "158": 1848,
        "171": 1846,
        "173": 1833,
        "174": 1829,
        "240": 1825,
        "241": 1817,
        "284": 1802,
        "285": 1782,
        "3": 2232,
        "350": 1724,
        "351": 1723,
        "39": 2049,
        "4": 2187,
        "405": 1722,
        "406": 1712,
        "481": 1708,
        "5": 2169,
        "500": 1703,
        "557": 1700,
        "6": 2159,
        "66": 2029,
        "7": 2061,
        "746": 1697,
        "886": 1692,
        "899": 1686,
        "90": 2021,
        "93": 2019
    },
    "timeout": 1010
}