{
    "config": {
        "allow_infeasible": true,
        "bvns_max_k": 7,
        "bvns_min_k": 1,
        "construction": "random",
        "local_search": "CVND",
        "metaheuristic": "BVNS",
        "num_threads": 8,
        "operators": [
            "insert_1",
            "remove_1",
            "twoOpt",
            "centExchange_1",
            "centExchange_3",
            "centExchange_4",
            "relocate_1",
            "relocate_4",
            "revRelocate_2",
            "revRelocate_3",
            "revRelocate_5",
            "moveAll_1",
            "moveAll_2",
            "moveAll_3",
            "moveAll_10"
        ],
        "perturbation": [
            "reinsert"
        ],
        "stop_on_feasible": false,
        "timeout": 220
    },
    "histogram": {
        "all": {
            "centExchange_1": 301782,
            "centExchange_3": 301739,
            "centExchange_4": 301737,
            "insert_1": 311952,
            "moveAll_1": 247357,
            "moveAll_10": 215244,
            "moveAll_2": 243472,
            "moveAll_3": 238452,
            "relocate_1": 281803,
            "relocate_4": 274063,
            "remove_1": 311952,
            "revRelocate_2": 259473,
            "revRelocate_3": 253267,
            "revRelocate_5": 250724,
            "twoOpt": 302908
        },
        "improving": {
            "centExchange_1": 92906,
            "centExchange_3": 35127,
            "centExchange_4": 12753,
            "insert_1": 0,
            "moveAll_1": 62936,
            "moveAll_10": 126966,
            "moveAll_2": 58461,
            "moveAll_3": 54948,
            "relocate_1": 180073,
            "relocate_4": 122448,
            "remove_1": 0,
            "revRelocate_2": 144306,
            "revRelocate_3": 92198,
            "revRelocate_5": 24690,
            "twoOpt": 147440
        },
        "rate": {
            "centExchange_1": 0.3078579902648926,
            "centExchange_3": 0.11641518026590347,
            "centExchange_4": 0.042265284806489944,
            "insert_1": 0.0,
            "moveAll_1": 0.25443387031555176,
            "moveAll_10": 0.5898700952529907,
            "moveAll_2": 0.24011385440826416,
            "moveAll_3": 0.230436310172081,
            "relocate_1": 0.6390031576156616,
            "relocate_4": 0.4467877745628357,
            "remove_1": 0.0,
            "revRelocate_2": 0.5561503767967224,
            "revRelocate_3": 0.3640348017215729,
            "revRelocate_5": 0.09847481548786163,
            "twoOpt": 0.48674845695495605
        }
    },
    "last_improvement": 0,
    "name": "ulysses22.tsp-22-3.80-0",
    "solution": {
        "fitness": 141,
        "is_feasible": true,
        "permutation": [
            12,
            11,
            21,
            16,
            17,
            2,
            8,
            4,
            14,
            13,
            18,
            19,
            5,
            9,
            7,
            0,
            1,
            20,
            10,
            6,
            3,
            15
        ],
        "permutation_orig_ids": [
            "13",
            "12",
            "22",
            "17",
            "18",
            "3",
            "9",
            "5",
            "15",
            "14",
            "19",
            "20",
            "6",
            "10",
            "8",
            "1",
            "2",
            "21",
            "11",
            "7",
            "4",
            "16"
        ]
    },
    "steps": {
        "0": 141
    },
    "timeout": 220
}