{
    "config": {
        "allow_infeasible": true,
        "bvns_max_k": 7,
        "bvns_min_k": 1,
        "construction": "random",
        "local_search": "CVND",
        "metaheuristic": "BVNS",
        "num_threads": 8,
        "operators": [
            "insert_1",
            "remove_1",
            "twoOpt",
            "centExchange_1",
            "centExchange_3",
            "centExchange_4",
            "relocate_1",
            "relocate_4",
            "revRelocate_2",
            "revRelocate_3",
            "revRelocate_5",
            "moveAll_1",
            "moveAll_2",
            "moveAll_3",
            "moveAll_10"
        ],
        "perturbation": [
            "reinsert"
        ],
        "stop_on_feasible": false,
        "timeout": 520
    },
    "histogram": {
        "all": {
            "centExchange_1": 31670,
            "centExchange_3": 31649,
            "centExchange_4": 31647,
            "insert_1": 32318,
            "moveAll_1": 26503,
            "moveAll_10": 25483,
            "moveAll_2": 26354,
            "moveAll_3": 26194,
            "relocate_1": 29233,
            "relocate_4": 28961,
            "remove_1": 32318,
            "revRelocate_2": 27715,
            "revRelocate_3": 27116,
            "revRelocate_5": 26810,
            "twoOpt": 31719
        },
        "improving": {
            "centExchange_1": 9478,
            "centExchange_3": 5940,
            "centExchange_4": 3642,
            "insert_1": 0,
            "moveAll_1": 9471,
            "moveAll_10": 13289,
            "moveAll_2": 6949,
            "moveAll_3": 6640,
            "relocate_1": 22658,
            "relocate_4": 13226,
            "remove_1": 0,
            "revRelocate_2": 18659,
            "revRelocate_3": 14647,
            "revRelocate_5": 9654,
            "twoOpt": 17939
        },
        "rate": {
            "centExchange_1": 0.2992737591266632,
            "centExchange_3": 0.18768365681171417,
            "centExchange_4": 0.11508199572563171,
            "insert_1": 0.0,
            "moveAll_1": 0.3573557734489441,
            "moveAll_10": 0.521484911441803,
            "moveAll_2": 0.2636791467666626,
            "moveAll_3": 0.25349316000938416,
            "relocate_1": 0.7750829458236694,
            "relocate_4": 0.45668312907218933,
            "remove_1": 0.0,
            "revRelocate_2": 0.6732455492019653,
            "revRelocate_3": 0.5401607751846313,
            "revRelocate_5": 0.360089510679245,
            "twoOpt": 0.5655601024627686
        }
    },
    "last_improvement": 439,
    "name": "berlin52-52-8.30-0",
    "solution": {
        "fitness": 18322,
        "is_feasible": true,
        "permutation": [
            25,
            13,
            51,
            12,
            11,
            3,
            24,
            5,
            4,
            45,
            43,
            28,
            49,
            15,
            36,
            37,
            35,
            21,
            31,
            19,
            6,
            1,
            16,
            17,
            18,
            40,
            7,
            44,
            39,
            38,
            48,
            46,
            26,
            47,
            10,
            0,
            8,
            22,
            20,
            29,
            41,
            34,
            2,
            32,
            30,
            9,
            23,
            50,
            14,
            33,
            42,
            27
        ],
        "permutation_orig_ids": [
            "26",
            "14",
            "52",
            "13",
            "12",
            "4",
            "25",
            "6",
            "5",
            "46",
            "44",
            "29",
            "50",
            "16",
            "37",
            "38",
            "36",
            "22",
            "32",
            "20",
            "7",
            "2",
            "17",
            "18",
            "19",
            "41",
            "8",
            "45",
            "40",
            "39",
            "49",
            "47",
            "27",
            "48",
            "11",
            "1",
            "9",
            "23",
            "21",
            "30",
            "42",
            "35",
            "3",
            "33",
            "31",
            "10",
            "24",
            "51",
            "15",
            "34",
            "43",
            "28"
        ]
    },
    "steps": {
        "0": 24600,
        "1": 21543,
        "100": 21153,
        "106": 20583,
        "109": 20176,
        "11": 21213,
        "114": 20083,
        "127": 19708,
        "144": 19504,
        "181": 19442,
        "187": 19295,
        "2": 21437,
        "330": 18921,
        "340": 18831,
        "373": 18766,
        "426": 18381,
        "434": 18344,
        "439": 18322,
        "6": 21389
    },
    "timeout": 520
}