{
    "config": {
        "allow_infeasible": true,
        "bvns_max_k": 7,
        "bvns_min_k": 1,
        "construction": "random",
        "local_search": "CVND",
        "metaheuristic": "BVNS",
        "num_threads": 8,
        "operators": [
            "insert_1",
            "remove_1",
            "twoOpt",
            "centExchange_1",
            "centExchange_3",
            "centExchange_4",
            "relocate_1",
            "relocate_4",
            "revRelocate_2",
            "revRelocate_3",
            "revRelocate_5",
            "moveAll_1",
            "moveAll_2",
            "moveAll_3",
            "moveAll_10"
        ],
        "perturbation": [
            "reinsert"
        ],
        "stop_on_feasible": false,
        "timeout": 140
    },
    "histogram": {
        "all": {
            "centExchange_1": 716666,
            "centExchange_3": 716663,
            "centExchange_4": 716663,
            "insert_1": 742253,
            "moveAll_1": 590551,
            "moveAll_10": 446170,
            "moveAll_2": 571627,
            "moveAll_3": 538702,
            "relocate_1": 673357,
            "relocate_4": 664929,
            "remove_1": 742253,
            "revRelocate_2": 628679,
            "revRelocate_3": 618963,
            "revRelocate_5": 618625,
            "twoOpt": 718196
        },
        "improving": {
            "centExchange_1": 227668,
            "centExchange_3": 36957,
            "centExchange_4": 6865,
            "insert_1": 0,
            "moveAll_1": 129758,
            "moveAll_10": 226618,
            "moveAll_2": 118154,
            "moveAll_3": 127739,
            "relocate_1": 390713,
            "relocate_4": 222826,
            "remove_1": 0,
            "revRelocate_2": 298573,
            "revRelocate_3": 103328,
            "revRelocate_5": 9649,
            "twoOpt": 363095
        },
        "rate": {
            "centExchange_1": 0.3176765739917755,
            "centExchange_3": 0.0515681691467762,
            "centExchange_4": 0.009579118341207504,
            "insert_1": 0.0,
            "moveAll_1": 0.21972361207008362,
            "moveAll_10": 0.5079184770584106,
            "moveAll_2": 0.2066977173089981,
            "moveAll_3": 0.23712368309497833,
            "relocate_1": 0.5802464485168457,
            "relocate_4": 0.33511248230934143,
            "remove_1": 0.0,
            "revRelocate_2": 0.47492122650146484,
            "revRelocate_3": 0.16693727672100067,
            "revRelocate_5": 0.015597494319081306,
            "twoOpt": 0.505565345287323
        }
    },
    "last_improvement": 0,
    "name": "burma14-14-2.20-0",
    "solution": {
        "fitness": 53,
        "is_feasible": true,
        "permutation": [
            1,
            7,
            10,
            2,
            13,
            6,
            5,
            3,
            11,
            12,
            0,
            9,
            4,
            8
        ],
        "permutation_orig_ids": [
            "2",
            "8",
            "11",
            "3",
            "14",
            "7",
            "6",
            "4",
            "12",
            "13",
            "1",
            "10",
            "5",
            "9"
        ]
    },
    "steps": {
        "0": 53
    },
    "timeout": 140
}