{
    "config": {
        "allow_infeasible": true,
        "bvns_max_k": 7,
        "bvns_min_k": 1,
        "construction": "random",
        "local_search": "CVND",
        "metaheuristic": "BVNS",
        "num_threads": 8,
        "operators": [
            "insert_1",
            "remove_1",
            "twoOpt",
            "centExchange_1",
            "centExchange_3",
            "centExchange_4",
            "relocate_1",
            "relocate_4",
            "revRelocate_2",
            "revRelocate_3",
            "revRelocate_5",
            "moveAll_1",
            "moveAll_2",
            "moveAll_3",
            "moveAll_10"
        ],
        "perturbation": [
            "reinsert"
        ],
        "stop_on_feasible": false,
        "timeout": 220
    },
    "histogram": {
        "all": {
            "centExchange_1": 299762,
            "centExchange_3": 299711,
            "centExchange_4": 299710,
            "insert_1": 309899,
            "moveAll_1": 246118,
            "moveAll_10": 213718,
            "moveAll_2": 242151,
            "moveAll_3": 237103,
            "relocate_1": 279931,
            "relocate_4": 272331,
            "remove_1": 309899,
            "revRelocate_2": 258012,
            "revRelocate_3": 251963,
            "revRelocate_5": 249469,
            "twoOpt": 300836
        },
        "improving": {
            "centExchange_1": 92408,
            "centExchange_3": 35028,
            "centExchange_4": 12775,
            "insert_1": 0,
            "moveAll_1": 62670,
            "moveAll_10": 126285,
            "moveAll_2": 58614,
            "moveAll_3": 54791,
            "relocate_1": 179018,
            "relocate_4": 121523,
            "remove_1": 0,
            "revRelocate_2": 143093,
            "revRelocate_3": 91547,
            "revRelocate_5": 24320,
            "twoOpt": 146801
        },
        "rate": {
            "centExchange_1": 0.30827122926712036,
            "centExchange_3": 0.11687258630990982,
            "centExchange_4": 0.04262453690171242,
            "insert_1": 0.0,
            "moveAll_1": 0.25463396310806274,
            "moveAll_10": 0.5908954739570618,
            "moveAll_2": 0.24205558001995087,
            "moveAll_3": 0.23108522593975067,
            "relocate_1": 0.6395075917243958,
            "relocate_4": 0.44623270630836487,
            "remove_1": 0.0,
            "revRelocate_2": 0.5545982122421265,
            "revRelocate_3": 0.36333510279655457,
            "revRelocate_5": 0.09748706221580505,
            "twoOpt": 0.4879768490791321
        }
    },
    "last_improvement": 0,
    "name": "ulysses22.tsp-22-3.80-0",
    "solution": {
        "fitness": 141,
        "is_feasible": true,
        "permutation": [
            12,
            11,
            21,
            16,
            17,
            2,
            8,
            4,
            14,
            13,
            18,
            19,
            5,
            9,
            7,
            0,
            1,
            20,
            10,
            6,
            3,
            15
        ],
        "permutation_orig_ids": [
            "13",
            "12",
            "22",
            "17",
            "18",
            "3",
            "9",
            "5",
            "15",
            "14",
            "19",
            "20",
            "6",
            "10",
            "8",
            "1",
            "2",
            "21",
            "11",
            "7",
            "4",
            "16"
        ]
    },
    "steps": {
        "0": 141
    },
    "timeout": 220
}