{
    "config": {
        "allow_infeasible": true,
        "bvns_max_k": 7,
        "bvns_min_k": 1,
        "construction": "random",
        "local_search": "CVND",
        "metaheuristic": "BVNS",
        "num_threads": 8,
        "operators": [
            "insert_1",
            "remove_1",
            "twoOpt",
            "centExchange_1",
            "centExchange_3",
            "centExchange_4",
            "relocate_1",
            "relocate_4",
            "revRelocate_2",
            "revRelocate_3",
            "revRelocate_5",
            "moveAll_1",
            "moveAll_2",
            "moveAll_3",
            "moveAll_10"
        ],
        "perturbation": [
            "reinsert"
        ],
        "stop_on_feasible": false,
        "timeout": 520
    },
    "histogram": {
        "all": {
            "centExchange_1": 31472,
            "centExchange_3": 31464,
            "centExchange_4": 31458,
            "insert_1": 32216,
            "moveAll_1": 26250,
            "moveAll_10": 25295,
            "moveAll_2": 26115,
            "moveAll_3": 25973,
            "relocate_1": 29040,
            "relocate_4": 28750,
            "remove_1": 32216,
            "revRelocate_2": 27459,
            "revRelocate_3": 26815,
            "revRelocate_5": 26517,
            "twoOpt": 31520
        },
        "improving": {
            "centExchange_1": 9577,
            "centExchange_3": 5816,
            "centExchange_4": 3350,
            "insert_1": 0,
            "moveAll_1": 9442,
            "moveAll_10": 13245,
            "moveAll_2": 7166,
            "moveAll_3": 6807,
            "relocate_1": 22642,
            "relocate_4": 13443,
            "remove_1": 0,
            "revRelocate_2": 18479,
            "revRelocate_3": 14421,
            "revRelocate_5": 9494,
            "twoOpt": 18191
        },
        "rate": {
            "centExchange_1": 0.30430224537849426,
            "centExchange_3": 0.1848461776971817,
            "centExchange_4": 0.10649119317531586,
            "insert_1": 0.0,
            "moveAll_1": 0.3596952259540558,
            "moveAll_10": 0.5236212611198425,
            "moveAll_2": 0.2744016945362091,
            "moveAll_3": 0.2620798647403717,
            "relocate_1": 0.7796831727027893,
            "relocate_4": 0.4675826132297516,
            "remove_1": 0.0,
            "revRelocate_2": 0.6729669570922852,
            "revRelocate_3": 0.5377960205078125,
            "revRelocate_5": 0.3580344617366791,
            "twoOpt": 0.577125608921051
        }
    },
    "last_improvement": 513,
    "name": "berlin52-52-8.30-0",
    "solution": {
        "fitness": 18624,
        "is_feasible": true,
        "permutation": [
            36,
            23,
            37,
            39,
            43,
            15,
            49,
            19,
            30,
            1,
            6,
            16,
            40,
            7,
            44,
            21,
            31,
            17,
            35,
            34,
            38,
            4,
            45,
            32,
            47,
            26,
            13,
            46,
            51,
            12,
            11,
            29,
            41,
            22,
            20,
            48,
            2,
            3,
            10,
            0,
            8,
            18,
            5,
            9,
            28,
            24,
            25,
            27,
            42,
            33,
            14,
            50
        ],
        "permutation_orig_ids": [
            "37",
            "24",
            "38",
            "40",
            "44",
            "16",
            "50",
            "20",
            "31",
            "2",
            "7",
            "17",
            "41",
            "8",
            "45",
            "22",
            "32",
            "18",
            "36",
            "35",
            "39",
            "5",
            "46",
            "33",
            "48",
            "27",
            "14",
            "47",
            "52",
            "13",
            "12",
            "30",
            "42",
            "23",
            "21",
            "49",
            "3",
            "4",
            "11",
            "1",
            "9",
            "19",
            "6",
            "10",
            "29",
            "25",
            "26",
            "28",
            "43",
            "34",
            "15",
            "51"
        ]
    },
    "steps": {
        "0": 23059,
        "1": 22081,
        "10": 19960,
        "2": 21806,
        "269": 19692,
        "285": 19395,
        "295": 19391,
        "3": 21613,
        "344": 19046,
        "345": 18934,
        "349": 18712,
        "350": 18684,
        "39": 19869,
        "473": 18625,
        "5": 21457,
        "513": 18624,
        "59": 19852,
        "65": 19791,
        "73": 19697,
        "8": 21172,
        "9": 19992
    },
    "timeout": 520
}