{
    "config": {
        "allow_infeasible": true,
        "bvns_max_k": 7,
        "bvns_min_k": 1,
        "construction": "random",
        "local_search": "CVND",
        "metaheuristic": "BVNS",
        "num_threads": 8,
        "operators": [
            "insert_1",
            "remove_1",
            "twoOpt",
            "centExchange_1",
            "centExchange_3",
            "centExchange_4",
            "relocate_1",
            "relocate_4",
            "revRelocate_2",
            "revRelocate_3",
            "revRelocate_5",
            "moveAll_1",
            "moveAll_2",
            "moveAll_3",
            "moveAll_10"
        ],
        "perturbation": [
            "reinsert"
        ],
        "stop_on_feasible": false,
        "timeout": 140
    },
    "histogram": {
        "all": {
            "centExchange_1": 727421,
            "centExchange_3": 727417,
            "centExchange_4": 727416,
            "insert_1": 753679,
            "moveAll_1": 599522,
            "moveAll_10": 453238,
            "moveAll_2": 580445,
            "moveAll_3": 547034,
            "relocate_1": 683566,
            "relocate_4": 674682,
            "remove_1": 753679,
            "revRelocate_2": 638135,
            "revRelocate_3": 628185,
            "revRelocate_5": 627854,
            "twoOpt": 729048
        },
        "improving": {
            "centExchange_1": 230828,
            "centExchange_3": 37647,
            "centExchange_4": 7106,
            "insert_1": 0,
            "moveAll_1": 131562,
            "moveAll_10": 230181,
            "moveAll_2": 119787,
            "moveAll_3": 130074,
            "relocate_1": 396356,
            "relocate_4": 226482,
            "remove_1": 0,
            "revRelocate_2": 302882,
            "revRelocate_3": 105542,
            "revRelocate_5": 9831,
            "twoOpt": 368818
        },
        "rate": {
            "centExchange_1": 0.31732380390167236,
            "centExchange_3": 0.051754359155893326,
            "centExchange_4": 0.009768825955688953,
            "insert_1": 0.0,
            "moveAll_1": 0.21944482624530792,
            "moveAll_10": 0.5078589916229248,
            "moveAll_2": 0.2063709795475006,
            "moveAll_3": 0.23778046667575836,
            "relocate_1": 0.5798357725143433,
            "relocate_4": 0.3356870412826538,
            "remove_1": 0.0,
            "revRelocate_2": 0.4746362566947937,
            "revRelocate_3": 0.16801100969314575,
            "revRelocate_5": 0.015658099204301834,
            "twoOpt": 0.505889892578125
        }
    },
    "last_improvement": 0,
    "name": "burma14-14-2.20-0",
    "solution": {
        "fitness": 53,
        "is_feasible": true,
        "permutation": [
            1,
            7,
            10,
            2,
            13,
            6,
            5,
            3,
            11,
            12,
            0,
            9,
            4,
            8
        ],
        "permutation_orig_ids": [
            "2",
            "8",
            "11",
            "3",
            "14",
            "7",
            "6",
            "4",
            "12",
            "13",
            "1",
            "10",
            "5",
            "9"
        ]
    },
    "steps": {
        "0": 53
    },
    "timeout": 140
}