{
    "config": {
        "allow_infeasible": true,
        "bvns_max_k": 7,
        "bvns_min_k": 1,
        "construction": "random",
        "local_search": "CVND",
        "metaheuristic": "BVNS",
        "num_threads": 8,
        "operators": [
            "insert_1",
            "remove_1",
            "twoOpt",
            "centExchange_1",
            "centExchange_3",
            "centExchange_4",
            "relocate_1",
            "relocate_4",
            "revRelocate_2",
            "revRelocate_3",
            "revRelocate_5",
            "moveAll_1",
            "moveAll_2",
            "moveAll_3",
            "moveAll_10"
        ],
        "perturbation": [
            "reinsert"
        ],
        "stop_on_feasible": false,
        "timeout": 1010
    },
    "histogram": {
        "all": {
            "centExchange_1": 5073,
            "centExchange_3": 5071,
            "centExchange_4": 5070,
            "insert_1": 5142,
            "moveAll_1": 4238,
            "moveAll_10": 4187,
            "moveAll_2": 4232,
            "moveAll_3": 4217,
            "relocate_1": 4569,
            "relocate_4": 4546,
            "remove_1": 5142,
            "revRelocate_2": 4388,
            "revRelocate_3": 4312,
            "revRelocate_5": 4278,
            "twoOpt": 5080
        },
        "improving": {
            "centExchange_1": 1406,
            "centExchange_3": 912,
            "centExchange_4": 676,
            "insert_1": 0,
            "moveAll_1": 1463,
            "moveAll_10": 1758,
            "moveAll_2": 1038,
            "moveAll_3": 1029,
            "relocate_1": 3949,
            "relocate_4": 2035,
            "remove_1": 0,
            "revRelocate_2": 3107,
            "revRelocate_3": 2410,
            "revRelocate_5": 1609,
            "twoOpt": 2842
        },
        "rate": {
            "centExchange_1": 0.27715355157852173,
            "centExchange_3": 0.17984618246555328,
            "centExchange_4": 0.13333334028720856,
            "insert_1": 0.0,
            "moveAll_1": 0.3452100157737732,
            "moveAll_10": 0.4198710322380066,
            "moveAll_2": 0.24527409672737122,
            "moveAll_3": 0.24401232600212097,
            "relocate_1": 0.864302933216095,
            "relocate_4": 0.44764629006385803,
            "remove_1": 0.0,
            "revRelocate_2": 0.7080674767494202,
            "revRelocate_3": 0.5589053630828857,
            "revRelocate_5": 0.37611034512519836,
            "twoOpt": 0.5594488382339478
        }
    },
    "last_improvement": 902,
    "name": "eil101-101-18.00-0",
    "solution": {
        "fitness": 1567,
        "is_feasible": true,
        "permutation": [
            100,
            52,
            57,
            88,
            26,
            76,
            78,
            32,
            29,
            62,
            31,
            10,
            18,
            46,
            48,
            35,
            47,
            7,
            60,
            15,
            90,
            86,
            41,
            92,
            97,
            56,
            72,
            20,
            74,
            73,
            55,
            22,
            38,
            3,
            24,
            66,
            28,
            33,
            2,
            68,
            61,
            45,
            43,
            17,
            58,
            30,
            69,
            0,
            19,
            70,
            34,
            80,
            67,
            79,
            27,
            54,
            25,
            39,
            1,
            99,
            65,
            64,
            50,
            49,
            6,
            63,
            9,
            87,
            4,
            82,
            85,
            36,
            13,
            37,
            14,
            40,
            42,
            12,
            5,
            84,
            91,
            95,
            94,
            98,
            83,
            16,
            44,
            59,
            96,
            93,
            23,
            75,
            11,
            53,
            81,
            51,
            21,
            8,
            77,
            71,
            89
        ],
        "permutation_orig_ids": [
            "101",
            "53",
            "58",
            "89",
            "27",
            "77",
            "79",
            "33",
            "30",
            "63",
            "32",
            "11",
            "19",
            "47",
            "49",
            "36",
            "48",
            "8",
            "61",
            "16",
            "91",
            "87",
            "42",
            "93",
            "98",
            "57",
            "73",
            "21",
            "75",
            "74",
            "56",
            "23",
            "39",
            "4",
            "25",
            "67",
            "29",
            "34",
            "3",
            "69",
            "62",
            "46",
            "44",
            "18",
            "59",
            "31",
            "70",
            "1",
            "20",
            "71",
            "35",
            "81",
            "68",
            "80",
            "28",
            "55",
            "26",
            "40",
            "2",
            "100",
            "66",
            "65",
            "51",
            "50",
            "7",
            "64",
            "10",
            "88",
            "5",
            "83",
            "86",
            "37",
            "14",
            "38",
            "15",
            "41",
            "43",
            "13",
            "6",
            "85",
            "92",
            "96",
            "95",
            "99",
            "84",
            "17",
            "45",
            "60",
            "97",
            "94",
            "24",
            "76",
            "12",
            "54",
            "82",
            "52",
            "22",
            "9",
            "78",
            "72",
            "90"
        ]
    },
    "steps": {
        "0": 2537,
        "1": 2446,
        "186": 1926,
        "191": 1919,
        "193": 1915,
        "195": 1901,
        "197": 1897,
        "2": 2436,
        "23": 2241,
        "24": 2070,
        "27": 2061,
        "3": 2396,
        "312": 1892,
        "332": 1871,
        "346": 1836,
        "347": 1809,
        "349": 1792,
        "39": 2011,
        "4": 2284,
        "497": 1791,
        "5": 2272,
        "51": 1988,
        "53": 1946,
        "538": 1788,
        "55": 1933,
        "563": 1784,
        "568": 1775,
        "6": 2268,
        "620": 1735,
        "704": 1730,
        "705": 1723,
        "795": 1707,
        "8": 2258,
        "895": 1693,
        "896": 1657,
        "898": 1625,
        "899": 1583,
        "901": 1570,
        "902": 1567
    },
    "timeout": 1010
}