{
    "config": {
        "allow_infeasible": true,
        "bvns_max_k": 7,
        "bvns_min_k": 1,
        "construction": "random",
        "local_search": "CVND",
        "metaheuristic": "BVNS",
        "num_threads": 8,
        "operators": [
            "insert_1",
            "remove_1",
            "twoOpt",
            "centExchange_1",
            "centExchange_3",
            "centExchange_4",
            "relocate_1",
            "relocate_4",
            "revRelocate_2",
            "revRelocate_3",
            "revRelocate_5",
            "moveAll_1",
            "moveAll_2",
            "moveAll_3",
            "moveAll_10"
        ],
        "perturbation": [
            "reinsert"
        ],
        "stop_on_feasible": false,
        "timeout": 220
    },
    "histogram": {
        "all": {
            "centExchange_1": 301960,
            "centExchange_3": 301915,
            "centExchange_4": 301915,
            "insert_1": 312248,
            "moveAll_1": 247620,
            "moveAll_10": 215375,
            "moveAll_2": 243712,
            "moveAll_3": 238630,
            "relocate_1": 282016,
            "relocate_4": 274313,
            "remove_1": 312248,
            "revRelocate_2": 259711,
            "revRelocate_3": 253541,
            "revRelocate_5": 251061,
            "twoOpt": 303043
        },
        "improving": {
            "centExchange_1": 93063,
            "centExchange_3": 35236,
            "centExchange_4": 12806,
            "insert_1": 0,
            "moveAll_1": 63008,
            "moveAll_10": 126587,
            "moveAll_2": 58973,
            "moveAll_3": 55222,
            "relocate_1": 180198,
            "relocate_4": 122596,
            "remove_1": 0,
            "revRelocate_2": 144451,
            "revRelocate_3": 92555,
            "revRelocate_5": 24982,
            "twoOpt": 147545
        },
        "rate": {
            "centExchange_1": 0.30819645524024963,
            "centExchange_3": 0.11670834571123123,
            "centExchange_4": 0.042415913194417953,
            "insert_1": 0.0,
            "moveAll_1": 0.2544544041156769,
            "moveAll_10": 0.587751567363739,
            "moveAll_2": 0.2419782429933548,
            "moveAll_3": 0.23141264915466309,
            "relocate_1": 0.6389637589454651,
            "relocate_4": 0.44692012667655945,
            "remove_1": 0.0,
            "revRelocate_2": 0.5561990141868591,
            "revRelocate_3": 0.36504945158958435,
            "revRelocate_5": 0.0995057001709938,
            "twoOpt": 0.48687809705734253
        }
    },
    "last_improvement": 0,
    "name": "ulysses22.tsp-22-3.80-0",
    "solution": {
        "fitness": 141,
        "is_feasible": true,
        "permutation": [
            12,
            11,
            21,
            16,
            17,
            2,
            8,
            4,
            14,
            13,
            18,
            19,
            5,
            9,
            7,
            0,
            1,
            20,
            10,
            6,
            3,
            15
        ],
        "permutation_orig_ids": [
            "13",
            "12",
            "22",
            "17",
            "18",
            "3",
            "9",
            "5",
            "15",
            "14",
            "19",
            "20",
            "6",
            "10",
            "8",
            "1",
            "2",
            "21",
            "11",
            "7",
            "4",
            "16"
        ]
    },
    "steps": {
        "0": 141
    },
    "timeout": 220
}