{
    "config": {
        "allow_infeasible": true,
        "bvns_max_k": 7,
        "bvns_min_k": 1,
        "construction": "random",
        "local_search": "CVND",
        "metaheuristic": "BVNS",
        "num_threads": 8,
        "operators": [
            "insert_1",
            "remove_1",
            "twoOpt",
            "centExchange_1",
            "centExchange_3",
            "centExchange_4",
            "relocate_1",
            "relocate_4",
            "revRelocate_2",
            "revRelocate_3",
            "revRelocate_5",
            "moveAll_1",
            "moveAll_2",
            "moveAll_3",
            "moveAll_10"
        ],
        "perturbation": [
            "reinsert"
        ],
        "stop_on_feasible": false,
        "timeout": 520
    },
    "histogram": {
        "all": {
            "centExchange_1": 31794,
            "centExchange_3": 31778,
            "centExchange_4": 31768,
            "insert_1": 32504,
            "moveAll_1": 26792,
            "moveAll_10": 25554,
            "moveAll_2": 26484,
            "moveAll_3": 26289,
            "relocate_1": 29407,
            "relocate_4": 29150,
            "remove_1": 32504,
            "revRelocate_2": 28063,
            "revRelocate_3": 27399,
            "revRelocate_5": 27065,
            "twoOpt": 31856
        },
        "improving": {
            "centExchange_1": 9658,
            "centExchange_3": 6202,
            "centExchange_4": 3557,
            "insert_1": 0,
            "moveAll_1": 9655,
            "moveAll_10": 13385,
            "moveAll_2": 7827,
            "moveAll_3": 6976,
            "relocate_1": 22895,
            "relocate_4": 13318,
            "remove_1": 0,
            "revRelocate_2": 18468,
            "revRelocate_3": 14807,
            "revRelocate_5": 9809,
            "twoOpt": 18602
        },
        "rate": {
            "centExchange_1": 0.30376800894737244,
            "centExchange_3": 0.1951664686203003,
            "centExchange_4": 0.1119680181145668,
            "insert_1": 0.0,
            "moveAll_1": 0.3603687584400177,
            "moveAll_10": 0.5237927436828613,
            "moveAll_2": 0.29553693532943726,
            "moveAll_3": 0.2653581202030182,
            "relocate_1": 0.7785561084747314,
            "relocate_4": 0.4568782150745392,
            "remove_1": 0.0,
            "revRelocate_2": 0.6580907106399536,
            "revRelocate_3": 0.540421187877655,
            "revRelocate_5": 0.3624238073825836,
            "twoOpt": 0.5839402079582214
        }
    },
    "last_improvement": 509,
    "name": "berlin52-52-8.30-0",
    "solution": {
        "fitness": 17488,
        "is_feasible": true,
        "permutation": [
            13,
            51,
            10,
            12,
            25,
            28,
            15,
            45,
            36,
            37,
            35,
            44,
            40,
            7,
            8,
            3,
            24,
            5,
            0,
            16,
            20,
            29,
            41,
            6,
            1,
            34,
            38,
            22,
            19,
            49,
            43,
            33,
            21,
            11,
            26,
            47,
            31,
            4,
            42,
            27,
            46,
            48,
            2,
            18,
            17,
            39,
            32,
            30,
            9,
            23,
            50,
            14
        ],
        "permutation_orig_ids": [
            "14",
            "52",
            "11",
            "13",
            "26",
            "29",
            "16",
            "46",
            "37",
            "38",
            "36",
            "45",
            "41",
            "8",
            "9",
            "4",
            "25",
            "6",
            "1",
            "17",
            "21",
            "30",
            "42",
            "7",
            "2",
            "35",
            "39",
            "23",
            "20",
            "50",
            "44",
            "34",
            "22",
            "12",
            "27",
            "48",
            "32",
            "5",
            "43",
            "28",
            "47",
            "49",
            "3",
            "19",
            "18",
            "40",
            "33",
            "31",
            "10",
            "24",
            "51",
            "15"
        ]
    },
    "steps": {
        "0": 23565,
        "1": 22379,
        "101": 19492,
        "117": 19393,
        "129": 19378,
        "13": 21353,
        "145": 19095,
        "146": 19072,
        "149": 18710,
        "166": 17688,
        "182": 17521,
        "185": 17497,
        "2": 21410,
        "234": 17494,
        "509": 17488,
        "7": 21376,
        "85": 20879,
        "87": 20561,
        "91": 20162,
        "98": 19881
    },
    "timeout": 520
}