{
    "config": {
        "allow_infeasible": true,
        "bvns_max_k": 7,
        "bvns_min_k": 1,
        "construction": "random",
        "local_search": "CVND",
        "metaheuristic": "BVNS",
        "num_threads": 8,
        "operators": [
            "insert_1",
            "remove_1",
            "twoOpt",
            "centExchange_1",
            "centExchange_3",
            "centExchange_4",
            "relocate_1",
            "relocate_4",
            "revRelocate_2",
            "revRelocate_3",
            "revRelocate_5",
            "moveAll_1",
            "moveAll_2",
            "moveAll_3",
            "moveAll_10"
        ],
        "perturbation": [
            "reinsert"
        ],
        "stop_on_feasible": false,
        "timeout": 1010
    },
    "histogram": {
        "all": {
            "centExchange_1": 5028,
            "centExchange_3": 5023,
            "centExchange_4": 5022,
            "insert_1": 5119,
            "moveAll_1": 4245,
            "moveAll_10": 4185,
            "moveAll_2": 4239,
            "moveAll_3": 4229,
            "relocate_1": 4596,
            "relocate_4": 4562,
            "remove_1": 5119,
            "revRelocate_2": 4383,
            "revRelocate_3": 4320,
            "revRelocate_5": 4268,
            "twoOpt": 5037
        },
        "improving": {
            "centExchange_1": 1388,
            "centExchange_3": 993,
            "centExchange_4": 728,
            "insert_1": 0,
            "moveAll_1": 1464,
            "moveAll_10": 1804,
            "moveAll_2": 1024,
            "moveAll_3": 896,
            "relocate_1": 3859,
            "relocate_4": 2067,
            "remove_1": 0,
            "revRelocate_2": 3106,
            "revRelocate_3": 2434,
            "revRelocate_5": 1810,
            "twoOpt": 3062
        },
        "rate": {
            "centExchange_1": 0.2760540843009949,
            "centExchange_3": 0.19769062101840973,
            "centExchange_4": 0.1449621617794037,
            "insert_1": 0.0,
            "moveAll_1": 0.34487631916999817,
            "moveAll_10": 0.43106332421302795,
            "moveAll_2": 0.24156640470027924,
            "moveAll_3": 0.21187041699886322,
            "relocate_1": 0.8396431803703308,
            "relocate_4": 0.45309075713157654,
            "remove_1": 0.0,
            "revRelocate_2": 0.7086470723152161,
            "revRelocate_3": 0.5634258985519409,
            "revRelocate_5": 0.42408621311187744,
            "twoOpt": 0.6079015135765076
        }
    },
    "last_improvement": 818,
    "name": "eil101-101-18.00-0",
    "solution": {
        "fitness": 1714,
        "is_feasible": true,
        "permutation": [
            39,
            20,
            3,
            38,
            66,
            24,
            54,
            53,
            67,
            78,
            25,
            52,
            95,
            98,
            36,
            58,
            91,
            90,
            13,
            37,
            15,
            92,
            16,
            44,
            81,
            47,
            6,
            87,
            9,
            62,
            10,
            48,
            63,
            31,
            29,
            69,
            68,
            30,
            27,
            1,
            40,
            71,
            72,
            57,
            12,
            94,
            97,
            86,
            60,
            83,
            82,
            4,
            41,
            42,
            14,
            56,
            73,
            33,
            28,
            70,
            64,
            34,
            77,
            8,
            65,
            19,
            46,
            0,
            32,
            76,
            88,
            11,
            75,
            79,
            80,
            35,
            7,
            59,
            96,
            99,
            23,
            17,
            61,
            51,
            21,
            22,
            5,
            84,
            26,
            74,
            93,
            55,
            45,
            43,
            50,
            49,
            18,
            85,
            2,
            89,
            100
        ],
        "permutation_orig_ids": [
            "40",
            "21",
            "4",
            "39",
            "67",
            "25",
            "55",
            "54",
            "68",
            "79",
            "26",
            "53",
            "96",
            "99",
            "37",
            "59",
            "92",
            "91",
            "14",
            "38",
            "16",
            "93",
            "17",
            "45",
            "82",
            "48",
            "7",
            "88",
            "10",
            "63",
            "11",
            "49",
            "64",
            "32",
            "30",
            "70",
            "69",
            "31",
            "28",
            "2",
            "41",
            "72",
            "73",
            "58",
            "13",
            "95",
            "98",
            "87",
            "61",
            "84",
            "83",
            "5",
            "42",
            "43",
            "15",
            "57",
            "74",
            "34",
            "29",
            "71",
            "65",
            "35",
            "78",
            "9",
            "66",
            "20",
            "47",
            "1",
            "33",
            "77",
            "89",
            "12",
            "76",
            "80",
            "81",
            "36",
            "8",
            "60",
            "97",
            "100",
            "24",
            "18",
            "62",
            "52",
            "22",
            "23",
            "6",
            "85",
            "27",
            "75",
            "94",
            "56",
            "46",
            "44",
            "51",
            "50",
            "19",
            "86",
            "3",
            "90",
            "101"
        ]
    },
    "steps": {
        "0": 2537,
        "1": 2446,
        "168": 1898,
        "17": 2147,
        "18": 2140,
        "2": 2394,
        "24": 2135,
        "260": 1859,
        "28": 2103,
        "286": 1829,
        "3": 2371,
        "30": 2082,
        "352": 1812,
        "365": 1789,
        "366": 1744,
        "383": 1742,
        "385": 1741,
        "4": 2273,
        "468": 1738,
        "5": 2271,
        "58": 2063,
        "59": 2029,
        "6": 2257,
        "61": 2014,
        "625": 1732,
        "63": 2013,
        "632": 1724,
        "636": 1723,
        "644": 1717,
        "67": 2002,
        "7": 2194,
        "8": 2190,
        "818": 1714
    },
    "timeout": 1010
}