{
    "config": {
        "allow_infeasible": true,
        "bvns_max_k": 7,
        "bvns_min_k": 1,
        "construction": "random",
        "local_search": "CVND",
        "metaheuristic": "BVNS",
        "num_threads": 8,
        "operators": [
            "insert_1",
            "remove_1",
            "twoOpt",
            "centExchange_1",
            "centExchange_3",
            "centExchange_4",
            "relocate_1",
            "relocate_4",
            "revRelocate_2",
            "revRelocate_3",
            "revRelocate_5",
            "moveAll_1",
            "moveAll_2",
            "moveAll_3",
            "moveAll_10"
        ],
        "perturbation": [
            "reinsert"
        ],
        "stop_on_feasible": false,
        "timeout": 220
    },
    "histogram": {
        "all": {
            "centExchange_1": 303838,
            "centExchange_3": 303797,
            "centExchange_4": 303797,
            "insert_1": 314126,
            "moveAll_1": 249329,
            "moveAll_10": 216699,
            "moveAll_2": 245352,
            "moveAll_3": 240260,
            "relocate_1": 283779,
            "relocate_4": 276138,
            "remove_1": 314126,
            "revRelocate_2": 261484,
            "revRelocate_3": 255311,
            "revRelocate_5": 252746,
            "twoOpt": 304948
        },
        "improving": {
            "centExchange_1": 93793,
            "centExchange_3": 35348,
            "centExchange_4": 12932,
            "insert_1": 0,
            "moveAll_1": 63159,
            "moveAll_10": 127523,
            "moveAll_2": 58848,
            "moveAll_3": 55406,
            "relocate_1": 181375,
            "relocate_4": 123337,
            "remove_1": 0,
            "revRelocate_2": 145121,
            "revRelocate_3": 92562,
            "revRelocate_5": 24932,
            "twoOpt": 148943
        },
        "rate": {
            "centExchange_1": 0.30869409441947937,
            "centExchange_3": 0.11635401099920273,
            "centExchange_4": 0.0425678975880146,
            "insert_1": 0.0,
            "moveAll_1": 0.25331589579582214,
            "moveAll_10": 0.5884798765182495,
            "moveAll_2": 0.23985131084918976,
            "moveAll_3": 0.2306085079908371,
            "relocate_1": 0.6391417384147644,
            "relocate_4": 0.44664984941482544,
            "remove_1": 0.0,
            "revRelocate_2": 0.5549899935722351,
            "revRelocate_3": 0.36254605650901794,
            "revRelocate_5": 0.09864448755979538,
            "twoOpt": 0.4884209632873535
        }
    },
    "last_improvement": 0,
    "name": "ulysses22.tsp-22-3.80-0",
    "solution": {
        "fitness": 141,
        "is_feasible": true,
        "permutation": [
            12,
            11,
            21,
            16,
            17,
            2,
            8,
            4,
            14,
            13,
            18,
            19,
            5,
            9,
            7,
            0,
            1,
            20,
            10,
            6,
            3,
            15
        ],
        "permutation_orig_ids": [
            "13",
            "12",
            "22",
            "17",
            "18",
            "3",
            "9",
            "5",
            "15",
            "14",
            "19",
            "20",
            "6",
            "10",
            "8",
            "1",
            "2",
            "21",
            "11",
            "7",
            "4",
            "16"
        ]
    },
    "steps": {
        "0": 141
    },
    "timeout": 220
}