{
    "config": {
        "allow_infeasible": true,
        "bvns_max_k": 7,
        "bvns_min_k": 1,
        "construction": "random",
        "local_search": "CVND",
        "metaheuristic": "BVNS",
        "num_threads": 8,
        "operators": [
            "insert_1",
            "remove_1",
            "twoOpt",
            "centExchange_1",
            "centExchange_3",
            "centExchange_4",
            "relocate_1",
            "relocate_4",
            "revRelocate_2",
            "revRelocate_3",
            "revRelocate_5",
            "moveAll_1",
            "moveAll_2",
            "moveAll_3",
            "moveAll_10"
        ],
        "perturbation": [
            "reinsert"
        ],
        "stop_on_feasible": false,
        "timeout": 520
    },
    "histogram": {
        "all": {
            "centExchange_1": 31942,
            "centExchange_3": 31921,
            "centExchange_4": 31896,
            "insert_1": 32964,
            "moveAll_1": 26751,
            "moveAll_10": 25801,
            "moveAll_2": 26606,
            "moveAll_3": 26478,
            "relocate_1": 29446,
            "relocate_4": 29237,
            "remove_1": 32964,
            "revRelocate_2": 27883,
            "revRelocate_3": 27284,
            "revRelocate_5": 26977,
            "twoOpt": 32026
        },
        "improving": {
            "centExchange_1": 10022,
            "centExchange_3": 6360,
            "centExchange_4": 4015,
            "insert_1": 0,
            "moveAll_1": 8931,
            "moveAll_10": 13186,
            "moveAll_2": 6917,
            "moveAll_3": 6566,
            "relocate_1": 22710,
            "relocate_4": 13239,
            "remove_1": 0,
            "revRelocate_2": 18695,
            "revRelocate_3": 14649,
            "revRelocate_5": 10035,
            "twoOpt": 19448
        },
        "rate": {
            "centExchange_1": 0.31375619769096375,
            "centExchange_3": 0.19924187660217285,
            "centExchange_4": 0.12587785720825195,
            "insert_1": 0.0,
            "moveAll_1": 0.3338566720485687,
            "moveAll_10": 0.5110654830932617,
            "moveAll_2": 0.2599789500236511,
            "moveAll_3": 0.24797944724559784,
            "relocate_1": 0.7712422609329224,
            "relocate_4": 0.4528166353702545,
            "remove_1": 0.0,
            "revRelocate_2": 0.6704801917076111,
            "revRelocate_3": 0.5369080901145935,
            "revRelocate_5": 0.37198352813720703,
            "twoOpt": 0.6072565913200378
        }
    },
    "last_improvement": 46,
    "name": "berlin52-52-8.30-0",
    "solution": {
        "fitness": 19334,
        "is_feasible": true,
        "permutation": [
            24,
            3,
            4,
            36,
            37,
            21,
            30,
            1,
            6,
            16,
            17,
            18,
            40,
            7,
            44,
            31,
            34,
            35,
            28,
            49,
            19,
            5,
            32,
            47,
            45,
            43,
            39,
            38,
            13,
            26,
            51,
            12,
            11,
            46,
            48,
            2,
            29,
            41,
            10,
            0,
            8,
            22,
            20,
            15,
            9,
            23,
            50,
            14,
            33,
            42,
            27,
            25
        ],
        "permutation_orig_ids": [
            "25",
            "4",
            "5",
            "37",
            "38",
            "22",
            "31",
            "2",
            "7",
            "17",
            "18",
            "19",
            "41",
            "8",
            "45",
            "32",
            "35",
            "36",
            "29",
            "50",
            "20",
            "6",
            "33",
            "48",
            "46",
            "44",
            "40",
            "39",
            "14",
            "27",
            "52",
            "13",
            "12",
            "47",
            "49",
            "3",
            "30",
            "42",
            "11",
            "1",
            "9",
            "23",
            "21",
            "16",
            "10",
            "24",
            "51",
            "15",
            "34",
            "43",
            "28",
            "26"
        ]
    },
    "steps": {
        "0": 23035,
        "1": 22612,
        "12": 21183,
        "13": 19911,
        "14": 19642,
        "3": 22383,
        "34": 19479,
        "46": 19334,
        "8": 21923,
        "9": 21390
    },
    "timeout": 520
}