{
    "config": {
        "allow_infeasible": true,
        "bvns_max_k": 7,
        "bvns_min_k": 1,
        "construction": "random",
        "local_search": "CVND",
        "metaheuristic": "BVNS",
        "num_threads": 8,
        "operators": [
            "insert_1",
            "remove_1",
            "twoOpt",
            "centExchange_1",
            "centExchange_3",
            "centExchange_4",
            "relocate_1",
            "relocate_4",
            "revRelocate_2",
            "revRelocate_3",
            "revRelocate_5",
            "moveAll_1",
            "moveAll_2",
            "moveAll_3",
            "moveAll_10"
        ],
        "perturbation": [
            "reinsert"
        ],
        "stop_on_feasible": false,
        "timeout": 140
    },
    "histogram": {
        "all": {
            "centExchange_1": 695387,
            "centExchange_3": 695381,
            "centExchange_4": 695381,
            "insert_1": 720244,
            "moveAll_1": 572877,
            "moveAll_10": 433060,
            "moveAll_2": 554516,
            "moveAll_3": 522301,
            "relocate_1": 653095,
            "relocate_4": 644801,
            "remove_1": 720244,
            "revRelocate_2": 609860,
            "revRelocate_3": 600258,
            "revRelocate_5": 599979,
            "twoOpt": 696935
        },
        "improving": {
            "centExchange_1": 220574,
            "centExchange_3": 36085,
            "centExchange_4": 6882,
            "insert_1": 0,
            "moveAll_1": 126208,
            "moveAll_10": 219548,
            "moveAll_2": 114728,
            "moveAll_3": 124017,
            "relocate_1": 379105,
            "relocate_4": 216193,
            "remove_1": 0,
            "revRelocate_2": 289540,
            "revRelocate_3": 100334,
            "revRelocate_5": 9143,
            "twoOpt": 352170
        },
        "rate": {
            "centExchange_1": 0.3171960413455963,
            "centExchange_3": 0.051892414689064026,
            "centExchange_4": 0.009896732866764069,
            "insert_1": 0.0,
            "moveAll_1": 0.22030557692050934,
            "moveAll_10": 0.5069690346717834,
            "moveAll_2": 0.2068975418806076,
            "moveAll_3": 0.23744353652000427,
            "relocate_1": 0.5804744958877563,
            "relocate_4": 0.33528637886047363,
            "remove_1": 0.0,
            "revRelocate_2": 0.47476470470428467,
            "revRelocate_3": 0.16715145111083984,
            "revRelocate_5": 0.0152388671413064,
            "twoOpt": 0.5053125619888306
        }
    },
    "last_improvement": 0,
    "name": "burma14-14-2.20-0",
    "solution": {
        "fitness": 53,
        "is_feasible": true,
        "permutation": [
            1,
            7,
            10,
            2,
            13,
            6,
            5,
            3,
            11,
            12,
            0,
            9,
            4,
            8
        ],
        "permutation_orig_ids": [
            "2",
            "8",
            "11",
            "3",
            "14",
            "7",
            "6",
            "4",
            "12",
            "13",
            "1",
            "10",
            "5",
            "9"
        ]
    },
    "steps": {
        "0": 53
    },
    "timeout": 140
}