{
    "config": {
        "allow_infeasible": true,
        "bvns_max_k": 7,
        "bvns_min_k": 1,
        "construction": "random",
        "local_search": "CVND",
        "metaheuristic": "BVNS",
        "num_threads": 8,
        "operators": [
            "insert_1",
            "remove_1",
            "twoOpt",
            "centExchange_1",
            "centExchange_3",
            "centExchange_4",
            "relocate_1",
            "relocate_4",
            "revRelocate_2",
            "revRelocate_3",
            "revRelocate_5",
            "moveAll_1",
            "moveAll_2",
            "moveAll_3",
            "moveAll_10"
        ],
        "perturbation": [
            "reinsert"
        ],
        "stop_on_feasible": false,
        "timeout": 220
    },
    "histogram": {
        "all": {
            "centExchange_1": 303418,
            "centExchange_3": 303375,
            "centExchange_4": 303373,
            "insert_1": 313758,
            "moveAll_1": 248844,
            "moveAll_10": 216442,
            "moveAll_2": 244962,
            "moveAll_3": 239925,
            "relocate_1": 283069,
            "relocate_4": 275405,
            "remove_1": 313758,
            "revRelocate_2": 260775,
            "revRelocate_3": 254715,
            "revRelocate_5": 252135,
            "twoOpt": 304562
        },
        "improving": {
            "centExchange_1": 93648,
            "centExchange_3": 35103,
            "centExchange_4": 12758,
            "insert_1": 0,
            "moveAll_1": 63495,
            "moveAll_10": 127695,
            "moveAll_2": 59295,
            "moveAll_3": 55474,
            "relocate_1": 181350,
            "relocate_4": 122881,
            "remove_1": 0,
            "revRelocate_2": 145223,
            "revRelocate_3": 92453,
            "revRelocate_5": 24948,
            "twoOpt": 148615
        },
        "rate": {
            "centExchange_1": 0.30864351987838745,
            "centExchange_3": 0.11570828408002853,
            "centExchange_4": 0.042053841054439545,
            "insert_1": 0.0,
            "moveAll_1": 0.255159854888916,
            "moveAll_10": 0.5899732708930969,
            "moveAll_2": 0.2420579493045807,
            "moveAll_3": 0.23121392726898193,
            "relocate_1": 0.6406565308570862,
            "relocate_4": 0.44618290662765503,
            "remove_1": 0.0,
            "revRelocate_2": 0.5568900108337402,
            "revRelocate_3": 0.3629664480686188,
            "revRelocate_5": 0.09894699603319168,
            "twoOpt": 0.4879630506038666
        }
    },
    "last_improvement": 0,
    "name": "ulysses22.tsp-22-3.80-0",
    "solution": {
        "fitness": 141,
        "is_feasible": true,
        "permutation": [
            12,
            11,
            21,
            16,
            17,
            2,
            8,
            4,
            14,
            13,
            18,
            19,
            5,
            9,
            7,
            0,
            1,
            20,
            10,
            6,
            3,
            15
        ],
        "permutation_orig_ids": [
            "13",
            "12",
            "22",
            "17",
            "18",
            "3",
            "9",
            "5",
            "15",
            "14",
            "19",
            "20",
            "6",
            "10",
            "8",
            "1",
            "2",
            "21",
            "11",
            "7",
            "4",
            "16"
        ]
    },
    "steps": {
        "0": 141
    },
    "timeout": 220
}