{
    "config": {
        "allow_infeasible": true,
        "bvns_max_k": 7,
        "bvns_min_k": 1,
        "construction": "random",
        "local_search": "CVND",
        "metaheuristic": "BVNS",
        "num_threads": 8,
        "operators": [
            "insert_1",
            "remove_1",
            "twoOpt",
            "centExchange_1",
            "centExchange_3",
            "centExchange_4",
            "relocate_1",
            "relocate_4",
            "revRelocate_2",
            "revRelocate_3",
            "revRelocate_5",
            "moveAll_1",
            "moveAll_2",
            "moveAll_3",
            "moveAll_10"
        ],
        "perturbation": [
            "reinsert"
        ],
        "stop_on_feasible": false,
        "timeout": 520
    },
    "histogram": {
        "all": {
            "centExchange_1": 31857,
            "centExchange_3": 31841,
            "centExchange_4": 31835,
            "insert_1": 32479,
            "moveAll_1": 26733,
            "moveAll_10": 25636,
            "moveAll_2": 26565,
            "moveAll_3": 26396,
            "relocate_1": 29432,
            "relocate_4": 29143,
            "remove_1": 32479,
            "revRelocate_2": 27991,
            "revRelocate_3": 27384,
            "revRelocate_5": 27013,
            "twoOpt": 31933
        },
        "improving": {
            "centExchange_1": 9398,
            "centExchange_3": 6173,
            "centExchange_4": 3527,
            "insert_1": 0,
            "moveAll_1": 9475,
            "moveAll_10": 13473,
            "moveAll_2": 7040,
            "moveAll_3": 6530,
            "relocate_1": 23101,
            "relocate_4": 13737,
            "remove_1": 0,
            "revRelocate_2": 18683,
            "revRelocate_3": 14837,
            "revRelocate_5": 10506,
            "twoOpt": 18309
        },
        "rate": {
            "centExchange_1": 0.29500579833984375,
            "centExchange_3": 0.19386954605579376,
            "centExchange_4": 0.11079001426696777,
            "insert_1": 0.0,
            "moveAll_1": 0.3544308543205261,
            "moveAll_10": 0.5255500078201294,
            "moveAll_2": 0.26501035690307617,
            "moveAll_3": 0.24738596379756927,
            "relocate_1": 0.7848939895629883,
            "relocate_4": 0.4713653326034546,
            "remove_1": 0.0,
            "revRelocate_2": 0.667464554309845,
            "revRelocate_3": 0.5418127179145813,
            "revRelocate_5": 0.38892385363578796,
            "twoOpt": 0.5733566880226135
        }
    },
    "last_improvement": 370,
    "name": "berlin52-52-8.30-0",
    "solution": {
        "fitness": 20028,
        "is_feasible": true,
        "permutation": [
            36,
            4,
            5,
            7,
            40,
            16,
            30,
            19,
            49,
            15,
            28,
            25,
            13,
            51,
            12,
            11,
            45,
            43,
            1,
            6,
            41,
            29,
            35,
            37,
            34,
            38,
            21,
            31,
            17,
            18,
            39,
            32,
            47,
            26,
            23,
            9,
            0,
            10,
            3,
            20,
            22,
            8,
            46,
            27,
            42,
            33,
            44,
            24,
            48,
            2,
            14,
            50
        ],
        "permutation_orig_ids": [
            "37",
            "5",
            "6",
            "8",
            "41",
            "17",
            "31",
            "20",
            "50",
            "16",
            "29",
            "26",
            "14",
            "52",
            "13",
            "12",
            "46",
            "44",
            "2",
            "7",
            "42",
            "30",
            "36",
            "38",
            "35",
            "39",
            "22",
            "32",
            "18",
            "19",
            "40",
            "33",
            "48",
            "27",
            "24",
            "10",
            "1",
            "11",
            "4",
            "21",
            "23",
            "9",
            "47",
            "28",
            "43",
            "34",
            "45",
            "25",
            "49",
            "3",
            "15",
            "51"
        ]
    },
    "steps": {
        "0": 22318,
        "1": 22165,
        "137": 20815,
        "142": 20797,
        "146": 20796,
        "2": 21555,
        "22": 21462,
        "224": 20697,
        "225": 20444,
        "231": 20430,
        "238": 20265,
        "345": 20132,
        "370": 20028,
        "5": 21495,
        "75": 21265
    },
    "timeout": 520
}