{
    "config": {
        "allow_infeasible": true,
        "bvns_max_k": 7,
        "bvns_min_k": 1,
        "construction": "random",
        "local_search": "CVND",
        "metaheuristic": "BVNS",
        "num_threads": 8,
        "operators": [
            "insert_1",
            "remove_1",
            "twoOpt",
            "centExchange_1",
            "centExchange_3",
            "centExchange_4",
            "relocate_1",
            "relocate_4",
            "revRelocate_2",
            "revRelocate_3",
            "revRelocate_5",
            "moveAll_1",
            "moveAll_2",
            "moveAll_3",
            "moveAll_10"
        ],
        "perturbation": [
            "reinsert"
        ],
        "stop_on_feasible": false,
        "timeout": 140
    },
    "histogram": {
        "all": {
            "centExchange_1": 719279,
            "centExchange_3": 719275,
            "centExchange_4": 719275,
            "insert_1": 745262,
            "moveAll_1": 592871,
            "moveAll_10": 448340,
            "moveAll_2": 573898,
            "moveAll_3": 540785,
            "relocate_1": 675942,
            "relocate_4": 667447,
            "remove_1": 745262,
            "revRelocate_2": 630787,
            "revRelocate_3": 621113,
            "revRelocate_5": 620838,
            "twoOpt": 720865
        },
        "improving": {
            "centExchange_1": 227783,
            "centExchange_3": 37277,
            "centExchange_4": 6936,
            "insert_1": 0,
            "moveAll_1": 130291,
            "moveAll_10": 227705,
            "moveAll_2": 118336,
            "moveAll_3": 128380,
            "relocate_1": 392060,
            "relocate_4": 223784,
            "remove_1": 0,
            "revRelocate_2": 299779,
            "revRelocate_3": 103798,
            "revRelocate_5": 9494,
            "twoOpt": 364764
        },
        "rate": {
            "centExchange_1": 0.3166823983192444,
            "centExchange_3": 0.05182579532265663,
            "centExchange_4": 0.009643043391406536,
            "insert_1": 0.0,
            "moveAll_1": 0.21976281702518463,
            "moveAll_10": 0.5078846216201782,
            "moveAll_2": 0.20619691908359528,
            "moveAll_3": 0.23739564418792725,
            "relocate_1": 0.5800201892852783,
            "relocate_4": 0.3352835476398468,
            "remove_1": 0.0,
            "revRelocate_2": 0.47524601221084595,
            "revRelocate_3": 0.16711613535881042,
            "revRelocate_5": 0.015292233787477016,
            "twoOpt": 0.5060087442398071
        }
    },
    "last_improvement": 0,
    "name": "burma14-14-2.20-0",
    "solution": {
        "fitness": 53,
        "is_feasible": true,
        "permutation": [
            1,
            7,
            10,
            2,
            13,
            6,
            5,
            3,
            11,
            12,
            0,
            9,
            4,
            8
        ],
        "permutation_orig_ids": [
            "2",
            "8",
            "11",
            "3",
            "14",
            "7",
            "6",
            "4",
            "12",
            "13",
            "1",
            "10",
            "5",
            "9"
        ]
    },
    "steps": {
        "0": 53
    },
    "timeout": 140
}