{
    "config": {
        "allow_infeasible": true,
        "bvns_max_k": 7,
        "bvns_min_k": 1,
        "construction": "random",
        "local_search": "CVND",
        "metaheuristic": "BVNS",
        "num_threads": 8,
        "operators": [
            "insert_1",
            "remove_1",
            "twoOpt",
            "centExchange_1",
            "centExchange_3",
            "centExchange_4",
            "relocate_1",
            "relocate_4",
            "revRelocate_2",
            "revRelocate_3",
            "revRelocate_5",
            "moveAll_1",
            "moveAll_2",
            "moveAll_3",
            "moveAll_10"
        ],
        "perturbation": [
            "reinsert"
        ],
        "stop_on_feasible": false,
        "timeout": 1010
    },
    "histogram": {
        "all": {
            "centExchange_1": 5019,
            "centExchange_3": 5015,
            "centExchange_4": 5013,
            "insert_1": 5125,
            "moveAll_1": 4241,
            "moveAll_10": 4179,
            "moveAll_2": 4234,
            "moveAll_3": 4219,
            "relocate_1": 4603,
            "relocate_4": 4575,
            "remove_1": 5125,
            "revRelocate_2": 4407,
            "revRelocate_3": 4327,
            "revRelocate_5": 4275,
            "twoOpt": 5027
        },
        "improving": {
            "centExchange_1": 1453,
            "centExchange_3": 1044,
            "centExchange_4": 702,
            "insert_1": 0,
            "moveAll_1": 1517,
            "moveAll_10": 1882,
            "moveAll_2": 1084,
            "moveAll_3": 978,
            "relocate_1": 3807,
            "relocate_4": 2067,
            "remove_1": 0,
            "revRelocate_2": 3106,
            "revRelocate_3": 2502,
            "revRelocate_5": 1944,
            "twoOpt": 3042
        },
        "rate": {
            "centExchange_1": 0.2894999086856842,
            "centExchange_3": 0.20817548036575317,
            "centExchange_4": 0.14003591239452362,
            "insert_1": 0.0,
            "moveAll_1": 0.3576986491680145,
            "moveAll_10": 0.450346976518631,
            "moveAll_2": 0.2560226619243622,
            "moveAll_3": 0.23180848360061646,
            "relocate_1": 0.8270692825317383,
            "relocate_4": 0.4518032670021057,
            "remove_1": 0.0,
            "revRelocate_2": 0.7047878503799438,
            "revRelocate_3": 0.5782297253608704,
            "revRelocate_5": 0.4547368288040161,
            "twoOpt": 0.6051322817802429
        }
    },
    "last_improvement": 620,
    "name": "eil101-101-18.00-0",
    "solution": {
        "fitness": 1674,
        "is_feasible": true,
        "permutation": [
            39,
            74,
            3,
            38,
            24,
            54,
            79,
            53,
            76,
            78,
            77,
            34,
            64,
            65,
            19,
            70,
            69,
            9,
            62,
            61,
            63,
            10,
            47,
            87,
            30,
            68,
            26,
            88,
            58,
            86,
            57,
            12,
            5,
            95,
            93,
            97,
            15,
            92,
            41,
            14,
            40,
            1,
            56,
            42,
            13,
            37,
            90,
            91,
            36,
            84,
            60,
            46,
            0,
            32,
            33,
            52,
            82,
            4,
            17,
            35,
            7,
            6,
            67,
            28,
            66,
            22,
            73,
            71,
            72,
            94,
            98,
            83,
            16,
            44,
            59,
            96,
            99,
            23,
            75,
            11,
            27,
            25,
            48,
            81,
            51,
            21,
            8,
            31,
            29,
            80,
            20,
            55,
            45,
            43,
            50,
            49,
            18,
            85,
            2,
            89,
            100
        ],
        "permutation_orig_ids": [
            "40",
            "75",
            "4",
            "39",
            "25",
            "55",
            "80",
            "54",
            "77",
            "79",
            "78",
            "35",
            "65",
            "66",
            "20",
            "71",
            "70",
            "10",
            "63",
            "62",
            "64",
            "11",
            "48",
            "88",
            "31",
            "69",
            "27",
            "89",
            "59",
            "87",
            "58",
            "13",
            "6",
            "96",
            "94",
            "98",
            "16",
            "93",
            "42",
            "15",
            "41",
            "2",
            "57",
            "43",
            "14",
            "38",
            "91",
            "92",
            "37",
            "85",
            "61",
            "47",
            "1",
            "33",
            "34",
            "53",
            "83",
            "5",
            "18",
            "36",
            "8",
            "7",
            "68",
            "29",
            "67",
            "23",
            "74",
            "72",
            "73",
            "95",
            "99",
            "84",
            "17",
            "45",
            "60",
            "97",
            "100",
            "24",
            "76",
            "12",
            "28",
            "26",
            "49",
            "82",
            "52",
            "22",
            "9",
            "32",
            "30",
            "81",
            "21",
            "56",
            "46",
            "44",
            "51",
            "50",
            "19",
            "86",
            "3",
            "90",
            "101"
        ]
    },
    "steps": {
        "0": 2537,
        "1": 2446,
        "103": 1883,
        "14": 2193,
        "141": 1850,
        "16": 2135,
        "161": 1828,
        "17": 2114,
        "18": 2070,
        "189": 1822,
        "190": 1818,
        "192": 1767,
        "2": 2341,
        "205": 1759,
        "220": 1728,
        "221": 1718,
        "260": 1712,
        "29": 2027,
        "3": 2322,
        "30": 1987,
        "31": 1976,
        "32": 1968,
        "33": 1955,
        "35": 1920,
        "4": 2262,
        "5": 2222,
        "618": 1680,
        "619": 1679,
        "620": 1674,
        "7": 2212
    },
    "timeout": 1010
}