{
    "config": {
        "allow_infeasible": true,
        "bvns_max_k": 7,
        "bvns_min_k": 1,
        "construction": "random",
        "local_search": "CVND",
        "metaheuristic": "BVNS",
        "num_threads": 8,
        "operators": [
            "insert_1",
            "remove_1",
            "twoOpt",
            "centExchange_1",
            "centExchange_3",
            "centExchange_4",
            "relocate_1",
            "relocate_4",
            "revRelocate_2",
            "revRelocate_3",
            "revRelocate_5",
            "moveAll_1",
            "moveAll_2",
            "moveAll_3",
            "moveAll_10"
        ],
        "perturbation": [
            "reinsert"
        ],
        "stop_on_feasible": false,
        "timeout": 220
    },
    "histogram": {
        "all": {
            "centExchange_1": 305699,
            "centExchange_3": 305659,
            "centExchange_4": 305658,
            "insert_1": 315955,
            "moveAll_1": 250724,
            "moveAll_10": 217784,
            "moveAll_2": 246666,
            "moveAll_3": 241687,
            "relocate_1": 285599,
            "relocate_4": 277887,
            "remove_1": 315955,
            "revRelocate_2": 263004,
            "revRelocate_3": 256754,
            "revRelocate_5": 254178,
            "twoOpt": 306801
        },
        "improving": {
            "centExchange_1": 94251,
            "centExchange_3": 35422,
            "centExchange_4": 12838,
            "insert_1": 0,
            "moveAll_1": 63656,
            "moveAll_10": 128514,
            "moveAll_2": 59759,
            "moveAll_3": 55702,
            "relocate_1": 182486,
            "relocate_4": 124139,
            "remove_1": 0,
            "revRelocate_2": 146398,
            "revRelocate_3": 93261,
            "revRelocate_5": 25333,
            "twoOpt": 149533
        },
        "rate": {
            "centExchange_1": 0.3083130717277527,
            "centExchange_3": 0.11588731408119202,
            "centExchange_4": 0.04200119152665138,
            "insert_1": 0.0,
            "moveAll_1": 0.25388872623443604,
            "moveAll_10": 0.5900984406471252,
            "moveAll_2": 0.24226686358451843,
            "moveAll_3": 0.2304716408252716,
            "relocate_1": 0.6389588117599487,
            "relocate_4": 0.4467247426509857,
            "remove_1": 0.0,
            "revRelocate_2": 0.5566379427909851,
            "revRelocate_3": 0.36323094367980957,
            "revRelocate_5": 0.09966637194156647,
            "twoOpt": 0.4873940944671631
        }
    },
    "last_improvement": 0,
    "name": "ulysses22.tsp-22-3.80-0",
    "solution": {
        "fitness": 141,
        "is_feasible": true,
        "permutation": [
            12,
            11,
            21,
            16,
            17,
            2,
            8,
            4,
            14,
            13,
            18,
            19,
            5,
            9,
            7,
            0,
            1,
            20,
            10,
            6,
            3,
            15
        ],
        "permutation_orig_ids": [
            "13",
            "12",
            "22",
            "17",
            "18",
            "3",
            "9",
            "5",
            "15",
            "14",
            "19",
            "20",
            "6",
            "10",
            "8",
            "1",
            "2",
            "21",
            "11",
            "7",
            "4",
            "16"
        ]
    },
    "steps": {
        "0": 141
    },
    "timeout": 220
}