
The following have been reloaded with a version change:
  1) mii/1.1.1 => mii/1.1.2

Solver: CABS from DIDPPy v0.8.0
Searched with beam size: 1, expanded: 2, elapsed time: 0.000092275
New dual bound: 0, expanded: 2, elapsed time: 0.000110342
Searched with beam size: 2, expanded: 24, elapsed time: 0.000235562
New primal bound: 52.66006434063039, expanded: 24, elapsed time: 0.000240086
Searched with beam size: 4, expanded: 54, elapsed time: 0.000334161
Searched with beam size: 8, expanded: 100, elapsed time: 0.000474205
Searched with beam size: 16, expanded: 154, elapsed time: 0.000648772
burma14-3.1.json
===INSTANCE START
ALG: DIDP-ADD-nofirst
Instance Name: burma14-3.1.json
['2', '8', '11', '3', '14', '7', '6', '4', '12', '13', '1', '10', '5', '9', '2']
ALGORITHM END
Best Bound: 52.66006434063039
Cost: 52.66006434063039
Expanded: 154
Generated: 158
Infeasible: False
Optimal: True
Time: 0.00065276
Memory Used (MiB): 13.96
Transitions: [2, 9, 5, 10, 1, 13, 12, 4, 6, 7, 14, 3, 11, 8]
---RESULTS END
time limit is: 1800
model used is: DIDP-add-nofirst
batch num is: burma14-3.1
/gpfs/fs0/scratch/b/beck/pekardan
/gpfs/fs0/scratch/b/beck/pekardan/DIDP-add-nofirst.py
Solver: CABS from DIDPPy v0.8.0
Searched with beam size: 1, expanded: 2, elapsed time: 0.000207402
New dual bound: 0, expanded: 2, elapsed time: 0.000247005
Searched with beam size: 2, expanded: 7, elapsed time: 0.000287986
Searched with beam size: 4, expanded: 16, elapsed time: 0.000351348
Searched with beam size: 8, expanded: 30, elapsed time: 0.000443945
Searched with beam size: 16, expanded: 272, elapsed time: 0.001537683
New primal bound: 143.36358859838913, expanded: 272, elapsed time: 0.001542474
Searched with beam size: 32, expanded: 702, elapsed time: 0.003125773
New dual bound: 108.86448259849848, expanded: 702, elapsed time: 0.003130124
Searched with beam size: 64, expanded: 1368, elapsed time: 0.005273881
New dual bound: 115.89696131498462, expanded: 1368, elapsed time: 0.005279085
Searched with beam size: 128, expanded: 2386, elapsed time: 0.008430545
New dual bound: 125.47371918890134, expanded: 2386, elapsed time: 0.00843541
New primal bound: 143.3329278328816, expanded: 2386, elapsed time: 0.00844573
Searched with beam size: 256, expanded: 3887, elapsed time: 0.012684164
New dual bound: 136.96634573751518, expanded: 3887, elapsed time: 0.012688287
Searched with beam size: 512, expanded: 5574, elapsed time: 0.017337042
ulysses22-5.5.json
===INSTANCE START
ALG: DIDP-ADD-nofirst
Instance Name: ulysses22-5.5.json
['13', '12', '22', '17', '18', '3', '9', '5', '15', '14', '19', '20', '6', '10', '8', '1', '2', '21', '11', '7', '4', '16', '13']
ALGORITHM END
Best Bound: 143.3329278328816
Cost: 143.3329278328816
Expanded: 5574
Generated: 6466
Infeasible: False
Optimal: True
Time: 0.017341859
Memory Used (MiB): 14.46
Transitions: [13, 16, 4, 7, 11, 21, 2, 1, 8, 10, 6, 20, 19, 14, 15, 5, 9, 3, 18, 17, 22, 12]
---RESULTS END
time limit is: 1800
model used is: DIDP-add-nofirst
batch num is: ulysses22-5.5
/gpfs/fs0/scratch/b/beck/pekardan
/gpfs/fs0/scratch/b/beck/pekardan/DIDP-add-nofirst.py
Solver: CABS from DIDPPy v0.8.0
Searched with beam size: 1, expanded: 2, elapsed time: 0.000105407
New dual bound: 0, expanded: 2, elapsed time: 0.00012289
Searched with beam size: 2, expanded: 8, elapsed time: 0.000212606
Searched with beam size: 4, expanded: 19, elapsed time: 0.000357174
Searched with beam size: 8, expanded: 39, elapsed time: 0.000596235
Searched with beam size: 16, expanded: 79, elapsed time: 0.001059203
Searched with beam size: 32, expanded: 168, elapsed time: 0.00203941
Searched with beam size: 64, expanded: 296, elapsed time: 0.003434804
berlin52-10.4.json
===INSTANCE START
ALG: DIDP-ADD-nofirst
Instance Name: berlin52-10.4.json
[]
ALGORITHM END
Best Bound: None
Cost: None
Expanded: 296
Generated: 296
Infeasible: True
Optimal: False
Time: 0.003439899
Memory Used (MiB): 20.59
Transitions: []
---RESULTS END
time limit is: 1800
model used is: DIDP-add-nofirst
batch num is: berlin52-10.4
/gpfs/fs0/scratch/b/beck/pekardan
/gpfs/fs0/scratch/b/beck/pekardan/DIDP-add-nofirst.py
===INSTANCE START
ALG: DIDP-DEL-nofirst
Instance Name: burma14-3.1.json
this process used:  40.46875  MiB
ALGORITHM END
Best Bound: 52.66006434063039
Cost: 52.66006434063039
Expanded: 520868
Generated: 601847
Infeasible: False
Optimal: True
Time: 1.657441999
Memory Used (MiB): 40.73
Transitions: [2, 8, 11, 3, 14, 7, 6, 4, 12, 13, 1, 10, 5, 9]
---RESULTS END
time limit is: 1800
model used is: DIDP-del-nofirst
batch num is: burma14-3.1
/gpfs/fs0/scratch/b/beck/pekardan
/gpfs/fs0/scratch/b/beck/pekardan/DIDP-del-nofirst.py
===INSTANCE START
ALG: DIDP-DEL-nofirst
Instance Name: gr202-67.3.json
this process used:  399.16015625  MiB
ALGORITHM END
Best Bound: 3.7951011727734234
Cost: None
Expanded: 21838365
Generated: 102684020
Infeasible: False
Optimal: False
Time: 1800.962995665
Memory Used (MiB): 399.16
Transitions: []
---RESULTS END
time limit is: 1800
model used is: DIDP-del-nofirst
batch num is: gr202-67.3
/gpfs/fs0/scratch/b/beck/pekardan
/gpfs/fs0/scratch/b/beck/pekardan/DIDP-del-nofirst.py
Solver: CABS from DIDPPy v0.8.0
Searched with beam size: 1, expanded: 203, elapsed time: 0.009593838
New dual bound: 0, expanded: 203, elapsed time: 0.009616224
New primal bound: 1021.2949144772089, expanded: 203, elapsed time: 0.009619151
Searched with beam size: 2, expanded: 608, elapsed time: 0.027644047
New primal bound: 976.4038363704076, expanded: 608, elapsed time: 0.027823832
Searched with beam size: 4, expanded: 1416, elapsed time: 0.06291607
New primal bound: 912.9274007503535, expanded: 1416, elapsed time: 0.063104119
Searched with beam size: 8, expanded: 3024, elapsed time: 0.133479144
Searched with beam size: 16, expanded: 6246, elapsed time: 0.273242754
New primal bound: 894.4933490473418, expanded: 6246, elapsed time: 0.273431335
Searched with beam size: 32, expanded: 12688, elapsed time: 0.551904946
New primal bound: 859.2407717091202, expanded: 12688, elapsed time: 0.552100069
Searched with beam size: 64, expanded: 25530, elapsed time: 1.1153511759999999
New primal bound: 854.6456711546982, expanded: 25530, elapsed time: 1.115532611
Searched with beam size: 128, expanded: 51236, elapsed time: 2.24807058
New primal bound: 838.5378574099122, expanded: 51236, elapsed time: 2.24837996
Searched with beam size: 256, expanded: 102405, elapsed time: 4.5533679639999995
New dual bound: 4.935929497065372, expanded: 102405, elapsed time: 4.553385646
Searched with beam size: 512, expanded: 204632, elapsed time: 9.255397666
New dual bound: 7.143794509922581, expanded: 204632, elapsed time: 9.25541629
Searched with beam size: 1024, expanded: 408495, elapsed time: 19.060581254
New dual bound: 9.656881535975193, expanded: 408495, elapsed time: 19.060600014
New primal bound: 837.022511940356, expanded: 408495, elapsed time: 19.060865116
Searched with beam size: 2048, expanded: 816091, elapsed time: 39.288866663
New dual bound: 11.805783975883525, expanded: 816091, elapsed time: 39.288886184
New primal bound: 826.4675816056891, expanded: 816091, elapsed time: 39.289106552
Searched with beam size: 4096, expanded: 1630193, elapsed time: 81.283498992
New dual bound: 14.088131954686155, expanded: 1630193, elapsed time: 81.283520769
New primal bound: 807.8580713593037, expanded: 1630193, elapsed time: 81.283794627
Searched with beam size: 8192, expanded: 3251979, elapsed time: 168.24271425
New dual bound: 16.215638311123964, expanded: 3251979, elapsed time: 168.24273517
New primal bound: 792.9133207319453, expanded: 3251979, elapsed time: 168.242990033
Searched with beam size: 16384, expanded: 6486886, elapsed time: 346.986157729
New dual bound: 18.366898838844254, expanded: 6486886, elapsed time: 346.986178184
Searched with beam size: 32768, expanded: 12946895, elapsed time: 715.527865041
New dual bound: 20.435770433442883, expanded: 12946895, elapsed time: 715.527886434
Searched with beam size: 65536, expanded: 25834570, elapsed time: 1476.199573574
New dual bound: 22.546746159789315, expanded: 25834570, elapsed time: 1476.199594443
New primal bound: 779.8843610492427, expanded: 25834570, elapsed time: 1476.19981735
Searched with beam size: 131072, expanded: 29964418, elapsed time: 1800.979038899
Reached time limit.
gr202-67.3.json
===INSTANCE START
ALG: DIDP-ADD-nofirst
Instance Name: gr202-67.3.json
['115', '68', '74', '76', '75', '1', '3', '36', '86', '83', '78', '77', '79', '80', '82', '81', '162', '179', '183', '202', '201', '200', '191', '149', '125', '122', '102', '116', '164', '172', '166', '91', '90', '89', '87', '93', '85', '84', '67', '65', '60', '57', '58', '71', '72', '73', '70', '69', '30', '32', '20', '15', '16', '2', '6', '17', '9', '18', '146', '152', '153', '154', '155', '199', '197', '190', '188', '187', '184', '135', '175', '189', '174', '169', '157', '159', '98', '100', '112', '114', '167', '136', '171', '173', '178', '194', '180', '182', '181', '195', '196', '193', '198', '192', '151', '150', '148', '147', '25', '143', '127', '22', '26', '21', '19', '12', '13', '14', '8', '4', '5', '7', '10', '11', '33', '31', '55', '61', '59', '63', '64', '66', '62', '56', '53', '52', '51', '54', '34', '44', '35', '27', '29', '37', '28', '24', '142', '137', '23', '128', '39', '138', '131', '109', '43', '45', '47', '46', '113', '121', '132', '126', '139', '185', '134', '133', '145', '141', '144', '140', '186', '176', '177', '165', '161', '160', '158', '163', '170', '168', '94', '97', '92', '88', '96', '106', '99', '95', '124', '123', '103', '49', '48', '108', '41', '50', '119', '38', '104', '107', '111', '118', '130', '129', '40', '42', '105', '120', '110', '117', '156', '101', '115']
ALGORITHM END
Best Bound: 22.546746159789315
Cost: 779.8843610492427
Expanded: 29964418
Generated: 127946004
Infeasible: False
Optimal: False
Time: 1800.979060547
Memory Used (MiB): 386.88
Transitions: [115, 101, 156, 117, 110, 120, 105, 42, 40, 129, 130, 118, 111, 107, 104, 38, 119, 50, 41, 108, 48, 49, 103, 123, 124, 95, 99, 106, 96, 88, 92, 97, 94, 168, 170, 163, 158, 160, 161, 165, 177, 176, 186, 140, 144, 141, 145, 133, 134, 185, 139, 126, 132, 121, 113, 46, 47, 45, 43, 109, 131, 138, 39, 128, 23, 137, 142, 24, 28, 37, 29, 27, 35, 44, 34, 54, 51, 52, 53, 56, 62, 66, 64, 63, 59, 61, 55, 31, 33, 11, 10, 7, 5, 4, 8, 14, 13, 12, 19, 21, 26, 22, 127, 143, 25, 147, 148, 150, 151, 192, 198, 193, 196, 195, 181, 182, 180, 194, 178, 173, 171, 136, 167, 114, 112, 100, 98, 159, 157, 169, 174, 189, 175, 135, 184, 187, 188, 190, 197, 199, 155, 154, 153, 152, 146, 18, 9, 17, 6, 2, 16, 15, 20, 32, 30, 69, 70, 73, 72, 71, 58, 57, 60, 65, 67, 84, 85, 93, 87, 89, 90, 91, 166, 172, 164, 116, 102, 122, 125, 149, 191, 200, 201, 202, 183, 179, 162, 81, 82, 80, 79, 77, 78, 83, 86, 36, 3, 1, 75, 76, 74, 68]
---RESULTS END
time limit is: 1800
model used is: DIDP-add-nofirst
batch num is: gr202-67.3
/gpfs/fs0/scratch/b/beck/pekardan
/gpfs/fs0/scratch/b/beck/pekardan/DIDP-add-nofirst.py
Solver: CABS from DIDPPy v0.8.0
Searched with beam size: 1, expanded: 319, elapsed time: 0.028495715
New dual bound: 0, expanded: 319, elapsed time: 0.028521633
New primal bound: 122999.20930789925, expanded: 319, elapsed time: 0.028524672
Searched with beam size: 2, expanded: 956, elapsed time: 0.08185672
New primal bound: 122565.07479642305, expanded: 956, elapsed time: 0.082174452
Searched with beam size: 4, expanded: 2227, elapsed time: 0.188958522
New primal bound: 110869.6686129578, expanded: 2227, elapsed time: 0.189292332
Searched with beam size: 8, expanded: 4766, elapsed time: 0.401360093
New primal bound: 109889.17242622294, expanded: 4766, elapsed time: 0.401668631
Searched with beam size: 16, expanded: 9846, elapsed time: 0.820809897
Searched with beam size: 32, expanded: 19991, elapsed time: 1.662938783
Searched with beam size: 64, expanded: 40246, elapsed time: 3.3459882
Searched with beam size: 128, expanded: 80819, elapsed time: 6.764962205
New primal bound: 104236.16141660576, expanded: 80819, elapsed time: 6.765544425
Searched with beam size: 256, expanded: 161843, elapsed time: 13.691533186000001
New primal bound: 103537.4951557699, expanded: 161843, elapsed time: 13.69210815
Searched with beam size: 512, expanded: 323802, elapsed time: 27.795689513
New dual bound: 687.8909797344344, expanded: 323802, elapsed time: 27.795708228
New primal bound: 99607.93125699909, expanded: 323802, elapsed time: 27.796205149
Searched with beam size: 1024, expanded: 646952, elapsed time: 56.406015989
New dual bound: 1018.0967537518229, expanded: 646952, elapsed time: 56.406034233
New primal bound: 97177.30338187881, expanded: 646952, elapsed time: 56.406502819
Searched with beam size: 2048, expanded: 1292257, elapsed time: 114.603903689
New dual bound: 1331, expanded: 1292257, elapsed time: 114.603927551
New primal bound: 94862.11079593671, expanded: 1292257, elapsed time: 114.604397153
Searched with beam size: 4096, expanded: 2572436, elapsed time: 233.499754151
New dual bound: 1628.718753569457, expanded: 2572436, elapsed time: 233.499781254
Searched with beam size: 8192, expanded: 5134729, elapsed time: 476.825150004
New dual bound: 1895.863544514149, expanded: 5134729, elapsed time: 476.825178148
Searched with beam size: 16384, expanded: 10268996, elapsed time: 972.825420361
New dual bound: 2195.0176387974625, expanded: 10268996, elapsed time: 972.82545509
Searched with beam size: 32768, expanded: 17241749, elapsed time: 1800.410276965
Reached time limit.
lin318-99.3.json
===INSTANCE START
ALG: DIDP-ADD-nofirst
Instance Name: lin318-99.3.json
['33', '34', '39', '61', '73', '102', '89', '167', '168', '166', '272', '297', '308', '280', '264', '143', '144', '139', '235', '227', '213', '219', '215', '214', '223', '224', '244', '249', '245', '248', '318', '270', '271', '275', '276', '298', '304', '305', '310', '309', '303', '200', '307', '301', '193', '174', '180', '186', '195', '204', '203', '196', '206', '202', '201', '207', '99', '101', '97', '96', '85', '71', '59', '105', '58', '37', '26', '14', '4', '112', '108', '113', '129', '133', '120', '134', '17', '25', '32', '11', '2', '7', '6', '1', '10', '103', '31', '36', '42', '46', '57', '48', '49', '316', '317', '67', '72', '84', '80', '76', '81', '66', '60', '155', '147', '159', '162', '146', '158', '163', '165', '278', '282', '294', '295', '281', '293', '287', '269', '255', '258', '261', '250', '247', '246', '237', '230', '222', '218', '226', '313', '239', '225', '211', '216', '212', '217', '109', '110', '114', '123', '132', '130', '128', '127', '136', '35', '38', '154', '152', '160', '164', '210', '181', '175', '178', '183', '65', '188', '187', '198', '197', '95', '100', '94', '190', '184', '191', '194', '199', '312', '311', '205', '302', '306', '299', '300', '296', '286', '273', '315', '266', '265', '253', '257', '314', '242', '238', '232', '243', '240', '140', '157', '156', '161', '149', '153', '209', '138', '137', '125', '117', '121', '131', '122', '208', '106', '107', '9', '8', '18', '24', '16', '12', '3', '22', '29', '15', '30', '19', '104', '47', '44', '40', '45', '43', '55', '56', '54', '53', '51', '50', '41', '52', '63', '74', '70', '69', '75', '62', '64', '86', '91', '92', '68', '78', '82', '83', '77', '79', '93', '98', '90', '87', '88', '172', '189', '169', '173', '176', '177', '182', '179', '185', '170', '171', '277', '192', '288', '292', '289', '290', '283', '285', '284', '274', '291', '279', '260', '262', '267', '251', '252', '268', '263', '256', '254', '259', '241', '118', '220', '221', '233', '234', '236', '228', '229', '231', '119', '142', '141', '148', '151', '150', '145', '126', '135', '124', '116', '5', '111', '13', '115', '27', '21', '20', '23', '28', '33']
ALGORITHM END
Best Bound: 2195.0176387974625
Cost: 94862.11079593671
Expanded: 17241749
Generated: 81277332
Infeasible: False
Optimal: False
Time: 1800.410309682
Memory Used (MiB): 198.68
Transitions: [33, 28, 23, 20, 21, 27, 115, 13, 111, 5, 116, 124, 135, 126, 145, 150, 151, 148, 141, 142, 119, 231, 229, 228, 236, 234, 233, 221, 220, 118, 241, 259, 254, 256, 263, 268, 252, 251, 267, 262, 260, 279, 291, 274, 284, 285, 283, 290, 289, 292, 288, 192, 277, 171, 170, 185, 179, 182, 177, 176, 173, 169, 189, 172, 88, 87, 90, 98, 93, 79, 77, 83, 82, 78, 68, 92, 91, 86, 64, 62, 75, 69, 70, 74, 63, 52, 41, 50, 51, 53, 54, 56, 55, 43, 45, 40, 44, 47, 104, 19, 30, 15, 29, 22, 3, 12, 16, 24, 18, 8, 9, 107, 106, 208, 122, 131, 121, 117, 125, 137, 138, 209, 153, 149, 161, 156, 157, 140, 240, 243, 232, 238, 242, 314, 257, 253, 265, 266, 315, 273, 286, 296, 300, 299, 306, 302, 205, 311, 312, 199, 194, 191, 184, 190, 94, 100, 95, 197, 198, 187, 188, 65, 183, 178, 175, 181, 210, 164, 160, 152, 154, 38, 35, 136, 127, 128, 130, 132, 123, 114, 110, 109, 217, 212, 216, 211, 225, 239, 313, 226, 218, 222, 230, 237, 246, 247, 250, 261, 258, 255, 269, 287, 293, 281, 295, 294, 282, 278, 165, 163, 158, 146, 162, 159, 147, 155, 60, 66, 81, 76, 80, 84, 72, 67, 317, 316, 49, 48, 57, 46, 42, 36, 31, 103, 10, 1, 6, 7, 2, 11, 32, 25, 17, 134, 120, 133, 129, 113, 108, 112, 4, 14, 26, 37, 58, 105, 59, 71, 85, 96, 97, 101, 99, 207, 201, 202, 206, 196, 203, 204, 195, 186, 180, 174, 193, 301, 307, 200, 303, 309, 310, 305, 304, 298, 276, 275, 271, 270, 318, 248, 245, 249, 244, 224, 223, 214, 215, 219, 213, 227, 235, 139, 144, 143, 264, 280, 308, 297, 272, 166, 168, 167, 89, 102, 73, 61, 39, 34]
---RESULTS END
time limit is: 1800
model used is: DIDP-add-nofirst
batch num is: lin318-99.3
/gpfs/fs0/scratch/b/beck/pekardan
/gpfs/fs0/scratch/b/beck/pekardan/DIDP-add-nofirst.py
===INSTANCE START
ALG: DIDP-DEL-nofirst
Instance Name: lin318-99.3.json
this process used:  271.94140625  MiB
ALGORITHM END
Best Bound: 364.40020203516895
Cost: None
Expanded: 10792507
Generated: 52870903
Infeasible: False
Optimal: False
Time: 1800.58605951
Memory Used (MiB): 271.94
Transitions: []
---RESULTS END
time limit is: 1800
model used is: DIDP-del-nofirst
batch num is: lin318-99.3
/gpfs/fs0/scratch/b/beck/pekardan
/gpfs/fs0/scratch/b/beck/pekardan/DIDP-del-nofirst.py
Solver: CABS from DIDPPy v0.8.0
Searched with beam size: 1, expanded: 418, elapsed time: 0.062057859
New dual bound: 0, expanded: 418, elapsed time: 0.062087866
New primal bound: 32552.125197645546, expanded: 418, elapsed time: 0.062091299
Searched with beam size: 2, expanded: 1251, elapsed time: 0.181804828
Searched with beam size: 4, expanded: 2918, elapsed time: 0.427283111
New primal bound: 30644.697516395583, expanded: 2918, elapsed time: 0.428055152
Searched with beam size: 8, expanded: 6251, elapsed time: 0.904416273
New primal bound: 26198.559860138685, expanded: 6251, elapsed time: 0.904925392
Searched with beam size: 16, expanded: 12913, elapsed time: 1.859483057
Searched with beam size: 32, expanded: 26201, elapsed time: 3.757389294
Searched with beam size: 64, expanded: 52831, elapsed time: 7.507060298
New primal bound: 25537.53872962814, expanded: 52831, elapsed time: 7.5078929389999995
Searched with beam size: 128, expanded: 106021, elapsed time: 15.116736695
Searched with beam size: 256, expanded: 212399, elapsed time: 30.453402453
Searched with beam size: 512, expanded: 424841, elapsed time: 61.526773708
New dual bound: 35.47000000000003, expanded: 424841, elapsed time: 61.526795619
New primal bound: 24205.66313576422, expanded: 424841, elapsed time: 61.52749259
Searched with beam size: 1024, expanded: 849540, elapsed time: 124.220630582
New dual bound: 59.11799999999994, expanded: 849540, elapsed time: 124.220653282
New primal bound: 23185.687194991264, expanded: 849540, elapsed time: 124.221187593
Searched with beam size: 2048, expanded: 1696714, elapsed time: 251.383941883
New dual bound: 80.30760207548454, expanded: 1696714, elapsed time: 251.383965209
Searched with beam size: 4096, expanded: 3384541, elapsed time: 509.772194108
New dual bound: 99.27556817092162, expanded: 3384541, elapsed time: 509.772220355
Searched with beam size: 8192, expanded: 6768641, elapsed time: 1034.457431494
New dual bound: 116.95523051490846, expanded: 6768641, elapsed time: 1034.457458116
Searched with beam size: 16384, expanded: 10373819, elapsed time: 1800.144447632
Reached time limit.
fl417-160.6.json
===INSTANCE START
ALG: DIDP-ADD-nofirst
Instance Name: fl417-160.6.json
['122', '56', '60', '72', '103', '406', '392', '393', '105', '93', '59', '53', '42', '45', '47', '44', '39', '37', '328', '320', '323', '120', '124', '30', '27', '8', '1', '31', '10', '355', '316', '169', '201', '199', '165', '178', '319', '339', '338', '36', '34', '38', '41', '43', '50', '48', '46', '49', '51', '54', '52', '55', '57', '68', '63', '98', '371', '370', '394', '412', '385', '374', '387', '376', '377', '379', '250', '275', '252', '277', '283', '260', '285', '262', '264', '266', '293', '295', '297', '296', '273', '272', '292', '271', '294', '270', '268', '290', '269', '291', '289', '267', '288', '286', '265', '287', '263', '284', '261', '282', '258', '280', '259', '281', '257', '279', '255', '278', '256', '254', '276', '253', '274', '251', '378', '399', '398', '375', '397', '417', '416', '386', '415', '414', '413', '372', '373', '396', '395', '411', '410', '384', '369', '409', '240', '247', '235', '202', '205', '366', '407', '382', '362', '361', '360', '359', '401', '400', '358', '388', '380', '402', '389', '390', '403', '404', '381', '405', '363', '408', '364', '383', '391', '365', '367', '368', '229', '231', '212', '243', '220', '221', '218', '216', '217', '211', '210', '228', '203', '227', '226', '204', '206', '207', '230', '209', '208', '232', '233', '234', '213', '237', '239', '215', '236', '214', '238', '241', '219', '242', '244', '223', '245', '225', '249', '248', '246', '222', '224', '102', '104', '83', '89', '62', '90', '69', '77', '96', '97', '75', '71', '61', '76', '80', '81', '92', '99', '101', '100', '79', '86', '74', '67', '64', '85', '70', '66', '78', '84', '95', '88', '91', '82', '73', '94', '87', '65', '58', '40', '33', '35', '331', '330', '303', '348', '107', '307', '150', '128', '29', '23', '4', '2', '17', '14', '15', '3', '9', '21', '28', '12', '16', '26', '18', '32', '24', '25', '22', '324', '326', '313', '336', '352', '353', '337', '357', '335', '309', '351', '311', '314', '356', '317', '156', '184', '161', '181', '186', '159', '154', '155', '185', '187', '163', '180', '183', '157', '182', '189', '190', '193', '195', '194', '174', '200', '177', '198', '176', '172', '175', '197', '173', '196', '171', '170', '192', '168', '166', '191', '188', '167', '164', '162', '160', '158', '179', '318', '315', '327', '325', '354', '312', '310', '350', '334', '349', '19', '7', '6', '5', '13', '20', '11', '142', '131', '347', '346', '343', '332', '305', '342', '300', '298', '345', '329', '304', '322', '321', '341', '299', '302', '340', '301', '344', '306', '333', '308', '108', '109', '115', '136', '143', '126', '125', '152', '151', '148', '145', '114', '130', '106', '110', '113', '140', '138', '139', '116', '135', '111', '112', '133', '132', '134', '137', '117', '119', '123', '121', '141', '118', '144', '147', '153', '129', '127', '149', '146', '122']
ALGORITHM END
Best Bound: 116.95523051490846
Cost: 23185.687194991264
Expanded: 10373819
Generated: 52549379
Infeasible: False
Optimal: False
Time: 1800.14447715
Memory Used (MiB): 232.91
Transitions: [122, 146, 149, 127, 129, 153, 147, 144, 118, 141, 121, 123, 119, 117, 137, 134, 132, 133, 112, 111, 135, 116, 139, 138, 140, 113, 110, 106, 130, 114, 145, 148, 151, 152, 125, 126, 143, 136, 115, 109, 108, 308, 333, 306, 344, 301, 340, 302, 299, 341, 321, 322, 304, 329, 345, 298, 300, 342, 305, 332, 343, 346, 347, 131, 142, 11, 20, 13, 5, 6, 7, 19, 349, 334, 350, 310, 312, 354, 325, 327, 315, 318, 179, 158, 160, 162, 164, 167, 188, 191, 166, 168, 192, 170, 171, 196, 173, 197, 175, 172, 176, 198, 177, 200, 174, 194, 195, 193, 190, 189, 182, 157, 183, 180, 163, 187, 185, 155, 154, 159, 186, 181, 161, 184, 156, 317, 356, 314, 311, 351, 309, 335, 357, 337, 353, 352, 336, 313, 326, 324, 22, 25, 24, 32, 18, 26, 16, 12, 28, 21, 9, 3, 15, 14, 17, 2, 4, 23, 29, 128, 150, 307, 107, 348, 303, 330, 331, 35, 33, 40, 58, 65, 87, 94, 73, 82, 91, 88, 95, 84, 78, 66, 70, 85, 64, 67, 74, 86, 79, 100, 101, 99, 92, 81, 80, 76, 61, 71, 75, 97, 96, 77, 69, 90, 62, 89, 83, 104, 102, 224, 222, 246, 248, 249, 225, 245, 223, 244, 242, 219, 241, 238, 214, 236, 215, 239, 237, 213, 234, 233, 232, 208, 209, 230, 207, 206, 204, 226, 227, 203, 228, 210, 211, 217, 216, 218, 221, 220, 243, 212, 231, 229, 368, 367, 365, 391, 383, 364, 408, 363, 405, 381, 404, 403, 390, 389, 402, 380, 388, 358, 400, 401, 359, 360, 361, 362, 382, 407, 366, 205, 202, 235, 247, 240, 409, 369, 384, 410, 411, 395, 396, 373, 372, 413, 414, 415, 386, 416, 417, 397, 375, 398, 399, 378, 251, 274, 253, 276, 254, 256, 278, 255, 279, 257, 281, 259, 280, 258, 282, 261, 284, 263, 287, 265, 286, 288, 267, 289, 291, 269, 290, 268, 270, 294, 271, 292, 272, 273, 296, 297, 295, 293, 266, 264, 262, 285, 260, 283, 277, 252, 275, 250, 379, 377, 376, 387, 374, 385, 412, 394, 370, 371, 98, 63, 68, 57, 55, 52, 54, 51, 49, 46, 48, 50, 43, 41, 38, 34, 36, 338, 339, 319, 178, 165, 199, 201, 169, 316, 355, 10, 31, 1, 8, 27, 30, 124, 120, 323, 320, 328, 37, 39, 44, 47, 45, 42, 53, 59, 93, 105, 393, 392, 406, 103, 72, 60, 56]
---RESULTS END
time limit is: 1800
model used is: DIDP-add-nofirst
batch num is: fl417-160.6
/gpfs/fs0/scratch/b/beck/pekardan
/gpfs/fs0/scratch/b/beck/pekardan/DIDP-add-nofirst.py
===INSTANCE START
ALG: DIDP-DEL-nofirst
Instance Name: fl417-160.6.json
this process used:  262.328125  MiB
ALGORITHM END
Best Bound: 27.029298692361383
Cost: None
Expanded: 7155958
Generated: 37785933
Infeasible: False
Optimal: False
Time: 1800.262395279
Memory Used (MiB): 262.33
Transitions: []
---RESULTS END
time limit is: 1800
model used is: DIDP-del-nofirst
batch num is: fl417-160.6
/gpfs/fs0/scratch/b/beck/pekardan
/gpfs/fs0/scratch/b/beck/pekardan/DIDP-del-nofirst.py
===INSTANCE START
ALG: DIDP-DEL-nofirst
Instance Name: eil101-27.5.json
this process used:  2115.51171875  MiB
ALGORITHM END
Best Bound: 27.4741325222584
Cost: None
Expanded: 45422993
Generated: 176313260
Infeasible: False
Optimal: False
Time: 1803.701246231
Memory Used (MiB): 2115.51
Transitions: []
---RESULTS END
time limit is: 1800
model used is: DIDP-del-nofirst
batch num is: eil101-27.5
/gpfs/fs0/scratch/b/beck/pekardan
/gpfs/fs0/scratch/b/beck/pekardan/DIDP-del-nofirst.py
Solver: CABS from DIDPPy v0.8.0
Searched with beam size: 1, expanded: 102, elapsed time: 0.002120018
New dual bound: 0, expanded: 102, elapsed time: 0.002139211
New primal bound: 1594.7686923399604, expanded: 102, elapsed time: 0.002142336
Searched with beam size: 2, expanded: 303, elapsed time: 0.005822545
Searched with beam size: 4, expanded: 706, elapsed time: 0.013167157
New primal bound: 1536.1785158876407, expanded: 706, elapsed time: 0.013242583
Searched with beam size: 8, expanded: 1511, elapsed time: 0.027735188
New primal bound: 1405.4238926899804, expanded: 1511, elapsed time: 0.027810343
Searched with beam size: 16, expanded: 3101, elapsed time: 0.056056046
Searched with beam size: 32, expanded: 6278, elapsed time: 0.112807095
Searched with beam size: 64, expanded: 12687, elapsed time: 0.228047167
New primal bound: 1360.3781095331697, expanded: 12687, elapsed time: 0.228135222
Searched with beam size: 128, expanded: 25391, elapsed time: 0.457072562
New dual bound: 26.68332812825267, expanded: 25391, elapsed time: 0.457082783
Searched with beam size: 256, expanded: 50653, elapsed time: 0.917866894
New dual bound: 45.69463863518345, expanded: 50653, elapsed time: 0.91788247
Searched with beam size: 512, expanded: 100918, elapsed time: 1.853516358
New dual bound: 61.550610322603816, expanded: 100918, elapsed time: 1.853550856
New primal bound: 1323.6631589223114, expanded: 100918, elapsed time: 1.853644451
Searched with beam size: 1024, expanded: 200208, elapsed time: 3.750448452
New dual bound: 79.27626753856299, expanded: 200208, elapsed time: 3.750459527
Searched with beam size: 2048, expanded: 398979, elapsed time: 7.673962536
New dual bound: 96.75147353334052, expanded: 398979, elapsed time: 7.673983492
New primal bound: 1256.4871633521598, expanded: 398979, elapsed time: 7.674088334
Searched with beam size: 4096, expanded: 790387, elapsed time: 15.942242235
New dual bound: 113.04964647640053, expanded: 790387, elapsed time: 15.94226718
Searched with beam size: 8192, expanded: 1569728, elapsed time: 33.536412204
New dual bound: 129.80593555184294, expanded: 1569728, elapsed time: 33.536433664
New primal bound: 1244.8185958897716, expanded: 1569728, elapsed time: 33.536545317
Searched with beam size: 16384, expanded: 3120527, elapsed time: 70.590251824
New dual bound: 145.28280469847203, expanded: 3120527, elapsed time: 70.590278789
New primal bound: 1222.214589415914, expanded: 3120527, elapsed time: 70.590387465
Searched with beam size: 32768, expanded: 6188916, elapsed time: 147.021626665
New dual bound: 160.93886904852852, expanded: 6188916, elapsed time: 147.021652025
New primal bound: 1211.2389722855735, expanded: 6188916, elapsed time: 147.021788916
Searched with beam size: 65536, expanded: 12255466, elapsed time: 307.349355942
New dual bound: 176.63860722872903, expanded: 12255466, elapsed time: 307.34938602
Searched with beam size: 131072, expanded: 24318380, elapsed time: 640.893752602
New dual bound: 192.0473979358832, expanded: 24318380, elapsed time: 640.893776601
New primal bound: 1198.9494473497575, expanded: 24318380, elapsed time: 640.893911382
Searched with beam size: 262144, expanded: 48186983, elapsed time: 1339.563173622
New dual bound: 206.64404622085874, expanded: 48186983, elapsed time: 1339.563200724
Searched with beam size: 524288, expanded: 61467227, elapsed time: 1804.017527322
Reached time limit.
eil101-27.5.json
===INSTANCE START
ALG: DIDP-ADD-nofirst
Instance Name: eil101-27.5.json
['96', '59', '91', '86', '38', '87', '57', '39', '53', '76', '78', '35', '71', '65', '66', '20', '90', '10', '64', '49', '36', '47', '7', '8', '82', '89', '27', '28', '26', '54', '29', '34', '9', '33', '51', '79', '77', '50', '70', '81', '3', '68', '80', '24', '55', '25', '67', '23', '74', '72', '75', '4', '58', '13', '6', '61', '44', '99', '98', '16', '93', '92', '17', '84', '60', '45', '46', '19', '48', '11', '63', '88', '83', '5', '94', '97', '100', '43', '14', '42', '15', '41', '22', '101', '21', '56', '40', '2', '37', '85', '18', '62', '69', '31', '52', '32', '30', '1', '12', '73', '95', '96']
ALGORITHM END
Best Bound: 206.64404622085874
Cost: 1198.9494473497575
Expanded: 61467227
Generated: 189436271
Infeasible: False
Optimal: False
Time: 1804.01755168
Memory Used (MiB): 880.8
Transitions: [96, 95, 73, 12, 1, 30, 32, 52, 31, 69, 62, 18, 85, 37, 2, 40, 56, 21, 101, 22, 41, 15, 42, 14, 43, 100, 97, 94, 5, 83, 88, 63, 11, 48, 19, 46, 45, 60, 84, 17, 92, 93, 16, 98, 99, 44, 61, 6, 13, 58, 4, 75, 72, 74, 23, 67, 25, 55, 24, 80, 68, 3, 81, 70, 50, 77, 79, 51, 33, 9, 34, 29, 54, 26, 28, 27, 89, 82, 8, 7, 47, 36, 49, 64, 10, 90, 20, 66, 65, 71, 35, 78, 76, 53, 39, 57, 87, 38, 86, 91, 59]
---RESULTS END
time limit is: 1800
model used is: DIDP-add-nofirst
batch num is: eil101-27.5
/gpfs/fs0/scratch/b/beck/pekardan
/gpfs/fs0/scratch/b/beck/pekardan/DIDP-add-nofirst.py
===INSTANCE START
ALG: DIDP-DEL-nofirst
Instance Name: d657-322.7.json
this process used:  374.15234375  MiB
ALGORITHM END
Best Bound: 90.90770044391189
Cost: None
Expanded: 2876061
Generated: 17531166
Infeasible: False
Optimal: False
Time: 1800.049459578
Memory Used (MiB): 374.15
Transitions: []
---RESULTS END
time limit is: 1800
model used is: DIDP-del-nofirst
batch num is: d657-322.7
/gpfs/fs0/scratch/b/beck/pekardan
/gpfs/fs0/scratch/b/beck/pekardan/DIDP-del-nofirst.py
Solver: CABS from DIDPPy v0.8.0
Searched with beam size: 1, expanded: 658, elapsed time: 0.289216603
New dual bound: 0, expanded: 658, elapsed time: 0.28924279
New primal bound: 90629.17288989895, expanded: 658, elapsed time: 0.289245872
Searched with beam size: 2, expanded: 1971, elapsed time: 0.852881729
Searched with beam size: 4, expanded: 4593, elapsed time: 1.953301922
Searched with beam size: 8, expanded: 9835, elapsed time: 4.12083382
Searched with beam size: 16, expanded: 20327, elapsed time: 8.535906648
Searched with beam size: 32, expanded: 41305, elapsed time: 17.408876632
Searched with beam size: 64, expanded: 83268, elapsed time: 35.257125979
New primal bound: 90130.46451935817, expanded: 83268, elapsed time: 35.2596902
Searched with beam size: 128, expanded: 167152, elapsed time: 70.86156781
Searched with beam size: 256, expanded: 334874, elapsed time: 141.242998191
New primal bound: 89347.92499643572, expanded: 334874, elapsed time: 141.244848233
Searched with beam size: 512, expanded: 670116, elapsed time: 281.418321071
Searched with beam size: 1024, expanded: 1340440, elapsed time: 568.783779423
New dual bound: 152.92825115066222, expanded: 1340440, elapsed time: 568.783799388
New primal bound: 86331.22330472557, expanded: 1340440, elapsed time: 568.784958059
Searched with beam size: 2048, expanded: 2678149, elapsed time: 1147.883071503
New dual bound: 215.99483790127957, expanded: 2678149, elapsed time: 1147.883092123
Searched with beam size: 4096, expanded: 3690543, elapsed time: 1800.028545489
Reached time limit.
d657-322.7.json
===INSTANCE START
ALG: DIDP-ADD-nofirst
Instance Name: d657-322.7.json
['449', '448', '13', '1', '390', '326', '370', '433', '613', '612', '594', '591', '573', '627', '653', '648', '537', '535', '539', '549', '566', '575', '571', '567', '568', '529', '501', '476', '455', '467', '26', '42', '5', '6', '164', '165', '211', '270', '238', '291', '241', '197', '191', '179', '116', '86', '31', '32', '47', '180', '209', '227', '168', '177', '153', '246', '274', '296', '315', '337', '382', '419', '429', '435', '430', '434', '408', '404', '374', '378', '388', '431', '436', '437', '440', '421', '410', '438', '439', '417', '391', '400', '372', '323', '318', '304', '300', '289', '288', '295', '322', '351', '327', '285', '260', '278', '273', '292', '268', '212', '194', '161', '175', '206', '214', '201', '174', '195', '202', '203', '581', '590', '596', '609', '608', '606', '616', '617', '625', '626', '620', '624', '622', '615', '610', '588', '580', '576', '657', '656', '654', '655', '628', '652', '651', '650', '649', '647', '646', '645', '644', '643', '639', '633', '634', '631', '630', '629', '553', '546', '548', '544', '543', '542', '540', '536', '533', '530', '526', '520', '478', '515', '488', '473', '483', '495', '498', '77', '83', '95', '97', '112', '148', '171', '158', '120', '93', '121', '100', '87', '60', '29', '16', '18', '22', '12', '11', '2', '3', '4', '9', '10', '8', '34', '33', '36', '75', '85', '92', '115', '119', '103', '166', '205', '216', '226', '237', '249', '242', '222', '248', '233', '252', '269', '277', '271', '301', '311', '321', '312', '334', '305', '328', '313', '340', '329', '344', '361', '357', '338', '332', '307', '280', '258', '230', '247', '587', '579', '582', '583', '592', '595', '597', '598', '603', '604', '605', '600', '589', '586', '585', '584', '577', '578', '574', '572', '570', '569', '562', '563', '561', '565', '564', '558', '557', '514', '513', '519', '518', '517', '516', '482', '485', '493', '496', '504', '127', '134', '126', '136', '145', '146', '176', '189', '193', '224', '244', '229', '250', '234', '245', '257', '286', '317', '316', '353', '383', '412', '418', '393', '385', '380', '413', '414', '407', '403', '420', '424', '402', '387', '366', '350', '371', '349', '365', '389', '398', '423', '422', '416', '405', '401', '399', '392', '373', '324', '325', '294', '264', '239', '232', '236', '221', '235', '265', '254', '219', '218', '200', '199', '210', '196', '169', '163', '157', '142', '118', '139', '132', '130', '7', '79', '80', '61', '65', '54', '45', '55', '49', '53', '73', '104', '114', '140', '149', '178', '185', '167', '159', '144', '123', '122', '105', '106', '91', '72', '62', '67', '76', '68', '63', '52', '48', '44', '469', '443', '442', '444', '447', '465', '459', '454', '452', '460', '456', '474', '458', '457', '461', '466', '462', '468', '471', '57', '484', '472', '480', '479', '477', '475', '521', '528', '522', '527', '525', '523', '524', '534', '531', '532', '541', '538', '642', '641', '637', '640', '638', '635', '636', '632', '545', '547', '554', '559', '555', '551', '556', '550', '552', '560', '510', '509', '511', '512', '184', '183', '160', '190', '204', '217', '213', '223', '266', '320', '331', '356', '355', '381', '384', '376', '394', '427', '428', '409', '619', '621', '618', '623', '614', '611', '607', '602', '601', '599', '593', '281', '267', '259', '298', '297', '282', '303', '302', '279', '283', '275', '284', '287', '314', '330', '333', '345', '339', '354', '368', '363', '364', '367', '360', '375', '395', '377', '369', '386', '411', '425', '415', '406', '432', '426', '397', '396', '379', '358', '359', '352', '319', '306', '251', '256', '243', '225', '220', '208', '215', '228', '253', '261', '255', '276', '293', '310', '309', '343', '335', '347', '336', '342', '348', '346', '362', '341', '308', '299', '290', '263', '272', '262', '240', '231', '207', '173', '141', '102', '133', '99', '98', '94', '69', '40', '37', '25', '15', '21', '17', '14', '19', '27', '28', '24', '441', '446', '445', '20', '23', '30', '41', '58', '56', '70', '66', '51', '50', '46', '64', '78', '74', '117', '131', '138', '129', '143', '156', '187', '181', '186', '198', '182', '192', '188', '170', '172', '162', '155', '150', '151', '152', '154', '113', '107', '108', '124', '147', '135', '111', '101', '84', '96', '128', '125', '110', '506', '507', '499', '491', '486', '487', '481', '490', '489', '494', '505', '137', '508', '502', '503', '500', '497', '492', '88', '89', '109', '90', '82', '81', '71', '59', '43', '38', '39', '35', '470', '464', '463', '450', '453', '451', '449']
ALGORITHM END
Best Bound: 215.99483790127957
Cost: 86331.22330472557
Expanded: 3690543
Generated: 22543162
Infeasible: False
Optimal: False
Time: 1800.028570265
Memory Used (MiB): 372.42
Transitions: [449, 451, 453, 450, 463, 464, 470, 35, 39, 38, 43, 59, 71, 81, 82, 90, 109, 89, 88, 492, 497, 500, 503, 502, 508, 137, 505, 494, 489, 490, 481, 487, 486, 491, 499, 507, 506, 110, 125, 128, 96, 84, 101, 111, 135, 147, 124, 108, 107, 113, 154, 152, 151, 150, 155, 162, 172, 170, 188, 192, 182, 198, 186, 181, 187, 156, 143, 129, 138, 131, 117, 74, 78, 64, 46, 50, 51, 66, 70, 56, 58, 41, 30, 23, 20, 445, 446, 441, 24, 28, 27, 19, 14, 17, 21, 15, 25, 37, 40, 69, 94, 98, 99, 133, 102, 141, 173, 207, 231, 240, 262, 272, 263, 290, 299, 308, 341, 362, 346, 348, 342, 336, 347, 335, 343, 309, 310, 293, 276, 255, 261, 253, 228, 215, 208, 220, 225, 243, 256, 251, 306, 319, 352, 359, 358, 379, 396, 397, 426, 432, 406, 415, 425, 411, 386, 369, 377, 395, 375, 360, 367, 364, 363, 368, 354, 339, 345, 333, 330, 314, 287, 284, 275, 283, 279, 302, 303, 282, 297, 298, 259, 267, 281, 593, 599, 601, 602, 607, 611, 614, 623, 618, 621, 619, 409, 428, 427, 394, 376, 384, 381, 355, 356, 331, 320, 266, 223, 213, 217, 204, 190, 160, 183, 184, 512, 511, 509, 510, 560, 552, 550, 556, 551, 555, 559, 554, 547, 545, 632, 636, 635, 638, 640, 637, 641, 642, 538, 541, 532, 531, 534, 524, 523, 525, 527, 522, 528, 521, 475, 477, 479, 480, 472, 484, 57, 471, 468, 462, 466, 461, 457, 458, 474, 456, 460, 452, 454, 459, 465, 447, 444, 442, 443, 469, 44, 48, 52, 63, 68, 76, 67, 62, 72, 91, 106, 105, 122, 123, 144, 159, 167, 185, 178, 149, 140, 114, 104, 73, 53, 49, 55, 45, 54, 65, 61, 80, 79, 7, 130, 132, 139, 118, 142, 157, 163, 169, 196, 210, 199, 200, 218, 219, 254, 265, 235, 221, 236, 232, 239, 264, 294, 325, 324, 373, 392, 399, 401, 405, 416, 422, 423, 398, 389, 365, 349, 371, 350, 366, 387, 402, 424, 420, 403, 407, 414, 413, 380, 385, 393, 418, 412, 383, 353, 316, 317, 286, 257, 245, 234, 250, 229, 244, 224, 193, 189, 176, 146, 145, 136, 126, 134, 127, 504, 496, 493, 485, 482, 516, 517, 518, 519, 513, 514, 557, 558, 564, 565, 561, 563, 562, 569, 570, 572, 574, 578, 577, 584, 585, 586, 589, 600, 605, 604, 603, 598, 597, 595, 592, 583, 582, 579, 587, 247, 230, 258, 280, 307, 332, 338, 357, 361, 344, 329, 340, 313, 328, 305, 334, 312, 321, 311, 301, 271, 277, 269, 252, 233, 248, 222, 242, 249, 237, 226, 216, 205, 166, 103, 119, 115, 92, 85, 75, 36, 33, 34, 8, 10, 9, 4, 3, 2, 11, 12, 22, 18, 16, 29, 60, 87, 100, 121, 93, 120, 158, 171, 148, 112, 97, 95, 83, 77, 498, 495, 483, 473, 488, 515, 478, 520, 526, 530, 533, 536, 540, 542, 543, 544, 548, 546, 553, 629, 630, 631, 634, 633, 639, 643, 644, 645, 646, 647, 649, 650, 651, 652, 628, 655, 654, 656, 657, 576, 580, 588, 610, 615, 622, 624, 620, 626, 625, 617, 616, 606, 608, 609, 596, 590, 581, 203, 202, 195, 174, 201, 214, 206, 175, 161, 194, 212, 268, 292, 273, 278, 260, 285, 327, 351, 322, 295, 288, 289, 300, 304, 318, 323, 372, 400, 391, 417, 439, 438, 410, 421, 440, 437, 436, 431, 388, 378, 374, 404, 408, 434, 430, 435, 429, 419, 382, 337, 315, 296, 274, 246, 153, 177, 168, 227, 209, 180, 47, 32, 31, 86, 116, 179, 191, 197, 241, 291, 238, 270, 211, 165, 164, 6, 5, 42, 26, 467, 455, 476, 501, 529, 568, 567, 571, 575, 566, 549, 539, 535, 537, 648, 653, 627, 573, 591, 594, 612, 613, 433, 370, 326, 390, 1, 13, 448]
---RESULTS END
time limit is: 1800
model used is: DIDP-add-nofirst
batch num is: d657-322.7
/gpfs/fs0/scratch/b/beck/pekardan
/gpfs/fs0/scratch/b/beck/pekardan/DIDP-add-nofirst.py
===INSTANCE START
ALG: DIDP-DEL-nofirst
Instance Name: rat783-481.4.json
this process used:  474.01171875  MiB
ALGORITHM END
Best Bound: 11.40175425099138
Cost: 17332.772914913847
Expanded: 1870057
Generated: 12594469
Infeasible: False
Optimal: False
Time: 1800.017927549
Memory Used (MiB): 474.02
Transitions: [502, 509, 525, 528, 537, 544, 532, 545, 549, 546, 538, 550, 574, 567, 582, 592, 593, 606, 604, 615, 629, 632, 642, 650, 664, 667, 668, 674, 676, 670, 663, 656, 658, 677, 682, 712, 711, 714, 717, 715, 703, 696, 694, 702, 708, 716, 723, 730, 731, 727, 701, 700, 710, 695, 699, 684, 669, 666, 651, 646, 630, 636, 622, 609, 603, 587, 591, 584, 577, 565, 570, 558, 542, 541, 536, 535, 521, 505, 507, 501, 491, 483, 500, 515, 513, 519, 531, 547, 540, 539, 561, 569, 579, 562, 554, 534, 530, 551, 548, 560, 576, 568, 580, 586, 594, 611, 626, 648, 652, 659, 671, 679, 685, 680, 690, 675, 681, 691, 698, 692, 713, 707, 719, 720, 721, 726, 740, 748, 766, 774, 773, 777, 779, 768, 759, 757, 758, 743, 739, 732, 736, 745, 735, 718, 705, 688, 683, 672, 665, 640, 638, 624, 596, 597, 598, 612, 627, 634, 644, 641, 613, 599, 588, 578, 563, 566, 564, 556, 527, 522, 514, 493, 489, 480, 474, 487, 497, 496, 494, 464, 470, 469, 467, 457, 439, 431, 435, 441, 448, 437, 434, 418, 417, 419, 410, 409, 408, 393, 377, 370, 350, 347, 345, 333, 321, 322, 330, 336, 326, 318, 312, 301, 282, 283, 263, 260, 244, 226, 221, 213, 201, 188, 197, 189, 191, 178, 174, 166, 145, 131, 132, 141, 130, 129, 124, 121, 126, 118, 102, 108, 105, 112, 116, 133, 137, 143, 152, 162, 156, 151, 136, 127, 115, 110, 117, 123, 147, 155, 160, 175, 195, 196, 184, 187, 202, 208, 198, 200, 206, 212, 211, 209, 219, 225, 217, 232, 240, 259, 258, 268, 267, 256, 243, 222, 227, 249, 248, 273, 278, 276, 277, 294, 317, 319, 327, 335, 358, 366, 389, 397, 382, 387, 390, 401, 423, 429, 436, 445, 452, 458, 466, 453, 443, 438, 422, 433, 426, 430, 455, 463, 473, 460, 456, 449, 424, 405, 392, 371, 353, 346, 332, 316, 306, 291, 293, 307, 290, 300, 292, 303, 311, 351, 348, 340, 338, 337, 373, 368, 388, 385, 361, 349, 334, 342, 331, 324, 320, 309, 298, 279, 261, 245, 252, 271, 272, 284, 296, 297, 304, 314, 341, 355, 369, 374, 396, 399, 394, 406, 404, 413, 428, 421, 442, 461, 479, 490, 504, 516, 523, 510, 503, 481, 471, 478, 468, 454, 451, 447, 427, 412, 403, 415, 414, 400, 416, 432, 450, 465, 475, 488, 520, 524, 553, 572, 571, 575, 589, 610, 618, 639, 631, 633, 653, 689, 693, 741, 746, 750, 763, 762, 749, 770, 780, 781, 764, 782, 783, 771, 767, 753, 744, 728, 751, 752, 742, 724, 687, 643, 635, 608, 625, 620, 623, 602, 583, 585, 595, 616, 637, 673, 662, 654, 686, 661, 649, 628, 607, 617, 619, 557, 552, 518, 495, 492, 486, 485, 484, 508, 512, 506, 511, 482, 472, 425, 407, 384, 359, 343, 363, 356, 344, 328, 302, 255, 239, 236, 242, 235, 216, 180, 186, 172, 153, 111, 94, 83, 53, 58, 33, 29, 10, 3, 19, 8, 30, 36, 20, 22, 14, 32, 16, 21, 27, 28, 24, 44, 60, 66, 75, 84, 79, 101, 114, 109, 106, 135, 134, 149, 142, 122, 119, 104, 90, 91, 73, 78, 69, 93, 92, 82, 62, 59, 71, 61, 68, 86, 99, 85, 64, 74, 95, 76, 65, 47, 46, 41, 45, 37, 17, 1, 15, 25, 56, 49, 67, 80, 100, 70, 81, 107, 120, 161, 179, 176, 163, 169, 190, 182, 164, 157, 165, 173, 150, 144, 183, 158, 168, 177, 194, 181, 199, 218, 207, 214, 234, 254, 265, 280, 238, 223, 241, 228, 257, 262, 295, 275, 287, 251, 253, 233, 224, 204, 231, 246, 270, 305, 289, 274, 286, 323, 325, 339, 360, 372, 411, 375, 380, 354, 386, 402, 381, 364, 383, 362, 378, 398, 367, 357, 329, 247, 264, 192, 159, 154, 138, 140, 128, 77, 98, 63, 9, 18, 2, 39, 5, 31, 42, 72, 54, 26, 34, 13, 38, 55, 96, 87, 113, 50, 35, 48, 12, 23, 57, 97, 88, 146, 215, 205, 230, 376, 420, 391, 459, 476, 440, 498, 559, 543, 601, 605, 600, 614, 657, 660, 655, 678, 704, 709, 725, 697, 734, 769, 778, 747, 761, 738, 706, 722, 737, 776, 772, 765, 760, 733, 755, 754, 756, 647, 581, 573, 555, 444, 308, 220, 237, 281, 250, 210, 203, 148, 103, 167, 229, 310, 379, 285, 171, 170, 4, 40, 43, 6, 193, 288, 365, 395, 313, 526, 590, 645, 529, 477, 499, 352, 299, 125, 269, 185, 7, 139, 266, 89, 11, 51, 52, 517, 446, 533, 462, 621, 775, 729, 315]
---RESULTS END
time limit is: 1800
model used is: DIDP-del-nofirst
batch num is: rat783-481.4
/gpfs/fs0/scratch/b/beck/pekardan
/gpfs/fs0/scratch/b/beck/pekardan/DIDP-del-nofirst.py
Solver: CABS from DIDPPy v0.8.0
Searched with beam size: 1, expanded: 784, elapsed time: 0.504752295
New dual bound: 0, expanded: 784, elapsed time: 0.504773863
New primal bound: 14539.804302809873, expanded: 784, elapsed time: 0.504776598
Searched with beam size: 2, expanded: 2345, elapsed time: 1.5127139490000001
Searched with beam size: 4, expanded: 5469, elapsed time: 3.43889552
Searched with beam size: 8, expanded: 11722, elapsed time: 7.412695867
Searched with beam size: 16, expanded: 24243, elapsed time: 15.460638268
New primal bound: 14279.054101598998, expanded: 24243, elapsed time: 15.462070758
Searched with beam size: 32, expanded: 49242, elapsed time: 31.283691584
Searched with beam size: 64, expanded: 99304, elapsed time: 63.404268945
New primal bound: 14233.347351008642, expanded: 99304, elapsed time: 63.40573966
Searched with beam size: 128, expanded: 199398, elapsed time: 127.891494625
New primal bound: 14104.85286642634, expanded: 199398, elapsed time: 127.892938088
Searched with beam size: 256, expanded: 399141, elapsed time: 257.319184458
Searched with beam size: 512, expanded: 798991, elapsed time: 513.077807891
Searched with beam size: 1024, expanded: 1598619, elapsed time: 1035.168199738
New dual bound: 17.88854381999832, expanded: 1598619, elapsed time: 1035.168216411
New primal bound: 13958.235328738287, expanded: 1598619, elapsed time: 1035.169586951
Searched with beam size: 2048, expanded: 2383530, elapsed time: 1800.015531108
Reached time limit.
rat783-481.4.json
===INSTANCE START
ALG: DIDP-ADD-nofirst
Instance Name: rat783-481.4.json
['156', '86', '50', '16', '6', '40', '218', '234', '494', '530', '754', '727', '716', '647', '637', '567', '444', '404', '367', '357', '331', '284', '271', '372', '407', '401', '395', '352', '356', '319', '230', '215', '185', '146', '125', '110', '155', '115', '76', '63', '39', '112', '169', '157', '138', '154', '178', '192', '221', '237', '225', '232', '269', '292', '295', '310', '308', '337', '351', '391', '410', '439', '477', '536', '621', '628', '613', '645', '655', '761', '769', '778', '772', '776', '779', '768', '757', '739', '706', '691', '707', '684', '695', '686', '646', '662', '673', '650', '605', '601', '577', '565', '543', '553', '520', '480', '465', '478', '481', '461', '462', '523', '516', '555', '602', '583', '585', '620', '623', '625', '687', '703', '714', '717', '694', '724', '742', '756', '764', '752', '751', '771', '767', '775', '783', '782', '781', '780', '770', '740', '755', '737', '733', '722', '732', '718', '734', '738', '704', '697', '678', '638', '624', '586', '569', '561', '551', '560', '548', '533', '526', '511', '499', '472', '482', '506', '517', '460', '473', '424', '420', '405', '365', '376', '377', '370', '345', '316', '307', '268', '256', '258', '243', '187', '162', '161', '152', '111', '107', '67', '45', '37', '2', '7', '18', '29', '5', '30', '48', '64', '62', '54', '51', '78', '55', '38', '11', '13', '4', '34', '43', '66', '87', '79', '101', '84', '75', '96', '90', '113', '142', '168', '214', '207', '223', '247', '264', '238', '254', '265', '280', '285', '315', '314', '329', '341', '355', '374', '412', '388', '383', '364', '368', '373', '385', '402', '432', '446', '448', '441', '470', '469', '464', '476', '459', '474', '475', '450', '440', '427', '447', '468', '498', '502', '525', '532', '549', '546', '538', '550', '574', '582', '592', '616', '593', '573', '581', '559', '572', '571', '575', '589', '610', '618', '654', '653', '689', '693', '701', '700', '710', '726', '721', '699', '720', '719', '713', '692', '698', '690', '685', '680', '660', '675', '681', '661', '657', '649', '669', '666', '651', '636', '622', '603', '587', '591', '564', '578', '552', '557', '547', '531', '518', '495', '492', '486', '485', '484', '466', '453', '390', '384', '363', '358', '366', '339', '299', '286', '267', '274', '294', '302', '313', '305', '289', '270', '266', '277', '255', '246', '231', '205', '195', '184', '196', '175', '160', '153', '127', '100', '81', '47', '53', '58', '33', '12', '9', '10', '3', '19', '8', '31', '35', '42', '69', '93', '103', '92', '72', '82', '118', '126', '159', '167', '183', '213', '226', '244', '229', '228', '220', '241', '272', '288', '283', '263', '260', '282', '301', '326', '303', '322', '321', '333', '347', '332', '346', '350', '353', '371', '392', '389', '397', '387', '382', '359', '343', '328', '344', '335', '317', '327', '323', '325', '306', '291', '293', '290', '300', '281', '233', '217', '190', '182', '164', '173', '165', '150', '144', '121', '124', '129', '130', '132', '131', '141', '158', '166', '174', '170', '181', '194', '177', '199', '193', '171', '149', '134', '135', '106', '109', '114', '122', '148', '145', '119', '104', '91', '73', '60', '44', '24', '28', '27', '21', '26', '32', '14', '22', '20', '36', '59', '61', '68', '85', '99', '71', '105', '108', '102', '77', '89', '74', '95', '98', '94', '83', '65', '46', '41', '23', '17', '1', '15', '25', '49', '56', '52', '57', '70', '80', '97', '88', '117', '123', '139', '147', '172', '186', '180', '216', '235', '242', '236', '239', '276', '278', '273', '248', '249', '227', '222', '202', '204', '208', '224', '240', '259', '250', '253', '251', '257', '262', '275', '287', '312', '318', '311', '330', '336', '354', '360', '375', '380', '386', '381', '348', '340', '338', '349', '361', '379', '369', '406', '413', '394', '399', '396', '421', '428', '442', '451', '454', '471', '479', '490', '504', '503', '510', '545', '544', '537', '528', '509', '488', '493', '489', '487', '497', '496', '524', '514', '522', '527', '542', '570', '558', '556', '535', '529', '513', '515', '519', '540', '539', '508', '512', '534', '554', '562', '579', '580', '568', '576', '596', '594', '611', '626', '640', '665', '672', '683', '659', '652', '648', '671', '679', '688', '705', '709', '725', '747', '735', '760', '765', '745', '736', '743', '758', '759', '777', '774', '773', '766', '748', '749', '762', '763', '750', '746', '731', '730', '741', '723', '708', '702', '674', '664', '667', '668', '676', '670', '696', '715', '728', '744', '753', '729', '712', '711', '677', '682', '658', '656', '663', '643', '635', '608', '595', '606', '604', '615', '632', '629', '642', '639', '631', '633', '630', '614', '600', '584', '609', '607', '617', '619', '641', '644', '634', '627', '612', '598', '597', '590', '599', '588', '566', '563', '541', '521', '505', '507', '501', '500', '483', '491', '467', '457', '456', '449', '455', '463', '443', '458', '452', '445', '436', '429', '423', '425', '438', '422', '433', '426', '430', '393', '408', '409', '431', '435', '419', '417', '418', '411', '434', '437', '416', '400', '414', '415', '403', '398', '378', '362', '342', '334', '324', '320', '298', '309', '296', '304', '297', '279', '261', '245', '252', '203', '191', '189', '197', '188', '201', '210', '219', '212', '209', '211', '206', '200', '198', '179', '176', '163', '140', '128', '116', '143', '137', '133', '120', '136', '151', '156']
ALGORITHM END
Best Bound: 17.88854381999832
Cost: 13958.235328738287
Expanded: 2383530
Generated: 15885095
Infeasible: False
Optimal: False
Time: 1800.01555226
Memory Used (MiB): 472.13
Transitions: [156, 151, 136, 120, 133, 137, 143, 116, 128, 140, 163, 176, 179, 198, 200, 206, 211, 209, 212, 219, 210, 201, 188, 197, 189, 191, 203, 252, 245, 261, 279, 297, 304, 296, 309, 298, 320, 324, 334, 342, 362, 378, 398, 403, 415, 414, 400, 416, 437, 434, 411, 418, 417, 419, 435, 431, 409, 408, 393, 430, 426, 433, 422, 438, 425, 423, 429, 436, 445, 452, 458, 443, 463, 455, 449, 456, 457, 467, 491, 483, 500, 501, 507, 505, 521, 541, 563, 566, 588, 599, 590, 597, 598, 612, 627, 634, 644, 641, 619, 617, 607, 609, 584, 600, 614, 630, 633, 631, 639, 642, 629, 632, 615, 604, 606, 595, 608, 635, 643, 663, 656, 658, 682, 677, 711, 712, 729, 753, 744, 728, 715, 696, 670, 676, 668, 667, 664, 674, 702, 708, 723, 741, 730, 731, 746, 750, 763, 762, 749, 748, 766, 773, 774, 777, 759, 758, 743, 736, 745, 765, 760, 735, 747, 725, 709, 705, 688, 679, 671, 648, 652, 659, 683, 672, 665, 640, 626, 611, 594, 596, 576, 568, 580, 579, 562, 554, 534, 512, 508, 539, 540, 519, 515, 513, 529, 535, 556, 558, 570, 542, 527, 522, 514, 524, 496, 497, 487, 489, 493, 488, 509, 528, 537, 544, 545, 510, 503, 504, 490, 479, 471, 454, 451, 442, 428, 421, 396, 399, 394, 413, 406, 369, 379, 361, 349, 338, 340, 348, 381, 386, 380, 375, 360, 354, 336, 330, 311, 318, 312, 287, 275, 262, 257, 251, 253, 250, 259, 240, 224, 208, 204, 202, 222, 227, 249, 248, 273, 278, 276, 239, 236, 242, 235, 216, 180, 186, 172, 147, 139, 123, 117, 88, 97, 80, 70, 57, 52, 56, 49, 25, 15, 1, 17, 23, 41, 46, 65, 83, 94, 98, 95, 74, 89, 77, 102, 108, 105, 71, 99, 85, 68, 61, 59, 36, 20, 22, 14, 32, 26, 21, 27, 28, 24, 44, 60, 73, 91, 104, 119, 145, 148, 122, 114, 109, 106, 135, 134, 149, 171, 193, 199, 177, 194, 181, 170, 174, 166, 158, 141, 131, 132, 130, 129, 124, 121, 144, 150, 165, 173, 164, 182, 190, 217, 233, 281, 300, 290, 293, 291, 306, 325, 323, 327, 317, 335, 344, 328, 343, 359, 382, 387, 397, 389, 392, 371, 353, 350, 346, 332, 347, 333, 321, 322, 303, 326, 301, 282, 260, 263, 283, 288, 272, 241, 220, 228, 229, 244, 226, 213, 183, 167, 159, 126, 118, 82, 72, 92, 103, 93, 69, 42, 35, 31, 8, 19, 3, 10, 9, 12, 33, 58, 53, 47, 81, 100, 127, 153, 160, 175, 196, 184, 195, 205, 231, 246, 255, 277, 266, 270, 289, 305, 313, 302, 294, 274, 267, 286, 299, 339, 366, 358, 363, 384, 390, 453, 466, 484, 485, 486, 492, 495, 518, 531, 547, 557, 552, 578, 564, 591, 587, 603, 622, 636, 651, 666, 669, 649, 657, 661, 681, 675, 660, 680, 685, 690, 698, 692, 713, 719, 720, 699, 721, 726, 710, 700, 701, 693, 689, 653, 654, 618, 610, 589, 575, 571, 572, 559, 581, 573, 593, 616, 592, 582, 574, 550, 538, 546, 549, 532, 525, 502, 498, 468, 447, 427, 440, 450, 475, 474, 459, 476, 464, 469, 470, 441, 448, 446, 432, 402, 385, 373, 368, 364, 383, 388, 412, 374, 355, 341, 329, 314, 315, 285, 280, 265, 254, 238, 264, 247, 223, 207, 214, 168, 142, 113, 90, 96, 75, 84, 101, 79, 87, 66, 43, 34, 4, 13, 11, 38, 55, 78, 51, 54, 62, 64, 48, 30, 5, 29, 18, 7, 2, 37, 45, 67, 107, 111, 152, 161, 162, 187, 243, 258, 256, 268, 307, 316, 345, 370, 377, 376, 365, 405, 420, 424, 473, 460, 517, 506, 482, 472, 499, 511, 526, 533, 548, 560, 551, 561, 569, 586, 624, 638, 678, 697, 704, 738, 734, 718, 732, 722, 733, 737, 755, 740, 770, 780, 781, 782, 783, 775, 767, 771, 751, 752, 764, 756, 742, 724, 694, 717, 714, 703, 687, 625, 623, 620, 585, 583, 602, 555, 516, 523, 462, 461, 481, 478, 465, 480, 520, 553, 543, 565, 577, 601, 605, 650, 673, 662, 646, 686, 695, 684, 707, 691, 706, 739, 757, 768, 779, 776, 772, 778, 769, 761, 655, 645, 613, 628, 621, 536, 477, 439, 410, 391, 351, 337, 308, 310, 295, 292, 269, 232, 225, 237, 221, 192, 178, 154, 138, 157, 169, 112, 39, 63, 76, 115, 155, 110, 125, 146, 185, 215, 230, 319, 356, 352, 395, 401, 407, 372, 271, 284, 331, 357, 367, 404, 444, 567, 637, 647, 716, 727, 754, 530, 494, 234, 218, 40, 6, 16, 50, 86]
---RESULTS END
time limit is: 1800
model used is: DIDP-add-nofirst
batch num is: rat783-481.4
/gpfs/fs0/scratch/b/beck/pekardan
/gpfs/fs0/scratch/b/beck/pekardan/DIDP-add-nofirst.py
===INSTANCE START
ALG: DIDP-DEL-nofirst
Instance Name: berlin52-13.2.json
this process used:  3343.828125  MiB
ALGORITHM END
Best Bound: 583.7159229883922
Cost: None
Expanded: 70389638
Generated: 226316456
Infeasible: False
Optimal: False
Time: 1806.194809094
Memory Used (MiB): 3343.83
Transitions: []
---RESULTS END
time limit is: 1800
model used is: DIDP-del-nofirst
batch num is: berlin52-13.2
/gpfs/fs0/scratch/b/beck/pekardan
/gpfs/fs0/scratch/b/beck/pekardan/DIDP-del-nofirst.py
===INSTANCE START
ALG: DIDP-DEL-nofirst
Instance Name: vm1084-848.9.json
this process used:  864.6015625  MiB
ALGORITHM END
Best Bound: 0.0
Cost: 415617.9010626211
Expanded: 1128911
Generated: 7730801
Infeasible: False
Optimal: False
Time: 1800.007468291
Memory Used (MiB): 864.6
Transitions: [52, 538, 694, 737, 680, 1006, 1005, 697, 797, 1025, 1023, 1004, 891, 537, 536, 56, 535, 363, 215, 55, 696, 568, 565, 364, 123, 53, 563, 562, 539, 1007, 1021, 855, 1019, 1017, 759, 788, 555, 556, 558, 560, 156, 157, 773, 691, 984, 719, 727, 1068, 1066, 693, 720, 991, 1042, 708, 883, 980, 899, 819, 813, 816, 927, 1032, 982, 818, 906, 822, 824, 826, 828, 1080, 986, 660, 914, 702, 770, 704, 1029, 881, 683, 907, 904, 995, 769, 766, 926, 989, 924, 997, 896, 1030, 782, 900, 992, 1015, 721, 941, 688, 711, 730, 1016, 1027, 932, 671, 776, 967, 920, 939, 661, 963, 847, 930, 908, 864, 928, 806, 663, 1028, 752, 1043, 848, 957, 953, 804, 1047, 1055, 959, 947, 837, 1059, 1071, 955, 835, 951, 1073, 1083, 961, 796, 949, 887, 754, 868, 943, 793, 945, 674, 740, 1044, 857, 870, 675, 1048, 669, 811, 874, 1056, 725, 876, 741, 717, 809, 677, 921, 750, 1072, 684, 1074, 801, 1084, 743, 714, 686, 888, 799, 861, 965, 779, 808, 969, 666, 781, 791, 977, 761, 756, 785, 979, 747, 918, 866, 844, 787, 775, 974, 975, 972, 912, 910, 1013, 1062, 792, 916, 839, 902, 1014, 762, 551, 161, 833, 894, 763, 163, 362, 164, 841, 890, 873, 764, 1078, 745, 765, 852, 1076, 860, 667, 167, 166, 649, 135, 648, 361, 368, 162, 272, 550, 210, 549, 491, 489, 490, 209, 922, 408, 182, 292, 200, 137, 497, 160, 494, 12, 480, 232, 207, 191, 151, 404, 326, 395, 401, 392, 281, 380, 624, 400, 486, 138, 290, 394, 623, 325, 403, 150, 206, 11, 231, 319, 42, 85, 133, 82, 222, 38, 342, 101, 238, 18, 641, 331, 127, 620, 212, 24, 315, 27, 141, 19, 28, 316, 23, 213, 333, 266, 431, 831, 869, 858, 871, 676, 670, 812, 726, 716, 810, 678, 742, 840, 877, 875, 850, 685, 802, 713, 744, 715, 800, 687, 879, 937, 934, 807, 760, 1061, 665, 790, 911, 755, 998, 999, 917, 527, 525, 526, 865, 748, 915, 838, 909, 845, 901, 268, 832, 893, 872, 889, 842, 1077, 851, 859, 668, 1075, 643, 302, 644, 645, 303, 287, 285, 335, 336, 378, 390, 279, 139, 399, 324, 402, 149, 393, 205, 10, 622, 230, 426, 158, 346, 220, 86, 134, 83, 223, 39, 343, 340, 31, 235, 485, 130, 300, 282, 131, 673, 794, 739, 749, 795, 672, 843, 867, 834, 849, 836, 664, 803, 753, 751, 805, 662, 846, 933, 970, 936, 919, 973, 935, 938, 1038, 777, 736, 119, 121, 122, 735, 1040, 1054, 734, 733, 1058, 732, 731, 968, 976, 729, 710, 689, 964, 1064, 783, 1037, 993, 1039, 996, 1046, 1053, 988, 767, 1036, 1057, 774, 768, 994, 944, 942, 1001, 682, 1000, 882, 350, 528, 529, 349, 347, 880, 771, 703, 948, 1070, 1063, 1049, 987, 960, 950, 898, 1045, 1035, 1034, 954, 946, 929, 786, 784, 895, 958, 952, 1082, 780, 778, 1052, 983, 956, 728, 827, 825, 823, 659, 821, 817, 815, 814, 820, 701, 884, 931, 981, 1031, 903, 1033, 709, 700, 962, 990, 1079, 923, 707, 1069, 699, 830, 985, 1041, 913, 1051, 706, 698, 966, 897, 705, 1009, 1065, 692, 723, 718, 1067, 1008, 1018, 690, 1012, 758, 1022, 757, 854, 1011, 738, 886, 1003, 695, 1010, 681, 1002, 853, 1026, 679, 829, 892, 1024, 798, 885, 263, 306, 355, 35, 543, 307, 546, 309, 153, 313, 547, 154, 152, 308, 356, 545, 540, 548, 856, 1020, 789, 264, 542, 70, 925, 905, 772, 71, 57, 607, 72, 73, 59, 74, 265, 940, 634, 61, 608, 62, 79, 373, 469, 513, 76, 78, 500, 353, 421, 105, 503, 655, 261, 189, 258, 463, 195, 418, 451, 509, 598, 466, 625, 457, 198, 2, 460, 186, 252, 241, 352, 499, 64, 651, 249, 375, 578, 243, 255, 382, 253, 653, 501, 247, 579, 244, 248, 498, 351, 515, 630, 633, 103, 51, 90, 504, 98, 48, 178, 632, 89, 629, 475, 384, 47, 202, 203, 311, 155, 564, 54, 217, 365, 567, 570, 125, 97, 631, 204, 628, 88, 49, 46, 544, 312, 532, 310, 531, 533, 541, 372, 58, 75, 592, 506, 650, 577, 242, 245, 250, 251, 1, 260, 257, 63, 635, 581, 609, 369, 374, 604, 636, 530, 520, 616, 605, 171, 170, 589, 606, 586, 611, 106, 587, 110, 112, 114, 117, 115, 116, 591, 118, 120, 428, 427, 429, 430, 481, 971, 863, 483, 482, 321, 322, 484, 294, 227, 21, 143, 295, 424, 185, 443, 495, 492, 627, 45, 478, 96, 194, 518, 522, 600, 470, 180, 439, 36, 348, 175, 599, 521, 422, 575, 168, 626, 371, 517, 523, 193, 95, 80, 108, 467, 458, 553, 94, 192, 516, 524, 455, 552, 416, 411, 512, 414, 68, 437, 398, 410, 652, 507, 174, 3, 262, 259, 654, 502, 104, 514, 593, 50, 505, 436, 409, 396, 177, 412, 557, 33, 124, 566, 569, 216, 201, 179, 92, 724, 385, 239, 415, 386, 66, 476, 69, 383, 511, 576, 43, 183, 434, 5, 420, 229, 7, 465, 619, 278, 453, 640, 181, 148, 450, 329, 444, 211, 25, 128, 314, 26, 338, 100, 341, 237, 17, 621, 233, 142, 289, 642, 37, 221, 81, 84, 318, 41, 359, 344, 218, 474, 188, 407, 40, 658, 406, 639, 1060, 488, 597, 638, 602, 656, 275, 226, 297, 613, 601, 456, 637, 447, 595, 573, 417, 435, 4, 572, 187, 462, 459, 357, 468, 298, 145, 225, 296, 389, 323, 405, 184, 228, 6, 144, 196, 224, 273, 299, 147, 277, 8, 146, 9, 276, 327, 22, 140, 330, 102, 339, 234, 30, 87, 129, 358, 496, 425, 214, 479, 493, 332, 657, 29, 132, 219, 345, 391, 280, 379, 269, 284, 337, 305, 646, 317, 366, 647, 360, 293, 283, 301, 334, 432, 862, 320, 291, 159, 197, 270, 136, 16, 14, 746, 13, 165, 208, 603, 615, 441, 596, 477, 440, 554, 571, 423, 471, 20, 452, 472, 464, 449, 590, 107, 388, 109, 113, 111, 618, 978, 612, 722, 617, 585, 169, 442, 376, 584, 176, 448, 583, 582, 370, 519, 172, 510, 419, 67, 445, 508, 454, 246, 397, 77, 594, 256, 413, 65, 240, 91, 99, 93, 1081, 574, 377, 173, 461, 44, 487, 190, 199, 274, 614, 712, 236, 473, 328, 433, 288, 588, 1050, 610, 580, 381, 60, 34, 32, 354, 254, 561, 534, 559, 446, 126, 267, 271, 15, 286, 304, 367, 878, 438, 387]
---RESULTS END
time limit is: 1800
model used is: DIDP-del-nofirst
batch num is: vm1084-848.9
/gpfs/fs0/scratch/b/beck/pekardan
/gpfs/fs0/scratch/b/beck/pekardan/DIDP-del-nofirst.py
Solver: CABS from DIDPPy v0.8.0
Searched with beam size: 1, expanded: 1085, elapsed time: 1.503073402
New dual bound: 0, expanded: 1085, elapsed time: 1.503099105
New primal bound: 380283.4233024046, expanded: 1085, elapsed time: 1.503101809
Searched with beam size: 2, expanded: 3253, elapsed time: 4.530399451
New primal bound: 377279.28884211683, expanded: 3253, elapsed time: 4.531652036
Searched with beam size: 4, expanded: 7569, elapsed time: 10.535315412
Searched with beam size: 8, expanded: 16222, elapsed time: 22.529873996
Searched with beam size: 16, expanded: 33555, elapsed time: 46.045669941
New primal bound: 372019.55677743215, expanded: 33555, elapsed time: 46.047747781
Searched with beam size: 32, expanded: 68183, elapsed time: 93.610195397
Searched with beam size: 64, expanded: 137414, elapsed time: 187.601649896
Searched with beam size: 128, expanded: 275894, elapsed time: 375.981773847
Searched with beam size: 256, expanded: 552985, elapsed time: 751.038466407
Searched with beam size: 512, expanded: 1107139, elapsed time: 1512.316425761
New primal bound: 359435.86345444125, expanded: 1107139, elapsed time: 1512.318481776
Searched with beam size: 1024, expanded: 1207483, elapsed time: 1800.009986005
Reached time limit.
vm1084-848.9.json
===INSTANCE START
ALG: DIDP-ADD-nofirst
Instance Name: vm1084-848.9.json
['263', '798', '885', '354', '561', '33', '69', '926', '920', '423', '459', '289', '425', '480', '866', '894', '763', '367', '281', '15', '366', '291', '378', '336', '304', '335', '301', '283', '235', '126', '433', '590', '388', '617', '520', '67', '439', '193', '377', '461', '511', '3', '255', '51', '90', '178', '179', '364', '534', '53', '556', '91', '708', '819', '385', '93', '92', '99', '248', '498', '77', '409', '177', '396', '506', '592', '75', '58', '60', '63', '659', '1052', '958', '1034', '583', '584', '180', '510', '419', '464', '472', '452', '80', '20', '199', '444', '493', '657', '236', '639', '658', '40', '407', '474', '188', '182', '292', '200', '197', '159', '206', '345', '219', '30', '234', '339', '320', '334', '267', '432', '687', '800', '850', '300', '131', '282', '726', '812', '333', '140', '867', '664', '849', '803', '933', '1058', '1040', '731', '968', '993', '589', '170', '585', '169', '172', '442', '171', '370', '448', '376', '451', '418', '251', '242', '577', '381', '352', '499', '104', '514', '593', '436', '50', '505', '629', '632', '89', '475', '384', '47', '557', '202', '203', '311', '155', '564', '54', '365', '217', '567', '570', '125', '412', '97', '631', '204', '628', '88', '46', '49', '312', '544', '310', '34', '532', '32', '545', '313', '541', '372', '71', '57', '966', '698', '706', '1051', '830', '265', '73', '59', '74', '634', '707', '990', '700', '1033', '580', '61', '608', '62', '79', '373', '469', '513', '76', '650', '78', '500', '353', '421', '250', '2', '198', '457', '625', '466', '598', '509', '176', '470', '600', '522', '518', '194', '96', '627', '45', '478', '492', '449', '495', '443', '185', '424', '8', '277', '214', '479', '496', '87', '358', '129', '142', '29', '338', '332', '128', '148', '274', '298', '225', '145', '434', '183', '571', '1027', '730', '446', '438', '1030', '896', '416', '411', '414', '512', '383', '574', '398', '174', '507', '652', '410', '256', '65', '437', '68', '66', '476', '1029', '702', '986', '906', '1081', '386', '415', '239', '240', '244', '579', '247', '413', '501', '653', '253', '382', '262', '259', '246', '502', '654', '445', '508', '175', '348', '36', '422', '575', '521', '599', '387', '173', '168', '626', '523', '371', '517', '95', '44', '108', '467', '458', '553', '43', '94', '516', '192', '576', '524', '455', '552', '554', '440', '572', '435', '4', '456', '596', '441', '943', '793', '597', '638', '603', '615', '488', '406', '750', '684', '712', '861', '779', '666', '208', '781', '408', '209', '490', '491', '489', '210', '549', '550', '270', '361', '648', '165', '649', '166', '135', '136', '16', '14', '746', '13', '667', '860', '1076', '765', '167', '852', '745', '1078', '764', '873', '841', '890', '164', '362', '163', '162', '368', '272', '161', '551', '833', '762', '1014', '902', '839', '916', '1062', '792', '1013', '910', '912', '975', '972', '974', '775', '787', '844', '918', '747', '979', '922', '785', '756', '761', '977', '791', '969', '808', '965', '878', '799', '888', '686', '714', '743', '1084', '801', '1074', '1072', '921', '677', '1060', '809', '717', '741', '876', '1056', '725', '874', '811', '1048', '669', '675', '870', '857', '1044', '740', '674', '945', '868', '887', '754', '949', '796', '961', '951', '1083', '1073', '835', '955', '595', '417', '573', '297', '226', '462', '187', '5', '420', '229', '7', '471', '296', '389', '323', '405', '184', '487', '190', '6', '228', '144', '224', '196', '299', '273', '147', '288', '328', '23', '213', '22', '327', '276', '9', '146', '21', '143', '227', '295', '484', '294', '322', '321', '482', '483', '588', '120', '612', '117', '107', '109', '111', '113', '116', '591', '118', '115', '114', '618', '112', '110', '587', '106', '611', '586', '606', '1039', '610', '616', '605', '519', '529', '350', '528', '530', '349', '347', '948', '636', '604', '582', '374', '369', '609', '635', '581', '257', '260', '1', '463', '195', '258', '189', '261', '655', '503', '105', '245', '254', '460', '186', '454', '252', '241', '64', '651', '249', '375', '397', '578', '243', '351', '594', '515', '630', '633', '103', '504', '98', '48', '201', '124', '569', '566', '216', '123', '559', '560', '156', '157', '558', '1017', '555', '563', '562', '538', '539', '52', '535', '696', '565', '568', '55', '215', '363', '56', '536', '537', '891', '797', '1004', '1023', '1025', '697', '1005', '1006', '680', '737', '694', '1007', '1021', '855', '1019', '759', '788', '773', '691', '984', '719', '1068', '727', '1066', '724', '720', '693', '991', '1042', '883', '980', '899', '813', '816', '927', '1032', '982', '818', '822', '824', '826', '828', '1080', '914', '660', '770', '704', '881', '683', '907', '904', '995', '769', '766', '989', '924', '997', '782', '900', '992', '1015', '721', '941', '688', '711', '1016', '932', '671', '776', '967', '477', '939', '661', '963', '847', '930', '908', '864', '928', '1028', '663', '806', '752', '1043', '848', '957', '804', '953', '1047', '1055', '959', '947', '1059', '837', '1071', '637', '447', '601', '613', '275', '656', '602', '614', '357', '468', '473', '181', '640', '453', '465', '619', '278', '450', '329', '211', '25', '314', '26', '17', '237', '100', '341', '621', '233', '642', '37', '221', '81', '132', '84', '318', '41', '359', '218', '344', '232', '12', '191', '207', '494', '160', '137', '497', '151', '404', '326', '395', '624', '392', '401', '380', '284', '337', '305', '646', '317', '647', '360', '269', '379', '391', '280', '486', '400', '138', '290', '394', '623', '325', '403', '150', '11', '231', '319', '42', '133', '85', '222', '82', '38', '342', '101', '238', '18', '641', '331', '127', '620', '212', '24', '315', '27', '141', '19', '330', '316', '28', '102', '485', '130', '31', '340', '343', '39', '83', '223', '134', '86', '220', '346', '158', '426', '230', '622', '10', '205', '393', '149', '402', '324', '390', '279', '399', '139', '293', '271', '268', '872', '1077', '668', '1075', '859', '851', '643', '302', '644', '645', '303', '285', '287', '286', '842', '889', '893', '832', '901', '845', '838', '909', '748', '915', '865', '526', '525', '527', '917', '999', '998', '755', '911', '790', '665', '760', '1061', '807', '934', '937', '879', '862', '715', '744', '713', '802', '685', '877', '875', '840', '742', '678', '810', '716', '670', '676', '871', '858', '869', '831', '431', '266', '673', '794', '739', '749', '795', '672', '843', '834', '836', '753', '751', '805', '662', '846', '863', '971', '481', '430', '428', '429', '427', '119', '121', '122', '736', '777', '938', '970', '936', '919', '973', '935', '1038', '735', '1054', '734', '733', '978', '732', '976', '729', '689', '964', '710', '722', '1064', '783', '1037', '1050', '996', '1046', '1053', '988', '767', '1036', '1057', '774', '768', '994', '944', '942', '1001', '682', '882', '1000', '880', '771', '703', '1070', '1063', '987', '1049', '960', '950', '1045', '898', '1035', '946', '954', '929', '786', '895', '784', '952', '1082', '780', '778', '983', '956', '728', '827', '825', '823', '821', '817', '815', '820', '814', '701', '884', '931', '981', '1031', '903', '709', '962', '1079', '923', '1069', '699', '940', '985', '1041', '913', '72', '607', '905', '772', '1065', '789', '1020', '757', '356', '306', '355', '533', '531', '35', '543', '307', '546', '309', '153', '547', '154', '152', '308', '548', '540', '264', '542', '70', '925', '705', '897', '1009', '723', '692', '718', '1067', '1008', '1018', '690', '856', '1012', '758', '1022', '854', '1011', '738', '886', '695', '1003', '1010', '853', '1002', '681', '1026', '679', '892', '1024', '829', '263']
ALGORITHM END
Best Bound: 0.0
Cost: 359435.86345444125
Expanded: 1207483
Generated: 8302702
Infeasible: False
Optimal: False
Time: 1800.010006526
Memory Used (MiB): 862.49
Transitions: [263, 829, 1024, 892, 679, 1026, 681, 1002, 853, 1010, 1003, 695, 886, 738, 1011, 854, 1022, 758, 1012, 856, 690, 1018, 1008, 1067, 718, 692, 723, 1009, 897, 705, 925, 70, 542, 264, 540, 548, 308, 152, 154, 547, 153, 309, 546, 307, 543, 35, 531, 533, 355, 306, 356, 757, 1020, 789, 1065, 772, 905, 607, 72, 913, 1041, 985, 940, 699, 1069, 923, 1079, 962, 709, 903, 1031, 981, 931, 884, 701, 814, 820, 815, 817, 821, 823, 825, 827, 728, 956, 983, 778, 780, 1082, 952, 784, 895, 786, 929, 954, 946, 1035, 898, 1045, 950, 960, 1049, 987, 1063, 1070, 703, 771, 880, 1000, 882, 682, 1001, 942, 944, 994, 768, 774, 1057, 1036, 767, 988, 1053, 1046, 996, 1050, 1037, 783, 1064, 722, 710, 964, 689, 729, 976, 732, 978, 733, 734, 1054, 735, 1038, 935, 973, 919, 936, 970, 938, 777, 736, 122, 121, 119, 427, 429, 428, 430, 481, 971, 863, 846, 662, 805, 751, 753, 836, 834, 843, 672, 795, 749, 739, 794, 673, 266, 431, 831, 869, 858, 871, 676, 670, 716, 810, 678, 742, 840, 875, 877, 685, 802, 713, 744, 715, 862, 879, 937, 934, 807, 1061, 760, 665, 790, 911, 755, 998, 999, 917, 527, 525, 526, 865, 915, 748, 909, 838, 845, 901, 832, 893, 889, 842, 286, 287, 285, 303, 645, 644, 302, 643, 851, 859, 1075, 668, 1077, 872, 268, 271, 293, 139, 399, 279, 390, 324, 402, 149, 393, 205, 10, 622, 230, 426, 158, 346, 220, 86, 134, 223, 83, 39, 343, 340, 31, 130, 485, 102, 28, 316, 330, 19, 141, 27, 315, 24, 212, 620, 127, 331, 641, 18, 238, 101, 342, 38, 82, 222, 85, 133, 42, 319, 231, 11, 150, 403, 325, 623, 394, 290, 138, 400, 486, 280, 391, 379, 269, 360, 647, 317, 646, 305, 337, 284, 380, 401, 392, 624, 395, 326, 404, 151, 497, 137, 160, 494, 207, 191, 12, 232, 344, 218, 359, 41, 318, 84, 132, 81, 221, 37, 642, 233, 621, 341, 100, 237, 17, 26, 314, 25, 211, 329, 450, 278, 619, 465, 453, 640, 181, 473, 468, 357, 614, 602, 656, 275, 613, 601, 447, 637, 1071, 837, 1059, 947, 959, 1055, 1047, 953, 804, 957, 848, 1043, 752, 806, 663, 1028, 928, 864, 908, 930, 847, 963, 661, 939, 477, 967, 776, 671, 932, 1016, 711, 688, 941, 721, 1015, 992, 900, 782, 997, 924, 989, 766, 769, 995, 904, 907, 683, 881, 704, 770, 660, 914, 1080, 828, 826, 824, 822, 818, 982, 1032, 927, 816, 813, 899, 980, 883, 1042, 991, 693, 720, 724, 1066, 727, 1068, 719, 984, 691, 773, 788, 759, 1019, 855, 1021, 1007, 694, 737, 680, 1006, 1005, 697, 1025, 1023, 1004, 797, 891, 537, 536, 56, 363, 215, 55, 568, 565, 696, 535, 52, 539, 538, 562, 563, 555, 1017, 558, 157, 156, 560, 559, 123, 216, 566, 569, 124, 201, 48, 98, 504, 103, 633, 630, 515, 594, 351, 243, 578, 397, 375, 249, 651, 64, 241, 252, 454, 186, 460, 254, 245, 105, 503, 655, 261, 189, 258, 195, 463, 1, 260, 257, 581, 635, 609, 369, 374, 582, 604, 636, 948, 347, 349, 530, 528, 350, 529, 519, 605, 616, 610, 1039, 606, 586, 611, 106, 587, 110, 112, 618, 114, 115, 118, 591, 116, 113, 111, 109, 107, 117, 612, 120, 588, 483, 482, 321, 322, 294, 484, 295, 227, 143, 21, 146, 9, 276, 327, 22, 213, 23, 328, 288, 147, 273, 299, 196, 224, 144, 228, 6, 190, 487, 184, 405, 323, 389, 296, 471, 7, 229, 420, 5, 187, 462, 226, 297, 573, 417, 595, 955, 835, 1073, 1083, 951, 961, 796, 949, 754, 887, 868, 945, 674, 740, 1044, 857, 870, 675, 669, 1048, 811, 874, 725, 1056, 876, 741, 717, 809, 1060, 677, 921, 1072, 1074, 801, 1084, 743, 714, 686, 888, 799, 878, 965, 808, 969, 791, 977, 761, 756, 785, 922, 979, 747, 918, 844, 787, 775, 974, 972, 975, 912, 910, 1013, 792, 1062, 916, 839, 902, 1014, 762, 833, 551, 161, 272, 368, 162, 163, 362, 164, 890, 841, 873, 764, 1078, 745, 852, 167, 765, 1076, 860, 667, 13, 746, 14, 16, 136, 135, 166, 649, 165, 648, 361, 270, 550, 549, 210, 489, 491, 490, 209, 408, 781, 208, 666, 779, 861, 712, 684, 750, 406, 488, 615, 603, 638, 597, 793, 943, 441, 596, 456, 4, 435, 572, 440, 554, 552, 455, 524, 576, 192, 516, 94, 43, 553, 458, 467, 108, 44, 95, 517, 371, 523, 626, 168, 173, 387, 599, 521, 575, 422, 36, 348, 175, 508, 445, 654, 502, 246, 259, 262, 382, 253, 653, 501, 413, 247, 579, 244, 240, 239, 415, 386, 1081, 906, 986, 702, 1029, 476, 66, 68, 437, 65, 256, 410, 652, 507, 174, 398, 574, 383, 512, 414, 411, 416, 896, 1030, 438, 446, 730, 1027, 571, 183, 434, 145, 225, 298, 274, 148, 128, 332, 338, 29, 142, 129, 358, 87, 496, 479, 214, 277, 8, 424, 185, 443, 495, 449, 492, 478, 45, 627, 96, 194, 518, 522, 600, 470, 176, 509, 598, 466, 625, 457, 198, 2, 250, 421, 353, 500, 78, 650, 76, 513, 469, 373, 79, 62, 608, 61, 580, 1033, 700, 990, 707, 634, 74, 59, 73, 265, 830, 1051, 706, 698, 966, 57, 71, 372, 541, 313, 545, 32, 532, 34, 310, 544, 312, 49, 46, 88, 628, 204, 631, 97, 412, 125, 570, 567, 217, 365, 54, 564, 155, 311, 203, 202, 557, 47, 384, 475, 89, 632, 629, 505, 50, 436, 593, 514, 104, 499, 352, 381, 577, 242, 251, 418, 451, 376, 448, 370, 171, 442, 172, 169, 585, 170, 589, 993, 968, 731, 1040, 1058, 933, 803, 849, 664, 867, 140, 333, 812, 726, 282, 131, 300, 850, 800, 687, 432, 267, 334, 320, 339, 234, 30, 219, 345, 206, 159, 197, 200, 292, 182, 188, 474, 407, 40, 658, 639, 236, 657, 493, 444, 199, 20, 80, 452, 472, 464, 419, 510, 180, 584, 583, 1034, 958, 1052, 659, 63, 60, 58, 75, 592, 506, 396, 177, 409, 77, 498, 248, 99, 92, 93, 385, 819, 708, 91, 556, 53, 534, 364, 179, 178, 90, 51, 255, 3, 511, 461, 377, 193, 439, 67, 520, 617, 388, 590, 433, 126, 235, 283, 301, 335, 304, 336, 378, 291, 366, 15, 281, 367, 763, 894, 866, 480, 425, 289, 459, 423, 920, 926, 69, 33, 561, 354, 885, 798]
---RESULTS END
time limit is: 1800
model used is: DIDP-add-nofirst
batch num is: vm1084-848.9
/gpfs/fs0/scratch/b/beck/pekardan
/gpfs/fs0/scratch/b/beck/pekardan/DIDP-add-nofirst.py
===INSTANCE START
ALG: DIDP-DEL-nofirst
Instance Name: berlin52-10.4.json
this process used:  7562.25  MiB
ALGORITHM END
Best Bound: 664.9384019918094
Cost: None
Expanded: 71016990
Generated: 226572347
Infeasible: False
Optimal: False
Time: 1810.278337913
Memory Used (MiB): 7562.25
Transitions: []
---RESULTS END
time limit is: 1800
model used is: DIDP-del-nofirst
batch num is: berlin52-10.4
/gpfs/fs0/scratch/b/beck/pekardan
/gpfs/fs0/scratch/b/beck/pekardan/DIDP-del-nofirst.py
===INSTANCE START
ALG: DIDP-DEL-nofirst
Instance Name: ulysses22-5.5.json
this process used:  8722.19921875  MiB
ALGORITHM END
Best Bound: 37.49942805176162
Cost: None
Expanded: 159442564
Generated: 241819180
Infeasible: False
Optimal: False
Time: 1814.230119522
Memory Used (MiB): 8722.2
Transitions: []
---RESULTS END
time limit is: 1800
model used is: DIDP-del-nofirst
batch num is: ulysses22-5.5
/gpfs/fs0/scratch/b/beck/pekardan
/gpfs/fs0/scratch/b/beck/pekardan/DIDP-del-nofirst.py
Solver: CABS from DIDPPy v0.8.0
Searched with beam size: 1, expanded: 2, elapsed time: 0.000120269
New dual bound: 0, expanded: 2, elapsed time: 0.00013806
Searched with beam size: 2, expanded: 103, elapsed time: 0.001194567
New primal bound: 19992.43338317139, expanded: 103, elapsed time: 0.001200497
Searched with beam size: 4, expanded: 304, elapsed time: 0.003027431
Searched with beam size: 8, expanded: 717, elapsed time: 0.006683033
New primal bound: 18990.308835578173, expanded: 717, elapsed time: 0.006720948
Searched with beam size: 16, expanded: 1535, elapsed time: 0.013996635
New primal bound: 18274.643205233217, expanded: 1535, elapsed time: 0.014041984
Searched with beam size: 32, expanded: 3179, elapsed time: 0.028503067
New primal bound: 16362.543484052332, expanded: 3179, elapsed time: 0.028536944
Searched with beam size: 64, expanded: 6381, elapsed time: 0.056907582
New dual bound: 945.4368308878666, expanded: 6381, elapsed time: 0.056915966
Searched with beam size: 128, expanded: 12722, elapsed time: 0.112781533
New dual bound: 1457.6547081037816, expanded: 12722, elapsed time: 0.112789085
Searched with beam size: 256, expanded: 25151, elapsed time: 0.221656463
New dual bound: 2237.9928891133577, expanded: 25151, elapsed time: 0.221665888
New primal bound: 16246.073445213668, expanded: 25151, elapsed time: 0.221707695
Searched with beam size: 512, expanded: 49223, elapsed time: 0.434636118
New dual bound: 3026.6719343345576, expanded: 49223, elapsed time: 0.434646096
Searched with beam size: 1024, expanded: 95770, elapsed time: 0.855568792
New dual bound: 3645.996299782642, expanded: 95770, elapsed time: 0.8555793
New primal bound: 16232.051446589121, expanded: 95770, elapsed time: 0.855625799
Searched with beam size: 2048, expanded: 186085, elapsed time: 1.694028533
New dual bound: 4362.975614021584, expanded: 186085, elapsed time: 1.694039351
New primal bound: 16010.466503586798, expanded: 186085, elapsed time: 1.694098925
Searched with beam size: 4096, expanded: 360470, elapsed time: 3.4773259149999998
New dual bound: 5053.634833551229, expanded: 360470, elapsed time: 3.477343551
New primal bound: 15876.14759174883, expanded: 360470, elapsed time: 3.477408599
Searched with beam size: 8192, expanded: 697143, elapsed time: 7.17959175
New dual bound: 5699.821467080798, expanded: 697143, elapsed time: 7.179610626
New primal bound: 15795.248480972845, expanded: 697143, elapsed time: 7.179680552
Searched with beam size: 16384, expanded: 1348133, elapsed time: 15.003413705
New dual bound: 6297.102644543616, expanded: 1348133, elapsed time: 15.003433119
New primal bound: 15644.846799982939, expanded: 1348133, elapsed time: 15.003492621
Searched with beam size: 32768, expanded: 2604641, elapsed time: 31.246210892
New dual bound: 6838.836852271111, expanded: 2604641, elapsed time: 31.246232473
Searched with beam size: 65536, expanded: 5039239, elapsed time: 64.674157846
New dual bound: 7341.216952187766, expanded: 5039239, elapsed time: 64.674185348
New primal bound: 15620.061333388054, expanded: 5039239, elapsed time: 64.67426376
Searched with beam size: 131072, expanded: 9749039, elapsed time: 133.41365159
New dual bound: 7799.239340550708, expanded: 9749039, elapsed time: 133.413671783
New primal bound: 15414.316200031859, expanded: 9749039, elapsed time: 133.413742558
Searched with beam size: 262144, expanded: 18820228, elapsed time: 273.201736021
New dual bound: 8215.012688761006, expanded: 18820228, elapsed time: 273.201758614
New primal bound: 15393.899851666083, expanded: 18820228, elapsed time: 273.201827881
Searched with beam size: 524288, expanded: 36311829, elapsed time: 565.755072385
New dual bound: 8606.645188688235, expanded: 36311829, elapsed time: 565.755094553
New primal bound: 15264.560236844338, expanded: 36311829, elapsed time: 565.755182266
Searched with beam size: 1048576, expanded: 70001435, elapsed time: 1185.874756867
New dual bound: 8975.083972621223, expanded: 70001435, elapsed time: 1185.874780389
Searched with beam size: 2097152, expanded: 98871306, elapsed time: 1817.764875171
Reached time limit.
berlin52-13.2.json
===INSTANCE START
ALG: DIDP-ADD-nofirst
Instance Name: berlin52-13.2.json
['33', '10', '9', '8', '19', '31', '22', '1', '50', '29', '13', '14', '52', '11', '4', '16', '46', '24', '38', '36', '44', '30', '42', '7', '2', '17', '41', '45', '3', '35', '39', '34', '21', '23', '48', '27', '12', '47', '28', '26', '25', '49', '6', '43', '5', '37', '51', '15', '20', '32', '18', '40', '33']
ALGORITHM END
Best Bound: 8975.083972621223
Cost: 15264.560236844338
Expanded: 98871306
Generated: 235740578
Infeasible: False
Optimal: False
Time: 1817.764907955
Memory Used (MiB): 2951.32
Transitions: [33, 40, 18, 32, 20, 15, 51, 37, 5, 43, 6, 49, 25, 26, 28, 47, 12, 27, 48, 23, 21, 34, 39, 35, 3, 45, 41, 17, 2, 7, 42, 30, 44, 36, 38, 24, 46, 16, 4, 11, 52, 14, 13, 29, 50, 1, 22, 31, 19, 8, 9, 10]
---RESULTS END
time limit is: 1800
model used is: DIDP-add-nofirst
batch num is: berlin52-13.2
/gpfs/fs0/scratch/b/beck/pekardan
/gpfs/fs0/scratch/b/beck/pekardan/DIDP-add-nofirst.py

scontrol show job 14295961
JobId=14295961 JobName=didp-nofirst-sbatch.sh
   UserId=pekardan(3144906) GroupId=beck(6007069) MCS_label=N/A
   Priority=808027 Nice=0 Account=def-beck QOS=normal
   JobState=COMPLETING Reason=None Dependency=(null)
   Requeue=0 Restarts=0 BatchFlag=1 Reboot=0 ExitCode=0:0
   RunTime=00:30:32 TimeLimit=01:05:00 TimeMin=N/A
   SubmitTime=2025-03-15T21:46:04 EligibleTime=2025-03-15T21:46:04
   AccrueTime=2025-03-15T21:46:04
   StartTime=2025-03-15T22:31:28 EndTime=2025-03-15T23:02:00 Deadline=N/A
   SuspendTime=None SecsPreSuspend=0 LastSchedEval=2025-03-15T22:31:28 Scheduler=Backfill
   Partition=compute AllocNode:Sid=nia-login06:208099
   ReqNodeList=(null) ExcNodeList=(null)
   NodeList=nia0324
   BatchHost=nia0324
   NumNodes=1 NumCPUs=80 NumTasks=22 CPUs/Task=2 ReqB:S:C:T=0:0:*:*
   ReqTRES=cpu=44,mem=175000M,node=1,billing=22
   AllocTRES=cpu=80,mem=175000M,node=1,billing=40
   Socks/Node=* NtasksPerN:B:S:C=22:0:*:1 CoreSpec=*
   MinCPUsNode=44 MinMemoryNode=175000M MinTmpDiskNode=0
   Features=[skylake|cascade] DelayBoot=00:00:00
   OverSubscribe=NO Contiguous=0 Licenses=(null) Network=(null)
   Command=/gpfs/fs0/scratch/b/beck/pekardan/didp-nofirst-sbatch.sh
   WorkDir=/gpfs/fs0/scratch/b/beck/pekardan
   Comment=/opt/slurm/bin/sbatch --export=NONE didp-nofirst-sbatch.sh 
   StdErr=/gpfs/fs0/scratch/b/beck/pekardan/slurm-14295961.out
   StdIn=/dev/null
   StdOut=/gpfs/fs0/scratch/b/beck/pekardan/slurm-14295961.out
   TresPerTask=cpu=2
   MailUser=daniel.pekar@mail.utoronto.ca MailType=INVALID_DEPEND,BEGIN,END,FAIL,REQUEUE,STAGE_OUT
   

sacct -j 14295961
JobID           JobName    Account    Elapsed  MaxVMSize     MaxRSS  SystemCPU    UserCPU ExitCode 
------------ ---------- ---------- ---------- ---------- ---------- ---------- ---------- -------- 
14295961     didp-nofi+   def-beck   00:30:32                        01:52.150   08:58:51      0:0 
14295961.ba+      batch   def-beck   00:30:32  37286520K  36065092K  01:52.150   08:58:51      0:0 
14295961.ex+     extern   def-beck   00:30:32    136828K      1032K   00:00:00   00:00:00      0:0 
