
The following have been reloaded with a version change:
  1) mii/1.1.1 => mii/1.1.2

Solver: CABS from DIDPPy v0.8.0
Searched with beam size: 1, expanded: 3, elapsed time: 0.000101449
New dual bound: 0, expanded: 3, elapsed time: 0.000121083
Searched with beam size: 2, expanded: 26, elapsed time: 0.000226148
New primal bound: 52.66006434063039, expanded: 26, elapsed time: 0.000230943
Searched with beam size: 4, expanded: 68, elapsed time: 0.000322206
New dual bound: 44.03929997012304, expanded: 68, elapsed time: 0.000327014
Searched with beam size: 8, expanded: 112, elapsed time: 0.000416731
===INSTANCE START
ALG: DIDP-ADD
Instance Name: burma14-3.1.json
ALGORITHM END
Best Bound: 52.66006434063039
Cost: 52.66006434063039
Expanded: 112
Generated: 117
Infeasible: False
Optimal: True
Time: 0.000420695
Transitions: [2, 9, 5, 10, 1, 13, 12, 4, 6, 7, 14, 3, 11, 8]
---RESULTS END
time limit is: 1800
model used is: DIDP-add
instance is: burma14-3.1
/gpfs/fs0/scratch/b/beck/pekardan
/gpfs/fs0/scratch/b/beck/pekardan/DIDP-add.py
Solver: CABS from DIDPPy v0.8.0
Searched with beam size: 1, expanded: 4, elapsed time: 0.000107717
New dual bound: 0, expanded: 4, elapsed time: 0.000127214
Searched with beam size: 2, expanded: 10, elapsed time: 0.000162289
Searched with beam size: 4, expanded: 20, elapsed time: 0.000216439
Searched with beam size: 8, expanded: 163, elapsed time: 0.000797399
New primal bound: 160.4069672782029, expanded: 163, elapsed time: 0.000801747
Searched with beam size: 16, expanded: 434, elapsed time: 0.001717425
New dual bound: 88.36238517787937, expanded: 434, elapsed time: 0.001721755
Searched with beam size: 32, expanded: 867, elapsed time: 0.003135183
New dual bound: 108.86448259849848, expanded: 867, elapsed time: 0.003139418
New primal bound: 143.36358859838913, expanded: 867, elapsed time: 0.003151438
Searched with beam size: 64, expanded: 1523, elapsed time: 0.004968663
New dual bound: 115.89696131498462, expanded: 1523, elapsed time: 0.004972552
Searched with beam size: 128, expanded: 2531, elapsed time: 0.007462459
New dual bound: 125.47371918890134, expanded: 2531, elapsed time: 0.007466282
New primal bound: 143.3329278328816, expanded: 2531, elapsed time: 0.007475963
Searched with beam size: 256, expanded: 4022, elapsed time: 0.010806432
New dual bound: 136.96634573751518, expanded: 4022, elapsed time: 0.010810258
Searched with beam size: 512, expanded: 5699, elapsed time: 0.014438218
===INSTANCE START
ALG: DIDP-ADD
Instance Name: ulysses22-5.5.json
ALGORITHM END
Best Bound: 143.3329278328816
Cost: 143.3329278328816
Expanded: 5699
Generated: 6645
Infeasible: False
Optimal: True
Time: 0.014441927
Transitions: [13, 16, 4, 7, 11, 21, 2, 1, 8, 10, 6, 20, 19, 14, 15, 5, 9, 3, 18, 17, 22, 12]
---RESULTS END
time limit is: 1800
model used is: DIDP-add
instance is: ulysses22-5.5
/gpfs/fs0/scratch/b/beck/pekardan
/gpfs/fs0/scratch/b/beck/pekardan/DIDP-add.py
Solver: CABS from DIDPPy v0.8.0
Searched with beam size: 1, expanded: 6, elapsed time: 0.000162836
New dual bound: 0, expanded: 6, elapsed time: 0.000177646
Searched with beam size: 2, expanded: 109, elapsed time: 0.001165163
New primal bound: 21706.124776394376, expanded: 109, elapsed time: 0.001171033
Searched with beam size: 4, expanded: 315, elapsed time: 0.002885614
New primal bound: 21135.28792359291, expanded: 315, elapsed time: 0.002907802
Searched with beam size: 8, expanded: 728, elapsed time: 0.006283575
New primal bound: 18990.308835578173, expanded: 728, elapsed time: 0.006316791
Searched with beam size: 16, expanded: 1546, elapsed time: 0.012858137
Searched with beam size: 32, expanded: 3190, elapsed time: 0.026058439
New primal bound: 16362.543484052332, expanded: 3190, elapsed time: 0.0260798
Searched with beam size: 64, expanded: 6381, elapsed time: 0.052030314
New dual bound: 945.4368308878666, expanded: 6381, elapsed time: 0.05203454
Searched with beam size: 128, expanded: 12711, elapsed time: 0.103558361
New dual bound: 1457.6547081037816, expanded: 12711, elapsed time: 0.103563099
Searched with beam size: 256, expanded: 25129, elapsed time: 0.204778458
New dual bound: 2237.9928891133577, expanded: 25129, elapsed time: 0.204783707
New primal bound: 16246.073445213668, expanded: 25129, elapsed time: 0.20480661
Searched with beam size: 512, expanded: 49190, elapsed time: 0.401062163
New dual bound: 3026.6719343345576, expanded: 49190, elapsed time: 0.401068822
Searched with beam size: 1024, expanded: 95726, elapsed time: 0.788496799
New dual bound: 3645.996299782642, expanded: 95726, elapsed time: 0.78850463
New primal bound: 16232.051446589121, expanded: 95726, elapsed time: 0.788541904
Searched with beam size: 2048, expanded: 186030, elapsed time: 1.545506094
New dual bound: 4362.975614021584, expanded: 186030, elapsed time: 1.545514121
New primal bound: 16010.466503586798, expanded: 186030, elapsed time: 1.545539993
Searched with beam size: 4096, expanded: 360404, elapsed time: 3.020093725
New dual bound: 5053.634833551229, expanded: 360404, elapsed time: 3.02010465
New primal bound: 15876.14759174883, expanded: 360404, elapsed time: 3.02014748
Searched with beam size: 8192, expanded: 697066, elapsed time: 5.89257395
New dual bound: 5699.821467080798, expanded: 697066, elapsed time: 5.892584526
New primal bound: 15795.248480972845, expanded: 697066, elapsed time: 5.892632123
Searched with beam size: 16384, expanded: 1348045, elapsed time: 11.788246125
New dual bound: 6297.102644543616, expanded: 1348045, elapsed time: 11.788263632
New primal bound: 15644.846799982939, expanded: 1348045, elapsed time: 11.788328794
Searched with beam size: 32768, expanded: 2604542, elapsed time: 25.105180176
New dual bound: 6838.836852271111, expanded: 2604542, elapsed time: 25.105203318
Searched with beam size: 65536, expanded: 5039129, elapsed time: 53.908604698
New dual bound: 7341.216952187766, expanded: 5039129, elapsed time: 53.908627786
New primal bound: 15620.061333388054, expanded: 5039129, elapsed time: 53.908689544
Searched with beam size: 131072, expanded: 9748918, elapsed time: 114.344444305
New dual bound: 7799.239340550708, expanded: 9748918, elapsed time: 114.344466536
New primal bound: 15414.316200031859, expanded: 9748918, elapsed time: 114.344547432
Searched with beam size: 262144, expanded: 18820096, elapsed time: 238.262333113
New dual bound: 8215.012688761006, expanded: 18820096, elapsed time: 238.26235251
New primal bound: 15393.899851666083, expanded: 18820096, elapsed time: 238.262432867
Searched with beam size: 524288, expanded: 36311686, elapsed time: 489.595386486
New dual bound: 8606.645188688235, expanded: 36311686, elapsed time: 489.595406955
New primal bound: 15264.560236844338, expanded: 36311686, elapsed time: 489.595497585
Searched with beam size: 1048576, expanded: 70001281, elapsed time: 998.732143312
New dual bound: 8975.083972621223, expanded: 70001281, elapsed time: 998.73216896
Searched with beam size: 2097152, expanded: 116000851, elapsed time: 1815.136053387
Reached time limit.
===INSTANCE START
ALG: DIDP-ADD
Instance Name: berlin52-13.2.json
ALGORITHM END
Best Bound: 8975.083972621223
Cost: 15264.560236844338
Expanded: 116000851
Generated: 281311670
Infeasible: False
Optimal: False
Time: 1815.136078027
Transitions: [33, 40, 18, 32, 20, 15, 51, 37, 5, 43, 6, 49, 25, 26, 28, 47, 12, 27, 48, 23, 21, 34, 39, 35, 3, 45, 41, 17, 2, 7, 42, 30, 44, 36, 38, 24, 46, 16, 4, 11, 52, 14, 13, 29, 50, 1, 22, 31, 19, 8, 9, 10]
---RESULTS END
time limit is: 1800
model used is: DIDP-add
instance is: berlin52-13.2
/gpfs/fs0/scratch/b/beck/pekardan
/gpfs/fs0/scratch/b/beck/pekardan/DIDP-add.py
Solver: CABS from DIDPPy v0.8.0
Searched with beam size: 1, expanded: 102, elapsed time: 0.001969493
New dual bound: 0, expanded: 102, elapsed time: 0.001986191
New primal bound: 1594.7686923399604, expanded: 102, elapsed time: 0.001988978
Searched with beam size: 2, expanded: 303, elapsed time: 0.005469019
Searched with beam size: 4, expanded: 706, elapsed time: 0.01240684
New primal bound: 1536.1785158876407, expanded: 706, elapsed time: 0.012446704
Searched with beam size: 8, expanded: 1511, elapsed time: 0.026182866
New primal bound: 1405.4238926899804, expanded: 1511, elapsed time: 0.026221675
Searched with beam size: 16, expanded: 3101, elapsed time: 0.053060577
Searched with beam size: 32, expanded: 6278, elapsed time: 0.10678206
Searched with beam size: 64, expanded: 12687, elapsed time: 0.216257662
New primal bound: 1360.3781095331697, expanded: 12687, elapsed time: 0.216295886
Searched with beam size: 128, expanded: 25387, elapsed time: 0.434351106
New dual bound: 26.68332812825267, expanded: 25387, elapsed time: 0.434355982
Searched with beam size: 256, expanded: 50645, elapsed time: 0.873156075
New dual bound: 45.69463863518345, expanded: 50645, elapsed time: 0.873164581
Searched with beam size: 512, expanded: 100906, elapsed time: 1.761952403
New dual bound: 61.550610322603816, expanded: 100906, elapsed time: 1.761958924
New primal bound: 1323.6631589223114, expanded: 100906, elapsed time: 1.761998127
Searched with beam size: 1024, expanded: 200192, elapsed time: 3.54889567
New dual bound: 79.27626753856299, expanded: 200192, elapsed time: 3.548905478
Searched with beam size: 2048, expanded: 398959, elapsed time: 7.128733823
New dual bound: 96.75147353334052, expanded: 398959, elapsed time: 7.128743977
New primal bound: 1256.4871633521598, expanded: 398959, elapsed time: 7.12880868
Searched with beam size: 4096, expanded: 790363, elapsed time: 14.268326716
New dual bound: 113.04964647640053, expanded: 790363, elapsed time: 14.26834102
Searched with beam size: 8192, expanded: 1569700, elapsed time: 28.687953352
New dual bound: 129.80593555184294, expanded: 1569700, elapsed time: 28.687968127
New primal bound: 1244.8185958897716, expanded: 1569700, elapsed time: 28.688070647
Searched with beam size: 16384, expanded: 3120495, elapsed time: 59.47346831
New dual bound: 145.28280469847203, expanded: 3120495, elapsed time: 59.473485387
New primal bound: 1222.214589415914, expanded: 3120495, elapsed time: 59.47360576
Searched with beam size: 32768, expanded: 6188880, elapsed time: 126.756279858
New dual bound: 160.93886904852852, expanded: 6188880, elapsed time: 126.756298762
New primal bound: 1211.2389722855735, expanded: 6188880, elapsed time: 126.756428054
Searched with beam size: 65536, expanded: 12255426, elapsed time: 270.793723442
New dual bound: 176.63860722872903, expanded: 12255426, elapsed time: 270.793746287
Searched with beam size: 131072, expanded: 24318336, elapsed time: 579.397497991
New dual bound: 192.0473979358832, expanded: 24318336, elapsed time: 579.397523001
New primal bound: 1198.9494473497575, expanded: 24318336, elapsed time: 579.397672351
Searched with beam size: 262144, expanded: 48186935, elapsed time: 1206.275274558
New dual bound: 206.64404622085874, expanded: 48186935, elapsed time: 1206.275305993
Searched with beam size: 524288, expanded: 67644742, elapsed time: 1805.26816358
Reached time limit.
===INSTANCE START
ALG: DIDP-ADD
Instance Name: eil101-27.5.json
ALGORITHM END
Best Bound: 206.64404622085874
Cost: 1198.9494473497575
Expanded: 67644742
Generated: 210193140
Infeasible: False
Optimal: False
Time: 1805.268191419
Transitions: [96, 95, 73, 12, 1, 30, 32, 52, 31, 69, 62, 18, 85, 37, 2, 40, 56, 21, 101, 22, 41, 15, 42, 14, 43, 100, 97, 94, 5, 83, 88, 63, 11, 48, 19, 46, 45, 60, 84, 17, 92, 93, 16, 98, 99, 44, 61, 6, 13, 58, 4, 75, 72, 74, 23, 67, 25, 55, 24, 80, 68, 3, 81, 70, 50, 77, 79, 51, 33, 9, 34, 29, 54, 26, 28, 27, 89, 82, 8, 7, 47, 36, 49, 64, 10, 90, 20, 66, 65, 71, 35, 78, 76, 53, 39, 57, 87, 38, 86, 91, 59]
---RESULTS END
time limit is: 1800
model used is: DIDP-add
instance is: eil101-27.5
/gpfs/fs0/scratch/b/beck/pekardan
/gpfs/fs0/scratch/b/beck/pekardan/DIDP-add.py
Solver: CABS from DIDPPy v0.8.0
Searched with beam size: 1, expanded: 203, elapsed time: 0.009689226
New dual bound: 0, expanded: 203, elapsed time: 0.009710606
New primal bound: 1021.2949144772089, expanded: 203, elapsed time: 0.009713397
Searched with beam size: 2, expanded: 608, elapsed time: 0.027977247
New primal bound: 976.4038363704076, expanded: 608, elapsed time: 0.028089495
Searched with beam size: 4, expanded: 1416, elapsed time: 0.063788727
New primal bound: 912.9274007503535, expanded: 1416, elapsed time: 0.063901747
Searched with beam size: 8, expanded: 3024, elapsed time: 0.135979466
Searched with beam size: 16, expanded: 6246, elapsed time: 0.279285112
New primal bound: 894.4933490473418, expanded: 6246, elapsed time: 0.279390048
Searched with beam size: 32, expanded: 12688, elapsed time: 0.563978017
New primal bound: 859.2407717091202, expanded: 12688, elapsed time: 0.564084356
Searched with beam size: 64, expanded: 25530, elapsed time: 1.141330789
New primal bound: 854.6456711546982, expanded: 25530, elapsed time: 1.14144096
Searched with beam size: 128, expanded: 51236, elapsed time: 2.299722706
New primal bound: 838.5378574099122, expanded: 51236, elapsed time: 2.299843923
Searched with beam size: 256, expanded: 102405, elapsed time: 4.635489732
New dual bound: 4.935929497065372, expanded: 102405, elapsed time: 4.63550024
Searched with beam size: 512, expanded: 204632, elapsed time: 9.313086765
New dual bound: 7.143794509922581, expanded: 204632, elapsed time: 9.313096348
Searched with beam size: 1024, expanded: 408495, elapsed time: 18.712472079
New dual bound: 9.656881535975193, expanded: 408495, elapsed time: 18.712482824
New primal bound: 837.022511940356, expanded: 408495, elapsed time: 18.712672443
Searched with beam size: 2048, expanded: 816091, elapsed time: 37.615461581
New dual bound: 11.805783975883525, expanded: 816091, elapsed time: 37.615472548
New primal bound: 826.4675816056891, expanded: 816091, elapsed time: 37.615637829
Searched with beam size: 4096, expanded: 1630193, elapsed time: 76.060619681
New dual bound: 14.088131954686155, expanded: 1630193, elapsed time: 76.060632394
New primal bound: 807.8580713593037, expanded: 1630193, elapsed time: 76.060819377
Searched with beam size: 8192, expanded: 3251979, elapsed time: 154.564438714
New dual bound: 16.215638311123964, expanded: 3251979, elapsed time: 154.564456017
New primal bound: 792.9133207319453, expanded: 3251979, elapsed time: 154.564693755
Searched with beam size: 16384, expanded: 6486886, elapsed time: 320.497792845
New dual bound: 18.366898838844254, expanded: 6486886, elapsed time: 320.497813877
Searched with beam size: 32768, expanded: 12946895, elapsed time: 667.745418294
New dual bound: 20.435770433442883, expanded: 12946895, elapsed time: 667.745439263
Searched with beam size: 65536, expanded: 25834570, elapsed time: 1384.147117805
New dual bound: 22.546746159789315, expanded: 25834570, elapsed time: 1384.147137478
New primal bound: 779.8843610492427, expanded: 25834570, elapsed time: 1384.147409106
Searched with beam size: 131072, expanded: 31449178, elapsed time: 1800.973862829
Reached time limit.
===INSTANCE START
ALG: DIDP-ADD
Instance Name: gr202-67.3.json
ALGORITHM END
Best Bound: 22.546746159789315
Cost: 779.8843610492427
Expanded: 31449178
Generated: 134306808
Infeasible: False
Optimal: False
Time: 1800.973884735
Transitions: [115, 101, 156, 117, 110, 120, 105, 42, 40, 129, 130, 118, 111, 107, 104, 38, 119, 50, 41, 108, 48, 49, 103, 123, 124, 95, 99, 106, 96, 88, 92, 97, 94, 168, 170, 163, 158, 160, 161, 165, 177, 176, 186, 140, 144, 141, 145, 133, 134, 185, 139, 126, 132, 121, 113, 46, 47, 45, 43, 109, 131, 138, 39, 128, 23, 137, 142, 24, 28, 37, 29, 27, 35, 44, 34, 54, 51, 52, 53, 56, 62, 66, 64, 63, 59, 61, 55, 31, 33, 11, 10, 7, 5, 4, 8, 14, 13, 12, 19, 21, 26, 22, 127, 143, 25, 147, 148, 150, 151, 192, 198, 193, 196, 195, 181, 182, 180, 194, 178, 173, 171, 136, 167, 114, 112, 100, 98, 159, 157, 169, 174, 189, 175, 135, 184, 187, 188, 190, 197, 199, 155, 154, 153, 152, 146, 18, 9, 17, 6, 2, 16, 15, 20, 32, 30, 69, 70, 73, 72, 71, 58, 57, 60, 65, 67, 84, 85, 93, 87, 89, 90, 91, 166, 172, 164, 116, 102, 122, 125, 149, 191, 200, 201, 202, 183, 179, 162, 81, 82, 80, 79, 77, 78, 83, 86, 36, 3, 1, 75, 76, 74, 68]
---RESULTS END
time limit is: 1800
model used is: DIDP-add
instance is: gr202-67.3
/gpfs/fs0/scratch/b/beck/pekardan
/gpfs/fs0/scratch/b/beck/pekardan/DIDP-add.py
Solver: CABS from DIDPPy v0.8.0
Searched with beam size: 1, expanded: 319, elapsed time: 0.027723083
New dual bound: 0, expanded: 319, elapsed time: 0.027743967
New primal bound: 122999.20930789925, expanded: 319, elapsed time: 0.027746386
Searched with beam size: 2, expanded: 956, elapsed time: 0.079338667
New primal bound: 122565.07479642305, expanded: 956, elapsed time: 0.079532816
Searched with beam size: 4, expanded: 2227, elapsed time: 0.182682346
New primal bound: 110869.6686129578, expanded: 2227, elapsed time: 0.182856795
Searched with beam size: 8, expanded: 4766, elapsed time: 0.389865928
New primal bound: 109889.17242622294, expanded: 4766, elapsed time: 0.390040848
Searched with beam size: 16, expanded: 9846, elapsed time: 0.800599057
Searched with beam size: 32, expanded: 19991, elapsed time: 1.625481648
Searched with beam size: 64, expanded: 40246, elapsed time: 3.270929423
Searched with beam size: 128, expanded: 80819, elapsed time: 6.599980913
New primal bound: 104236.16141660576, expanded: 80819, elapsed time: 6.600580448
Searched with beam size: 256, expanded: 161843, elapsed time: 13.285893397
New primal bound: 103537.4951557699, expanded: 161843, elapsed time: 13.286298683
Searched with beam size: 512, expanded: 323802, elapsed time: 26.708204801
New dual bound: 687.8909797344344, expanded: 323802, elapsed time: 26.708217282
New primal bound: 99607.93125699909, expanded: 323802, elapsed time: 26.708608128
Searched with beam size: 1024, expanded: 646952, elapsed time: 53.590809572
New dual bound: 1018.0967537518229, expanded: 646952, elapsed time: 53.590822631
New primal bound: 97177.30338187881, expanded: 646952, elapsed time: 53.591193492
Searched with beam size: 2048, expanded: 1292257, elapsed time: 107.790644393
New dual bound: 1331, expanded: 1292257, elapsed time: 107.790657114
New primal bound: 94862.11079593671, expanded: 1292257, elapsed time: 107.791055906
Searched with beam size: 4096, expanded: 2572436, elapsed time: 217.201261033
New dual bound: 1628.718753569457, expanded: 2572436, elapsed time: 217.201273957
Searched with beam size: 8192, expanded: 5134729, elapsed time: 440.475988274
New dual bound: 1895.863544514149, expanded: 5134729, elapsed time: 440.476004976
Searched with beam size: 16384, expanded: 10268996, elapsed time: 901.576526267
New dual bound: 2195.0176387974625, expanded: 10268996, elapsed time: 901.576545448
Searched with beam size: 32768, expanded: 19121585, elapsed time: 1800.257939185
Reached time limit.
===INSTANCE START
ALG: DIDP-ADD
Instance Name: lin318-99.3.json
ALGORITHM END
Best Bound: 2195.0176387974625
Cost: 94862.11079593671
Expanded: 19121585
Generated: 90124866
Infeasible: False
Optimal: False
Time: 1800.257961909
Transitions: [33, 28, 23, 20, 21, 27, 115, 13, 111, 5, 116, 124, 135, 126, 145, 150, 151, 148, 141, 142, 119, 231, 229, 228, 236, 234, 233, 221, 220, 118, 241, 259, 254, 256, 263, 268, 252, 251, 267, 262, 260, 279, 291, 274, 284, 285, 283, 290, 289, 292, 288, 192, 277, 171, 170, 185, 179, 182, 177, 176, 173, 169, 189, 172, 88, 87, 90, 98, 93, 79, 77, 83, 82, 78, 68, 92, 91, 86, 64, 62, 75, 69, 70, 74, 63, 52, 41, 50, 51, 53, 54, 56, 55, 43, 45, 40, 44, 47, 104, 19, 30, 15, 29, 22, 3, 12, 16, 24, 18, 8, 9, 107, 106, 208, 122, 131, 121, 117, 125, 137, 138, 209, 153, 149, 161, 156, 157, 140, 240, 243, 232, 238, 242, 314, 257, 253, 265, 266, 315, 273, 286, 296, 300, 299, 306, 302, 205, 311, 312, 199, 194, 191, 184, 190, 94, 100, 95, 197, 198, 187, 188, 65, 183, 178, 175, 181, 210, 164, 160, 152, 154, 38, 35, 136, 127, 128, 130, 132, 123, 114, 110, 109, 217, 212, 216, 211, 225, 239, 313, 226, 218, 222, 230, 237, 246, 247, 250, 261, 258, 255, 269, 287, 293, 281, 295, 294, 282, 278, 165, 163, 158, 146, 162, 159, 147, 155, 60, 66, 81, 76, 80, 84, 72, 67, 317, 316, 49, 48, 57, 46, 42, 36, 31, 103, 10, 1, 6, 7, 2, 11, 32, 25, 17, 134, 120, 133, 129, 113, 108, 112, 4, 14, 26, 37, 58, 105, 59, 71, 85, 96, 97, 101, 99, 207, 201, 202, 206, 196, 203, 204, 195, 186, 180, 174, 193, 301, 307, 200, 303, 309, 310, 305, 304, 298, 276, 275, 271, 270, 318, 248, 245, 249, 244, 224, 223, 214, 215, 219, 213, 227, 235, 139, 144, 143, 264, 280, 308, 297, 272, 166, 168, 167, 89, 102, 73, 61, 39, 34]
---RESULTS END
time limit is: 1800
model used is: DIDP-add
instance is: lin318-99.3
/gpfs/fs0/scratch/b/beck/pekardan
/gpfs/fs0/scratch/b/beck/pekardan/DIDP-add.py
Solver: CABS from DIDPPy v0.8.0
Searched with beam size: 1, expanded: 418, elapsed time: 0.060995896
New dual bound: 0, expanded: 418, elapsed time: 0.061016809
New primal bound: 32552.125197645546, expanded: 418, elapsed time: 0.061019655
Searched with beam size: 2, expanded: 1251, elapsed time: 0.178706601
Searched with beam size: 4, expanded: 2918, elapsed time: 0.412653173
New primal bound: 30644.697516395583, expanded: 2918, elapsed time: 0.412944938
Searched with beam size: 8, expanded: 6251, elapsed time: 0.887082413
New primal bound: 26198.559860138685, expanded: 6251, elapsed time: 0.887679175
Searched with beam size: 16, expanded: 12913, elapsed time: 1.821239662
Searched with beam size: 32, expanded: 26201, elapsed time: 3.693881178
Searched with beam size: 64, expanded: 52831, elapsed time: 7.426158248
New primal bound: 25537.53872962814, expanded: 52831, elapsed time: 7.426891254
Searched with beam size: 128, expanded: 106021, elapsed time: 14.9206958
Searched with beam size: 256, expanded: 212399, elapsed time: 29.891563231
Searched with beam size: 512, expanded: 424841, elapsed time: 59.929156711
New dual bound: 35.47000000000003, expanded: 424841, elapsed time: 59.929171532
New primal bound: 24205.66313576422, expanded: 424841, elapsed time: 59.929816241
Searched with beam size: 1024, expanded: 849540, elapsed time: 120.324493603
New dual bound: 59.11799999999994, expanded: 849540, elapsed time: 120.324509612
New primal bound: 23185.687194991264, expanded: 849540, elapsed time: 120.324992063
Searched with beam size: 2048, expanded: 1696714, elapsed time: 241.766443409
New dual bound: 80.30760207548454, expanded: 1696714, elapsed time: 241.766460185
Searched with beam size: 4096, expanded: 3384541, elapsed time: 486.809402043
New dual bound: 99.27556817092162, expanded: 3384541, elapsed time: 486.809418816
Searched with beam size: 8192, expanded: 6768641, elapsed time: 968.693845391
New dual bound: 116.95523051490846, expanded: 6768641, elapsed time: 968.694358324
Searched with beam size: 16384, expanded: 11287220, elapsed time: 1800.115236565
Reached time limit.
===INSTANCE START
ALG: DIDP-ADD
Instance Name: fl417-160.6.json
ALGORITHM END
Best Bound: 116.95523051490846
Cost: 23185.687194991264
Expanded: 11287220
Generated: 57321637
Infeasible: False
Optimal: False
Time: 1800.115266104
Transitions: [122, 146, 149, 127, 129, 153, 147, 144, 118, 141, 121, 123, 119, 117, 137, 134, 132, 133, 112, 111, 135, 116, 139, 138, 140, 113, 110, 106, 130, 114, 145, 148, 151, 152, 125, 126, 143, 136, 115, 109, 108, 308, 333, 306, 344, 301, 340, 302, 299, 341, 321, 322, 304, 329, 345, 298, 300, 342, 305, 332, 343, 346, 347, 131, 142, 11, 20, 13, 5, 6, 7, 19, 349, 334, 350, 310, 312, 354, 325, 327, 315, 318, 179, 158, 160, 162, 164, 167, 188, 191, 166, 168, 192, 170, 171, 196, 173, 197, 175, 172, 176, 198, 177, 200, 174, 194, 195, 193, 190, 189, 182, 157, 183, 180, 163, 187, 185, 155, 154, 159, 186, 181, 161, 184, 156, 317, 356, 314, 311, 351, 309, 335, 357, 337, 353, 352, 336, 313, 326, 324, 22, 25, 24, 32, 18, 26, 16, 12, 28, 21, 9, 3, 15, 14, 17, 2, 4, 23, 29, 128, 150, 307, 107, 348, 303, 330, 331, 35, 33, 40, 58, 65, 87, 94, 73, 82, 91, 88, 95, 84, 78, 66, 70, 85, 64, 67, 74, 86, 79, 100, 101, 99, 92, 81, 80, 76, 61, 71, 75, 97, 96, 77, 69, 90, 62, 89, 83, 104, 102, 224, 222, 246, 248, 249, 225, 245, 223, 244, 242, 219, 241, 238, 214, 236, 215, 239, 237, 213, 234, 233, 232, 208, 209, 230, 207, 206, 204, 226, 227, 203, 228, 210, 211, 217, 216, 218, 221, 220, 243, 212, 231, 229, 368, 367, 365, 391, 383, 364, 408, 363, 405, 381, 404, 403, 390, 389, 402, 380, 388, 358, 400, 401, 359, 360, 361, 362, 382, 407, 366, 205, 202, 235, 247, 240, 409, 369, 384, 410, 411, 395, 396, 373, 372, 413, 414, 415, 386, 416, 417, 397, 375, 398, 399, 378, 251, 274, 253, 276, 254, 256, 278, 255, 279, 257, 281, 259, 280, 258, 282, 261, 284, 263, 287, 265, 286, 288, 267, 289, 291, 269, 290, 268, 270, 294, 271, 292, 272, 273, 296, 297, 295, 293, 266, 264, 262, 285, 260, 283, 277, 252, 275, 250, 379, 377, 376, 387, 374, 385, 412, 394, 370, 371, 98, 63, 68, 57, 55, 52, 54, 51, 49, 46, 48, 50, 43, 41, 38, 34, 36, 338, 339, 319, 178, 165, 199, 201, 169, 316, 355, 10, 31, 1, 8, 27, 30, 124, 120, 323, 320, 328, 37, 39, 44, 47, 45, 42, 53, 59, 93, 105, 393, 392, 406, 103, 72, 60, 56]
---RESULTS END
time limit is: 1800
model used is: DIDP-add
instance is: fl417-160.6
/gpfs/fs0/scratch/b/beck/pekardan
/gpfs/fs0/scratch/b/beck/pekardan/DIDP-add.py
Solver: CABS from DIDPPy v0.8.0
Searched with beam size: 1, expanded: 658, elapsed time: 0.2770998
New dual bound: 0, expanded: 658, elapsed time: 0.277125641
New primal bound: 90629.17288989895, expanded: 658, elapsed time: 0.277128547
Searched with beam size: 2, expanded: 1971, elapsed time: 0.847667857
Searched with beam size: 4, expanded: 4593, elapsed time: 1.908557541
Searched with beam size: 8, expanded: 9835, elapsed time: 4.013851669
Searched with beam size: 16, expanded: 20327, elapsed time: 8.240133993
Searched with beam size: 32, expanded: 41305, elapsed time: 16.665283077
Searched with beam size: 64, expanded: 83268, elapsed time: 33.425651097
New primal bound: 90130.46451935817, expanded: 83268, elapsed time: 33.428084342
Searched with beam size: 128, expanded: 167152, elapsed time: 67.016991892
Searched with beam size: 256, expanded: 334874, elapsed time: 133.6401123
New primal bound: 89347.92499643572, expanded: 334874, elapsed time: 133.64239552
Searched with beam size: 512, expanded: 670116, elapsed time: 267.296534568
Searched with beam size: 1024, expanded: 1340440, elapsed time: 536.130527308
New dual bound: 152.92825115066222, expanded: 1340440, elapsed time: 536.130542345
New primal bound: 86331.22330472557, expanded: 1340440, elapsed time: 536.131722422
Searched with beam size: 2048, expanded: 2678149, elapsed time: 1074.703243255
New dual bound: 215.99483790127957, expanded: 2678149, elapsed time: 1074.703258547
Searched with beam size: 4096, expanded: 3930052, elapsed time: 1800.020594105
Reached time limit.
===INSTANCE START
ALG: DIDP-ADD
Instance Name: d657-322.7.json
ALGORITHM END
Best Bound: 215.99483790127957
Cost: 86331.22330472557
Expanded: 3930052
Generated: 24065667
Infeasible: False
Optimal: False
Time: 1800.020615455
Transitions: [449, 451, 453, 450, 463, 464, 470, 35, 39, 38, 43, 59, 71, 81, 82, 90, 109, 89, 88, 492, 497, 500, 503, 502, 508, 137, 505, 494, 489, 490, 481, 487, 486, 491, 499, 507, 506, 110, 125, 128, 96, 84, 101, 111, 135, 147, 124, 108, 107, 113, 154, 152, 151, 150, 155, 162, 172, 170, 188, 192, 182, 198, 186, 181, 187, 156, 143, 129, 138, 131, 117, 74, 78, 64, 46, 50, 51, 66, 70, 56, 58, 41, 30, 23, 20, 445, 446, 441, 24, 28, 27, 19, 14, 17, 21, 15, 25, 37, 40, 69, 94, 98, 99, 133, 102, 141, 173, 207, 231, 240, 262, 272, 263, 290, 299, 308, 341, 362, 346, 348, 342, 336, 347, 335, 343, 309, 310, 293, 276, 255, 261, 253, 228, 215, 208, 220, 225, 243, 256, 251, 306, 319, 352, 359, 358, 379, 396, 397, 426, 432, 406, 415, 425, 411, 386, 369, 377, 395, 375, 360, 367, 364, 363, 368, 354, 339, 345, 333, 330, 314, 287, 284, 275, 283, 279, 302, 303, 282, 297, 298, 259, 267, 281, 593, 599, 601, 602, 607, 611, 614, 623, 618, 621, 619, 409, 428, 427, 394, 376, 384, 381, 355, 356, 331, 320, 266, 223, 213, 217, 204, 190, 160, 183, 184, 512, 511, 509, 510, 560, 552, 550, 556, 551, 555, 559, 554, 547, 545, 632, 636, 635, 638, 640, 637, 641, 642, 538, 541, 532, 531, 534, 524, 523, 525, 527, 522, 528, 521, 475, 477, 479, 480, 472, 484, 57, 471, 468, 462, 466, 461, 457, 458, 474, 456, 460, 452, 454, 459, 465, 447, 444, 442, 443, 469, 44, 48, 52, 63, 68, 76, 67, 62, 72, 91, 106, 105, 122, 123, 144, 159, 167, 185, 178, 149, 140, 114, 104, 73, 53, 49, 55, 45, 54, 65, 61, 80, 79, 7, 130, 132, 139, 118, 142, 157, 163, 169, 196, 210, 199, 200, 218, 219, 254, 265, 235, 221, 236, 232, 239, 264, 294, 325, 324, 373, 392, 399, 401, 405, 416, 422, 423, 398, 389, 365, 349, 371, 350, 366, 387, 402, 424, 420, 403, 407, 414, 413, 380, 385, 393, 418, 412, 383, 353, 316, 317, 286, 257, 245, 234, 250, 229, 244, 224, 193, 189, 176, 146, 145, 136, 126, 134, 127, 504, 496, 493, 485, 482, 516, 517, 518, 519, 513, 514, 557, 558, 564, 565, 561, 563, 562, 569, 570, 572, 574, 578, 577, 584, 585, 586, 589, 600, 605, 604, 603, 598, 597, 595, 592, 583, 582, 579, 587, 247, 230, 258, 280, 307, 332, 338, 357, 361, 344, 329, 340, 313, 328, 305, 334, 312, 321, 311, 301, 271, 277, 269, 252, 233, 248, 222, 242, 249, 237, 226, 216, 205, 166, 103, 119, 115, 92, 85, 75, 36, 33, 34, 8, 10, 9, 4, 3, 2, 11, 12, 22, 18, 16, 29, 60, 87, 100, 121, 93, 120, 158, 171, 148, 112, 97, 95, 83, 77, 498, 495, 483, 473, 488, 515, 478, 520, 526, 530, 533, 536, 540, 542, 543, 544, 548, 546, 553, 629, 630, 631, 634, 633, 639, 643, 644, 645, 646, 647, 649, 650, 651, 652, 628, 655, 654, 656, 657, 576, 580, 588, 610, 615, 622, 624, 620, 626, 625, 617, 616, 606, 608, 609, 596, 590, 581, 203, 202, 195, 174, 201, 214, 206, 175, 161, 194, 212, 268, 292, 273, 278, 260, 285, 327, 351, 322, 295, 288, 289, 300, 304, 318, 323, 372, 400, 391, 417, 439, 438, 410, 421, 440, 437, 436, 431, 388, 378, 374, 404, 408, 434, 430, 435, 429, 419, 382, 337, 315, 296, 274, 246, 153, 177, 168, 227, 209, 180, 47, 32, 31, 86, 116, 179, 191, 197, 241, 291, 238, 270, 211, 165, 164, 6, 5, 42, 26, 467, 455, 476, 501, 529, 568, 567, 571, 575, 566, 549, 539, 535, 537, 648, 653, 627, 573, 591, 594, 612, 613, 433, 370, 326, 390, 1, 13, 448]
---RESULTS END
time limit is: 1800
model used is: DIDP-add
instance is: d657-322.7
/gpfs/fs0/scratch/b/beck/pekardan
/gpfs/fs0/scratch/b/beck/pekardan/DIDP-add.py
Solver: CABS from DIDPPy v0.8.0
Searched with beam size: 1, expanded: 784, elapsed time: 0.504179075
New dual bound: 0, expanded: 784, elapsed time: 0.504210888
New primal bound: 14539.804302809873, expanded: 784, elapsed time: 0.504213497
Searched with beam size: 2, expanded: 2345, elapsed time: 1.5040560539999999
Searched with beam size: 4, expanded: 5469, elapsed time: 3.414228754
Searched with beam size: 8, expanded: 11722, elapsed time: 7.285299947
Searched with beam size: 16, expanded: 24243, elapsed time: 15.102985254
New primal bound: 14279.054101598998, expanded: 24243, elapsed time: 15.1045436
Searched with beam size: 32, expanded: 49242, elapsed time: 30.452940049
Searched with beam size: 64, expanded: 99304, elapsed time: 61.341225534
New primal bound: 14233.347351008642, expanded: 99304, elapsed time: 61.342806725
Searched with beam size: 128, expanded: 199398, elapsed time: 123.073835796
New primal bound: 14104.85286642634, expanded: 199398, elapsed time: 123.075348114
Searched with beam size: 256, expanded: 399141, elapsed time: 245.857134105
Searched with beam size: 512, expanded: 798991, elapsed time: 489.245436686
Searched with beam size: 1024, expanded: 1598619, elapsed time: 984.170226844
New dual bound: 17.88854381999832, expanded: 1598619, elapsed time: 984.170241895
New primal bound: 13958.235328738287, expanded: 1598619, elapsed time: 984.171667184
Searched with beam size: 2048, expanded: 2532457, elapsed time: 1800.009073459
Reached time limit.
===INSTANCE START
ALG: DIDP-ADD
Instance Name: rat783-481.4.json
ALGORITHM END
Best Bound: 17.88854381999832
Cost: 13958.235328738287
Expanded: 2532457
Generated: 16898905
Infeasible: False
Optimal: False
Time: 1800.009091341
Transitions: [156, 151, 136, 120, 133, 137, 143, 116, 128, 140, 163, 176, 179, 198, 200, 206, 211, 209, 212, 219, 210, 201, 188, 197, 189, 191, 203, 252, 245, 261, 279, 297, 304, 296, 309, 298, 320, 324, 334, 342, 362, 378, 398, 403, 415, 414, 400, 416, 437, 434, 411, 418, 417, 419, 435, 431, 409, 408, 393, 430, 426, 433, 422, 438, 425, 423, 429, 436, 445, 452, 458, 443, 463, 455, 449, 456, 457, 467, 491, 483, 500, 501, 507, 505, 521, 541, 563, 566, 588, 599, 590, 597, 598, 612, 627, 634, 644, 641, 619, 617, 607, 609, 584, 600, 614, 630, 633, 631, 639, 642, 629, 632, 615, 604, 606, 595, 608, 635, 643, 663, 656, 658, 682, 677, 711, 712, 729, 753, 744, 728, 715, 696, 670, 676, 668, 667, 664, 674, 702, 708, 723, 741, 730, 731, 746, 750, 763, 762, 749, 748, 766, 773, 774, 777, 759, 758, 743, 736, 745, 765, 760, 735, 747, 725, 709, 705, 688, 679, 671, 648, 652, 659, 683, 672, 665, 640, 626, 611, 594, 596, 576, 568, 580, 579, 562, 554, 534, 512, 508, 539, 540, 519, 515, 513, 529, 535, 556, 558, 570, 542, 527, 522, 514, 524, 496, 497, 487, 489, 493, 488, 509, 528, 537, 544, 545, 510, 503, 504, 490, 479, 471, 454, 451, 442, 428, 421, 396, 399, 394, 413, 406, 369, 379, 361, 349, 338, 340, 348, 381, 386, 380, 375, 360, 354, 336, 330, 311, 318, 312, 287, 275, 262, 257, 251, 253, 250, 259, 240, 224, 208, 204, 202, 222, 227, 249, 248, 273, 278, 276, 239, 236, 242, 235, 216, 180, 186, 172, 147, 139, 123, 117, 88, 97, 80, 70, 57, 52, 56, 49, 25, 15, 1, 17, 23, 41, 46, 65, 83, 94, 98, 95, 74, 89, 77, 102, 108, 105, 71, 99, 85, 68, 61, 59, 36, 20, 22, 14, 32, 26, 21, 27, 28, 24, 44, 60, 73, 91, 104, 119, 145, 148, 122, 114, 109, 106, 135, 134, 149, 171, 193, 199, 177, 194, 181, 170, 174, 166, 158, 141, 131, 132, 130, 129, 124, 121, 144, 150, 165, 173, 164, 182, 190, 217, 233, 281, 300, 290, 293, 291, 306, 325, 323, 327, 317, 335, 344, 328, 343, 359, 382, 387, 397, 389, 392, 371, 353, 350, 346, 332, 347, 333, 321, 322, 303, 326, 301, 282, 260, 263, 283, 288, 272, 241, 220, 228, 229, 244, 226, 213, 183, 167, 159, 126, 118, 82, 72, 92, 103, 93, 69, 42, 35, 31, 8, 19, 3, 10, 9, 12, 33, 58, 53, 47, 81, 100, 127, 153, 160, 175, 196, 184, 195, 205, 231, 246, 255, 277, 266, 270, 289, 305, 313, 302, 294, 274, 267, 286, 299, 339, 366, 358, 363, 384, 390, 453, 466, 484, 485, 486, 492, 495, 518, 531, 547, 557, 552, 578, 564, 591, 587, 603, 622, 636, 651, 666, 669, 649, 657, 661, 681, 675, 660, 680, 685, 690, 698, 692, 713, 719, 720, 699, 721, 726, 710, 700, 701, 693, 689, 653, 654, 618, 610, 589, 575, 571, 572, 559, 581, 573, 593, 616, 592, 582, 574, 550, 538, 546, 549, 532, 525, 502, 498, 468, 447, 427, 440, 450, 475, 474, 459, 476, 464, 469, 470, 441, 448, 446, 432, 402, 385, 373, 368, 364, 383, 388, 412, 374, 355, 341, 329, 314, 315, 285, 280, 265, 254, 238, 264, 247, 223, 207, 214, 168, 142, 113, 90, 96, 75, 84, 101, 79, 87, 66, 43, 34, 4, 13, 11, 38, 55, 78, 51, 54, 62, 64, 48, 30, 5, 29, 18, 7, 2, 37, 45, 67, 107, 111, 152, 161, 162, 187, 243, 258, 256, 268, 307, 316, 345, 370, 377, 376, 365, 405, 420, 424, 473, 460, 517, 506, 482, 472, 499, 511, 526, 533, 548, 560, 551, 561, 569, 586, 624, 638, 678, 697, 704, 738, 734, 718, 732, 722, 733, 737, 755, 740, 770, 780, 781, 782, 783, 775, 767, 771, 751, 752, 764, 756, 742, 724, 694, 717, 714, 703, 687, 625, 623, 620, 585, 583, 602, 555, 516, 523, 462, 461, 481, 478, 465, 480, 520, 553, 543, 565, 577, 601, 605, 650, 673, 662, 646, 686, 695, 684, 707, 691, 706, 739, 757, 768, 779, 776, 772, 778, 769, 761, 655, 645, 613, 628, 621, 536, 477, 439, 410, 391, 351, 337, 308, 310, 295, 292, 269, 232, 225, 237, 221, 192, 178, 154, 138, 157, 169, 112, 39, 63, 76, 115, 155, 110, 125, 146, 185, 215, 230, 319, 356, 352, 395, 401, 407, 372, 271, 284, 331, 357, 367, 404, 444, 567, 637, 647, 716, 727, 754, 530, 494, 234, 218, 40, 6, 16, 50, 86]
---RESULTS END
time limit is: 1800
model used is: DIDP-add
instance is: rat783-481.4
/gpfs/fs0/scratch/b/beck/pekardan
/gpfs/fs0/scratch/b/beck/pekardan/DIDP-add.py
Solver: CABS from DIDPPy v0.8.0
Searched with beam size: 1, expanded: 1085, elapsed time: 1.468000343
New dual bound: 0, expanded: 1085, elapsed time: 1.468029432
New primal bound: 380283.4233024046, expanded: 1085, elapsed time: 1.468032081
Searched with beam size: 2, expanded: 3253, elapsed time: 4.404106883
New primal bound: 377279.28884211683, expanded: 3253, elapsed time: 4.405528457
Searched with beam size: 4, expanded: 7569, elapsed time: 10.234412219
Searched with beam size: 8, expanded: 16222, elapsed time: 21.885966637
Searched with beam size: 16, expanded: 33555, elapsed time: 44.801843718
New primal bound: 372019.55677743215, expanded: 33555, elapsed time: 44.804073274
Searched with beam size: 32, expanded: 68183, elapsed time: 91.109845095
Searched with beam size: 64, expanded: 137414, elapsed time: 182.662491895
Searched with beam size: 128, expanded: 275894, elapsed time: 365.961248642
Searched with beam size: 256, expanded: 552985, elapsed time: 731.063656126
Searched with beam size: 512, expanded: 1107139, elapsed time: 1468.936503828
New primal bound: 359435.86345444125, expanded: 1107139, elapsed time: 1468.938750677
Searched with beam size: 1024, expanded: 1230790, elapsed time: 1800.004942771
Reached time limit.
===INSTANCE START
ALG: DIDP-ADD
Instance Name: vm1084-848.9.json
ALGORITHM END
Best Bound: 0.0
Cost: 359435.86345444125
Expanded: 1230790
Generated: 8479721
Infeasible: False
Optimal: False
Time: 1800.004958822
Transitions: [263, 829, 1024, 892, 679, 1026, 681, 1002, 853, 1010, 1003, 695, 886, 738, 1011, 854, 1022, 758, 1012, 856, 690, 1018, 1008, 1067, 718, 692, 723, 1009, 897, 705, 925, 70, 542, 264, 540, 548, 308, 152, 154, 547, 153, 309, 546, 307, 543, 35, 531, 533, 355, 306, 356, 757, 1020, 789, 1065, 772, 905, 607, 72, 913, 1041, 985, 940, 699, 1069, 923, 1079, 962, 709, 903, 1031, 981, 931, 884, 701, 814, 820, 815, 817, 821, 823, 825, 827, 728, 956, 983, 778, 780, 1082, 952, 784, 895, 786, 929, 954, 946, 1035, 898, 1045, 950, 960, 1049, 987, 1063, 1070, 703, 771, 880, 1000, 882, 682, 1001, 942, 944, 994, 768, 774, 1057, 1036, 767, 988, 1053, 1046, 996, 1050, 1037, 783, 1064, 722, 710, 964, 689, 729, 976, 732, 978, 733, 734, 1054, 735, 1038, 935, 973, 919, 936, 970, 938, 777, 736, 122, 121, 119, 427, 429, 428, 430, 481, 971, 863, 846, 662, 805, 751, 753, 836, 834, 843, 672, 795, 749, 739, 794, 673, 266, 431, 831, 869, 858, 871, 676, 670, 716, 810, 678, 742, 840, 875, 877, 685, 802, 713, 744, 715, 862, 879, 937, 934, 807, 1061, 760, 665, 790, 911, 755, 998, 999, 917, 527, 525, 526, 865, 915, 748, 909, 838, 845, 901, 832, 893, 889, 842, 286, 287, 285, 303, 645, 644, 302, 643, 851, 859, 1075, 668, 1077, 872, 268, 271, 293, 139, 399, 279, 390, 324, 402, 149, 393, 205, 10, 622, 230, 426, 158, 346, 220, 86, 134, 223, 83, 39, 343, 340, 31, 130, 485, 102, 28, 316, 330, 19, 141, 27, 315, 24, 212, 620, 127, 331, 641, 18, 238, 101, 342, 38, 82, 222, 85, 133, 42, 319, 231, 11, 150, 403, 325, 623, 394, 290, 138, 400, 486, 280, 391, 379, 269, 360, 647, 317, 646, 305, 337, 284, 380, 401, 392, 624, 395, 326, 404, 151, 497, 137, 160, 494, 207, 191, 12, 232, 344, 218, 359, 41, 318, 84, 132, 81, 221, 37, 642, 233, 621, 341, 100, 237, 17, 26, 314, 25, 211, 329, 450, 278, 619, 465, 453, 640, 181, 473, 468, 357, 614, 602, 656, 275, 613, 601, 447, 637, 1071, 837, 1059, 947, 959, 1055, 1047, 953, 804, 957, 848, 1043, 752, 806, 663, 1028, 928, 864, 908, 930, 847, 963, 661, 939, 477, 967, 776, 671, 932, 1016, 711, 688, 941, 721, 1015, 992, 900, 782, 997, 924, 989, 766, 769, 995, 904, 907, 683, 881, 704, 770, 660, 914, 1080, 828, 826, 824, 822, 818, 982, 1032, 927, 816, 813, 899, 980, 883, 1042, 991, 693, 720, 724, 1066, 727, 1068, 719, 984, 691, 773, 788, 759, 1019, 855, 1021, 1007, 694, 737, 680, 1006, 1005, 697, 1025, 1023, 1004, 797, 891, 537, 536, 56, 363, 215, 55, 568, 565, 696, 535, 52, 539, 538, 562, 563, 555, 1017, 558, 157, 156, 560, 559, 123, 216, 566, 569, 124, 201, 48, 98, 504, 103, 633, 630, 515, 594, 351, 243, 578, 397, 375, 249, 651, 64, 241, 252, 454, 186, 460, 254, 245, 105, 503, 655, 261, 189, 258, 195, 463, 1, 260, 257, 581, 635, 609, 369, 374, 582, 604, 636, 948, 347, 349, 530, 528, 350, 529, 519, 605, 616, 610, 1039, 606, 586, 611, 106, 587, 110, 112, 618, 114, 115, 118, 591, 116, 113, 111, 109, 107, 117, 612, 120, 588, 483, 482, 321, 322, 294, 484, 295, 227, 143, 21, 146, 9, 276, 327, 22, 213, 23, 328, 288, 147, 273, 299, 196, 224, 144, 228, 6, 190, 487, 184, 405, 323, 389, 296, 471, 7, 229, 420, 5, 187, 462, 226, 297, 573, 417, 595, 955, 835, 1073, 1083, 951, 961, 796, 949, 754, 887, 868, 945, 674, 740, 1044, 857, 870, 675, 669, 1048, 811, 874, 725, 1056, 876, 741, 717, 809, 1060, 677, 921, 1072, 1074, 801, 1084, 743, 714, 686, 888, 799, 878, 965, 808, 969, 791, 977, 761, 756, 785, 922, 979, 747, 918, 844, 787, 775, 974, 972, 975, 912, 910, 1013, 792, 1062, 916, 839, 902, 1014, 762, 833, 551, 161, 272, 368, 162, 163, 362, 164, 890, 841, 873, 764, 1078, 745, 852, 167, 765, 1076, 860, 667, 13, 746, 14, 16, 136, 135, 166, 649, 165, 648, 361, 270, 550, 549, 210, 489, 491, 490, 209, 408, 781, 208, 666, 779, 861, 712, 684, 750, 406, 488, 615, 603, 638, 597, 793, 943, 441, 596, 456, 4, 435, 572, 440, 554, 552, 455, 524, 576, 192, 516, 94, 43, 553, 458, 467, 108, 44, 95, 517, 371, 523, 626, 168, 173, 387, 599, 521, 575, 422, 36, 348, 175, 508, 445, 654, 502, 246, 259, 262, 382, 253, 653, 501, 413, 247, 579, 244, 240, 239, 415, 386, 1081, 906, 986, 702, 1029, 476, 66, 68, 437, 65, 256, 410, 652, 507, 174, 398, 574, 383, 512, 414, 411, 416, 896, 1030, 438, 446, 730, 1027, 571, 183, 434, 145, 225, 298, 274, 148, 128, 332, 338, 29, 142, 129, 358, 87, 496, 479, 214, 277, 8, 424, 185, 443, 495, 449, 492, 478, 45, 627, 96, 194, 518, 522, 600, 470, 176, 509, 598, 466, 625, 457, 198, 2, 250, 421, 353, 500, 78, 650, 76, 513, 469, 373, 79, 62, 608, 61, 580, 1033, 700, 990, 707, 634, 74, 59, 73, 265, 830, 1051, 706, 698, 966, 57, 71, 372, 541, 313, 545, 32, 532, 34, 310, 544, 312, 49, 46, 88, 628, 204, 631, 97, 412, 125, 570, 567, 217, 365, 54, 564, 155, 311, 203, 202, 557, 47, 384, 475, 89, 632, 629, 505, 50, 436, 593, 514, 104, 499, 352, 381, 577, 242, 251, 418, 451, 376, 448, 370, 171, 442, 172, 169, 585, 170, 589, 993, 968, 731, 1040, 1058, 933, 803, 849, 664, 867, 140, 333, 812, 726, 282, 131, 300, 850, 800, 687, 432, 267, 334, 320, 339, 234, 30, 219, 345, 206, 159, 197, 200, 292, 182, 188, 474, 407, 40, 658, 639, 236, 657, 493, 444, 199, 20, 80, 452, 472, 464, 419, 510, 180, 584, 583, 1034, 958, 1052, 659, 63, 60, 58, 75, 592, 506, 396, 177, 409, 77, 498, 248, 99, 92, 93, 385, 819, 708, 91, 556, 53, 534, 364, 179, 178, 90, 51, 255, 3, 511, 461, 377, 193, 439, 67, 520, 617, 388, 590, 433, 126, 235, 283, 301, 335, 304, 336, 378, 291, 366, 15, 281, 367, 763, 894, 866, 480, 425, 289, 459, 423, 920, 926, 69, 33, 561, 354, 885, 798]
---RESULTS END
time limit is: 1800
model used is: DIDP-add
instance is: vm1084-848.9
/gpfs/fs0/scratch/b/beck/pekardan
/gpfs/fs0/scratch/b/beck/pekardan/DIDP-add.py
===INSTANCE START
ALG: DIDP-DEL
Instance Name: burma14-3.1.json
this process used:  21.45703125  MiB
ALGORITHM END
Best Bound: 52.66006434063039
Cost: 52.66006434063039
Expanded: 136599
Generated: 160501
Infeasible: False
Optimal: True
Time: 0.239911946
Memory Used (MiB): 21.46
Transitions: [2, 8, 11, 3, 14, 7, 6, 4, 12, 13, 1, 10, 5, 9]
---RESULTS END
time limit is: 1800
model used is: DIDP-del
instance is: burma14-3.1
/gpfs/fs0/scratch/b/beck/pekardan
/gpfs/fs0/scratch/b/beck/pekardan/DIDP-del.py
===INSTANCE START
ALG: DIDP-DEL
Instance Name: ulysses22-5.5.json
this process used:  13979.58203125  MiB
ALGORITHM END
Best Bound: 51.68956347530826
Cost: 143.33292783288167
Expanded: 215953183
Generated: 313260686
Infeasible: False
Optimal: False
Time: 1834.706585653
Memory Used (MiB): 13382.8
Transitions: [13, 12, 22, 17, 18, 3, 9, 5, 15, 14, 19, 20, 6, 10, 8, 1, 2, 21, 11, 7, 4, 16]
---RESULTS END
time limit is: 1800
model used is: DIDP-del
instance is: ulysses22-5.5
/gpfs/fs0/scratch/b/beck/pekardan
/gpfs/fs0/scratch/b/beck/pekardan/DIDP-del.py
===INSTANCE START
ALG: DIDP-DEL
Instance Name: berlin52-13.2.json
this process used:  7857.27734375  MiB
ALGORITHM END
Best Bound: 675.0675499078338
Cost: None
Expanded: 84508430
Generated: 266109543
Infeasible: False
Optimal: False
Time: 1837.120594579
Memory Used (MiB): 7857.28
Transitions: []
---RESULTS END
time limit is: 1800
model used is: DIDP-del
instance is: berlin52-13.2
/gpfs/fs0/scratch/b/beck/pekardan
/gpfs/fs0/scratch/b/beck/pekardan/DIDP-del.py
===INSTANCE START
ALG: DIDP-DEL
Instance Name: eil101-27.5.json
this process used:  2351.00390625  MiB
ALGORITHM END
Best Bound: 27.586626286228913
Cost: None
Expanded: 47485883
Generated: 186767515
Infeasible: False
Optimal: False
Time: 1808.524229731
Memory Used (MiB): 2351.0
Transitions: []
---RESULTS END
time limit is: 1800
model used is: DIDP-del
instance is: eil101-27.5
/gpfs/fs0/scratch/b/beck/pekardan
/gpfs/fs0/scratch/b/beck/pekardan/DIDP-del.py
===INSTANCE START
ALG: DIDP-DEL
Instance Name: gr202-67.3.json
this process used:  620.26953125  MiB
ALGORITHM END
Best Bound: 4.180529609692215
Cost: None
Expanded: 24775297
Generated: 112028541
Infeasible: False
Optimal: False
Time: 1801.768738482
Memory Used (MiB): 620.27
Transitions: []
---RESULTS END
time limit is: 1800
model used is: DIDP-del
instance is: gr202-67.3
/gpfs/fs0/scratch/b/beck/pekardan
/gpfs/fs0/scratch/b/beck/pekardan/DIDP-del.py
===INSTANCE START
ALG: DIDP-DEL
Instance Name: lin318-99.3.json
this process used:  271.93359375  MiB
ALGORITHM END
Best Bound: 364.40020203516895
Cost: None
Expanded: 11179314
Generated: 55289401
Infeasible: False
Optimal: False
Time: 1800.4290257
Memory Used (MiB): 271.93
Transitions: []
---RESULTS END
time limit is: 1800
model used is: DIDP-del
instance is: lin318-99.3
/gpfs/fs0/scratch/b/beck/pekardan
/gpfs/fs0/scratch/b/beck/pekardan/DIDP-del.py
===INSTANCE START
ALG: DIDP-DEL
Instance Name: fl417-160.6.json
this process used:  262.23828125  MiB
ALGORITHM END
Best Bound: 27.029298692361383
Cost: None
Expanded: 7262479
Generated: 38445101
Infeasible: False
Optimal: False
Time: 1800.186691672
Memory Used (MiB): 262.25
Transitions: []
---RESULTS END
time limit is: 1800
model used is: DIDP-del
instance is: fl417-160.6
/gpfs/fs0/scratch/b/beck/pekardan
/gpfs/fs0/scratch/b/beck/pekardan/DIDP-del.py
===INSTANCE START
ALG: DIDP-DEL
Instance Name: d657-322.7.json
this process used:  375.94921875  MiB
ALGORITHM END
Best Bound: 90.90770044391189
Cost: None
Expanded: 2940239
Generated: 18008125
Infeasible: False
Optimal: False
Time: 1800.018854609
Memory Used (MiB): 375.95
Transitions: []
---RESULTS END
time limit is: 1800
model used is: DIDP-del
instance is: d657-322.7
/gpfs/fs0/scratch/b/beck/pekardan
/gpfs/fs0/scratch/b/beck/pekardan/DIDP-del.py
===INSTANCE START
ALG: DIDP-DEL
Instance Name: rat783-481.4.json
this process used:  474.1640625  MiB
ALGORITHM END
Best Bound: 11.40175425099138
Cost: 17332.772914913847
Expanded: 1914574
Generated: 12940366
Infeasible: False
Optimal: False
Time: 1800.009432718
Memory Used (MiB): 474.16
Transitions: [502, 509, 525, 528, 537, 544, 532, 545, 549, 546, 538, 550, 574, 567, 582, 592, 593, 606, 604, 615, 629, 632, 642, 650, 664, 667, 668, 674, 676, 670, 663, 656, 658, 677, 682, 712, 711, 714, 717, 715, 703, 696, 694, 702, 708, 716, 723, 730, 731, 727, 701, 700, 710, 695, 699, 684, 669, 666, 651, 646, 630, 636, 622, 609, 603, 587, 591, 584, 577, 565, 570, 558, 542, 541, 536, 535, 521, 505, 507, 501, 491, 483, 500, 515, 513, 519, 531, 547, 540, 539, 561, 569, 579, 562, 554, 534, 530, 551, 548, 560, 576, 568, 580, 586, 594, 611, 626, 648, 652, 659, 671, 679, 685, 680, 690, 675, 681, 691, 698, 692, 713, 707, 719, 720, 721, 726, 740, 748, 766, 774, 773, 777, 779, 768, 759, 757, 758, 743, 739, 732, 736, 745, 735, 718, 705, 688, 683, 672, 665, 640, 638, 624, 596, 597, 598, 612, 627, 634, 644, 641, 613, 599, 588, 578, 563, 566, 564, 556, 527, 522, 514, 493, 489, 480, 474, 487, 497, 496, 494, 464, 470, 469, 467, 457, 439, 431, 435, 441, 448, 437, 434, 418, 417, 419, 410, 409, 408, 393, 377, 370, 350, 347, 345, 333, 321, 322, 330, 336, 326, 318, 312, 301, 282, 283, 263, 260, 244, 226, 221, 213, 201, 188, 197, 189, 191, 178, 174, 166, 145, 131, 132, 141, 130, 129, 124, 121, 126, 118, 102, 108, 105, 112, 116, 133, 137, 143, 152, 162, 156, 151, 136, 127, 115, 110, 117, 123, 147, 155, 160, 175, 195, 196, 184, 187, 202, 208, 198, 200, 206, 212, 211, 209, 219, 225, 217, 232, 240, 259, 258, 268, 267, 256, 243, 222, 227, 249, 248, 273, 278, 276, 277, 294, 317, 319, 327, 335, 358, 366, 389, 397, 382, 387, 390, 401, 423, 429, 436, 445, 452, 458, 466, 453, 443, 438, 422, 433, 426, 430, 455, 463, 473, 460, 456, 449, 424, 405, 392, 371, 353, 346, 332, 316, 306, 291, 293, 307, 290, 300, 292, 303, 311, 351, 348, 340, 338, 337, 373, 368, 388, 385, 361, 349, 334, 342, 331, 324, 320, 309, 298, 279, 261, 245, 252, 271, 272, 284, 296, 297, 304, 314, 341, 355, 369, 374, 396, 399, 394, 406, 404, 413, 428, 421, 442, 461, 479, 490, 504, 516, 523, 510, 503, 481, 471, 478, 468, 454, 451, 447, 427, 412, 403, 415, 414, 400, 416, 432, 450, 465, 475, 488, 520, 524, 553, 572, 571, 575, 589, 610, 618, 639, 631, 633, 653, 689, 693, 741, 746, 750, 763, 762, 749, 770, 780, 781, 764, 782, 783, 771, 767, 753, 744, 728, 751, 752, 742, 724, 687, 643, 635, 608, 625, 620, 623, 602, 583, 585, 595, 616, 637, 673, 662, 654, 686, 661, 649, 628, 607, 617, 619, 557, 552, 518, 495, 492, 486, 485, 484, 508, 512, 506, 511, 482, 472, 425, 407, 384, 359, 343, 363, 356, 344, 328, 302, 255, 239, 236, 242, 235, 216, 180, 186, 172, 153, 111, 94, 83, 53, 58, 33, 29, 10, 3, 19, 8, 30, 36, 20, 22, 14, 32, 16, 21, 27, 28, 24, 44, 60, 66, 75, 84, 79, 101, 114, 109, 106, 135, 134, 149, 142, 122, 119, 104, 90, 91, 73, 78, 69, 93, 92, 82, 62, 59, 71, 61, 68, 86, 99, 85, 64, 74, 95, 76, 65, 47, 46, 41, 45, 37, 17, 1, 15, 25, 56, 49, 67, 80, 100, 70, 81, 107, 120, 161, 179, 176, 163, 169, 190, 182, 164, 157, 165, 173, 150, 144, 183, 158, 168, 177, 194, 181, 199, 218, 207, 214, 234, 254, 265, 280, 238, 223, 241, 228, 257, 262, 295, 275, 287, 251, 253, 233, 224, 204, 231, 246, 270, 305, 289, 274, 286, 323, 325, 339, 360, 372, 411, 375, 380, 354, 386, 402, 381, 364, 383, 362, 378, 398, 367, 357, 329, 247, 264, 192, 159, 154, 138, 140, 128, 77, 98, 63, 9, 18, 2, 39, 5, 31, 42, 72, 54, 26, 34, 13, 38, 55, 96, 87, 113, 50, 35, 48, 12, 23, 57, 97, 88, 146, 215, 205, 230, 376, 420, 391, 459, 476, 440, 498, 559, 543, 601, 605, 600, 614, 657, 660, 655, 678, 704, 709, 725, 697, 734, 769, 778, 747, 761, 738, 706, 722, 737, 776, 772, 765, 760, 733, 755, 754, 756, 647, 581, 573, 555, 444, 308, 220, 237, 281, 250, 210, 203, 148, 103, 167, 229, 310, 379, 285, 171, 170, 4, 40, 43, 6, 193, 288, 365, 395, 313, 526, 590, 645, 529, 477, 499, 352, 299, 125, 269, 185, 7, 139, 266, 89, 11, 51, 52, 517, 446, 533, 462, 621, 775, 729, 315]
---RESULTS END
time limit is: 1800
model used is: DIDP-del
instance is: rat783-481.4
/gpfs/fs0/scratch/b/beck/pekardan
/gpfs/fs0/scratch/b/beck/pekardan/DIDP-del.py
===INSTANCE START
ALG: DIDP-DEL
Instance Name: vm1084-848.9.json
this process used:  865.09375  MiB
ALGORITHM END
Best Bound: 0.0
Cost: 415617.9010626211
Expanded: 1142318
Generated: 7833083
Infeasible: False
Optimal: False
Time: 1800.003797556
Memory Used (MiB): 865.09
Transitions: [52, 538, 694, 737, 680, 1006, 1005, 697, 797, 1025, 1023, 1004, 891, 537, 536, 56, 535, 363, 215, 55, 696, 568, 565, 364, 123, 53, 563, 562, 539, 1007, 1021, 855, 1019, 1017, 759, 788, 555, 556, 558, 560, 156, 157, 773, 691, 984, 719, 727, 1068, 1066, 693, 720, 991, 1042, 708, 883, 980, 899, 819, 813, 816, 927, 1032, 982, 818, 906, 822, 824, 826, 828, 1080, 986, 660, 914, 702, 770, 704, 1029, 881, 683, 907, 904, 995, 769, 766, 926, 989, 924, 997, 896, 1030, 782, 900, 992, 1015, 721, 941, 688, 711, 730, 1016, 1027, 932, 671, 776, 967, 920, 939, 661, 963, 847, 930, 908, 864, 928, 806, 663, 1028, 752, 1043, 848, 957, 953, 804, 1047, 1055, 959, 947, 837, 1059, 1071, 955, 835, 951, 1073, 1083, 961, 796, 949, 887, 754, 868, 943, 793, 945, 674, 740, 1044, 857, 870, 675, 1048, 669, 811, 874, 1056, 725, 876, 741, 717, 809, 677, 921, 750, 1072, 684, 1074, 801, 1084, 743, 714, 686, 888, 799, 861, 965, 779, 808, 969, 666, 781, 791, 977, 761, 756, 785, 979, 747, 918, 866, 844, 787, 775, 974, 975, 972, 912, 910, 1013, 1062, 792, 916, 839, 902, 1014, 762, 551, 161, 833, 894, 763, 163, 362, 164, 841, 890, 873, 764, 1078, 745, 765, 852, 1076, 860, 667, 167, 166, 649, 135, 648, 361, 368, 162, 272, 550, 210, 549, 491, 489, 490, 209, 922, 408, 182, 292, 200, 137, 497, 160, 494, 12, 480, 232, 207, 191, 151, 404, 326, 395, 401, 392, 281, 380, 624, 400, 486, 138, 290, 394, 623, 325, 403, 150, 206, 11, 231, 319, 42, 85, 133, 82, 222, 38, 342, 101, 238, 18, 641, 331, 127, 620, 212, 24, 315, 27, 141, 19, 28, 316, 23, 213, 333, 266, 431, 831, 869, 858, 871, 676, 670, 812, 726, 716, 810, 678, 742, 840, 877, 875, 850, 685, 802, 713, 744, 715, 800, 687, 879, 937, 934, 807, 760, 1061, 665, 790, 911, 755, 998, 999, 917, 527, 525, 526, 865, 748, 915, 838, 909, 845, 901, 268, 832, 893, 872, 889, 842, 1077, 851, 859, 668, 1075, 643, 302, 644, 645, 303, 287, 285, 335, 336, 378, 390, 279, 139, 399, 324, 402, 149, 393, 205, 10, 622, 230, 426, 158, 346, 220, 86, 134, 83, 223, 39, 343, 340, 31, 235, 485, 130, 300, 282, 131, 673, 794, 739, 749, 795, 672, 843, 867, 834, 849, 836, 664, 803, 753, 751, 805, 662, 846, 933, 970, 936, 919, 973, 935, 938, 1038, 777, 736, 119, 121, 122, 735, 1040, 1054, 734, 733, 1058, 732, 731, 968, 976, 729, 710, 689, 964, 1064, 783, 1037, 993, 1039, 996, 1046, 1053, 988, 767, 1036, 1057, 774, 768, 994, 944, 942, 1001, 682, 1000, 882, 350, 528, 529, 349, 347, 880, 771, 703, 948, 1070, 1063, 1049, 987, 960, 950, 898, 1045, 1035, 1034, 954, 946, 929, 786, 784, 895, 958, 952, 1082, 780, 778, 1052, 983, 956, 728, 827, 825, 823, 659, 821, 817, 815, 814, 820, 701, 884, 931, 981, 1031, 903, 1033, 709, 700, 962, 990, 1079, 923, 707, 1069, 699, 830, 985, 1041, 913, 1051, 706, 698, 966, 897, 705, 1009, 1065, 692, 723, 718, 1067, 1008, 1018, 690, 1012, 758, 1022, 757, 854, 1011, 738, 886, 1003, 695, 1010, 681, 1002, 853, 1026, 679, 829, 892, 1024, 798, 885, 263, 306, 355, 35, 543, 307, 546, 309, 153, 313, 547, 154, 152, 308, 356, 545, 540, 548, 856, 1020, 789, 264, 542, 70, 925, 905, 772, 71, 57, 607, 72, 73, 59, 74, 265, 940, 634, 61, 608, 62, 79, 373, 469, 513, 76, 78, 500, 353, 421, 105, 503, 655, 261, 189, 258, 463, 195, 418, 451, 509, 598, 466, 625, 457, 198, 2, 460, 186, 252, 241, 352, 499, 64, 651, 249, 375, 578, 243, 255, 382, 253, 653, 501, 247, 579, 244, 248, 498, 351, 515, 630, 633, 103, 51, 90, 504, 98, 48, 178, 632, 89, 629, 475, 384, 47, 202, 203, 311, 155, 564, 54, 217, 365, 567, 570, 125, 97, 631, 204, 628, 88, 49, 46, 544, 312, 532, 310, 531, 533, 541, 372, 58, 75, 592, 506, 650, 577, 242, 245, 250, 251, 1, 260, 257, 63, 635, 581, 609, 369, 374, 604, 636, 530, 520, 616, 605, 171, 170, 589, 606, 586, 611, 106, 587, 110, 112, 114, 117, 115, 116, 591, 118, 120, 428, 427, 429, 430, 481, 971, 863, 483, 482, 321, 322, 484, 294, 227, 21, 143, 295, 424, 185, 443, 495, 492, 627, 45, 478, 96, 194, 518, 522, 600, 470, 180, 439, 36, 348, 175, 599, 521, 422, 575, 168, 626, 371, 517, 523, 193, 95, 80, 108, 467, 458, 553, 94, 192, 516, 524, 455, 552, 416, 411, 512, 414, 68, 437, 398, 410, 652, 507, 174, 3, 262, 259, 654, 502, 104, 514, 593, 50, 505, 436, 409, 396, 177, 412, 557, 33, 124, 566, 569, 216, 201, 179, 92, 724, 385, 239, 415, 386, 66, 476, 69, 383, 511, 576, 43, 183, 434, 5, 420, 229, 7, 465, 619, 278, 453, 640, 181, 148, 450, 329, 444, 211, 25, 128, 314, 26, 338, 100, 341, 237, 17, 621, 233, 142, 289, 642, 37, 221, 81, 84, 318, 41, 359, 344, 218, 474, 188, 407, 40, 658, 406, 639, 1060, 488, 597, 638, 602, 656, 275, 226, 297, 613, 601, 456, 637, 447, 595, 573, 417, 435, 4, 572, 187, 462, 459, 357, 468, 298, 145, 225, 296, 389, 323, 405, 184, 228, 6, 144, 196, 224, 273, 299, 147, 277, 8, 146, 9, 276, 327, 22, 140, 330, 102, 339, 234, 30, 87, 129, 358, 496, 425, 214, 479, 493, 332, 657, 29, 132, 219, 345, 391, 280, 379, 269, 284, 337, 305, 646, 317, 366, 647, 360, 293, 283, 301, 334, 432, 862, 320, 291, 159, 197, 270, 136, 16, 14, 746, 13, 165, 208, 603, 615, 441, 596, 477, 440, 554, 571, 423, 471, 20, 452, 472, 464, 449, 590, 107, 388, 109, 113, 111, 618, 978, 612, 722, 617, 585, 169, 442, 376, 584, 176, 448, 583, 582, 370, 519, 172, 510, 419, 67, 445, 508, 454, 246, 397, 77, 594, 256, 413, 65, 240, 91, 99, 93, 1081, 574, 377, 173, 461, 44, 487, 190, 199, 274, 614, 712, 236, 473, 328, 433, 288, 588, 1050, 610, 580, 381, 60, 34, 32, 354, 254, 561, 534, 559, 446, 126, 267, 271, 15, 286, 304, 367, 878, 438, 387]
---RESULTS END
time limit is: 1800
model used is: DIDP-del
instance is: vm1084-848.9
/gpfs/fs0/scratch/b/beck/pekardan
/gpfs/fs0/scratch/b/beck/pekardan/DIDP-del.py

scontrol show job 14259943
JobId=14259943 JobName=didp-sbatch.sh
   UserId=pekardan(3144906) GroupId=beck(6007069) MCS_label=N/A
   Priority=1832013 Nice=0 Account=def-beck QOS=normal
   JobState=COMPLETING Reason=None Dependency=(null)
   Requeue=0 Restarts=0 BatchFlag=1 Reboot=0 ExitCode=0:0
   RunTime=08:33:49 TimeLimit=10:30:00 TimeMin=N/A
   SubmitTime=2025-03-02T00:42:51 EligibleTime=2025-03-02T00:42:51
   AccrueTime=2025-03-02T00:42:51
   StartTime=2025-03-02T00:48:53 EndTime=2025-03-02T09:22:42 Deadline=N/A
   SuspendTime=None SecsPreSuspend=0 LastSchedEval=2025-03-02T00:48:53 Scheduler=Main
   Partition=compute AllocNode:Sid=nia-login06:237408
   ReqNodeList=(null) ExcNodeList=(null)
   NodeList=nia[0212,0586]
   BatchHost=nia0212
   NumNodes=2 NumCPUs=160 NumTasks=40 CPUs/Task=2 ReqB:S:C:T=0:0:*:*
   ReqTRES=cpu=80,mem=350000M,node=2,billing=40
   AllocTRES=cpu=160,mem=350000M,node=2,billing=80
   Socks/Node=* NtasksPerN:B:S:C=20:0:*:* CoreSpec=*
   MinCPUsNode=40 MinMemoryNode=175000M MinTmpDiskNode=0
   Features=[skylake|cascade] DelayBoot=00:00:00
   OverSubscribe=NO Contiguous=0 Licenses=(null) Network=(null)
   Command=/gpfs/fs0/scratch/b/beck/pekardan/didp-sbatch.sh
   WorkDir=/gpfs/fs0/scratch/b/beck/pekardan
   Comment=/opt/slurm/bin/sbatch --export=NONE didp-sbatch.sh 
   StdErr=/gpfs/fs0/scratch/b/beck/pekardan/slurm-14259943.out
   StdIn=/dev/null
   StdOut=/gpfs/fs0/scratch/b/beck/pekardan/slurm-14259943.out
   TresPerTask=cpu=2
   MailUser=daniel.pekar@mail.utoronto.ca MailType=INVALID_DEPEND,BEGIN,END,FAIL,REQUEUE,STAGE_OUT
   

sacct -j 14259943
JobID           JobName    Account    Elapsed  MaxVMSize     MaxRSS  SystemCPU    UserCPU ExitCode 
------------ ---------- ---------- ---------- ---------- ---------- ---------- ---------- -------- 
14259943     didp-sbat+   def-beck   08:33:49                        02:09.044   08:30:13      0:0 
14259943.ba+      batch   def-beck   08:33:49  16135024K  15812400K  02:09.044   08:30:13      0:0 
14259943.ex+     extern   def-beck   08:33:49                         00:00:00   00:00:00      0:0 

kernel messages produced during job executions:
[Mar 2 04:14] CIFS PidTable: buckets 64
[  +0.005071] CIFS BufTable: buckets 64
