
The following have been reloaded with a version change:
  1) mii/1.1.1 => mii/1.1.2

===INSTANCE START
ALG: MIP-DEL
Instance Name: ulysses22-5.5.json
Set parameter TokenServer to value "nia-license"
Set parameter TimeLimit to value 1800
Set parameter SoftMemLimit to value 8
Set parameter Threads to value 1
Gurobi Optimizer version 12.0.0 build v12.0.0rc1 (linux64 - "CentOS Linux 7 (Core)")

CPU model: Intel(R) Xeon(R) Gold 6148 CPU @ 2.40GHz, instruction set [SSE2|AVX|AVX2|AVX512]
Thread count: 40 physical cores, 80 logical processors, using up to 1 threads

Non-default parameters:
TimeLimit  1800
SoftMemLimit  8
Threads  1

Optimize a model with 1993 rows, 10662 columns and 744398 nonzeros
Model fingerprint: 0x1b2183a4
Variable types: 0 continuous, 10662 integer (10662 binary)
Coefficient statistics:
  Matrix range     [1e+00, 2e+01]
  Objective range  [9e-02, 3e+01]
  Bounds range     [1e+00, 1e+00]
  RHS range        [1e+00, 1e+00]
Presolve added 117 rows and 0 columns
Presolve removed 0 rows and 1031 columns
Presolve time: 1.86s
Presolved: 2110 rows, 9631 columns, 68808 nonzeros
Variable types: 0 continuous, 9631 integer (9445 binary)

Root relaxation: objective 5.238884e+01, 3112 iterations, 0.38 seconds (0.49 work units)

    Nodes    |    Current Node    |     Objective Bounds      |     Work
 Expl Unexpl |  Obj  Depth IntInf | Incumbent    BestBd   Gap | It/Node Time

     0     0   52.38884    0  295          -   52.38884      -     -    2s
     0     0   52.39195    0  306          -   52.39195      -     -    2s
     0     0   57.47779    0  361          -   57.47779      -     -    3s
     0     0   57.49796    0  357          -   57.49796      -     -    4s
     0     0   57.52151    0  351          -   57.52151      -     -    4s
     0     0   57.52888    0  356          -   57.52888      -     -    4s
     0     0   57.52892    0  351          -   57.52892      -     -    4s
     0     0   61.39537    0  350          -   61.39537      -     -    5s
     0     0   61.52014    0  329          -   61.52014      -     -    5s
     0     0   61.52014    0  315          -   61.52014      -     -    5s
     0     0   61.54519    0  344          -   61.54519      -     -    5s
     0     0   61.54795    0  346          -   61.54795      -     -    5s
     0     0   61.54796    0  342          -   61.54796      -     -    5s
     0     0   61.54798    0  343          -   61.54798      -     -    5s
     0     0   62.44758    0  340          -   62.44758      -     -    6s
     0     0   62.48821    0  355          -   62.48821      -     -    6s
     0     0   62.49314    0  347          -   62.49314      -     -    6s
     0     0   64.28166    0  370          -   64.28166      -     -    6s
     0     0   64.28487    0  374          -   64.28487      -     -    6s
     0     0   64.41302    0  359          -   64.41302      -     -    6s
     0     0   64.41317    0  359          -   64.41317      -     -    6s
     0     0   65.72400    0  335          -   65.72400      -     -    8s
     0     0   66.05008    0  356          -   66.05008      -     -    8s
     0     0   66.17186    0  386          -   66.17186      -     -    8s
     0     0   66.18108    0  397          -   66.18108      -     -    8s
     0     0   66.18403    0  393          -   66.18403      -     -    8s
     0     0   66.19578    0  398          -   66.19578      -     -    8s
     0     0   66.19626    0  400          -   66.19626      -     -    8s
     0     0   66.71612    0  396          -   66.71612      -     -    8s
     0     0   66.74903    0  401          -   66.74903      -     -    8s
     0     0   66.74923    0  402          -   66.74923      -     -    8s
     0     0   67.03651    0  348          -   67.03651      -     -    9s
     0     0   67.03703    0  334          -   67.03703      -     -    9s
     0     0   67.15999    0  399          -   67.15999      -     -    9s
     0     0   67.17211    0  402          -   67.17211      -     -    9s
     0     0   67.17441    0  394          -   67.17441      -     -    9s
     0     0   68.08918    0  377          -   68.08918      -     -    9s
     0     0   68.10894    0  376          -   68.10894      -     -    9s
     0     0   68.10924    0  374          -   68.10924      -     -    9s
     0     0   68.45763    0  386          -   68.45763      -     -   10s
     0     0   68.51792    0  401          -   68.51792      -     -   10s
     0     0   68.52316    0  402          -   68.52316      -     -   10s
     0     0   68.54630    0  405          -   68.54630      -     -   10s
     0     0   68.54927    0  419          -   68.54927      -     -   10s
     0     0   68.79346    0  414          -   68.79346      -     -   10s
     0     0   68.82003    0  423          -   68.82003      -     -   10s
     0     0   68.82343    0  427          -   68.82343      -     -   10s
     0     0   69.05215    0  409          -   69.05215      -     -   11s
     0     0   69.05834    0  442          -   69.05834      -     -   11s
     0     0   69.05877    0  443          -   69.05877      -     -   11s
     0     0   69.09847    0  434          -   69.09847      -     -   11s
     0     0   69.09995    0  460          -   69.09995      -     -   11s
     0     0   69.11221    0  441          -   69.11221      -     -   11s
     0     0   69.15164    0  425          -   69.15164      -     -   11s
     0     2   69.57136    0  418          -   69.57136      -     -   13s
     6     8   74.69846    4  254          -   69.57136      -   940   15s
    40    42   74.41610   24  248          -   69.57136      -   607   20s
    94    88 infeasible   60               -   69.57136      -   500   25s
   151   131   86.22113   30  211          -   69.57136      -   455   30s
   228   190   86.45867   31  233          -   69.57136      -   405   35s
   311   251   82.59787   14  222          -   69.57136      -   376   40s
   398   316   84.05790   28  214          -   69.57136      -   361   45s
   480   382   81.38132   22  238          -   69.57136      -   348   50s
   555   433   82.13850   17  172          -   69.61571      -   346   55s
   588   465   73.19409    7  425          -   69.61571      -   340   90s
H  588   441                     195.4795218   69.61571  64.4%   340   90s
H  590   420                     160.3336129  132.70738  17.2%   339   90s
H  600   405                     157.0560687  134.58336  14.3%   333   91s
H  607   390                     157.0013890  135.09368  14.0%   329   92s
H  616   375                     156.1424014  135.50317  13.2%   324   93s
   638   389  136.72563    5  192  156.14240  136.72563  12.4%   313   95s
   695   429  138.41933   21  179  156.14240  138.41933  11.4%   294  100s
*  737   428              36     143.3329278  139.38882  2.75%   282  102s

Cutting planes:
  Cover: 4
  Clique: 7
  MIR: 9
  Flow cover: 27
  GUB cover: 13
  Zero half: 27
  RLT: 4

Explored 766 nodes (221491 simplex iterations) in 103.14 seconds (93.41 work units)
Thread count was 1 (of 80 available processors)

Solution count 6: 143.333 156.142 157.001 ... 195.48

Optimal solution found (tolerance 1.00e-04)
Best objective 1.433329278329e+02, best bound 1.433329278329e+02, gap 0.0000%
Obj: 143.333
Time: 103.139
ALGORITHM END
---RESULTS END
===INSTANCE START
ALG: MIP-DEL
Instance Name: burma14-3.1.json
Set parameter TimeLimit to value 1800
Set parameter SoftMemLimit to value 8
Set parameter Threads to value 1
Gurobi Optimizer version 12.0.0 build v12.0.0rc1 (linux64 - "CentOS Linux 7 (Core)")

CPU model: Intel(R) Xeon(R) Gold 6148 CPU @ 2.40GHz, instruction set [SSE2|AVX|AVX2|AVX512]
Thread count: 40 physical cores, 80 logical processors, using up to 1 threads

Non-default parameters:
TimeLimit  1800
SoftMemLimit  8
Threads  1

Optimize a model with 789 rows, 2748 columns and 120462 nonzeros
Model fingerprint: 0xceca2b9b
Variable types: 0 continuous, 2748 integer (2748 binary)
Coefficient statistics:
  Matrix range     [1e+00, 1e+01]
  Objective range  [2e-01, 1e+01]
  Bounds range     [1e+00, 1e+00]
  RHS range        [1e+00, 1e+00]
Presolve removed 647 rows and 2504 columns
Presolve time: 0.95s
Presolved: 142 rows, 244 columns, 2902 nonzeros
Variable types: 0 continuous, 244 integer (244 binary)
Found heuristic solution: objective 52.6600643

Root relaxation: objective 4.748764e+01, 107 iterations, 0.00 seconds (0.00 work units)

    Nodes    |    Current Node    |     Objective Bounds      |     Work
 Expl Unexpl |  Obj  Depth IntInf | Incumbent    BestBd   Gap | It/Node Time

     0     0   47.48764    0   23   52.66006   47.48764  9.82%     -    0s
     0     0   50.39078    0   24   52.66006   50.39078  4.31%     -    0s
     0     0   50.39078    0   24   52.66006   50.39078  4.31%     -    0s

Explored 1 nodes (158 simplex iterations) in 0.97 seconds (1.07 work units)
Thread count was 1 (of 80 available processors)

Solution count 1: 52.6601 

Optimal solution found (tolerance 1.00e-04)
Best objective 5.266006434063e+01, best bound 5.266006434063e+01, gap 0.0000%
Obj: 52.6601
Time: 0.973638
ALGORITHM END
---RESULTS END
===INSTANCE START
ALG: MIP-DEL
Instance Name: berlin52-13.2.json
Set parameter TimeLimit to value 1800
Set parameter SoftMemLimit to value 8
Set parameter Threads to value 1
Gurobi Optimizer version 12.0.0 build v12.0.0rc1 (linux64 - "CentOS Linux 7 (Core)")

CPU model: Intel(R) Xeon(R) Gold 6148 CPU @ 2.40GHz, instruction set [SSE2|AVX|AVX2|AVX512]
Thread count: 40 physical cores, 80 logical processors, using up to 1 threads

Non-default parameters:
TimeLimit  1800
SoftMemLimit  8
Threads  1

Optimize a model with 12180 rows, 140690 columns and 25681603 nonzeros
Model fingerprint: 0x6e10131a
Variable types: 0 continuous, 140690 integer (140690 binary)
Coefficient statistics:
  Matrix range     [1e+00, 5e+01]
  Objective range  [2e+01, 2e+03]
  Bounds range     [1e+00, 1e+00]
  RHS range        [1e+00, 1e+00]
Presolve removed 183 rows and 0 columns (presolve time = 6s)...
Presolve removed 183 rows and 2611 columns (presolve time = 11s)...
Presolve removed 183 rows and 2611 columns (presolve time = 16s)...
Presolve removed 183 rows and 4311 columns (presolve time = 20s)...
Presolve removed 183 rows and 4311 columns (presolve time = 25s)...
Presolve removed 184 rows and 4311 columns (presolve time = 30s)...
Presolve removed 184 rows and 4311 columns (presolve time = 36s)...
Presolve removed 184 rows and 4311 columns (presolve time = 40s)...
Presolve removed 184 rows and 4311 columns (presolve time = 46s)...
Presolve removed 184 rows and 4311 columns (presolve time = 50s)...
Presolve removed 184 rows and 4311 columns (presolve time = 55s)...
Presolve removed 184 rows and 4311 columns (presolve time = 60s)...
Presolve added 1707 rows and 0 columns
Presolve removed 0 rows and 3008 columns
Presolve time: 64.40s
Presolved: 13887 rows, 137682 columns, 958923 nonzeros
Variable types: 0 continuous, 137682 integer (135780 binary)

Root simplex log...

Iteration    Objective       Primal Inf.    Dual Inf.      Time
       0    0.0000000e+00   2.930000e+02   0.000000e+00     69s
    4907    2.0148342e+03   9.984268e+03   0.000000e+00     70s
   11933    5.5203824e+03   1.964378e+04   0.000000e+00     75s
   17159    5.8369666e+03   8.143906e+04   0.000000e+00     80s
   21329    5.9911352e+03   1.529185e+04   0.000000e+00     85s
   25171    6.0675195e+03   3.657424e+04   0.000000e+00     90s
   29073    6.1063953e+03   8.305860e+04   0.000000e+00     95s
   32000    6.1233963e+03   0.000000e+00   0.000000e+00    100s

Root relaxation: objective 6.123396e+03, 32000 iterations, 31.57 seconds (46.25 work units)
Total elapsed time = 100.25s (DegenMoves)

    Nodes    |    Current Node    |     Objective Bounds      |     Work
 Expl Unexpl |  Obj  Depth IntInf | Incumbent    BestBd   Gap | It/Node Time

     0     0 6123.39634    0 1906          - 6123.39634      -     -  126s
     0     0 6337.35211    0 1683          - 6337.35211      -     -  181s
     0     0 6337.35211    0 1681          - 6337.35211      -     -  189s
     0     0 6337.60983    0 1657          - 6337.60983      -     -  197s
     0     0 6337.62657    0 1695          - 6337.62657      -     -  198s
     0     0 6386.91152    0 1586          - 6386.91152      -     -  240s
     0     0 6386.98515    0 1634          - 6386.98515      -     -  243s
     0     0 6398.08710    0 1515          - 6398.08710      -     -  256s
     0     0 6398.54801    0 1463          - 6398.54801      -     -  260s
     0     0 6398.54891    0 1482          - 6398.54891      -     -  260s
     0     0 6500.60625    0 1421          - 6500.60625      -     -  316s
     0     0 6501.20387    0 1347          - 6501.20387      -     -  319s
     0     0 6538.31125    0 1344          - 6538.31125      -     -  340s
     0     0 6539.87428    0 1469          - 6539.87428      -     -  346s
     0     0 6540.03972    0 1401          - 6540.03972      -     -  348s
     0     0 6540.04349    0 1451          - 6540.04349      -     -  349s
     0     0 6620.91803    0 1497          - 6620.91803      -     -  408s
     0     0 6621.68150    0 1544          - 6621.68150      -     -  411s
     0     0 6637.85923    0 1494          - 6637.85923      -     -  426s
     0     0 6645.44976    0 1497          - 6645.44976      -     -  436s
     0     0 6646.92727    0 1490          - 6646.92727      -     -  442s
     0     0 6647.24327    0 1451          - 6647.24327      -     -  444s
     0     0 6647.26780    0 1412          - 6647.26780      -     -  445s
     0     0 6714.42161    0 1568          - 6714.42161      -     -  475s
     0     0 6716.02337    0 1545          - 6716.02337      -     -  479s
     0     0 6728.39479    0 1574          - 6728.39479      -     -  492s
     0     0 6734.38396    0 1557          - 6734.38396      -     -  499s
     0     0 6734.73273    0 1627          - 6734.73273      -     -  501s
     0     0 6734.80912    0 1635          - 6734.80912      -     -  502s
     0     0 6821.03463    0 1538          - 6821.03463      -     -  531s
     0     0 6832.02363    0 1564          - 6832.02363      -     -  547s
     0     0 6834.16032    0 1593          - 6834.16032      -     -  551s
     0     0 6834.40453    0 1594          - 6834.40453      -     -  552s
     0     0 6834.41518    0 1620          - 6834.41518      -     -  553s
     0     0 6881.43195    0 1563          - 6881.43195      -     -  583s
     0     0 6881.70949    0 1641          - 6881.70949      -     -  585s
     0     0 6889.51356    0 1665          - 6889.51356      -     -  596s
     0     0 6891.19983    0 1623          - 6891.19983      -     -  599s
     0     0 6891.87831    0 1683          - 6891.87831      -     -  601s
     0     0 6891.98786    0 1651          - 6891.98786      -     -  602s
     0     0 6901.32884    0 1646          - 6901.32884      -     -  615s
     0     0 6902.69167    0 1653          - 6902.69167      -     -  621s
     0     0 6902.76318    0 1689          - 6902.76318      -     -  622s
     0     0 6937.94856    0 1609          - 6937.94856      -     -  643s
     0     0 6940.08818    0 1717          - 6940.08818      -     -  653s
     0     0 6940.29628    0 1747          - 6940.29628      -     -  655s
     0     0 6940.39488    0 1740          - 6940.39488      -     -  657s
     0     0 6984.24481    0 1764          - 6984.24481      -     -  678s
     0     0 6986.02679    0 1743          - 6986.02679      -     -  687s
     0     0 6986.22524    0 1721          - 6986.22524      -     -  689s
     0     0 6986.22571    0 1729          - 6986.22571      -     -  690s
     0     0 6993.72765    0 1697          - 6993.72765      -     -  707s
     0     0 6994.82030    0 1790          - 6994.82030      -     -  714s
     0     0 6995.12328    0 1792          - 6995.12328      -     -  717s
     0     0 6995.14573    0 1781          - 6995.14573      -     -  718s
     0     0 6997.00705    0 1708          - 6997.00705      -     -  724s
     0     0 6997.60562    0 1676          - 6997.60562      -     -  729s
     0     0 6997.81793    0 1715          - 6997.81793      -     -  731s
     0     0 6997.81864    0 1710          - 6997.81864      -     -  731s
     0     0 7000.36567    0 1713          - 7000.36567      -     -  739s
     0     0 7001.23145    0 1734          - 7001.23145      -     -  744s
     0     0 7001.37808    0 1775          - 7001.37808      -     -  745s
     0     0 7005.40482    0 1731          - 7005.40482      -     -  755s
     0     0 7005.71000    0 1747          - 7005.71000      -     -  761s
     0     0 7005.81375    0 1825          - 7005.81375      -     -  762s
     0     0 7016.27990    0 1853          - 7016.27990      -     -  776s
     0     0 7017.82512    0 1866          - 7017.82512      -     -  783s
     0     0 7018.17600    0 1889          - 7018.17600      -     -  786s
     0     0 7018.17875    0 1891          - 7018.17875      -     -  787s
     0     0 7024.93242    0 1783          - 7024.93242      -     -  797s
     0     0 7025.86700    0 1875          - 7025.86700      -     -  806s
     0     0 7026.05240    0 1881          - 7026.05240      -     -  808s
     0     0 7028.62604    0 1888          - 7028.62604      -     -  817s
     0     0 7030.52984    0 1848          - 7030.52984      -     -  824s
     0     0 7030.63417    0 1852          - 7030.63417      -     -  825s
     0     0 7040.38416    0 1816          - 7040.38416      -     -  833s
     0     0 7040.81900    0 1845          - 7040.81900      -     -  836s
     0     0 7043.00687    0 1893          - 7043.00687      -     -  843s
     0     0 7043.36905    0 1906          - 7043.36905      -     -  845s
     0     0 7043.38794    0 1915          - 7043.38794      -     -  846s
     0     0 7052.76120    0 1901          - 7052.76120      -     -  859s
     0     0 7054.24368    0 1944          - 7054.24368      -     -  867s
     0     0 7054.44455    0 1944          - 7054.44455      -     -  870s
     0     0 7056.84215    0 1931          - 7056.84215      -     -  878s
     0     0 7057.40982    0 1922          - 7057.40982      -     -  884s
     0     0 7057.41547    0 1915          - 7057.41547      -     -  884s
     0     0 7059.50960    0 1907          - 7059.50960      -     -  892s
     0     0 7059.56055    0 1896          - 7059.56055      -     -  895s
     0     0 7062.22895    0 1925          - 7062.22895      -     -  902s
     0     0 7062.50147    0 1963          - 7062.50147      -     -  907s
     0     0 7062.55726    0 1974          - 7062.55726      -     -  908s
     0     0 7065.52111    0 1894          - 7065.52111      -     -  915s
     0     0 7065.94361    0 1989          - 7065.94361      -     -  920s
     0     0 7066.09511    0 2000          - 7066.09511      -     -  922s
     0     0 7066.56494    0 1934          - 7066.56494      -     -  926s
     0     0 7066.58553    0 1983          - 7066.58553      -     -  929s
     0     0 7066.67108    0 1977          - 7066.67108      -     -  933s
     0     0 7068.59756    0 1880          - 7068.59756      -     -  941s
     0     2 7148.82077    0 1871          - 7148.82077      -     - 1121s
     2     4 7412.14998    1 1310          - 7148.82077      - 12816 1175s
     3     5 7148.82077    2 1879          - 7148.82077      -  9097 1180s
     4     6 7842.38029    2 1461          - 7148.82077      - 21060 1294s
     5     7 7148.82077    3 1914          - 7148.82077      - 17177 1298s
     6     8 7148.82077    4 1401          - 7148.82077      - 16498 1327s
     8    10 7148.82077    5 1864          - 7148.82077      - 12511 1331s
     9    11 7228.08666    6 1473          - 7148.82077      - 14079 1390s
    10    12 7148.82077    6 1848          - 7148.82077      - 13034 1399s
    11    13 7148.82077    7 1894          - 7148.82077      - 13044 1407s
    12    14 7148.82077    8 1876          - 7148.82077      - 13818 1420s
    13    15 7273.08720    9 1463          - 7148.82077      - 18539 1596s
    14    16 7148.82077    9 1863          - 7148.82077      - 18124 1603s
    15    17 7148.82077   10 1846          - 7148.82077      - 17623 1610s
    16    18 7148.82077   11 1851          - 7148.82077      - 17058 1615s
    17    19 7148.82077   12 1927          - 7148.82077      - 17247 1627s
    18    20 7240.90953   13 1392          - 7148.82077      - 21773 1682s
    19    21 7148.82077   13 1885          - 7148.82077      - 22664 1705s
    20    22 7148.82077   14 1815          - 7148.82077      - 22417 1715s
    21    23 7148.82077   15 1759          - 7148.82077      - 22280 1727s
    22    24 7211.35050   16 1460          - 7148.82077      - 26058 1788s
    23    25 7148.82077   16 1830          - 7148.82077      - 24995 1792s

Cutting planes:
  Cover: 51
  Implied bound: 1
  Clique: 21
  MIR: 52
  GUB cover: 66
  Zero half: 122
  Relax-and-lift: 12

Explored 25 nodes (840659 simplex iterations) in 1800.01 seconds (2295.93 work units)
Thread count was 1 (of 80 available processors)

Solution count 0

Time limit reached
Best objective -, best bound 7.148820768398e+03, gap -
Obj: inf
Time: 1800.01
ALGORITHM END
---RESULTS END
time limit is: 1800
model used is: MIP-del
batch num is: 1
/gpfs/fs0/scratch/b/beck/pekardan
/gpfs/fs0/scratch/b/beck/pekardan/MIP-del.py
===INSTANCE START
ALG: MIP-ADD-2
Instance Name: ulysses22-5.5.json
Set parameter TokenServer to value "nia-license"
Set parameter TimeLimit to value 1800
Set parameter SoftMemLimit to value 8
Set parameter Threads to value 1
Gurobi Optimizer version 12.0.0 build v12.0.0rc1 (linux64 - "CentOS Linux 7 (Core)")

CPU model: Intel(R) Xeon(R) Gold 6148 CPU @ 2.40GHz, instruction set [SSE2|AVX|AVX2|AVX512]
Thread count: 40 physical cores, 80 logical processors, using up to 1 threads

Non-default parameters:
TimeLimit  1800
SoftMemLimit  8
Threads  1

Optimize a model with 1993 rows, 10662 columns and 747034 nonzeros
Model fingerprint: 0xbbe4fbf7
Variable types: 0 continuous, 10662 integer (10662 binary)
Coefficient statistics:
  Matrix range     [1e+00, 2e+01]
  Objective range  [9e-02, 3e+01]
  Bounds range     [1e+00, 1e+00]
  RHS range        [1e+00, 2e+01]
Presolve removed 219 rows and 1826 columns
Presolve time: 1.85s
Presolved: 1774 rows, 8836 columns, 541425 nonzeros
Variable types: 0 continuous, 8836 integer (8836 binary)

Root relaxation: objective 5.378283e+01, 3007 iterations, 0.54 seconds (0.84 work units)

    Nodes    |    Current Node    |     Objective Bounds      |     Work
 Expl Unexpl |  Obj  Depth IntInf | Incumbent    BestBd   Gap | It/Node Time

     0     0   53.78283    0  287          -   53.78283      -     -    3s
     0     0   55.06009    0  329          -   55.06009      -     -    4s
     0     0   56.09714    0  292          -   56.09714      -     -    4s
     0     0   56.09714    0  292          -   56.09714      -     -    5s
     0     0   57.18420    0  404          -   57.18420      -     -   10s
     0     0   57.96867    0  385          -   57.96867      -     -   10s
     0     0   58.18466    0  411          -   58.18466      -     -   10s
     0     0   58.23066    0  405          -   58.23066      -     -   10s
     0     0   58.31184    0  414          -   58.31184      -     -   10s
     0     0   64.87560    0  404          -   64.87560      -     -   12s
     0     0   65.18440    0  399          -   65.18440      -     -   12s
     0     0   65.30470    0  399          -   65.30470      -     -   12s
     0     0   65.44765    0  406          -   65.44765      -     -   12s
     0     0   65.53633    0  397          -   65.53633      -     -   12s
     0     0   65.55673    0  389          -   65.55673      -     -   12s
     0     0   65.55680    0  403          -   65.55680      -     -   12s
     0     0   65.61212    0  403          -   65.61212      -     -   12s
     0     0   65.61215    0  403          -   65.61215      -     -   12s
     0     0   65.61341    0  391          -   65.61341      -     -   12s
     0     0   66.63522    0  419          -   66.63522      -     -   12s
     0     0   66.64642    0  382          -   66.64642      -     -   12s
     0     0   66.64649    0  384          -   66.64649      -     -   12s
     0     0   71.32687    0  400          -   71.32687      -     -   13s
     0     0   71.36402    0  389          -   71.36402      -     -   13s
     0     0   71.36408    0  389          -   71.36408      -     -   13s
     0     0   72.28153    0  421          -   72.28153      -     -   15s
     0     0   72.28357    0  416          -   72.28357      -     -   15s
     0     0   72.47342    0  407          -   72.47342      -     -   15s
     0     0   72.49688    0  423          -   72.49688      -     -   15s
     0     0   72.49851    0  424          -   72.49851      -     -   15s
     0     0   72.49960    0  436          -   72.49960      -     -   15s
     0     0   73.69989    0  452          -   73.69989      -     -   16s
     0     0   73.70296    0  459          -   73.70296      -     -   16s
     0     0   73.70317    0  462          -   73.70317      -     -   16s
     0     0   73.70317    0  457          -   73.70317      -     -   16s
     0     0   74.13959    0  422          -   74.13959      -     -   16s
     0     0   74.13961    0  426          -   74.13961      -     -   16s
     0     0   74.15288    0  434          -   74.15288      -     -   17s
     0     0   74.95604    0  398          -   74.95604      -     -   17s
     0     0   74.96640    0  377          -   74.96640      -     -   17s
     0     0   75.00408    0  413          -   75.00408      -     -   17s
     0     0   75.00452    0  402          -   75.00452      -     -   17s
     0     0   75.11648    0  444          -   75.11648      -     -   17s
     0     0   75.11870    0  447          -   75.11870      -     -   17s
     0     0   75.20817    0  457          -   75.20817      -     -   17s
     0     0   75.21132    0  483          -   75.21132      -     -   17s
     0     0   75.35151    0  485          -   75.35151      -     -   18s
     0     0   75.39232    0  474          -   75.39232      -     -   18s
     0     0   75.40003    0  504          -   75.40003      -     -   18s
     0     0   75.40019    0  485          -   75.40019      -     -   18s
     0     0   75.53116    0  469          -   75.53116      -     -   18s
     0     0   75.60141    0  490          -   75.60141      -     -   18s
     0     0   75.60148    0  490          -   75.60148      -     -   18s
     0     0   75.61619    0  509          -   75.61619      -     -   19s
     0     0   75.61826    0  505          -   75.61826      -     -   19s
     0     0   75.66457    0  527          -   75.66457      -     -   19s
     0     0   75.66826    0  533          -   75.66826      -     -   19s
     0     0   75.69726    0  515          -   75.69726      -     -   19s
     0     0   75.70869    0  506          -   75.70869      -     -   19s
     0     0   75.71121    0  504          -   75.71121      -     -   19s
     0     0   75.74762    0  507          -   75.74762      -     -   20s
     0     0   75.74778    0  507          -   75.74778      -     -   20s
     0     2   76.06444    0  507          -   76.06444      -     -   22s
    11    13   86.46002    6  297          -   78.05502      -   716   25s
    55    46   83.32505    5  321          -   78.10108      -   537   30s
    95    86   83.67839   27  263          -   78.10108      -   510   35s
   137   128   82.73030   51  331          -   78.10108      -   492   40s
   194   185   85.26334   85  309          -   78.10108      -   453   45s
   250   236   94.31710  118  271          -   78.10108      -   438   50s
   349   333  120.02860  177  183          -   78.10108      -   374   55s
   434   396   90.71027   11  307          -   79.07291      -   352   60s
   498   458   91.65388   50  289          -   79.07291      -   348   65s
   542   493   96.23939  134  292          -   79.07291      -   336   86s
   544   494   84.45318   18  348          -   79.07291      -   335   90s
   552   500   86.09851   84  410          -   84.26669      -   330   95s
   555   504   86.58883   16  314          -   84.74390      -   364  102s
   562   506 infeasible   20               -   86.60736      -   376  105s
   565   508   95.91949   21  257          -   86.60736      -   379  114s
   566   509  102.92101   22  176          -   86.60736      -   379  115s
   579   515  105.53388   28  199          -   86.60736      -   385  120s
   600   521  116.87030   39  159          -   86.60736      -   388  125s
   665   536 infeasible   18               -   86.62031      -   367  130s
   686   537   93.00100   21  275          -   91.11616      -   375  135s
   717   554  105.51908   37  224          -   91.11616      -   376  140s
   782   557 infeasible   42               -   91.12102      -   362  145s
   833   543 infeasible   40               -   93.61967      -   356  150s
   890   579  106.18349   68  171          -   94.88737      -   349  155s
   952   598  106.09257   26  194          -   94.99766      -   340  160s
  1006   628  127.10435   58  189          -   94.99766      -   334  165s
  1122   688  159.87838  122  121          -   94.99766      -   308  170s
  1207   686  134.36862   30  177          -   98.13473      -   298  175s
  1271   676  135.16098   36  169          -   98.61341      -   295  180s
  1346   676  115.22012   39  188          -   98.93239      -   290  185s
  1426   664  115.36706   50  147          -   99.29420      -   284  190s
  1475   648  117.93997   26  218          -   99.73397      -   282  198s
  1476   647 infeasible   27               -   99.73397      -   283  200s
* 1493   604              55     168.2404483  100.17155  40.5%   282  201s
  1546   597  121.97632   26  210  168.24045  100.39118  40.3%   280  205s
H 1602   572                     167.7658276  100.89138  39.9%   275  208s
  1634   569  105.05453   21  250  167.76583  100.89138  39.9%   271  210s
  1698   557  149.97393   68  121  167.76583  101.60338  39.4%   268  215s
  1755   553  119.59826   35  148  167.76583  101.88614  39.3%   263  220s
  1821   541  106.77176   26  249  167.76583  102.30205  39.0%   261  225s
  1906   534  140.65467   78  102  167.76583  102.68245  38.8%   254  230s
  1969   546  105.68588   24  203  167.76583  103.03979  38.6%   250  235s
  2053   558  133.06203   78  143  167.76583  103.34661  38.4%   246  240s
  2098   571  135.59289   62  127  167.76583  103.35971  38.4%   243  245s
  2114   573  120.93748   55  124  167.76583  103.37873  38.4%   242  257s
  2132   572  113.21355   39  160  167.76583  103.70427  38.2%   242  261s
  2155   582  130.83304   44  139  167.76583  103.70427  38.2%   242  265s
  2208   586  145.25828   43  124  167.76583  104.11294  37.9%   240  270s
  2292   608  139.44490   85  102  167.76583  104.45522  37.7%   237  275s
  2373   614 infeasible   28       167.76583  104.90984  37.5%   233  280s
  2455   635  107.08828   54  199  167.76583  105.01108  37.4%   229  285s
  2525   650     cutoff   29       167.76583  105.50722  37.1%   227  290s
  2608   652  110.73953   33  182  167.76583  106.11882  36.7%   224  295s
  2649   678  143.54098   39  142  167.76583  106.18387  36.7%   223  310s
  2677   672  113.97182   73  165  167.76583  106.51291  36.5%   223  315s
  2707   673  141.48903   81  114  167.76583  106.63189  36.4%   223  320s
  2755   689     cutoff   39       167.76583  106.70340  36.4%   223  325s
  2841   700  116.98390   26  205  167.76583  107.54953  35.9%   220  330s
  2931   702  114.73822   25  162  167.76583  108.10289  35.6%   218  335s
  3013   731  119.48759   23  216  167.76583  108.22983  35.5%   217  340s
  3158   762  132.95063   33  122  167.76583  108.50857  35.3%   211  345s
  3305   788 infeasible   32       167.76583  108.86896  35.1%   206  350s
  3416   826  143.29398   42  141  167.76583  109.06729  35.0%   204  355s
  3504   837  123.89311   38  129  167.76583  110.25677  34.3%   203  360s
  3630   862 infeasible   53       167.76583  111.53484  33.5%   200  365s
  3757   868 infeasible   62       167.76583  112.74473  32.8%   197  370s
  3894   897  124.63118   40  158  167.76583  113.28184  32.5%   194  375s
  4024   915 infeasible   33       167.76583  113.48607  32.4%   192  380s
  4144   929  126.68458   39  135  167.76583  114.36389  31.8%   190  385s
  4304   940  124.12581   33  138  167.76583  115.58975  31.1%   187  390s
  4435   984  134.10044   33  195  167.76583  116.27383  30.7%   184  395s
  4572   991  124.26571   43  167  167.76583  117.10049  30.2%   182  400s
  4574   991  125.30052   44  181  167.76583  117.10049  30.2%   182  413s
  4576   993  144.22404   46  164  167.76583  117.10049  30.2%   182  415s
  4613   999  122.79047   32  180  167.76583  117.19014  30.1%   182  420s
  4648  1009  121.91213   31  183  167.76583  117.41536  30.0%   182  425s
  4781  1039  127.00894   39  185  167.76583  117.64536  29.9%   180  430s
  4885  1079  137.69721   40  156  167.76583  117.92073  29.7%   178  435s
  5012  1106     cutoff   55       167.76583  118.52940  29.3%   177  440s
  5101  1122 infeasible   41       167.76583  119.33432  28.9%   176  460s
  5222  1127  126.10526   60  165  167.76583  120.14469  28.4%   175  465s
  5488  1184  138.61679   36  187  167.76583  120.70810  28.0%   169  470s
  5635  1237     cutoff   49       167.76583  120.91715  27.9%   168  475s
  5891  1288  140.76571   49  155  167.76583  121.37851  27.7%   164  480s
  6136  1350  142.33415   54  104  167.76583  121.74228  27.4%   160  485s
  6338  1384  127.03449   53  173  167.76583  122.18975  27.2%   158  490s
  6535  1424  145.03911   61  148  167.76583  122.64762  26.9%   156  495s
  6760  1479  123.38846   35  167  167.76583  122.83767  26.8%   153  500s
  7000  1525 infeasible   46       167.76583  123.23512  26.5%   151  505s
  7229  1572  144.47183   36  138  167.76583  123.59657  26.3%   148  510s
  7500  1662  161.43559   61  155  167.76583  123.88843  26.2%   146  515s
  7765  1736  132.02757   40  123  167.76583  124.12581  26.0%   143  520s
  8033  1803  126.90533   40  137  167.76583  124.43881  25.8%   141  525s
  8283  1883     cutoff   58       167.76583  124.68055  25.7%   139  530s
  8486  1936     cutoff   39       167.76583  124.92677  25.5%   138  535s
  8699  1971  140.11615   62  185  167.76583  125.13336  25.4%   137  540s
  8862  1982  138.20763   30  210  167.76583  125.33500  25.3%   136  545s
  9087  2020  155.41306   95   91  167.76583  125.54817  25.2%   134  550s
  9328  2079  137.60214   43  175  167.76583  125.82210  25.0%   133  555s
  9520  2140  141.34699   49  154  167.76583  125.99458  24.9%   132  560s
  9773  2193  142.51666   85  137  167.76583  126.26815  24.7%   130  565s
  9941  2256  143.41452   65  171  167.76583  126.41995  24.6%   130  570s
 10165  2292  150.08770   47   86  167.76583  126.74015  24.5%   128  575s
 10203  2298  137.31942   42  292  167.76583  126.79188  24.4%   128  702s
 10205  2299  136.90369   53  349  167.76583  126.79188  24.4%   128  706s
 10209  2302  138.19966   33  413  167.76583  126.79188  24.4%   128  712s
 10215  2306  139.20248   51  424  167.76583  126.79188  24.4%   128  716s
 10221  2311  138.31504   65  305  167.76583  126.79188  24.4%   129  720s
 10227  2316  140.86149   60  313  167.76583  126.79188  24.4%   129  726s
 10231  2320  130.39058   42  292  167.76583  126.79188  24.4%   130  732s
 10234  2322  137.38717   49  257  167.76583  126.79188  24.4%   130  735s
 10239  2325  136.07470   84  299  167.76583  126.79188  24.4%   129  740s
 10250  2333  131.99816   65  288  167.76583  126.79188  24.4%   129  746s
 10260  2339  153.56038   78  321  167.76583  126.79188  24.4%   129  750s
 10272  2347  161.92345   65  339  167.76583  126.79188  24.4%   129  755s
 10283  2355  142.20700   95  322  167.76583  126.79188  24.4%   129  760s
 10294  2362  126.97771   42  354  167.76583  126.79188  24.4%   129  766s
 10304  2369  141.42646   79  352  167.76583  126.79188  24.4%   129  770s
 10319  2379  131.80308   72  356  167.76583  126.79188  24.4%   128  775s
 10329  2385  127.10309   56  362  167.76583  126.79188  24.4%   128  781s
 10340  2393  142.23582   51  333  167.76583  126.79188  24.4%   128  785s
 10347  2397  145.58310   35  352  167.76583  126.79188  24.4%   128  790s
 10360  2406  153.56038   78  354  167.76583  126.79188  24.4%   128  795s
 10371  2413  134.84100   37  349  167.76583  126.79188  24.4%   128  801s
 10377  2417  133.23515   90  361  167.76583  126.79188  24.4%   128  806s
 10385  2424  145.36089   57  260  167.76583  126.79188  24.4%   129  811s
 10395  2432  131.45253   66  300  167.76583  126.79188  24.4%   129  816s
 10401  2436  130.55201   44  321  167.76583  126.79188  24.4%   129  821s
 10407  2440  152.98031   55  298  167.76583  126.79188  24.4%   129  826s
 10413  2444  150.24628   91  329  167.76583  126.79188  24.4%   129  831s
 10417  2447  142.25503   61  330  167.76583  126.79188  24.4%   129  835s
 10423  2451  137.38717   49  320  167.76583  126.79188  24.4%   128  840s
 10429  2455  127.10309   56  323  167.76583  126.79188  24.4%   128  845s
 10435  2459  127.18745   55  343  167.76583  126.79188  24.4%   128  851s
 10441  2463  140.63980   39  350  167.76583  126.79188  24.4%   128  856s
 10447  2467  145.58310   35  355  167.76583  126.79188  24.4%   128  861s
 10453  2471  139.68925   39  346  167.76583  126.79188  24.4%   128  866s
 10459  2475  160.13571  121  357  167.76583  126.79188  24.4%   128  871s
 10465  2479  149.45335   47  351  167.76583  126.79188  24.4%   128  876s
 10471  2483  134.84100   37  362  167.76583  126.79188  24.4%   128  881s
 10476  2486  143.79919   35  356  167.76583  126.79188  24.4%   128  886s
 10492  2486  145.24086   93  116  167.76583  126.79188  24.4%   129  890s
 10509  2491  135.66272   95  151  167.76583  130.67770  22.1%   129  895s
 10538  2495  133.00505   94  148  167.76583  130.68193  22.1%   129  900s
*10553  2357             102     147.7874021  130.68193  11.6%   129  902s
H10584  2233                     147.6955394  131.24900  11.1%   129  904s
 10610  2227  146.01561  102   94  147.69554  135.07975  8.54%   129  905s
*10640  2100             108     143.3635886  135.94356  5.18%   129  906s
*10685  1967              98     143.3329278  139.13703  2.93%   129  908s

Cutting planes:
  Learned: 1
  Gomory: 2
  Cover: 14
  Implied bound: 3
  Projected implied bound: 1
  Clique: 23
  MIR: 42
  StrongCG: 9
  Flow cover: 90
  GUB cover: 26
  Inf proof: 1
  Zero half: 14
  RLT: 34
  Relax-and-lift: 13

Explored 10713 nodes (1382467 simplex iterations) in 908.84 seconds (956.90 work units)
Thread count was 1 (of 80 available processors)

Solution count 6: 143.333 143.364 147.696 ... 168.24

Optimal solution found (tolerance 1.00e-04)
Best objective 1.433329278329e+02, best bound 1.433329278329e+02, gap 0.0000%
Obj: 143.333
Time: 908.843
ALGORITHM END
---RESULTS END
===INSTANCE START
ALG: MIP-ADD-2
Instance Name: burma14-3.1.json
Set parameter TimeLimit to value 1800
Set parameter SoftMemLimit to value 8
Set parameter Threads to value 1
Gurobi Optimizer version 12.0.0 build v12.0.0rc1 (linux64 - "CentOS Linux 7 (Core)")

CPU model: Intel(R) Xeon(R) Gold 6148 CPU @ 2.40GHz, instruction set [SSE2|AVX|AVX2|AVX512]
Thread count: 40 physical cores, 80 logical processors, using up to 1 threads

Non-default parameters:
TimeLimit  1800
SoftMemLimit  8
Threads  1

Optimize a model with 789 rows, 2748 columns and 121565 nonzeros
Model fingerprint: 0x47fbc530
Variable types: 0 continuous, 2748 integer (2748 binary)
Coefficient statistics:
  Matrix range     [1e+00, 2e+01]
  Objective range  [2e-01, 1e+01]
  Bounds range     [1e+00, 1e+00]
  RHS range        [1e+00, 2e+01]
Presolve removed 157 rows and 838 columns
Presolve time: 0.27s
Presolved: 632 rows, 1910 columns, 68184 nonzeros
Variable types: 0 continuous, 1910 integer (1910 binary)

Root relaxation: objective 2.503805e+01, 988 iterations, 0.06 seconds (0.08 work units)

    Nodes    |    Current Node    |     Objective Bounds      |     Work
 Expl Unexpl |  Obj  Depth IntInf | Incumbent    BestBd   Gap | It/Node Time

     0     0   25.03805    0  115          -   25.03805      -     -    0s
     0     0   26.34285    0  132          -   26.34285      -     -    0s
     0     0   26.34285    0  132          -   26.34285      -     -    0s
H    0     1                      52.6600643   26.34285  50.0%     -    1s

Explored 1 nodes (1297 simplex iterations) in 1.44 seconds (1.50 work units)
Thread count was 1 (of 80 available processors)

Solution count 1: 52.6601 

Optimal solution found (tolerance 1.00e-04)
Best objective 5.266006434063e+01, best bound 5.266006434063e+01, gap 0.0000%
Obj: 52.6601
Time: 1.43905
ALGORITHM END
---RESULTS END
===INSTANCE START
ALG: MIP-ADD-2
Instance Name: berlin52-13.2.json
Set parameter TimeLimit to value 1800
Set parameter SoftMemLimit to value 8
Set parameter Threads to value 1
Gurobi Optimizer version 12.0.0 build v12.0.0rc1 (linux64 - "CentOS Linux 7 (Core)")

CPU model: Intel(R) Xeon(R) Gold 6148 CPU @ 2.40GHz, instruction set [SSE2|AVX|AVX2|AVX512]
Thread count: 40 physical cores, 80 logical processors, using up to 1 threads

Non-default parameters:
TimeLimit  1800
SoftMemLimit  8
Threads  1

Optimize a model with 12180 rows, 140690 columns and 25700236 nonzeros
Model fingerprint: 0xbb45c205
Variable types: 0 continuous, 140690 integer (140690 binary)
Coefficient statistics:
  Matrix range     [1e+00, 5e+01]
  Objective range  [2e+01, 2e+03]
  Bounds range     [1e+00, 1e+00]
  RHS range        [1e+00, 5e+01]
Presolve removed 0 rows and 11944 columns (presolve time = 7s)...
Presolve removed 773 rows and 11944 columns (presolve time = 10s)...
Presolve removed 773 rows and 12525 columns (presolve time = 15s)...
Presolve removed 825 rows and 12525 columns (presolve time = 20s)...
Presolve removed 826 rows and 12525 columns (presolve time = 25s)...
Presolve removed 826 rows and 12525 columns (presolve time = 30s)...
Presolve removed 826 rows and 12525 columns (presolve time = 35s)...
Presolve removed 826 rows and 12525 columns (presolve time = 42s)...
Presolve removed 826 rows and 12525 columns (presolve time = 45s)...
Presolve removed 826 rows and 12525 columns (presolve time = 51s)...
Presolve removed 785 rows and 12484 columns
Presolve time: 53.41s
Presolved: 11395 rows, 128206 columns, 21467730 nonzeros
Variable types: 0 continuous, 128206 integer (128206 binary)

Root simplex log...

Iteration    Objective       Primal Inf.    Dual Inf.      Time
       0    0.0000000e+00   2.930000e+02   0.000000e+00     68s
    5064    1.9301646e+03   2.760486e+03   0.000000e+00     70s
   10399    3.4120588e+03   1.057350e+04   0.000000e+00     75s
   15269    4.2379757e+03   9.544419e+03   0.000000e+00     80s
   18738    5.1689669e+03   2.661341e+03   0.000000e+00     85s
   22225    5.4978193e+03   1.935908e+04   0.000000e+00     90s
   25762    5.7607368e+03   1.037390e+04   0.000000e+00     96s
   28630    5.9765731e+03   1.146973e+04   0.000000e+00    100s
   31935    6.1145558e+03   7.430397e+04   0.000000e+00    105s
   34814    6.1910879e+03   9.836833e+03   0.000000e+00    110s
   37478    6.2276521e+03   4.730944e+03   0.000000e+00    115s
   40208    6.2484299e+03   3.802773e+02   0.000000e+00    121s
   41772    6.2520881e+03   0.000000e+00   0.000000e+00    125s

Root relaxation: objective 6.252088e+03, 41772 iterations, 64.43 seconds (123.69 work units)
Total elapsed time = 125.29s (DegenMoves)

    Nodes    |    Current Node    |     Objective Bounds      |     Work
 Expl Unexpl |  Obj  Depth IntInf | Incumbent    BestBd   Gap | It/Node Time

     0     0 6252.08813    0 1987          - 6252.08813      -     -  133s
     0     0 6253.02464    0 2094          - 6253.02464      -     -  145s
     0     0 6253.71282    0 2014          - 6253.71282      -     -  156s
     0     0 6254.16373    0 1953          - 6254.16373      -     -  166s
     0     0 6257.26071    0 1765          - 6257.26071      -     -  181s
     0     0 6260.50672    0 1686          - 6260.50672      -     -  193s
     0     0 6263.26102    0 1953          - 6263.26102      -     -  206s
     0     0 6264.76418    0 1709          - 6264.76418      -     -  219s
     0     0 6266.58201    0 1842          - 6266.58201      -     -  234s
     0     0 6272.90667    0 1791          - 6272.90667      -     -  250s
     0     0 6274.16885    0 1728          - 6274.16885      -     -  253s
     0     0 6336.62294    0 1864          - 6336.62294      -     -  376s
     0     0 6341.90649    0 1836          - 6341.90649      -     -  433s
     0     0 6360.46055    0 1920          - 6360.46055      -     -  510s
     0     0 6402.39405    0 1814          - 6402.39405      -     -  578s
     0     0 6435.19438    0 1882          - 6435.19438      -     -  616s
     0     0 6454.20280    0 1867          - 6454.20280      -     -  630s
     0     0 6454.75170    0 1823          - 6454.75170      -     -  642s
     0     0 6454.75170    0 1420          - 6454.75170      -     - 1006s
     0     0 6568.72994    0 1516          - 6568.72994      -     - 1156s
     0     0 6573.17081    0 1619          - 6573.17081      -     - 1187s
     0     0 6575.54599    0 1559          - 6575.54599      -     - 1212s
     0     0 6587.37644    0 1683          - 6587.37644      -     - 1271s
     0     0 6589.25171    0 1596          - 6589.25171      -     - 1317s
     0     0 6604.62831    0 1596          - 6604.62831      -     - 1391s
     0     0 6612.36785    0 1509          - 6612.36785      -     - 1452s
     0     0 6630.25291    0 1471          - 6630.25291      -     - 1504s
     0     0 6640.79128    0 1558          - 6640.79128      -     - 1545s
     0     0 6647.68833    0 1523          - 6647.68833      -     - 1584s
     0     0 6653.82992    0 1401          - 6653.82992      -     - 1611s
     0     0 6657.44434    0 1454          - 6657.44434      -     - 1636s
     0     0 6661.90144    0 1377          - 6661.90144      -     - 1667s
     0     0 6663.73775    0 1485          - 6663.73775      -     - 1707s
     0     0 6665.08607    0 1639          - 6665.08607      -     - 1735s
     0     0 6666.83970    0 1586          - 6666.83970      -     - 1770s
     0     0 6668.93192    0 1521          - 6668.93192      -     - 1797s
     0     0          -    0               - 6668.93192      -     - 1800s

Cutting planes:
  Cover: 14
  Clique: 27
  MIR: 22
  StrongCG: 4
  GUB cover: 8
  Zero half: 4
  RLT: 6

Explored 1 nodes (360081 simplex iterations) in 1800.03 seconds (2612.41 work units)
Thread count was 1 (of 80 available processors)

Solution count 0

Time limit reached
Best objective -, best bound 6.668931919149e+03, gap -
Obj: inf
Time: 1800.03
ALGORITHM END
---RESULTS END
time limit is: 1800
model used is: MIP-add-2
batch num is: 1
/gpfs/fs0/scratch/b/beck/pekardan
/gpfs/fs0/scratch/b/beck/pekardan/MIP-add-2.py

scontrol show job 14259915
JobId=14259915 JobName=mip-sbatch.sh
   UserId=pekardan(3144906) GroupId=beck(6007069) MCS_label=N/A
   Priority=1831946 Nice=0 Account=def-beck QOS=normal
   JobState=COMPLETING Reason=None Dependency=(null)
   Requeue=0 Restarts=0 BatchFlag=1 Reboot=0 ExitCode=0:0
   RunTime=00:46:34 TimeLimit=02:30:00 TimeMin=N/A
   SubmitTime=2025-03-02T00:14:47 EligibleTime=2025-03-02T00:14:47
   AccrueTime=2025-03-02T00:14:47
   StartTime=2025-03-02T00:15:07 EndTime=2025-03-02T01:01:41 Deadline=N/A
   SuspendTime=None SecsPreSuspend=0 LastSchedEval=2025-03-02T00:15:07 Scheduler=Main
   Partition=compute AllocNode:Sid=nia-login06:237408
   ReqNodeList=(null) ExcNodeList=(null)
   NodeList=nia0481
   BatchHost=nia0481
   NumNodes=1 NumCPUs=80 NumTasks=20 CPUs/Task=2 ReqB:S:C:T=0:0:*:*
   ReqTRES=cpu=40,mem=175000M,node=1,billing=20
   AllocTRES=cpu=80,mem=175000M,node=1,billing=40
   Socks/Node=* NtasksPerN:B:S:C=20:0:*:* CoreSpec=*
   MinCPUsNode=40 MinMemoryNode=175000M MinTmpDiskNode=0
   Features=[skylake|cascade] DelayBoot=00:00:00
   OverSubscribe=NO Contiguous=0 Licenses=(null) Network=(null)
   Command=/gpfs/fs0/scratch/b/beck/pekardan/mip-sbatch.sh
   WorkDir=/gpfs/fs0/scratch/b/beck/pekardan
   Comment=/opt/slurm/bin/sbatch --export=NONE mip-sbatch.sh 
   StdErr=/gpfs/fs0/scratch/b/beck/pekardan/slurm-14259915.out
   StdIn=/dev/null
   StdOut=/gpfs/fs0/scratch/b/beck/pekardan/slurm-14259915.out
   TresPerTask=cpu=2
   MailUser=daniel.pekar@mail.utoronto.ca MailType=INVALID_DEPEND,BEGIN,END,FAIL,REQUEUE,STAGE_OUT
   

sacct -j 14259915
JobID           JobName    Account    Elapsed  MaxVMSize     MaxRSS  SystemCPU    UserCPU ExitCode 
------------ ---------- ---------- ---------- ---------- ---------- ---------- ---------- -------- 
14259915     mip-sbatc+   def-beck   00:46:34                        00:15.566   01:18:41      0:0 
14259915.ba+      batch   def-beck   00:46:34   7307720K   6659020K  00:15.566   01:18:41      0:0 
14259915.ex+     extern   def-beck   00:46:34    136828K      1028K   00:00:00   00:00:00      0:0 
