{
    "config": {
        "allow_infeasible": true,
        "bvns_max_k": 7,
        "bvns_min_k": 1,
        "construction": "greedy",
        "local_search": "CVND",
        "metaheuristic": "BVNS",
        "num_threads": 8,
        "operators": [
            "insert_1",
            "remove_1",
            "twoOpt",
            "centExchange_1",
            "centExchange_3",
            "centExchange_4",
            "relocate_1",
            "relocate_4",
            "revRelocate_2",
            "revRelocate_3",
            "revRelocate_5",
            "moveAll_1",
            "moveAll_2",
            "moveAll_3",
            "moveAll_10"
        ],
        "perturbation": [
            "reinsert"
        ],
        "stop_on_feasible": false,
        "timeout": 520
    },
    "histogram": {
        "all": {
            "centExchange_1": 32194,
            "centExchange_3": 32184,
            "centExchange_4": 32180,
            "insert_1": 32875,
            "moveAll_1": 26620,
            "moveAll_10": 25621,
            "moveAll_2": 26406,
            "moveAll_3": 26250,
            "relocate_1": 29343,
            "relocate_4": 29071,
            "remove_1": 32875,
            "revRelocate_2": 27881,
            "revRelocate_3": 27240,
            "revRelocate_5": 27017,
            "twoOpt": 32278
        },
        "improving": {
            "centExchange_1": 10056,
            "centExchange_3": 5316,
            "centExchange_4": 3007,
            "insert_1": 0,
            "moveAll_1": 10653,
            "moveAll_10": 13091,
            "moveAll_2": 7779,
            "moveAll_3": 7017,
            "relocate_1": 23340,
            "relocate_4": 13389,
            "remove_1": 0,
            "revRelocate_2": 18677,
            "revRelocate_3": 14403,
            "revRelocate_5": 8908,
            "twoOpt": 18364
        },
        "rate": {
            "centExchange_1": 0.3123563528060913,
            "centExchange_3": 0.16517524421215057,
            "centExchange_4": 0.0934431329369545,
            "insert_1": 0.0,
            "moveAll_1": 0.40018782019615173,
            "moveAll_10": 0.5109480619430542,
            "moveAll_2": 0.29459214210510254,
            "moveAll_3": 0.26731428503990173,
            "relocate_1": 0.7954196929931641,
            "relocate_4": 0.4605620801448822,
            "remove_1": 0.0,
            "revRelocate_2": 0.6698827147483826,
            "revRelocate_3": 0.5287445187568665,
            "revRelocate_5": 0.32971832156181335,
            "twoOpt": 0.5689324140548706
        }
    },
    "last_improvement": 138,
    "name": "berlin52-52-8.30-0",
    "solution": {
        "fitness": 15263,
        "is_feasible": true,
        "permutation": [
            32,
            9,
            8,
            7,
            18,
            30,
            21,
            0,
            49,
            28,
            12,
            13,
            51,
            10,
            3,
            15,
            45,
            23,
            37,
            35,
            43,
            29,
            41,
            6,
            1,
            16,
            40,
            44,
            2,
            34,
            38,
            33,
            20,
            22,
            47,
            26,
            11,
            46,
            27,
            25,
            24,
            48,
            5,
            42,
            4,
            36,
            50,
            14,
            19,
            31,
            17,
            39
        ],
        "permutation_orig_ids": [
            "33",
            "10",
            "9",
            "8",
            "19",
            "31",
            "22",
            "1",
            "50",
            "29",
            "13",
            "14",
            "52",
            "11",
            "4",
            "16",
            "46",
            "24",
            "38",
            "36",
            "44",
            "30",
            "42",
            "7",
            "2",
            "17",
            "41",
            "45",
            "3",
            "35",
            "39",
            "34",
            "21",
            "23",
            "48",
            "27",
            "12",
            "47",
            "28",
            "26",
            "25",
            "49",
            "6",
            "43",
            "5",
            "37",
            "51",
            "15",
            "20",
            "32",
            "18",
            "40"
        ]
    },
    "steps": {
        "0": 1021019,
        "1": 1018280,
        "11": 1017345,
        "13": 1016967,
        "138": 15263,
        "14": 1016464,
        "15": 1016415,
        "16": 1016109,
        "17": 1015439,
        "18": 18278,
        "19": 16205,
        "2": 1018229,
        "29": 16119,
        "3": 1018002,
        "30": 16021,
        "7": 1017355,
        "73": 15707,
        "74": 15546,
        "75": 15392
    },
    "timeout": 520
}