{
    "config": {
        "allow_infeasible": true,
        "bvns_max_k": 7,
        "bvns_min_k": 1,
        "construction": "random",
        "local_search": "CVND",
        "metaheuristic": "BVNS",
        "num_threads": 8,
        "operators": [
            "insert_1",
            "remove_1",
            "twoOpt",
            "centExchange_1",
            "centExchange_3",
            "centExchange_4",
            "relocate_1",
            "relocate_4",
            "revRelocate_2",
            "revRelocate_3",
            "revRelocate_5",
            "moveAll_1",
            "moveAll_2",
            "moveAll_3",
            "moveAll_10"
        ],
        "perturbation": [
            "reinsert"
        ],
        "stop_on_feasible": false,
        "timeout": 1010
    },
    "histogram": {
        "all": {
            "centExchange_1": 5006,
            "centExchange_3": 5003,
            "centExchange_4": 5001,
            "insert_1": 5095,
            "moveAll_1": 4215,
            "moveAll_10": 4132,
            "moveAll_2": 4185,
            "moveAll_3": 4174,
            "relocate_1": 4603,
            "relocate_4": 4566,
            "remove_1": 5095,
            "revRelocate_2": 4385,
            "revRelocate_3": 4292,
            "revRelocate_5": 4247,
            "twoOpt": 5017
        },
        "improving": {
            "centExchange_1": 1477,
            "centExchange_3": 979,
            "centExchange_4": 670,
            "insert_1": 0,
            "moveAll_1": 1476,
            "moveAll_10": 1771,
            "moveAll_2": 1194,
            "moveAll_3": 1016,
            "relocate_1": 3765,
            "relocate_4": 2075,
            "remove_1": 0,
            "revRelocate_2": 3065,
            "revRelocate_3": 2424,
            "revRelocate_5": 1778,
            "twoOpt": 3033
        },
        "rate": {
            "centExchange_1": 0.2950459420681,
            "centExchange_3": 0.1956825852394104,
            "centExchange_4": 0.13397321105003357,
            "insert_1": 0.0,
            "moveAll_1": 0.35017794370651245,
            "moveAll_10": 0.4286060035228729,
            "moveAll_2": 0.2853046655654907,
            "moveAll_3": 0.2434116005897522,
            "relocate_1": 0.8179448246955872,
            "relocate_4": 0.45444589853286743,
            "remove_1": 0.0,
            "revRelocate_2": 0.6989737749099731,
            "revRelocate_3": 0.5647716522216797,
            "revRelocate_5": 0.41864845156669617,
            "twoOpt": 0.6045445203781128
        }
    },
    "last_improvement": 782,
    "name": "eil101-101-18.00-0",
    "solution": {
        "fitness": 1422,
        "is_feasible": true,
        "permutation": [
            81,
            35,
            63,
            10,
            62,
            31,
            69,
            29,
            19,
            65,
            34,
            64,
            70,
            33,
            77,
            80,
            11,
            53,
            3,
            66,
            38,
            54,
            25,
            39,
            1,
            95,
            58,
            36,
            91,
            86,
            92,
            97,
            4,
            82,
            47,
            48,
            46,
            45,
            83,
            16,
            43,
            90,
            85,
            37,
            13,
            42,
            40,
            72,
            71,
            73,
            56,
            12,
            57,
            52,
            28,
            67,
            0,
            88,
            100,
            27,
            6,
            7,
            15,
            59,
            44,
            99,
            96,
            93,
            76,
            32,
            75,
            79,
            23,
            55,
            20,
            24,
            2,
            68,
            61,
            17,
            98,
            94,
            60,
            41,
            14,
            22,
            21,
            51,
            30,
            9,
            87,
            8,
            78,
            50,
            49,
            18,
            89,
            5,
            84,
            26,
            74
        ],
        "permutation_orig_ids": [
            "82",
            "36",
            "64",
            "11",
            "63",
            "32",
            "70",
            "30",
            "20",
            "66",
            "35",
            "65",
            "71",
            "34",
            "78",
            "81",
            "12",
            "54",
            "4",
            "67",
            "39",
            "55",
            "26",
            "40",
            "2",
            "96",
            "59",
            "37",
            "92",
            "87",
            "93",
            "98",
            "5",
            "83",
            "48",
            "49",
            "47",
            "46",
            "84",
            "17",
            "44",
            "91",
            "86",
            "38",
            "14",
            "43",
            "41",
            "73",
            "72",
            "74",
            "57",
            "13",
            "58",
            "53",
            "29",
            "68",
            "1",
            "89",
            "101",
            "28",
            "7",
            "8",
            "16",
            "60",
            "45",
            "100",
            "97",
            "94",
            "77",
            "33",
            "76",
            "80",
            "24",
            "56",
            "21",
            "25",
            "3",
            "69",
            "62",
            "18",
            "99",
            "95",
            "61",
            "42",
            "15",
            "23",
            "22",
            "52",
            "31",
            "10",
            "88",
            "9",
            "79",
            "51",
            "50",
            "19",
            "90",
            "6",
            "85",
            "27",
            "75"
        ]
    },
    "steps": {
        "0": 2537,
        "1": 2446,
        "10": 2221,
        "117": 1780,
        "12": 2171,
        "130": 1774,
        "131": 1773,
        "15": 2145,
        "166": 1709,
        "167": 1699,
        "17": 2137,
        "199": 1691,
        "215": 1684,
        "220": 1652,
        "221": 1552,
        "239": 1523,
        "241": 1504,
        "27": 2131,
        "28": 2092,
        "354": 1480,
        "358": 1473,
        "359": 1466,
        "41": 2062,
        "42": 2051,
        "43": 2038,
        "47": 2033,
        "5": 2396,
        "50": 2017,
        "509": 1453,
        "55": 2014,
        "56": 2001,
        "6": 2392,
        "616": 1452,
        "689": 1446,
        "7": 2366,
        "714": 1444,
        "782": 1422,
        "8": 2328,
        "81": 1943,
        "82": 1891,
        "88": 1888,
        "89": 1884,
        "9": 2305,
        "92": 1871,
        "95": 1789
    },
    "timeout": 1010
}