{
    "config": {
        "allow_infeasible": true,
        "bvns_max_k": 7,
        "bvns_min_k": 1,
        "construction": "random",
        "local_search": "CVND",
        "metaheuristic": "BVNS",
        "num_threads": 8,
        "operators": [
            "insert_1",
            "remove_1",
            "twoOpt",
            "centExchange_1",
            "centExchange_3",
            "centExchange_4",
            "relocate_1",
            "relocate_4",
            "revRelocate_2",
            "revRelocate_3",
            "revRelocate_5",
            "moveAll_1",
            "moveAll_2",
            "moveAll_3",
            "moveAll_10"
        ],
        "perturbation": [
            "reinsert"
        ],
        "stop_on_feasible": false,
        "timeout": 220
    },
    "histogram": {
        "all": {
            "centExchange_1": 300092,
            "centExchange_3": 300060,
            "centExchange_4": 300059,
            "insert_1": 310377,
            "moveAll_1": 246275,
            "moveAll_10": 214089,
            "moveAll_2": 242390,
            "moveAll_3": 237386,
            "relocate_1": 280329,
            "relocate_4": 272598,
            "remove_1": 310377,
            "revRelocate_2": 258150,
            "revRelocate_3": 251987,
            "revRelocate_5": 249557,
            "twoOpt": 301172
        },
        "improving": {
            "centExchange_1": 92442,
            "centExchange_3": 35040,
            "centExchange_4": 12897,
            "insert_1": 0,
            "moveAll_1": 62437,
            "moveAll_10": 126336,
            "moveAll_2": 58550,
            "moveAll_3": 54865,
            "relocate_1": 179006,
            "relocate_4": 121976,
            "remove_1": 0,
            "revRelocate_2": 143544,
            "revRelocate_3": 91349,
            "revRelocate_5": 24318,
            "twoOpt": 146962
        },
        "rate": {
            "centExchange_1": 0.30804553627967834,
            "centExchange_3": 0.11677664518356323,
            "centExchange_4": 0.04298154637217522,
            "insert_1": 0.0,
            "moveAll_1": 0.2535255253314972,
            "moveAll_10": 0.5901097059249878,
            "moveAll_2": 0.24155287444591522,
            "moveAll_3": 0.2311214655637741,
            "relocate_1": 0.6385568380355835,
            "relocate_4": 0.4474574327468872,
            "remove_1": 0.0,
            "revRelocate_2": 0.5560488104820251,
            "revRelocate_3": 0.3625147342681885,
            "revRelocate_5": 0.09744466841220856,
            "twoOpt": 0.48796701431274414
        }
    },
    "last_improvement": 0,
    "name": "ulysses22.tsp-22-3.80-0",
    "solution": {
        "fitness": 141,
        "is_feasible": true,
        "permutation": [
            12,
            11,
            21,
            16,
            17,
            2,
            8,
            4,
            14,
            13,
            18,
            19,
            5,
            9,
            7,
            0,
            1,
            20,
            10,
            6,
            3,
            15
        ],
        "permutation_orig_ids": [
            "13",
            "12",
            "22",
            "17",
            "18",
            "3",
            "9",
            "5",
            "15",
            "14",
            "19",
            "20",
            "6",
            "10",
            "8",
            "1",
            "2",
            "21",
            "11",
            "7",
            "4",
            "16"
        ]
    },
    "steps": {
        "0": 141
    },
    "timeout": 220
}